-- Found ament_cmake: 2.5.2 (/opt/ros/jazzy/share/ament_cmake/cmake)
-- Found rclcpp: 28.1.5 (/opt/ros/jazzy/share/rclcpp/cmake)
-- Found rosidl_generator_c: 4.6.4 (/opt/ros/jazzy/share/rosidl_generator_c/cmake)
-- Found rosidl_generator_cpp: 4.6.4 (/opt/ros/jazzy/share/rosidl_generator_cpp/cmake)
-- Using all available rosidl_typesupport_c: rosidl_typesupport_fastrtps_c;rosidl_typesupport_introspection_c
-- Using all available rosidl_typesupport_cpp: rosidl_typesupport_fastrtps_cpp;rosidl_typesupport_introspection_cpp
-- Found rmw_implementation_cmake: 7.3.1 (/opt/ros/jazzy/share/rmw_implementation_cmake/cmake)
-- Found rmw_fastrtps_cpp: 8.4.1 (/opt/ros/jazzy/share/rmw_fastrtps_cpp/cmake)
-- Using RMW implementation 'rmw_fastrtps_cpp' as default
-- Found custom_msg_interfaces: 0.0.0 (/home/ubuntu/ros2_ws/ros2_ws/install/custom_msg_interfaces/share/custom_msg_interfaces/cmake)
-- Found control_msgs: 5.3.0 (/opt/ros/jazzy/share/control_msgs/cmake)
-- Found rclcpp_action: 28.1.5 (/opt/ros/jazzy/share/rclcpp_action/cmake)
-- Found std_srvs: 5.3.5 (/opt/ros/jazzy/share/std_srvs/cmake)
-- Found visualization_msgs: 5.3.5 (/opt/ros/jazzy/share/visualization_msgs/cmake)
-- Found tf2: 0.36.4 (/opt/ros/jazzy/share/tf2/cmake)
-- Found tf2_geometry_msgs: 0.36.4 (/opt/ros/jazzy/share/tf2_geometry_msgs/cmake)
-- Found eigen3_cmake_module: 0.3.0 (/opt/ros/jazzy/share/eigen3_cmake_module/cmake)
-- Ensuring Eigen3 include directory is part of orocos-kdl CMake target
-- Configuring done (1.2s)
-- Generating done (0.0s)
-- Build files have been written to: /home/ubuntu/ros2_ws/ros2_ws/build/motion
[ 10%] [32mBuilding CXX object CMakeFiles/table_avoidance_node.dir/src/table_avoidance_node.cpp.o[0m
[ 30%] Built target direct_kin_server
[ 50%] Built target inverse_kin_server_node
[ 70%] Built target compute_path_service
[ 90%] Built target compute_trajectory_service
[100%] [32m[1mLinking CXX executable table_avoidance_node[0m
[100%] Built target table_avoidance_node
-- Install configuration: ""
-- Up-to-date: /home/ubuntu/ros2_ws/ros2_ws/install/motion/share/motion/launch
-- Up-to-date: /home/ubuntu/ros2_ws/ros2_ws/install/motion/share/motion/launch/motion.launch.py
-- Installing: /home/ubuntu/ros2_ws/ros2_ws/install/motion/lib/motion/table_avoidance_node
-- Set non-toolchain portion of runtime path of "/home/ubuntu/ros2_ws/ros2_ws/install/motion/lib/motion/table_avoidance_node" to ""
-- Up-to-date: /home/ubuntu/ros2_ws/ros2_ws/install/motion/lib/motion/inverse_kin_server_node
-- Up-to-date: /home/ubuntu/ros2_ws/ros2_ws/install/motion/lib/motion/direct_kin_server
-- Up-to-date: /home/ubuntu/ros2_ws/ros2_ws/install/motion/lib/motion/compute_trajectory_service
-- Up-to-date: /home/ubuntu/ros2_ws/ros2_ws/install/motion/lib/motion/compute_path_service
-- Up-to-date: /home/ubuntu/ros2_ws/ros2_ws/install/motion/share/ament_index/resource_index/package_run_dependencies/motion
-- Up-to-date: /home/ubuntu/ros2_ws/ros2_ws/install/motion/share/ament_index/resource_index/parent_prefix_path/motion
-- Up-to-date: /home/ubuntu/ros2_ws/ros2_ws/install/motion/share/motion/environment/ament_prefix_path.sh
-- Up-to-date: /home/ubuntu/ros2_ws/ros2_ws/install/motion/share/motion/environment/ament_prefix_path.dsv
-- Up-to-date: /home/ubuntu/ros2_ws/ros2_ws/install/motion/share/motion/environment/path.sh
-- Up-to-date: /home/ubuntu/ros2_ws/ros2_ws/install/motion/share/motion/environment/path.dsv
-- Up-to-date: /home/ubuntu/ros2_ws/ros2_ws/install/motion/share/motion/local_setup.bash
-- Up-to-date: /home/ubuntu/ros2_ws/ros2_ws/install/motion/share/motion/local_setup.sh
-- Up-to-date: /home/ubuntu/ros2_ws/ros2_ws/install/motion/share/motion/local_setup.zsh
-- Up-to-date: /home/ubuntu/ros2_ws/ros2_ws/install/motion/share/motion/local_setup.dsv
-- Installing: /home/ubuntu/ros2_ws/ros2_ws/install/motion/share/motion/package.dsv
-- Up-to-date: /home/ubuntu/ros2_ws/ros2_ws/install/motion/share/ament_index/resource_index/packages/motion
-- Up-to-date: /home/ubuntu/ros2_ws/ros2_ws/install/motion/share/motion/cmake/motionConfig.cmake
-- Up-to-date: /home/ubuntu/ros2_ws/ros2_ws/install/motion/share/motion/cmake/motionConfig-version.cmake
-- Installing: /home/ubuntu/ros2_ws/ros2_ws/install/motion/share/motion/package.xml
