/home/ubuntu/ros2_ws/ros2_ws/install/planning_pkg/lib/python3.12/site-packages/planning_pkg/planning.py
/home/ubuntu/ros2_ws/ros2_ws/install/planning_pkg/lib/python3.12/site-packages/planning_pkg/__init__.py
/home/ubuntu/ros2_ws/ros2_ws/install/planning_pkg/lib/python3.12/site-packages/planning_pkg/move_a_to_b_server.py
/home/ubuntu/ros2_ws/ros2_ws/install/planning_pkg/lib/python3.12/site-packages/planning_pkg/block_frame_publisher.py
/home/ubuntu/ros2_ws/ros2_ws/install/planning_pkg/lib/python3.12/site-packages/planning_pkg/move_a_to_b.py
/home/ubuntu/ros2_ws/ros2_ws/install/planning_pkg/lib/python3.12/site-packages/planning_pkg/__pycache__/planning.cpython-312.pyc
/home/ubuntu/ros2_ws/ros2_ws/install/planning_pkg/lib/python3.12/site-packages/planning_pkg/__pycache__/__init__.cpython-312.pyc
/home/ubuntu/ros2_ws/ros2_ws/install/planning_pkg/lib/python3.12/site-packages/planning_pkg/__pycache__/move_a_to_b_server.cpython-312.pyc
/home/ubuntu/ros2_ws/ros2_ws/install/planning_pkg/lib/python3.12/site-packages/planning_pkg/__pycache__/block_frame_publisher.cpython-312.pyc
/home/ubuntu/ros2_ws/ros2_ws/install/planning_pkg/lib/python3.12/site-packages/planning_pkg/__pycache__/move_a_to_b.cpython-312.pyc
/home/ubuntu/ros2_ws/ros2_ws/install/planning_pkg/share/ament_index/resource_index/packages/planning_pkg
/home/ubuntu/ros2_ws/ros2_ws/install/planning_pkg/share/planning_pkg/package.xml
/home/ubuntu/ros2_ws/ros2_ws/install/planning_pkg/share/planning_pkg/launch/planning_launch.py
/home/ubuntu/ros2_ws/ros2_ws/install/planning_pkg/lib/python3.12/site-packages/planning_pkg-0.0.0-py3.12.egg-info/entry_points.txt
/home/ubuntu/ros2_ws/ros2_ws/install/planning_pkg/lib/python3.12/site-packages/planning_pkg-0.0.0-py3.12.egg-info/zip-safe
/home/ubuntu/ros2_ws/ros2_ws/install/planning_pkg/lib/python3.12/site-packages/planning_pkg-0.0.0-py3.12.egg-info/SOURCES.txt
/home/ubuntu/ros2_ws/ros2_ws/install/planning_pkg/lib/python3.12/site-packages/planning_pkg-0.0.0-py3.12.egg-info/requires.txt
/home/ubuntu/ros2_ws/ros2_ws/install/planning_pkg/lib/python3.12/site-packages/planning_pkg-0.0.0-py3.12.egg-info/PKG-INFO
/home/ubuntu/ros2_ws/ros2_ws/install/planning_pkg/lib/python3.12/site-packages/planning_pkg-0.0.0-py3.12.egg-info/top_level.txt
/home/ubuntu/ros2_ws/ros2_ws/install/planning_pkg/lib/python3.12/site-packages/planning_pkg-0.0.0-py3.12.egg-info/dependency_links.txt
/home/ubuntu/ros2_ws/ros2_ws/install/planning_pkg/lib/planning_pkg/block_frame_publisher
/home/ubuntu/ros2_ws/ros2_ws/install/planning_pkg/lib/planning_pkg/move_a_to_b_server
/home/ubuntu/ros2_ws/ros2_ws/install/planning_pkg/lib/planning_pkg/planning_node
