[0.227s] Invoking command in '/home/ubuntu/ros2_ws/build/ros2_ur5_interface': CMAKE_PREFIX_PATH=${CMAKE_PREFIX_PATH}:/home/ubuntu/ros2_ws/install/planning_pkg:/home/ubuntu/ros2_ws/install/pose_estimator_pkg:/home/ubuntu/ros2_ws/install/motion_planning:/opt/ros/jazzy /usr/bin/cmake --build /home/ubuntu/ros2_ws/build/ros2_ur5_interface -- -j20 -l20
[0.292s] [ 25%] [32mBuilding CXX object CMakeFiles/publish_trajectory_node.dir/src/publish_trajectory_node.cpp.o[0m
[0.293s] [ 75%] Built target gripper_service
[10.125s] [100%] [32m[1mLinking CXX executable publish_trajectory_node[0m
[10.517s] [100%] Built target publish_trajectory_node
[10.528s] Invoked command in '/home/ubuntu/ros2_ws/build/ros2_ur5_interface' returned '0': CMAKE_PREFIX_PATH=${CMAKE_PREFIX_PATH}:/home/ubuntu/ros2_ws/install/planning_pkg:/home/ubuntu/ros2_ws/install/pose_estimator_pkg:/home/ubuntu/ros2_ws/install/motion_planning:/opt/ros/jazzy /usr/bin/cmake --build /home/ubuntu/ros2_ws/build/ros2_ur5_interface -- -j20 -l20
[10.529s] Invoking command in '/home/ubuntu/ros2_ws/build/ros2_ur5_interface': CMAKE_PREFIX_PATH=${CMAKE_PREFIX_PATH}:/home/ubuntu/ros2_ws/install/planning_pkg:/home/ubuntu/ros2_ws/install/pose_estimator_pkg:/home/ubuntu/ros2_ws/install/motion_planning:/opt/ros/jazzy /usr/bin/cmake --install /home/ubuntu/ros2_ws/build/ros2_ur5_interface
[10.544s] -- Install configuration: ""
[10.545s] -- Installing: /home/ubuntu/ros2_ws/install/ros2_ur5_interface/lib/ros2_ur5_interface/publish_trajectory_node
[10.548s] -- Set non-toolchain portion of runtime path of "/home/ubuntu/ros2_ws/install/ros2_ur5_interface/lib/ros2_ur5_interface/publish_trajectory_node" to ""
[10.548s] -- Up-to-date: /home/ubuntu/ros2_ws/install/ros2_ur5_interface/lib/ros2_ur5_interface/gripper_service
[10.549s] -- Up-to-date: /home/ubuntu/ros2_ws/install/ros2_ur5_interface/share/ros2_ur5_interface/launch
[10.549s] -- Up-to-date: /home/ubuntu/ros2_ws/install/ros2_ur5_interface/share/ros2_ur5_interface/launch/interface.launch.py
[10.549s] -- Up-to-date: /home/ubuntu/ros2_ws/install/ros2_ur5_interface/share/ros2_ur5_interface/launch/sim.launch.py
[10.549s] -- Up-to-date: /home/ubuntu/ros2_ws/install/ros2_ur5_interface/share/ros2_ur5_interface/config
[10.549s] -- Up-to-date: /home/ubuntu/ros2_ws/install/ros2_ur5_interface/share/ros2_ur5_interface/config/ur_controllers.yaml
[10.549s] -- Up-to-date: /home/ubuntu/ros2_ws/install/ros2_ur5_interface/share/ros2_ur5_interface/params
[10.550s] -- Up-to-date: /home/ubuntu/ros2_ws/install/ros2_ur5_interface/share/ros2_ur5_interface/params/ur5_bridge.yaml
[10.550s] -- Up-to-date: /home/ubuntu/ros2_ws/install/ros2_ur5_interface/share/ros2_ur5_interface/gripper
[10.550s] -- Up-to-date: /home/ubuntu/ros2_ws/install/ros2_ur5_interface/share/ros2_ur5_interface/gripper/close.script
[10.550s] -- Up-to-date: /home/ubuntu/ros2_ws/install/ros2_ur5_interface/share/ros2_ur5_interface/gripper/neutral_from_closed.script
[10.551s] -- Up-to-date: /home/ubuntu/ros2_ws/install/ros2_ur5_interface/share/ros2_ur5_interface/gripper/open.script
[10.551s] -- Up-to-date: /home/ubuntu/ros2_ws/install/ros2_ur5_interface/share/ros2_ur5_interface/gripper/neutral_from_open.script
[10.551s] -- Up-to-date: /home/ubuntu/ros2_ws/install/ros2_ur5_interface/share/ros2_ur5_interface/worlds
[10.551s] -- Up-to-date: /home/ubuntu/ros2_ws/install/ros2_ur5_interface/share/ros2_ur5_interface/worlds/empty.world
[10.551s] -- Up-to-date: /home/ubuntu/ros2_ws/install/ros2_ur5_interface/share/ros2_ur5_interface/models
[10.551s] -- Up-to-date: /home/ubuntu/ros2_ws/install/ros2_ur5_interface/share/ros2_ur5_interface/models/block.urdf.xacro
[10.551s] -- Up-to-date: /home/ubuntu/ros2_ws/install/ros2_ur5_interface/share/ros2_ur5_interface/models/camera.sdf
[10.551s] -- Up-to-date: /home/ubuntu/ros2_ws/install/ros2_ur5_interface/share/ros2_ur5_interface/models/meshes
[10.552s] -- Up-to-date: /home/ubuntu/ros2_ws/install/ros2_ur5_interface/share/ros2_ur5_interface/models/meshes/X2-Y2-Z2.stl
[10.552s] -- Up-to-date: /home/ubuntu/ros2_ws/install/ros2_ur5_interface/share/ros2_ur5_interface/models/meshes/X1-Y3-Z2.stl
[10.552s] -- Up-to-date: /home/ubuntu/ros2_ws/install/ros2_ur5_interface/share/ros2_ur5_interface/models/meshes/X1-Y2-Z2-CHAMFER.stl
[10.552s] -- Up-to-date: /home/ubuntu/ros2_ws/install/ros2_ur5_interface/share/ros2_ur5_interface/models/meshes/X1-Y4-Z1.stl
[10.552s] -- Up-to-date: /home/ubuntu/ros2_ws/install/ros2_ur5_interface/share/ros2_ur5_interface/models/meshes/link1.stl
[10.552s] -- Up-to-date: /home/ubuntu/ros2_ws/install/ros2_ur5_interface/share/ros2_ur5_interface/models/meshes/X1-Y1-Z2.stl
[10.552s] -- Up-to-date: /home/ubuntu/ros2_ws/install/ros2_ur5_interface/share/ros2_ur5_interface/models/meshes/X1-Y4-Z2.stl
[10.552s] -- Up-to-date: /home/ubuntu/ros2_ws/install/ros2_ur5_interface/share/ros2_ur5_interface/models/meshes/X1-Y2-Z2-TWINFILLET.stl
[10.552s] -- Up-to-date: /home/ubuntu/ros2_ws/install/ros2_ur5_interface/share/ros2_ur5_interface/models/meshes/X1-Y3-Z2-FILLET.stl
[10.552s] -- Up-to-date: /home/ubuntu/ros2_ws/install/ros2_ur5_interface/share/ros2_ur5_interface/models/meshes/X1-Y2-Z1.stl
[10.552s] -- Up-to-date: /home/ubuntu/ros2_ws/install/ros2_ur5_interface/share/ros2_ur5_interface/models/meshes/desk.stl
[10.553s] -- Up-to-date: /home/ubuntu/ros2_ws/install/ros2_ur5_interface/share/ros2_ur5_interface/models/meshes/link2.stl
[10.553s] -- Up-to-date: /home/ubuntu/ros2_ws/install/ros2_ur5_interface/share/ros2_ur5_interface/models/meshes/X2-Y2-Z2-FILLET.stl
[10.553s] -- Up-to-date: /home/ubuntu/ros2_ws/install/ros2_ur5_interface/share/ros2_ur5_interface/models/meshes/base.stl
[10.553s] -- Up-to-date: /home/ubuntu/ros2_ws/install/ros2_ur5_interface/share/ros2_ur5_interface/models/meshes/X1-Y2-Z2.stl
[10.553s] -- Up-to-date: /home/ubuntu/ros2_ws/install/ros2_ur5_interface/share/ros2_ur5_interface/models/desk.urdf.xacro
[10.553s] -- Up-to-date: /home/ubuntu/ros2_ws/install/ros2_ur5_interface/share/ros2_ur5_interface/models/desk.config
[10.553s] -- Up-to-date: /home/ubuntu/ros2_ws/install/ros2_ur5_interface/share/ros2_ur5_interface/models/ur_gz.urdf.xacro
[10.553s] -- Up-to-date: /home/ubuntu/ros2_ws/install/ros2_ur5_interface/share/ros2_ur5_interface/models/ur_gz.ros2_control.xacro
[10.554s] -- Up-to-date: /home/ubuntu/ros2_ws/install/ros2_ur5_interface/share/ros2_ur5_interface/models/soft_robotics_gripper.xacro
[10.554s] -- Up-to-date: /home/ubuntu/ros2_ws/install/ros2_ur5_interface/share/ros2_ur5_interface/models/block.config
[10.554s] -- Up-to-date: /home/ubuntu/ros2_ws/install/ros2_ur5_interface/share/ros2_ur5_interface/rviz
[10.555s] -- Up-to-date: /home/ubuntu/ros2_ws/install/ros2_ur5_interface/share/ros2_ur5_interface/rviz/ur5.rviz
[10.555s] -- Up-to-date: /home/ubuntu/ros2_ws/install/ros2_ur5_interface/share/ament_index/resource_index/package_run_dependencies/ros2_ur5_interface
[10.555s] -- Up-to-date: /home/ubuntu/ros2_ws/install/ros2_ur5_interface/share/ament_index/resource_index/parent_prefix_path/ros2_ur5_interface
[10.556s] -- Up-to-date: /home/ubuntu/ros2_ws/install/ros2_ur5_interface/share/ros2_ur5_interface/environment/ament_prefix_path.sh
[10.556s] -- Up-to-date: /home/ubuntu/ros2_ws/install/ros2_ur5_interface/share/ros2_ur5_interface/environment/ament_prefix_path.dsv
[10.556s] -- Up-to-date: /home/ubuntu/ros2_ws/install/ros2_ur5_interface/share/ros2_ur5_interface/environment/path.sh
[10.556s] -- Up-to-date: /home/ubuntu/ros2_ws/install/ros2_ur5_interface/share/ros2_ur5_interface/environment/path.dsv
[10.556s] -- Up-to-date: /home/ubuntu/ros2_ws/install/ros2_ur5_interface/share/ros2_ur5_interface/local_setup.bash
[10.556s] -- Up-to-date: /home/ubuntu/ros2_ws/install/ros2_ur5_interface/share/ros2_ur5_interface/local_setup.sh
[10.556s] -- Up-to-date: /home/ubuntu/ros2_ws/install/ros2_ur5_interface/share/ros2_ur5_interface/local_setup.zsh
[10.556s] -- Up-to-date: /home/ubuntu/ros2_ws/install/ros2_ur5_interface/share/ros2_ur5_interface/local_setup.dsv
[10.556s] -- Installing: /home/ubuntu/ros2_ws/install/ros2_ur5_interface/share/ros2_ur5_interface/package.dsv
[10.556s] -- Up-to-date: /home/ubuntu/ros2_ws/install/ros2_ur5_interface/share/ament_index/resource_index/packages/ros2_ur5_interface
[10.556s] -- Up-to-date: /home/ubuntu/ros2_ws/install/ros2_ur5_interface/share/ros2_ur5_interface/cmake/ros2_ur5_interfaceConfig.cmake
[10.556s] -- Up-to-date: /home/ubuntu/ros2_ws/install/ros2_ur5_interface/share/ros2_ur5_interface/cmake/ros2_ur5_interfaceConfig-version.cmake
[10.557s] -- Up-to-date: /home/ubuntu/ros2_ws/install/ros2_ur5_interface/share/ros2_ur5_interface/package.xml
[10.557s] Invoked command in '/home/ubuntu/ros2_ws/build/ros2_ur5_interface' returned '0': CMAKE_PREFIX_PATH=${CMAKE_PREFIX_PATH}:/home/ubuntu/ros2_ws/install/planning_pkg:/home/ubuntu/ros2_ws/install/pose_estimator_pkg:/home/ubuntu/ros2_ws/install/motion_planning:/opt/ros/jazzy /usr/bin/cmake --install /home/ubuntu/ros2_ws/build/ros2_ur5_interface
