[0.020s] Invoking command in '/home/ubuntu/ros2_ws/ros2_ws/build/custom_msg_interfaces': CMAKE_PREFIX_PATH=${CMAKE_PREFIX_PATH}:/opt/ros/jazzy /usr/bin/cmake --build /home/ubuntu/ros2_ws/ros2_ws/build/custom_msg_interfaces -- -j16 -l16
[0.076s] [  1%] Built target custom_msg_interfaces__rosidl_generator_type_description
[0.098s] [  1%] Built target ament_cmake_python_copy_custom_msg_interfaces
[0.107s] [  2%] Built target custom_msg_interfaces__cpp
[0.116s] [ 26%] Built target custom_msg_interfaces__rosidl_generator_c
[0.153s] [ 35%] Built target custom_msg_interfaces__rosidl_typesupport_introspection_c
[0.161s] [ 54%] Built target custom_msg_interfaces__rosidl_typesupport_fastrtps_cpp
[0.161s] [ 54%] Built target custom_msg_interfaces__rosidl_typesupport_cpp
[0.165s] [ 64%] Built target custom_msg_interfaces__rosidl_typesupport_fastrtps_c
[0.166s] [ 73%] Built target custom_msg_interfaces__rosidl_typesupport_c
[0.189s] [ 83%] Built target custom_msg_interfaces__rosidl_typesupport_introspection_cpp
[0.201s] [ 83%] Built target custom_msg_interfaces
[0.223s] [ 84%] Built target custom_msg_interfaces__py
[0.250s] [ 92%] Built target custom_msg_interfaces__rosidl_generator_py
[0.284s] [ 95%] Built target custom_msg_interfaces_s__rosidl_typesupport_introspection_c
[0.287s] [ 97%] Built target custom_msg_interfaces_s__rosidl_typesupport_c
[0.289s] [100%] Built target custom_msg_interfaces_s__rosidl_typesupport_fastrtps_c
[0.369s] running egg_info
[0.392s] writing custom_msg_interfaces.egg-info/PKG-INFO
[0.392s] writing dependency_links to custom_msg_interfaces.egg-info/dependency_links.txt
[0.392s] writing top-level names to custom_msg_interfaces.egg-info/top_level.txt
[0.451s] reading manifest file 'custom_msg_interfaces.egg-info/SOURCES.txt'
[0.452s] writing manifest file 'custom_msg_interfaces.egg-info/SOURCES.txt'
[0.476s] [100%] Built target ament_cmake_python_build_custom_msg_interfaces_egg
[0.486s] Invoked command in '/home/ubuntu/ros2_ws/ros2_ws/build/custom_msg_interfaces' returned '0': CMAKE_PREFIX_PATH=${CMAKE_PREFIX_PATH}:/opt/ros/jazzy /usr/bin/cmake --build /home/ubuntu/ros2_ws/ros2_ws/build/custom_msg_interfaces -- -j16 -l16
[0.487s] Invoking command in '/home/ubuntu/ros2_ws/ros2_ws/build/custom_msg_interfaces': CMAKE_PREFIX_PATH=${CMAKE_PREFIX_PATH}:/opt/ros/jazzy /usr/bin/cmake --install /home/ubuntu/ros2_ws/ros2_ws/build/custom_msg_interfaces
[0.495s] -- Install configuration: ""
[0.495s] -- Up-to-date: /home/ubuntu/ros2_ws/ros2_ws/install/custom_msg_interfaces/share/ament_index/resource_index/rosidl_interfaces/custom_msg_interfaces
[0.495s] -- Up-to-date: /home/ubuntu/ros2_ws/ros2_ws/install/custom_msg_interfaces/share/custom_msg_interfaces/msg/DetectionResult.json
[0.496s] -- Up-to-date: /home/ubuntu/ros2_ws/ros2_ws/install/custom_msg_interfaces/share/custom_msg_interfaces/srv/ComputeIK.json
[0.496s] -- Up-to-date: /home/ubuntu/ros2_ws/ros2_ws/install/custom_msg_interfaces/share/custom_msg_interfaces/srv/ComputeDirKin.json
[0.496s] -- Up-to-date: /home/ubuntu/ros2_ws/ros2_ws/install/custom_msg_interfaces/share/custom_msg_interfaces/srv/ComputePath.json
[0.496s] -- Up-to-date: /home/ubuntu/ros2_ws/ros2_ws/install/custom_msg_interfaces/share/custom_msg_interfaces/srv/ComputeTrajectory.json
[0.496s] -- Up-to-date: /home/ubuntu/ros2_ws/ros2_ws/install/custom_msg_interfaces/share/custom_msg_interfaces/srv/MoveAB.json
[0.496s] -- Up-to-date: /home/ubuntu/ros2_ws/ros2_ws/install/custom_msg_interfaces/include/custom_msg_interfaces/custom_msg_interfaces
[0.496s] -- Up-to-date: /home/ubuntu/ros2_ws/ros2_ws/install/custom_msg_interfaces/include/custom_msg_interfaces/custom_msg_interfaces/msg
[0.497s] -- Up-to-date: /home/ubuntu/ros2_ws/ros2_ws/install/custom_msg_interfaces/include/custom_msg_interfaces/custom_msg_interfaces/msg/detection_result.h
[0.497s] -- Up-to-date: /home/ubuntu/ros2_ws/ros2_ws/install/custom_msg_interfaces/include/custom_msg_interfaces/custom_msg_interfaces/msg/rosidl_generator_c__visibility_control.h
[0.497s] -- Up-to-date: /home/ubuntu/ros2_ws/ros2_ws/install/custom_msg_interfaces/include/custom_msg_interfaces/custom_msg_interfaces/msg/detail
[0.498s] -- Up-to-date: /home/ubuntu/ros2_ws/ros2_ws/install/custom_msg_interfaces/include/custom_msg_interfaces/custom_msg_interfaces/msg/detail/detection_result__type_support.h
[0.498s] -- Up-to-date: /home/ubuntu/ros2_ws/ros2_ws/install/custom_msg_interfaces/include/custom_msg_interfaces/custom_msg_interfaces/msg/detail/detection_result__functions.c
[0.498s] -- Up-to-date: /home/ubuntu/ros2_ws/ros2_ws/install/custom_msg_interfaces/include/custom_msg_interfaces/custom_msg_interfaces/msg/detail/detection_result__description.c
[0.498s] -- Up-to-date: /home/ubuntu/ros2_ws/ros2_ws/install/custom_msg_interfaces/include/custom_msg_interfaces/custom_msg_interfaces/msg/detail/detection_result__functions.h
[0.498s] -- Up-to-date: /home/ubuntu/ros2_ws/ros2_ws/install/custom_msg_interfaces/include/custom_msg_interfaces/custom_msg_interfaces/msg/detail/detection_result__type_support.c
[0.498s] -- Up-to-date: /home/ubuntu/ros2_ws/ros2_ws/install/custom_msg_interfaces/include/custom_msg_interfaces/custom_msg_interfaces/msg/detail/detection_result__struct.h
[0.499s] -- Up-to-date: /home/ubuntu/ros2_ws/ros2_ws/install/custom_msg_interfaces/include/custom_msg_interfaces/custom_msg_interfaces/srv
[0.499s] -- Up-to-date: /home/ubuntu/ros2_ws/ros2_ws/install/custom_msg_interfaces/include/custom_msg_interfaces/custom_msg_interfaces/srv/compute_dir_kin.h
[0.499s] -- Up-to-date: /home/ubuntu/ros2_ws/ros2_ws/install/custom_msg_interfaces/include/custom_msg_interfaces/custom_msg_interfaces/srv/move_ab.h
[0.499s] -- Up-to-date: /home/ubuntu/ros2_ws/ros2_ws/install/custom_msg_interfaces/include/custom_msg_interfaces/custom_msg_interfaces/srv/detail
[0.499s] -- Up-to-date: /home/ubuntu/ros2_ws/ros2_ws/install/custom_msg_interfaces/include/custom_msg_interfaces/custom_msg_interfaces/srv/detail/compute_ik__struct.h
[0.499s] -- Up-to-date: /home/ubuntu/ros2_ws/ros2_ws/install/custom_msg_interfaces/include/custom_msg_interfaces/custom_msg_interfaces/srv/detail/compute_path__type_support.c
[0.499s] -- Up-to-date: /home/ubuntu/ros2_ws/ros2_ws/install/custom_msg_interfaces/include/custom_msg_interfaces/custom_msg_interfaces/srv/detail/compute_dir_kin__functions.c
[0.500s] -- Up-to-date: /home/ubuntu/ros2_ws/ros2_ws/install/custom_msg_interfaces/include/custom_msg_interfaces/custom_msg_interfaces/srv/detail/move_ab__functions.h
[0.500s] -- Up-to-date: /home/ubuntu/ros2_ws/ros2_ws/install/custom_msg_interfaces/include/custom_msg_interfaces/custom_msg_interfaces/srv/detail/compute_ik__description.c
[0.500s] -- Up-to-date: /home/ubuntu/ros2_ws/ros2_ws/install/custom_msg_interfaces/include/custom_msg_interfaces/custom_msg_interfaces/srv/detail/move_ab__type_support.c
[0.500s] -- Up-to-date: /home/ubuntu/ros2_ws/ros2_ws/install/custom_msg_interfaces/include/custom_msg_interfaces/custom_msg_interfaces/srv/detail/compute_path__struct.h
[0.500s] -- Up-to-date: /home/ubuntu/ros2_ws/ros2_ws/install/custom_msg_interfaces/include/custom_msg_interfaces/custom_msg_interfaces/srv/detail/compute_trajectory__type_support.c
[0.500s] -- Up-to-date: /home/ubuntu/ros2_ws/ros2_ws/install/custom_msg_interfaces/include/custom_msg_interfaces/custom_msg_interfaces/srv/detail/compute_path__type_support.h
[0.501s] -- Up-to-date: /home/ubuntu/ros2_ws/ros2_ws/install/custom_msg_interfaces/include/custom_msg_interfaces/custom_msg_interfaces/srv/detail/compute_ik__functions.h
[0.501s] -- Up-to-date: /home/ubuntu/ros2_ws/ros2_ws/install/custom_msg_interfaces/include/custom_msg_interfaces/custom_msg_interfaces/srv/detail/compute_dir_kin__description.c
[0.501s] -- Up-to-date: /home/ubuntu/ros2_ws/ros2_ws/install/custom_msg_interfaces/include/custom_msg_interfaces/custom_msg_interfaces/srv/detail/move_ab__struct.h
[0.502s] -- Up-to-date: /home/ubuntu/ros2_ws/ros2_ws/install/custom_msg_interfaces/include/custom_msg_interfaces/custom_msg_interfaces/srv/detail/compute_dir_kin__functions.h
[0.502s] -- Up-to-date: /home/ubuntu/ros2_ws/ros2_ws/install/custom_msg_interfaces/include/custom_msg_interfaces/custom_msg_interfaces/srv/detail/compute_trajectory__type_support.h
[0.502s] -- Up-to-date: /home/ubuntu/ros2_ws/ros2_ws/install/custom_msg_interfaces/include/custom_msg_interfaces/custom_msg_interfaces/srv/detail/compute_path__functions.c
[0.502s] -- Up-to-date: /home/ubuntu/ros2_ws/ros2_ws/install/custom_msg_interfaces/include/custom_msg_interfaces/custom_msg_interfaces/srv/detail/compute_ik__functions.c
[0.502s] -- Up-to-date: /home/ubuntu/ros2_ws/ros2_ws/install/custom_msg_interfaces/include/custom_msg_interfaces/custom_msg_interfaces/srv/detail/compute_ik__type_support.c
[0.502s] -- Up-to-date: /home/ubuntu/ros2_ws/ros2_ws/install/custom_msg_interfaces/include/custom_msg_interfaces/custom_msg_interfaces/srv/detail/compute_dir_kin__type_support.h
[0.503s] -- Up-to-date: /home/ubuntu/ros2_ws/ros2_ws/install/custom_msg_interfaces/include/custom_msg_interfaces/custom_msg_interfaces/srv/detail/compute_ik__type_support.h
[0.503s] -- Up-to-date: /home/ubuntu/ros2_ws/ros2_ws/install/custom_msg_interfaces/include/custom_msg_interfaces/custom_msg_interfaces/srv/detail/compute_trajectory__description.c
[0.503s] -- Up-to-date: /home/ubuntu/ros2_ws/ros2_ws/install/custom_msg_interfaces/include/custom_msg_interfaces/custom_msg_interfaces/srv/detail/compute_trajectory__functions.h
[0.504s] -- Up-to-date: /home/ubuntu/ros2_ws/ros2_ws/install/custom_msg_interfaces/include/custom_msg_interfaces/custom_msg_interfaces/srv/detail/move_ab__type_support.h
[0.504s] -- Up-to-date: /home/ubuntu/ros2_ws/ros2_ws/install/custom_msg_interfaces/include/custom_msg_interfaces/custom_msg_interfaces/srv/detail/compute_trajectory__struct.h
[0.504s] -- Up-to-date: /home/ubuntu/ros2_ws/ros2_ws/install/custom_msg_interfaces/include/custom_msg_interfaces/custom_msg_interfaces/srv/detail/compute_dir_kin__type_support.c
[0.505s] -- Up-to-date: /home/ubuntu/ros2_ws/ros2_ws/install/custom_msg_interfaces/include/custom_msg_interfaces/custom_msg_interfaces/srv/detail/move_ab__functions.c
[0.505s] -- Up-to-date: /home/ubuntu/ros2_ws/ros2_ws/install/custom_msg_interfaces/include/custom_msg_interfaces/custom_msg_interfaces/srv/detail/compute_path__functions.h
[0.505s] -- Up-to-date: /home/ubuntu/ros2_ws/ros2_ws/install/custom_msg_interfaces/include/custom_msg_interfaces/custom_msg_interfaces/srv/detail/move_ab__description.c
[0.505s] -- Up-to-date: /home/ubuntu/ros2_ws/ros2_ws/install/custom_msg_interfaces/include/custom_msg_interfaces/custom_msg_interfaces/srv/detail/compute_dir_kin__struct.h
[0.505s] -- Up-to-date: /home/ubuntu/ros2_ws/ros2_ws/install/custom_msg_interfaces/include/custom_msg_interfaces/custom_msg_interfaces/srv/detail/compute_trajectory__functions.c
[0.505s] -- Up-to-date: /home/ubuntu/ros2_ws/ros2_ws/install/custom_msg_interfaces/include/custom_msg_interfaces/custom_msg_interfaces/srv/detail/compute_path__description.c
[0.505s] -- Up-to-date: /home/ubuntu/ros2_ws/ros2_ws/install/custom_msg_interfaces/include/custom_msg_interfaces/custom_msg_interfaces/srv/compute_trajectory.h
[0.505s] -- Up-to-date: /home/ubuntu/ros2_ws/ros2_ws/install/custom_msg_interfaces/include/custom_msg_interfaces/custom_msg_interfaces/srv/compute_path.h
[0.505s] -- Up-to-date: /home/ubuntu/ros2_ws/ros2_ws/install/custom_msg_interfaces/include/custom_msg_interfaces/custom_msg_interfaces/srv/compute_ik.h
[0.505s] -- Up-to-date: /home/ubuntu/ros2_ws/ros2_ws/install/custom_msg_interfaces/share/custom_msg_interfaces/environment/library_path.sh
[0.505s] -- Up-to-date: /home/ubuntu/ros2_ws/ros2_ws/install/custom_msg_interfaces/share/custom_msg_interfaces/environment/library_path.dsv
[0.506s] -- Up-to-date: /home/ubuntu/ros2_ws/ros2_ws/install/custom_msg_interfaces/lib/libcustom_msg_interfaces__rosidl_generator_c.so
[0.506s] -- Up-to-date: /home/ubuntu/ros2_ws/ros2_ws/install/custom_msg_interfaces/include/custom_msg_interfaces/custom_msg_interfaces
[0.506s] -- Up-to-date: /home/ubuntu/ros2_ws/ros2_ws/install/custom_msg_interfaces/include/custom_msg_interfaces/custom_msg_interfaces/msg
[0.506s] -- Up-to-date: /home/ubuntu/ros2_ws/ros2_ws/install/custom_msg_interfaces/include/custom_msg_interfaces/custom_msg_interfaces/msg/detail
[0.506s] -- Up-to-date: /home/ubuntu/ros2_ws/ros2_ws/install/custom_msg_interfaces/include/custom_msg_interfaces/custom_msg_interfaces/msg/detail/detection_result__rosidl_typesupport_fastrtps_c.h
[0.506s] -- Up-to-date: /home/ubuntu/ros2_ws/ros2_ws/install/custom_msg_interfaces/include/custom_msg_interfaces/custom_msg_interfaces/msg/rosidl_typesupport_fastrtps_c__visibility_control.h
[0.506s] -- Up-to-date: /home/ubuntu/ros2_ws/ros2_ws/install/custom_msg_interfaces/include/custom_msg_interfaces/custom_msg_interfaces/srv
[0.506s] -- Up-to-date: /home/ubuntu/ros2_ws/ros2_ws/install/custom_msg_interfaces/include/custom_msg_interfaces/custom_msg_interfaces/srv/detail
[0.506s] -- Up-to-date: /home/ubuntu/ros2_ws/ros2_ws/install/custom_msg_interfaces/include/custom_msg_interfaces/custom_msg_interfaces/srv/detail/compute_ik__rosidl_typesupport_fastrtps_c.h
[0.506s] -- Up-to-date: /home/ubuntu/ros2_ws/ros2_ws/install/custom_msg_interfaces/include/custom_msg_interfaces/custom_msg_interfaces/srv/detail/compute_dir_kin__rosidl_typesupport_fastrtps_c.h
[0.506s] -- Up-to-date: /home/ubuntu/ros2_ws/ros2_ws/install/custom_msg_interfaces/include/custom_msg_interfaces/custom_msg_interfaces/srv/detail/move_ab__rosidl_typesupport_fastrtps_c.h
[0.506s] -- Up-to-date: /home/ubuntu/ros2_ws/ros2_ws/install/custom_msg_interfaces/include/custom_msg_interfaces/custom_msg_interfaces/srv/detail/compute_trajectory__rosidl_typesupport_fastrtps_c.h
[0.506s] -- Up-to-date: /home/ubuntu/ros2_ws/ros2_ws/install/custom_msg_interfaces/include/custom_msg_interfaces/custom_msg_interfaces/srv/detail/compute_path__rosidl_typesupport_fastrtps_c.h
[0.507s] -- Up-to-date: /home/ubuntu/ros2_ws/ros2_ws/install/custom_msg_interfaces/lib/libcustom_msg_interfaces__rosidl_typesupport_fastrtps_c.so
[0.507s] -- Up-to-date: /home/ubuntu/ros2_ws/ros2_ws/install/custom_msg_interfaces/include/custom_msg_interfaces/custom_msg_interfaces
[0.507s] -- Up-to-date: /home/ubuntu/ros2_ws/ros2_ws/install/custom_msg_interfaces/include/custom_msg_interfaces/custom_msg_interfaces/msg
[0.507s] -- Up-to-date: /home/ubuntu/ros2_ws/ros2_ws/install/custom_msg_interfaces/include/custom_msg_interfaces/custom_msg_interfaces/msg/rosidl_typesupport_introspection_c__visibility_control.h
[0.507s] -- Up-to-date: /home/ubuntu/ros2_ws/ros2_ws/install/custom_msg_interfaces/include/custom_msg_interfaces/custom_msg_interfaces/msg/detail
[0.507s] -- Up-to-date: /home/ubuntu/ros2_ws/ros2_ws/install/custom_msg_interfaces/include/custom_msg_interfaces/custom_msg_interfaces/msg/detail/detection_result__type_support.c
[0.507s] -- Up-to-date: /home/ubuntu/ros2_ws/ros2_ws/install/custom_msg_interfaces/include/custom_msg_interfaces/custom_msg_interfaces/msg/detail/detection_result__rosidl_typesupport_introspection_c.h
[0.507s] -- Up-to-date: /home/ubuntu/ros2_ws/ros2_ws/install/custom_msg_interfaces/include/custom_msg_interfaces/custom_msg_interfaces/srv
[0.507s] -- Up-to-date: /home/ubuntu/ros2_ws/ros2_ws/install/custom_msg_interfaces/include/custom_msg_interfaces/custom_msg_interfaces/srv/detail
[0.507s] -- Up-to-date: /home/ubuntu/ros2_ws/ros2_ws/install/custom_msg_interfaces/include/custom_msg_interfaces/custom_msg_interfaces/srv/detail/compute_path__type_support.c
[0.507s] -- Up-to-date: /home/ubuntu/ros2_ws/ros2_ws/install/custom_msg_interfaces/include/custom_msg_interfaces/custom_msg_interfaces/srv/detail/move_ab__rosidl_typesupport_introspection_c.h
[0.507s] -- Up-to-date: /home/ubuntu/ros2_ws/ros2_ws/install/custom_msg_interfaces/include/custom_msg_interfaces/custom_msg_interfaces/srv/detail/move_ab__type_support.c
[0.507s] -- Up-to-date: /home/ubuntu/ros2_ws/ros2_ws/install/custom_msg_interfaces/include/custom_msg_interfaces/custom_msg_interfaces/srv/detail/compute_trajectory__type_support.c
[0.507s] -- Up-to-date: /home/ubuntu/ros2_ws/ros2_ws/install/custom_msg_interfaces/include/custom_msg_interfaces/custom_msg_interfaces/srv/detail/compute_ik__type_support.c
[0.507s] -- Up-to-date: /home/ubuntu/ros2_ws/ros2_ws/install/custom_msg_interfaces/include/custom_msg_interfaces/custom_msg_interfaces/srv/detail/compute_dir_kin__rosidl_typesupport_introspection_c.h
[0.507s] -- Up-to-date: /home/ubuntu/ros2_ws/ros2_ws/install/custom_msg_interfaces/include/custom_msg_interfaces/custom_msg_interfaces/srv/detail/compute_ik__rosidl_typesupport_introspection_c.h
[0.508s] -- Up-to-date: /home/ubuntu/ros2_ws/ros2_ws/install/custom_msg_interfaces/include/custom_msg_interfaces/custom_msg_interfaces/srv/detail/compute_dir_kin__type_support.c
[0.508s] -- Up-to-date: /home/ubuntu/ros2_ws/ros2_ws/install/custom_msg_interfaces/include/custom_msg_interfaces/custom_msg_interfaces/srv/detail/compute_path__rosidl_typesupport_introspection_c.h
[0.508s] -- Up-to-date: /home/ubuntu/ros2_ws/ros2_ws/install/custom_msg_interfaces/include/custom_msg_interfaces/custom_msg_interfaces/srv/detail/compute_trajectory__rosidl_typesupport_introspection_c.h
[0.508s] -- Up-to-date: /home/ubuntu/ros2_ws/ros2_ws/install/custom_msg_interfaces/lib/libcustom_msg_interfaces__rosidl_typesupport_introspection_c.so
[0.508s] -- Up-to-date: /home/ubuntu/ros2_ws/ros2_ws/install/custom_msg_interfaces/lib/libcustom_msg_interfaces__rosidl_typesupport_c.so
[0.508s] -- Up-to-date: /home/ubuntu/ros2_ws/ros2_ws/install/custom_msg_interfaces/include/custom_msg_interfaces/custom_msg_interfaces
[0.508s] -- Up-to-date: /home/ubuntu/ros2_ws/ros2_ws/install/custom_msg_interfaces/include/custom_msg_interfaces/custom_msg_interfaces/msg
[0.508s] -- Up-to-date: /home/ubuntu/ros2_ws/ros2_ws/install/custom_msg_interfaces/include/custom_msg_interfaces/custom_msg_interfaces/msg/detection_result.hpp
[0.508s] -- Up-to-date: /home/ubuntu/ros2_ws/ros2_ws/install/custom_msg_interfaces/include/custom_msg_interfaces/custom_msg_interfaces/msg/rosidl_generator_cpp__visibility_control.hpp
[0.508s] -- Up-to-date: /home/ubuntu/ros2_ws/ros2_ws/install/custom_msg_interfaces/include/custom_msg_interfaces/custom_msg_interfaces/msg/detail
[0.508s] -- Up-to-date: /home/ubuntu/ros2_ws/ros2_ws/install/custom_msg_interfaces/include/custom_msg_interfaces/custom_msg_interfaces/msg/detail/detection_result__builder.hpp
[0.509s] -- Up-to-date: /home/ubuntu/ros2_ws/ros2_ws/install/custom_msg_interfaces/include/custom_msg_interfaces/custom_msg_interfaces/msg/detail/detection_result__traits.hpp
[0.509s] -- Up-to-date: /home/ubuntu/ros2_ws/ros2_ws/install/custom_msg_interfaces/include/custom_msg_interfaces/custom_msg_interfaces/msg/detail/detection_result__struct.hpp
[0.509s] -- Up-to-date: /home/ubuntu/ros2_ws/ros2_ws/install/custom_msg_interfaces/include/custom_msg_interfaces/custom_msg_interfaces/msg/detail/detection_result__type_support.hpp
[0.509s] -- Up-to-date: /home/ubuntu/ros2_ws/ros2_ws/install/custom_msg_interfaces/include/custom_msg_interfaces/custom_msg_interfaces/srv
[0.509s] -- Up-to-date: /home/ubuntu/ros2_ws/ros2_ws/install/custom_msg_interfaces/include/custom_msg_interfaces/custom_msg_interfaces/srv/compute_path.hpp
[0.509s] -- Up-to-date: /home/ubuntu/ros2_ws/ros2_ws/install/custom_msg_interfaces/include/custom_msg_interfaces/custom_msg_interfaces/srv/detail
[0.509s] -- Up-to-date: /home/ubuntu/ros2_ws/ros2_ws/install/custom_msg_interfaces/include/custom_msg_interfaces/custom_msg_interfaces/srv/detail/compute_path__traits.hpp
[0.509s] -- Up-to-date: /home/ubuntu/ros2_ws/ros2_ws/install/custom_msg_interfaces/include/custom_msg_interfaces/custom_msg_interfaces/srv/detail/compute_dir_kin__builder.hpp
[0.509s] -- Up-to-date: /home/ubuntu/ros2_ws/ros2_ws/install/custom_msg_interfaces/include/custom_msg_interfaces/custom_msg_interfaces/srv/detail/move_ab__builder.hpp
[0.509s] -- Up-to-date: /home/ubuntu/ros2_ws/ros2_ws/install/custom_msg_interfaces/include/custom_msg_interfaces/custom_msg_interfaces/srv/detail/compute_trajectory__type_support.hpp
[0.509s] -- Up-to-date: /home/ubuntu/ros2_ws/ros2_ws/install/custom_msg_interfaces/include/custom_msg_interfaces/custom_msg_interfaces/srv/detail/compute_dir_kin__type_support.hpp
[0.509s] -- Up-to-date: /home/ubuntu/ros2_ws/ros2_ws/install/custom_msg_interfaces/include/custom_msg_interfaces/custom_msg_interfaces/srv/detail/compute_path__struct.hpp
[0.509s] -- Up-to-date: /home/ubuntu/ros2_ws/ros2_ws/install/custom_msg_interfaces/include/custom_msg_interfaces/custom_msg_interfaces/srv/detail/move_ab__traits.hpp
[0.509s] -- Up-to-date: /home/ubuntu/ros2_ws/ros2_ws/install/custom_msg_interfaces/include/custom_msg_interfaces/custom_msg_interfaces/srv/detail/compute_ik__struct.hpp
[0.509s] -- Up-to-date: /home/ubuntu/ros2_ws/ros2_ws/install/custom_msg_interfaces/include/custom_msg_interfaces/custom_msg_interfaces/srv/detail/move_ab__type_support.hpp
[0.509s] -- Up-to-date: /home/ubuntu/ros2_ws/ros2_ws/install/custom_msg_interfaces/include/custom_msg_interfaces/custom_msg_interfaces/srv/detail/compute_dir_kin__traits.hpp
[0.509s] -- Up-to-date: /home/ubuntu/ros2_ws/ros2_ws/install/custom_msg_interfaces/include/custom_msg_interfaces/custom_msg_interfaces/srv/detail/compute_dir_kin__struct.hpp
[0.509s] -- Up-to-date: /home/ubuntu/ros2_ws/ros2_ws/install/custom_msg_interfaces/include/custom_msg_interfaces/custom_msg_interfaces/srv/detail/compute_trajectory__struct.hpp
[0.510s] -- Up-to-date: /home/ubuntu/ros2_ws/ros2_ws/install/custom_msg_interfaces/include/custom_msg_interfaces/custom_msg_interfaces/srv/detail/compute_ik__builder.hpp
[0.510s] -- Up-to-date: /home/ubuntu/ros2_ws/ros2_ws/install/custom_msg_interfaces/include/custom_msg_interfaces/custom_msg_interfaces/srv/detail/move_ab__struct.hpp
[0.510s] -- Up-to-date: /home/ubuntu/ros2_ws/ros2_ws/install/custom_msg_interfaces/include/custom_msg_interfaces/custom_msg_interfaces/srv/detail/compute_path__type_support.hpp
[0.510s] -- Up-to-date: /home/ubuntu/ros2_ws/ros2_ws/install/custom_msg_interfaces/include/custom_msg_interfaces/custom_msg_interfaces/srv/detail/compute_ik__type_support.hpp
[0.510s] -- Up-to-date: /home/ubuntu/ros2_ws/ros2_ws/install/custom_msg_interfaces/include/custom_msg_interfaces/custom_msg_interfaces/srv/detail/compute_path__builder.hpp
[0.510s] -- Up-to-date: /home/ubuntu/ros2_ws/ros2_ws/install/custom_msg_interfaces/include/custom_msg_interfaces/custom_msg_interfaces/srv/detail/compute_ik__traits.hpp
[0.510s] -- Up-to-date: /home/ubuntu/ros2_ws/ros2_ws/install/custom_msg_interfaces/include/custom_msg_interfaces/custom_msg_interfaces/srv/detail/compute_trajectory__builder.hpp
[0.510s] -- Up-to-date: /home/ubuntu/ros2_ws/ros2_ws/install/custom_msg_interfaces/include/custom_msg_interfaces/custom_msg_interfaces/srv/detail/compute_trajectory__traits.hpp
[0.510s] -- Up-to-date: /home/ubuntu/ros2_ws/ros2_ws/install/custom_msg_interfaces/include/custom_msg_interfaces/custom_msg_interfaces/srv/compute_trajectory.hpp
[0.510s] -- Up-to-date: /home/ubuntu/ros2_ws/ros2_ws/install/custom_msg_interfaces/include/custom_msg_interfaces/custom_msg_interfaces/srv/move_ab.hpp
[0.510s] -- Up-to-date: /home/ubuntu/ros2_ws/ros2_ws/install/custom_msg_interfaces/include/custom_msg_interfaces/custom_msg_interfaces/srv/compute_dir_kin.hpp
[0.510s] -- Up-to-date: /home/ubuntu/ros2_ws/ros2_ws/install/custom_msg_interfaces/include/custom_msg_interfaces/custom_msg_interfaces/srv/compute_ik.hpp
[0.510s] -- Up-to-date: /home/ubuntu/ros2_ws/ros2_ws/install/custom_msg_interfaces/include/custom_msg_interfaces/custom_msg_interfaces
[0.510s] -- Up-to-date: /home/ubuntu/ros2_ws/ros2_ws/install/custom_msg_interfaces/include/custom_msg_interfaces/custom_msg_interfaces/msg
[0.510s] -- Up-to-date: /home/ubuntu/ros2_ws/ros2_ws/install/custom_msg_interfaces/include/custom_msg_interfaces/custom_msg_interfaces/msg/detail
[0.510s] -- Up-to-date: /home/ubuntu/ros2_ws/ros2_ws/install/custom_msg_interfaces/include/custom_msg_interfaces/custom_msg_interfaces/msg/detail/detection_result__rosidl_typesupport_fastrtps_cpp.hpp
[0.510s] -- Up-to-date: /home/ubuntu/ros2_ws/ros2_ws/install/custom_msg_interfaces/include/custom_msg_interfaces/custom_msg_interfaces/msg/detail/dds_fastrtps
[0.510s] -- Up-to-date: /home/ubuntu/ros2_ws/ros2_ws/install/custom_msg_interfaces/include/custom_msg_interfaces/custom_msg_interfaces/msg/rosidl_typesupport_fastrtps_cpp__visibility_control.h
[0.511s] -- Up-to-date: /home/ubuntu/ros2_ws/ros2_ws/install/custom_msg_interfaces/include/custom_msg_interfaces/custom_msg_interfaces/srv
[0.511s] -- Up-to-date: /home/ubuntu/ros2_ws/ros2_ws/install/custom_msg_interfaces/include/custom_msg_interfaces/custom_msg_interfaces/srv/detail
[0.511s] -- Up-to-date: /home/ubuntu/ros2_ws/ros2_ws/install/custom_msg_interfaces/include/custom_msg_interfaces/custom_msg_interfaces/srv/detail/compute_path__rosidl_typesupport_fastrtps_cpp.hpp
[0.511s] -- Up-to-date: /home/ubuntu/ros2_ws/ros2_ws/install/custom_msg_interfaces/include/custom_msg_interfaces/custom_msg_interfaces/srv/detail/dds_fastrtps
[0.511s] -- Up-to-date: /home/ubuntu/ros2_ws/ros2_ws/install/custom_msg_interfaces/include/custom_msg_interfaces/custom_msg_interfaces/srv/detail/move_ab__rosidl_typesupport_fastrtps_cpp.hpp
[0.511s] -- Up-to-date: /home/ubuntu/ros2_ws/ros2_ws/install/custom_msg_interfaces/include/custom_msg_interfaces/custom_msg_interfaces/srv/detail/compute_trajectory__rosidl_typesupport_fastrtps_cpp.hpp
[0.511s] -- Up-to-date: /home/ubuntu/ros2_ws/ros2_ws/install/custom_msg_interfaces/include/custom_msg_interfaces/custom_msg_interfaces/srv/detail/compute_dir_kin__rosidl_typesupport_fastrtps_cpp.hpp
[0.511s] -- Up-to-date: /home/ubuntu/ros2_ws/ros2_ws/install/custom_msg_interfaces/include/custom_msg_interfaces/custom_msg_interfaces/srv/detail/compute_ik__rosidl_typesupport_fastrtps_cpp.hpp
[0.511s] -- Up-to-date: /home/ubuntu/ros2_ws/ros2_ws/install/custom_msg_interfaces/lib/libcustom_msg_interfaces__rosidl_typesupport_fastrtps_cpp.so
[0.511s] -- Up-to-date: /home/ubuntu/ros2_ws/ros2_ws/install/custom_msg_interfaces/include/custom_msg_interfaces/custom_msg_interfaces
[0.511s] -- Up-to-date: /home/ubuntu/ros2_ws/ros2_ws/install/custom_msg_interfaces/include/custom_msg_interfaces/custom_msg_interfaces/msg
[0.511s] -- Up-to-date: /home/ubuntu/ros2_ws/ros2_ws/install/custom_msg_interfaces/include/custom_msg_interfaces/custom_msg_interfaces/msg/detail
[0.511s] -- Up-to-date: /home/ubuntu/ros2_ws/ros2_ws/install/custom_msg_interfaces/include/custom_msg_interfaces/custom_msg_interfaces/msg/detail/detection_result__rosidl_typesupport_introspection_cpp.hpp
[0.511s] -- Up-to-date: /home/ubuntu/ros2_ws/ros2_ws/install/custom_msg_interfaces/include/custom_msg_interfaces/custom_msg_interfaces/msg/detail/detection_result__type_support.cpp
[0.511s] -- Up-to-date: /home/ubuntu/ros2_ws/ros2_ws/install/custom_msg_interfaces/include/custom_msg_interfaces/custom_msg_interfaces/srv
[0.512s] -- Up-to-date: /home/ubuntu/ros2_ws/ros2_ws/install/custom_msg_interfaces/include/custom_msg_interfaces/custom_msg_interfaces/srv/detail
[0.512s] -- Up-to-date: /home/ubuntu/ros2_ws/ros2_ws/install/custom_msg_interfaces/include/custom_msg_interfaces/custom_msg_interfaces/srv/detail/compute_ik__rosidl_typesupport_introspection_cpp.hpp
[0.512s] -- Up-to-date: /home/ubuntu/ros2_ws/ros2_ws/install/custom_msg_interfaces/include/custom_msg_interfaces/custom_msg_interfaces/srv/detail/compute_trajectory__type_support.cpp
[0.512s] -- Up-to-date: /home/ubuntu/ros2_ws/ros2_ws/install/custom_msg_interfaces/include/custom_msg_interfaces/custom_msg_interfaces/srv/detail/compute_dir_kin__type_support.cpp
[0.512s] -- Up-to-date: /home/ubuntu/ros2_ws/ros2_ws/install/custom_msg_interfaces/include/custom_msg_interfaces/custom_msg_interfaces/srv/detail/compute_ik__type_support.cpp
[0.512s] -- Up-to-date: /home/ubuntu/ros2_ws/ros2_ws/install/custom_msg_interfaces/include/custom_msg_interfaces/custom_msg_interfaces/srv/detail/compute_trajectory__rosidl_typesupport_introspection_cpp.hpp
[0.512s] -- Up-to-date: /home/ubuntu/ros2_ws/ros2_ws/install/custom_msg_interfaces/include/custom_msg_interfaces/custom_msg_interfaces/srv/detail/move_ab__type_support.cpp
[0.512s] -- Up-to-date: /home/ubuntu/ros2_ws/ros2_ws/install/custom_msg_interfaces/include/custom_msg_interfaces/custom_msg_interfaces/srv/detail/compute_dir_kin__rosidl_typesupport_introspection_cpp.hpp
[0.512s] -- Up-to-date: /home/ubuntu/ros2_ws/ros2_ws/install/custom_msg_interfaces/include/custom_msg_interfaces/custom_msg_interfaces/srv/detail/compute_path__rosidl_typesupport_introspection_cpp.hpp
[0.512s] -- Up-to-date: /home/ubuntu/ros2_ws/ros2_ws/install/custom_msg_interfaces/include/custom_msg_interfaces/custom_msg_interfaces/srv/detail/move_ab__rosidl_typesupport_introspection_cpp.hpp
[0.512s] -- Up-to-date: /home/ubuntu/ros2_ws/ros2_ws/install/custom_msg_interfaces/include/custom_msg_interfaces/custom_msg_interfaces/srv/detail/compute_path__type_support.cpp
[0.512s] -- Up-to-date: /home/ubuntu/ros2_ws/ros2_ws/install/custom_msg_interfaces/lib/libcustom_msg_interfaces__rosidl_typesupport_introspection_cpp.so
[0.512s] -- Up-to-date: /home/ubuntu/ros2_ws/ros2_ws/install/custom_msg_interfaces/lib/libcustom_msg_interfaces__rosidl_typesupport_cpp.so
[0.512s] -- Up-to-date: /home/ubuntu/ros2_ws/ros2_ws/install/custom_msg_interfaces/share/custom_msg_interfaces/environment/pythonpath.sh
[0.512s] -- Up-to-date: /home/ubuntu/ros2_ws/ros2_ws/install/custom_msg_interfaces/share/custom_msg_interfaces/environment/pythonpath.dsv
[0.513s] -- Up-to-date: /home/ubuntu/ros2_ws/ros2_ws/install/custom_msg_interfaces/lib/python3.12/site-packages/custom_msg_interfaces-0.0.0-py3.12.egg-info
[0.513s] -- Installing: /home/ubuntu/ros2_ws/ros2_ws/install/custom_msg_interfaces/lib/python3.12/site-packages/custom_msg_interfaces-0.0.0-py3.12.egg-info/SOURCES.txt
[0.513s] -- Installing: /home/ubuntu/ros2_ws/ros2_ws/install/custom_msg_interfaces/lib/python3.12/site-packages/custom_msg_interfaces-0.0.0-py3.12.egg-info/PKG-INFO
[0.513s] -- Installing: /home/ubuntu/ros2_ws/ros2_ws/install/custom_msg_interfaces/lib/python3.12/site-packages/custom_msg_interfaces-0.0.0-py3.12.egg-info/top_level.txt
[0.513s] -- Installing: /home/ubuntu/ros2_ws/ros2_ws/install/custom_msg_interfaces/lib/python3.12/site-packages/custom_msg_interfaces-0.0.0-py3.12.egg-info/dependency_links.txt
[0.513s] -- Up-to-date: /home/ubuntu/ros2_ws/ros2_ws/install/custom_msg_interfaces/lib/python3.12/site-packages/custom_msg_interfaces
[0.513s] -- Up-to-date: /home/ubuntu/ros2_ws/ros2_ws/install/custom_msg_interfaces/lib/python3.12/site-packages/custom_msg_interfaces/msg
[0.513s] -- Up-to-date: /home/ubuntu/ros2_ws/ros2_ws/install/custom_msg_interfaces/lib/python3.12/site-packages/custom_msg_interfaces/msg/__init__.py
[0.513s] -- Up-to-date: /home/ubuntu/ros2_ws/ros2_ws/install/custom_msg_interfaces/lib/python3.12/site-packages/custom_msg_interfaces/msg/_detection_result.py
[0.513s] -- Up-to-date: /home/ubuntu/ros2_ws/ros2_ws/install/custom_msg_interfaces/lib/python3.12/site-packages/custom_msg_interfaces/msg/_detection_result_s.c
[0.513s] -- Up-to-date: /home/ubuntu/ros2_ws/ros2_ws/install/custom_msg_interfaces/lib/python3.12/site-packages/custom_msg_interfaces/_custom_msg_interfaces_s.ep.rosidl_typesupport_c.c
[0.513s] -- Up-to-date: /home/ubuntu/ros2_ws/ros2_ws/install/custom_msg_interfaces/lib/python3.12/site-packages/custom_msg_interfaces/__init__.py
[0.513s] -- Up-to-date: /home/ubuntu/ros2_ws/ros2_ws/install/custom_msg_interfaces/lib/python3.12/site-packages/custom_msg_interfaces/_custom_msg_interfaces_s.ep.rosidl_typesupport_fastrtps_c.c
[0.513s] -- Up-to-date: /home/ubuntu/ros2_ws/ros2_ws/install/custom_msg_interfaces/lib/python3.12/site-packages/custom_msg_interfaces/custom_msg_interfaces_s__rosidl_typesupport_c.so
[0.513s] -- Up-to-date: /home/ubuntu/ros2_ws/ros2_ws/install/custom_msg_interfaces/lib/python3.12/site-packages/custom_msg_interfaces/custom_msg_interfaces_s__rosidl_typesupport_introspection_c.so
[0.513s] -- Up-to-date: /home/ubuntu/ros2_ws/ros2_ws/install/custom_msg_interfaces/lib/python3.12/site-packages/custom_msg_interfaces/_custom_msg_interfaces_s.ep.rosidl_typesupport_introspection_c.c
[0.513s] -- Up-to-date: /home/ubuntu/ros2_ws/ros2_ws/install/custom_msg_interfaces/lib/python3.12/site-packages/custom_msg_interfaces/srv
[0.513s] -- Up-to-date: /home/ubuntu/ros2_ws/ros2_ws/install/custom_msg_interfaces/lib/python3.12/site-packages/custom_msg_interfaces/srv/_move_ab_s.c
[0.514s] -- Up-to-date: /home/ubuntu/ros2_ws/ros2_ws/install/custom_msg_interfaces/lib/python3.12/site-packages/custom_msg_interfaces/srv/_compute_trajectory.py
[0.514s] -- Up-to-date: /home/ubuntu/ros2_ws/ros2_ws/install/custom_msg_interfaces/lib/python3.12/site-packages/custom_msg_interfaces/srv/_compute_path_s.c
[0.514s] -- Up-to-date: /home/ubuntu/ros2_ws/ros2_ws/install/custom_msg_interfaces/lib/python3.12/site-packages/custom_msg_interfaces/srv/__init__.py
[0.514s] -- Up-to-date: /home/ubuntu/ros2_ws/ros2_ws/install/custom_msg_interfaces/lib/python3.12/site-packages/custom_msg_interfaces/srv/_compute_path.py
[0.514s] -- Up-to-date: /home/ubuntu/ros2_ws/ros2_ws/install/custom_msg_interfaces/lib/python3.12/site-packages/custom_msg_interfaces/srv/_compute_ik.py
[0.514s] -- Up-to-date: /home/ubuntu/ros2_ws/ros2_ws/install/custom_msg_interfaces/lib/python3.12/site-packages/custom_msg_interfaces/srv/_move_ab.py
[0.514s] -- Up-to-date: /home/ubuntu/ros2_ws/ros2_ws/install/custom_msg_interfaces/lib/python3.12/site-packages/custom_msg_interfaces/srv/_compute_trajectory_s.c
[0.514s] -- Up-to-date: /home/ubuntu/ros2_ws/ros2_ws/install/custom_msg_interfaces/lib/python3.12/site-packages/custom_msg_interfaces/srv/_compute_ik_s.c
[0.514s] -- Up-to-date: /home/ubuntu/ros2_ws/ros2_ws/install/custom_msg_interfaces/lib/python3.12/site-packages/custom_msg_interfaces/srv/_compute_dir_kin_s.c
[0.514s] -- Up-to-date: /home/ubuntu/ros2_ws/ros2_ws/install/custom_msg_interfaces/lib/python3.12/site-packages/custom_msg_interfaces/srv/_compute_dir_kin.py
[0.514s] -- Up-to-date: /home/ubuntu/ros2_ws/ros2_ws/install/custom_msg_interfaces/lib/python3.12/site-packages/custom_msg_interfaces/custom_msg_interfaces_s__rosidl_typesupport_fastrtps_c.so
[0.552s] Listing '/home/ubuntu/ros2_ws/ros2_ws/install/custom_msg_interfaces/lib/python3.12/site-packages/custom_msg_interfaces'...
[0.552s] Listing '/home/ubuntu/ros2_ws/ros2_ws/install/custom_msg_interfaces/lib/python3.12/site-packages/custom_msg_interfaces/msg'...
[0.552s] Listing '/home/ubuntu/ros2_ws/ros2_ws/install/custom_msg_interfaces/lib/python3.12/site-packages/custom_msg_interfaces/srv'...
[0.558s] -- Up-to-date: /home/ubuntu/ros2_ws/ros2_ws/install/custom_msg_interfaces/lib/python3.12/site-packages/custom_msg_interfaces/custom_msg_interfaces_s__rosidl_typesupport_fastrtps_c.so
[0.558s] -- Up-to-date: /home/ubuntu/ros2_ws/ros2_ws/install/custom_msg_interfaces/lib/python3.12/site-packages/custom_msg_interfaces/custom_msg_interfaces_s__rosidl_typesupport_introspection_c.so
[0.559s] -- Up-to-date: /home/ubuntu/ros2_ws/ros2_ws/install/custom_msg_interfaces/lib/python3.12/site-packages/custom_msg_interfaces/custom_msg_interfaces_s__rosidl_typesupport_c.so
[0.559s] -- Up-to-date: /home/ubuntu/ros2_ws/ros2_ws/install/custom_msg_interfaces/lib/libcustom_msg_interfaces__rosidl_generator_py.so
[0.559s] -- Up-to-date: /home/ubuntu/ros2_ws/ros2_ws/install/custom_msg_interfaces/share/custom_msg_interfaces/msg/DetectionResult.idl
[0.559s] -- Up-to-date: /home/ubuntu/ros2_ws/ros2_ws/install/custom_msg_interfaces/share/custom_msg_interfaces/srv/ComputeIK.idl
[0.560s] -- Up-to-date: /home/ubuntu/ros2_ws/ros2_ws/install/custom_msg_interfaces/share/custom_msg_interfaces/srv/ComputeDirKin.idl
[0.560s] -- Up-to-date: /home/ubuntu/ros2_ws/ros2_ws/install/custom_msg_interfaces/share/custom_msg_interfaces/srv/ComputePath.idl
[0.560s] -- Up-to-date: /home/ubuntu/ros2_ws/ros2_ws/install/custom_msg_interfaces/share/custom_msg_interfaces/srv/ComputeTrajectory.idl
[0.560s] -- Up-to-date: /home/ubuntu/ros2_ws/ros2_ws/install/custom_msg_interfaces/share/custom_msg_interfaces/srv/MoveAB.idl
[0.560s] -- Up-to-date: /home/ubuntu/ros2_ws/ros2_ws/install/custom_msg_interfaces/share/custom_msg_interfaces/msg/DetectionResult.msg
[0.560s] -- Up-to-date: /home/ubuntu/ros2_ws/ros2_ws/install/custom_msg_interfaces/share/custom_msg_interfaces/srv/ComputeIK.srv
[0.560s] -- Up-to-date: /home/ubuntu/ros2_ws/ros2_ws/install/custom_msg_interfaces/share/custom_msg_interfaces/srv/ComputeDirKin.srv
[0.560s] -- Up-to-date: /home/ubuntu/ros2_ws/ros2_ws/install/custom_msg_interfaces/share/custom_msg_interfaces/srv/ComputePath.srv
[0.561s] -- Up-to-date: /home/ubuntu/ros2_ws/ros2_ws/install/custom_msg_interfaces/share/custom_msg_interfaces/srv/ComputeTrajectory.srv
[0.562s] -- Up-to-date: /home/ubuntu/ros2_ws/ros2_ws/install/custom_msg_interfaces/share/custom_msg_interfaces/srv/MoveAB.srv
[0.562s] -- Up-to-date: /home/ubuntu/ros2_ws/ros2_ws/install/custom_msg_interfaces/share/ament_index/resource_index/package_run_dependencies/custom_msg_interfaces
[0.562s] -- Up-to-date: /home/ubuntu/ros2_ws/ros2_ws/install/custom_msg_interfaces/share/ament_index/resource_index/parent_prefix_path/custom_msg_interfaces
[0.562s] -- Up-to-date: /home/ubuntu/ros2_ws/ros2_ws/install/custom_msg_interfaces/share/custom_msg_interfaces/environment/ament_prefix_path.sh
[0.562s] -- Up-to-date: /home/ubuntu/ros2_ws/ros2_ws/install/custom_msg_interfaces/share/custom_msg_interfaces/environment/ament_prefix_path.dsv
[0.562s] -- Up-to-date: /home/ubuntu/ros2_ws/ros2_ws/install/custom_msg_interfaces/share/custom_msg_interfaces/environment/path.sh
[0.562s] -- Up-to-date: /home/ubuntu/ros2_ws/ros2_ws/install/custom_msg_interfaces/share/custom_msg_interfaces/environment/path.dsv
[0.563s] -- Up-to-date: /home/ubuntu/ros2_ws/ros2_ws/install/custom_msg_interfaces/share/custom_msg_interfaces/local_setup.bash
[0.563s] -- Up-to-date: /home/ubuntu/ros2_ws/ros2_ws/install/custom_msg_interfaces/share/custom_msg_interfaces/local_setup.sh
[0.563s] -- Up-to-date: /home/ubuntu/ros2_ws/ros2_ws/install/custom_msg_interfaces/share/custom_msg_interfaces/local_setup.zsh
[0.563s] -- Up-to-date: /home/ubuntu/ros2_ws/ros2_ws/install/custom_msg_interfaces/share/custom_msg_interfaces/local_setup.dsv
[0.563s] -- Installing: /home/ubuntu/ros2_ws/ros2_ws/install/custom_msg_interfaces/share/custom_msg_interfaces/package.dsv
[0.563s] -- Up-to-date: /home/ubuntu/ros2_ws/ros2_ws/install/custom_msg_interfaces/share/ament_index/resource_index/packages/custom_msg_interfaces
[0.563s] -- Up-to-date: /home/ubuntu/ros2_ws/ros2_ws/install/custom_msg_interfaces/share/custom_msg_interfaces/cmake/export_custom_msg_interfaces__rosidl_generator_cExport.cmake
[0.563s] -- Up-to-date: /home/ubuntu/ros2_ws/ros2_ws/install/custom_msg_interfaces/share/custom_msg_interfaces/cmake/export_custom_msg_interfaces__rosidl_generator_cExport-noconfig.cmake
[0.563s] -- Up-to-date: /home/ubuntu/ros2_ws/ros2_ws/install/custom_msg_interfaces/share/custom_msg_interfaces/cmake/export_custom_msg_interfaces__rosidl_typesupport_fastrtps_cExport.cmake
[0.563s] -- Up-to-date: /home/ubuntu/ros2_ws/ros2_ws/install/custom_msg_interfaces/share/custom_msg_interfaces/cmake/export_custom_msg_interfaces__rosidl_typesupport_fastrtps_cExport-noconfig.cmake
[0.563s] -- Up-to-date: /home/ubuntu/ros2_ws/ros2_ws/install/custom_msg_interfaces/share/custom_msg_interfaces/cmake/custom_msg_interfaces__rosidl_typesupport_introspection_cExport.cmake
[0.563s] -- Up-to-date: /home/ubuntu/ros2_ws/ros2_ws/install/custom_msg_interfaces/share/custom_msg_interfaces/cmake/custom_msg_interfaces__rosidl_typesupport_introspection_cExport-noconfig.cmake
[0.564s] -- Up-to-date: /home/ubuntu/ros2_ws/ros2_ws/install/custom_msg_interfaces/share/custom_msg_interfaces/cmake/custom_msg_interfaces__rosidl_typesupport_cExport.cmake
[0.564s] -- Up-to-date: /home/ubuntu/ros2_ws/ros2_ws/install/custom_msg_interfaces/share/custom_msg_interfaces/cmake/custom_msg_interfaces__rosidl_typesupport_cExport-noconfig.cmake
[0.564s] -- Up-to-date: /home/ubuntu/ros2_ws/ros2_ws/install/custom_msg_interfaces/share/custom_msg_interfaces/cmake/export_custom_msg_interfaces__rosidl_generator_cppExport.cmake
[0.564s] -- Up-to-date: /home/ubuntu/ros2_ws/ros2_ws/install/custom_msg_interfaces/share/custom_msg_interfaces/cmake/export_custom_msg_interfaces__rosidl_typesupport_fastrtps_cppExport.cmake
[0.565s] -- Up-to-date: /home/ubuntu/ros2_ws/ros2_ws/install/custom_msg_interfaces/share/custom_msg_interfaces/cmake/export_custom_msg_interfaces__rosidl_typesupport_fastrtps_cppExport-noconfig.cmake
[0.565s] -- Up-to-date: /home/ubuntu/ros2_ws/ros2_ws/install/custom_msg_interfaces/share/custom_msg_interfaces/cmake/custom_msg_interfaces__rosidl_typesupport_introspection_cppExport.cmake
[0.565s] -- Up-to-date: /home/ubuntu/ros2_ws/ros2_ws/install/custom_msg_interfaces/share/custom_msg_interfaces/cmake/custom_msg_interfaces__rosidl_typesupport_introspection_cppExport-noconfig.cmake
[0.565s] -- Up-to-date: /home/ubuntu/ros2_ws/ros2_ws/install/custom_msg_interfaces/share/custom_msg_interfaces/cmake/custom_msg_interfaces__rosidl_typesupport_cppExport.cmake
[0.565s] -- Up-to-date: /home/ubuntu/ros2_ws/ros2_ws/install/custom_msg_interfaces/share/custom_msg_interfaces/cmake/custom_msg_interfaces__rosidl_typesupport_cppExport-noconfig.cmake
[0.565s] -- Up-to-date: /home/ubuntu/ros2_ws/ros2_ws/install/custom_msg_interfaces/share/custom_msg_interfaces/cmake/export_custom_msg_interfaces__rosidl_generator_pyExport.cmake
[0.566s] -- Up-to-date: /home/ubuntu/ros2_ws/ros2_ws/install/custom_msg_interfaces/share/custom_msg_interfaces/cmake/export_custom_msg_interfaces__rosidl_generator_pyExport-noconfig.cmake
[0.566s] -- Up-to-date: /home/ubuntu/ros2_ws/ros2_ws/install/custom_msg_interfaces/share/custom_msg_interfaces/cmake/rosidl_cmake-extras.cmake
[0.566s] -- Up-to-date: /home/ubuntu/ros2_ws/ros2_ws/install/custom_msg_interfaces/share/custom_msg_interfaces/cmake/ament_cmake_export_dependencies-extras.cmake
[0.566s] -- Up-to-date: /home/ubuntu/ros2_ws/ros2_ws/install/custom_msg_interfaces/share/custom_msg_interfaces/cmake/ament_cmake_export_include_directories-extras.cmake
[0.566s] -- Up-to-date: /home/ubuntu/ros2_ws/ros2_ws/install/custom_msg_interfaces/share/custom_msg_interfaces/cmake/ament_cmake_export_libraries-extras.cmake
[0.566s] -- Up-to-date: /home/ubuntu/ros2_ws/ros2_ws/install/custom_msg_interfaces/share/custom_msg_interfaces/cmake/ament_cmake_export_targets-extras.cmake
[0.566s] -- Up-to-date: /home/ubuntu/ros2_ws/ros2_ws/install/custom_msg_interfaces/share/custom_msg_interfaces/cmake/rosidl_cmake_export_typesupport_targets-extras.cmake
[0.567s] -- Up-to-date: /home/ubuntu/ros2_ws/ros2_ws/install/custom_msg_interfaces/share/custom_msg_interfaces/cmake/rosidl_cmake_export_typesupport_libraries-extras.cmake
[0.567s] -- Up-to-date: /home/ubuntu/ros2_ws/ros2_ws/install/custom_msg_interfaces/share/custom_msg_interfaces/cmake/custom_msg_interfacesConfig.cmake
[0.567s] -- Up-to-date: /home/ubuntu/ros2_ws/ros2_ws/install/custom_msg_interfaces/share/custom_msg_interfaces/cmake/custom_msg_interfacesConfig-version.cmake
[0.567s] -- Up-to-date: /home/ubuntu/ros2_ws/ros2_ws/install/custom_msg_interfaces/share/custom_msg_interfaces/package.xml
[0.567s] Invoked command in '/home/ubuntu/ros2_ws/ros2_ws/build/custom_msg_interfaces' returned '0': CMAKE_PREFIX_PATH=${CMAKE_PREFIX_PATH}:/opt/ros/jazzy /usr/bin/cmake --install /home/ubuntu/ros2_ws/ros2_ws/build/custom_msg_interfaces
