[0.024s] Invoking command in '/home/ubuntu/ros2_ws/build/custom_msg_interfaces': CMAKE_PREFIX_PATH=${CMAKE_PREFIX_PATH}:/home/ubuntu/ros2_ws/install/pose_estimator_pkg:/home/ubuntu/ros2_ws/install/planning_pkg:/opt/ros/jazzy /usr/bin/cmake --build /home/ubuntu/ros2_ws/build/custom_msg_interfaces -- -j20 -l20
[0.289s] [  2%] Built target custom_msg_interfaces__rosidl_generator_type_description
[0.289s] [  2%] Built target ament_cmake_python_copy_custom_msg_interfaces
[0.289s] [  5%] Built target custom_msg_interfaces__cpp
[0.289s] [ 20%] Built target custom_msg_interfaces__rosidl_generator_c
[0.289s] [ 29%] Built target custom_msg_interfaces__rosidl_typesupport_fastrtps_c
[0.289s] [ 38%] Built target custom_msg_interfaces__rosidl_typesupport_introspection_cpp
[0.289s] [ 47%] Built target custom_msg_interfaces__rosidl_typesupport_fastrtps_cpp
[0.289s] [ 55%] Built target custom_msg_interfaces__rosidl_typesupport_cpp
[0.289s] [ 64%] Built target custom_msg_interfaces__rosidl_typesupport_introspection_c
[0.289s] [ 73%] Built target custom_msg_interfaces__rosidl_typesupport_c
[0.290s] [ 73%] Built target custom_msg_interfaces
[0.290s] [ 76%] Built target custom_msg_interfaces__py
[0.290s] [ 82%] Built target custom_msg_interfaces__rosidl_generator_py
[0.293s] [ 97%] Built target custom_msg_interfaces_s__rosidl_typesupport_introspection_c
[0.293s] [100%] Built target custom_msg_interfaces_s__rosidl_typesupport_fastrtps_c
[0.293s] [100%] Built target custom_msg_interfaces_s__rosidl_typesupport_c
[0.380s] running egg_info
[0.410s] writing custom_msg_interfaces.egg-info/PKG-INFO
[0.411s] writing dependency_links to custom_msg_interfaces.egg-info/dependency_links.txt
[0.412s] writing top-level names to custom_msg_interfaces.egg-info/top_level.txt
[0.478s] reading manifest file 'custom_msg_interfaces.egg-info/SOURCES.txt'
[0.480s] writing manifest file 'custom_msg_interfaces.egg-info/SOURCES.txt'
[0.522s] [100%] Built target ament_cmake_python_build_custom_msg_interfaces_egg
[0.537s] Invoked command in '/home/ubuntu/ros2_ws/build/custom_msg_interfaces' returned '0': CMAKE_PREFIX_PATH=${CMAKE_PREFIX_PATH}:/home/ubuntu/ros2_ws/install/pose_estimator_pkg:/home/ubuntu/ros2_ws/install/planning_pkg:/opt/ros/jazzy /usr/bin/cmake --build /home/ubuntu/ros2_ws/build/custom_msg_interfaces -- -j20 -l20
[0.539s] Invoking command in '/home/ubuntu/ros2_ws/build/custom_msg_interfaces': CMAKE_PREFIX_PATH=${CMAKE_PREFIX_PATH}:/home/ubuntu/ros2_ws/install/pose_estimator_pkg:/home/ubuntu/ros2_ws/install/planning_pkg:/opt/ros/jazzy /usr/bin/cmake --install /home/ubuntu/ros2_ws/build/custom_msg_interfaces
[0.548s] -- Install configuration: ""
[0.548s] -- Up-to-date: /home/ubuntu/ros2_ws/install/custom_msg_interfaces/share/ament_index/resource_index/rosidl_interfaces/custom_msg_interfaces
[0.548s] -- Up-to-date: /home/ubuntu/ros2_ws/install/custom_msg_interfaces/share/custom_msg_interfaces/msg/DetectionResult.json
[0.548s] -- Up-to-date: /home/ubuntu/ros2_ws/install/custom_msg_interfaces/include/custom_msg_interfaces/custom_msg_interfaces
[0.548s] -- Up-to-date: /home/ubuntu/ros2_ws/install/custom_msg_interfaces/include/custom_msg_interfaces/custom_msg_interfaces/msg
[0.548s] -- Up-to-date: /home/ubuntu/ros2_ws/install/custom_msg_interfaces/include/custom_msg_interfaces/custom_msg_interfaces/msg/rosidl_generator_c__visibility_control.h
[0.548s] -- Up-to-date: /home/ubuntu/ros2_ws/install/custom_msg_interfaces/include/custom_msg_interfaces/custom_msg_interfaces/msg/detection_result.h
[0.548s] -- Up-to-date: /home/ubuntu/ros2_ws/install/custom_msg_interfaces/include/custom_msg_interfaces/custom_msg_interfaces/msg/detail
[0.548s] -- Up-to-date: /home/ubuntu/ros2_ws/install/custom_msg_interfaces/include/custom_msg_interfaces/custom_msg_interfaces/msg/detail/detection_result__struct.h
[0.548s] -- Up-to-date: /home/ubuntu/ros2_ws/install/custom_msg_interfaces/include/custom_msg_interfaces/custom_msg_interfaces/msg/detail/detection_result__description.c
[0.549s] -- Up-to-date: /home/ubuntu/ros2_ws/install/custom_msg_interfaces/include/custom_msg_interfaces/custom_msg_interfaces/msg/detail/detection_result__type_support.h
[0.549s] -- Up-to-date: /home/ubuntu/ros2_ws/install/custom_msg_interfaces/include/custom_msg_interfaces/custom_msg_interfaces/msg/detail/detection_result__type_support.c
[0.549s] -- Up-to-date: /home/ubuntu/ros2_ws/install/custom_msg_interfaces/include/custom_msg_interfaces/custom_msg_interfaces/msg/detail/detection_result__functions.h
[0.549s] -- Up-to-date: /home/ubuntu/ros2_ws/install/custom_msg_interfaces/include/custom_msg_interfaces/custom_msg_interfaces/msg/detail/detection_result__functions.c
[0.549s] -- Up-to-date: /home/ubuntu/ros2_ws/install/custom_msg_interfaces/share/custom_msg_interfaces/environment/library_path.sh
[0.549s] -- Up-to-date: /home/ubuntu/ros2_ws/install/custom_msg_interfaces/share/custom_msg_interfaces/environment/library_path.dsv
[0.549s] -- Up-to-date: /home/ubuntu/ros2_ws/install/custom_msg_interfaces/lib/libcustom_msg_interfaces__rosidl_generator_c.so
[0.549s] -- Up-to-date: /home/ubuntu/ros2_ws/install/custom_msg_interfaces/include/custom_msg_interfaces/custom_msg_interfaces
[0.549s] -- Up-to-date: /home/ubuntu/ros2_ws/install/custom_msg_interfaces/include/custom_msg_interfaces/custom_msg_interfaces/msg
[0.549s] -- Up-to-date: /home/ubuntu/ros2_ws/install/custom_msg_interfaces/include/custom_msg_interfaces/custom_msg_interfaces/msg/detail
[0.549s] -- Up-to-date: /home/ubuntu/ros2_ws/install/custom_msg_interfaces/include/custom_msg_interfaces/custom_msg_interfaces/msg/detail/detection_result__rosidl_typesupport_fastrtps_c.h
[0.549s] -- Up-to-date: /home/ubuntu/ros2_ws/install/custom_msg_interfaces/include/custom_msg_interfaces/custom_msg_interfaces/msg/rosidl_typesupport_fastrtps_c__visibility_control.h
[0.549s] -- Up-to-date: /home/ubuntu/ros2_ws/install/custom_msg_interfaces/lib/libcustom_msg_interfaces__rosidl_typesupport_fastrtps_c.so
[0.550s] -- Up-to-date: /home/ubuntu/ros2_ws/install/custom_msg_interfaces/include/custom_msg_interfaces/custom_msg_interfaces
[0.550s] -- Up-to-date: /home/ubuntu/ros2_ws/install/custom_msg_interfaces/include/custom_msg_interfaces/custom_msg_interfaces/msg
[0.550s] -- Up-to-date: /home/ubuntu/ros2_ws/install/custom_msg_interfaces/include/custom_msg_interfaces/custom_msg_interfaces/msg/detail
[0.550s] -- Up-to-date: /home/ubuntu/ros2_ws/install/custom_msg_interfaces/include/custom_msg_interfaces/custom_msg_interfaces/msg/detail/detection_result__rosidl_typesupport_introspection_c.h
[0.550s] -- Up-to-date: /home/ubuntu/ros2_ws/install/custom_msg_interfaces/include/custom_msg_interfaces/custom_msg_interfaces/msg/detail/detection_result__type_support.c
[0.550s] -- Up-to-date: /home/ubuntu/ros2_ws/install/custom_msg_interfaces/include/custom_msg_interfaces/custom_msg_interfaces/msg/rosidl_typesupport_introspection_c__visibility_control.h
[0.550s] -- Up-to-date: /home/ubuntu/ros2_ws/install/custom_msg_interfaces/lib/libcustom_msg_interfaces__rosidl_typesupport_introspection_c.so
[0.550s] -- Up-to-date: /home/ubuntu/ros2_ws/install/custom_msg_interfaces/lib/libcustom_msg_interfaces__rosidl_typesupport_c.so
[0.550s] -- Up-to-date: /home/ubuntu/ros2_ws/install/custom_msg_interfaces/include/custom_msg_interfaces/custom_msg_interfaces
[0.551s] -- Up-to-date: /home/ubuntu/ros2_ws/install/custom_msg_interfaces/include/custom_msg_interfaces/custom_msg_interfaces/msg
[0.551s] -- Up-to-date: /home/ubuntu/ros2_ws/install/custom_msg_interfaces/include/custom_msg_interfaces/custom_msg_interfaces/msg/rosidl_generator_cpp__visibility_control.hpp
[0.551s] -- Up-to-date: /home/ubuntu/ros2_ws/install/custom_msg_interfaces/include/custom_msg_interfaces/custom_msg_interfaces/msg/detail
[0.551s] -- Up-to-date: /home/ubuntu/ros2_ws/install/custom_msg_interfaces/include/custom_msg_interfaces/custom_msg_interfaces/msg/detail/detection_result__builder.hpp
[0.551s] -- Up-to-date: /home/ubuntu/ros2_ws/install/custom_msg_interfaces/include/custom_msg_interfaces/custom_msg_interfaces/msg/detail/detection_result__struct.hpp
[0.551s] -- Up-to-date: /home/ubuntu/ros2_ws/install/custom_msg_interfaces/include/custom_msg_interfaces/custom_msg_interfaces/msg/detail/detection_result__traits.hpp
[0.551s] -- Up-to-date: /home/ubuntu/ros2_ws/install/custom_msg_interfaces/include/custom_msg_interfaces/custom_msg_interfaces/msg/detail/detection_result__type_support.hpp
[0.551s] -- Up-to-date: /home/ubuntu/ros2_ws/install/custom_msg_interfaces/include/custom_msg_interfaces/custom_msg_interfaces/msg/detection_result.hpp
[0.551s] -- Up-to-date: /home/ubuntu/ros2_ws/install/custom_msg_interfaces/include/custom_msg_interfaces/custom_msg_interfaces
[0.552s] -- Up-to-date: /home/ubuntu/ros2_ws/install/custom_msg_interfaces/include/custom_msg_interfaces/custom_msg_interfaces/msg
[0.552s] -- Up-to-date: /home/ubuntu/ros2_ws/install/custom_msg_interfaces/include/custom_msg_interfaces/custom_msg_interfaces/msg/detail
[0.552s] -- Up-to-date: /home/ubuntu/ros2_ws/install/custom_msg_interfaces/include/custom_msg_interfaces/custom_msg_interfaces/msg/detail/detection_result__rosidl_typesupport_fastrtps_cpp.hpp
[0.552s] -- Up-to-date: /home/ubuntu/ros2_ws/install/custom_msg_interfaces/include/custom_msg_interfaces/custom_msg_interfaces/msg/detail/dds_fastrtps
[0.552s] -- Up-to-date: /home/ubuntu/ros2_ws/install/custom_msg_interfaces/include/custom_msg_interfaces/custom_msg_interfaces/msg/rosidl_typesupport_fastrtps_cpp__visibility_control.h
[0.552s] -- Up-to-date: /home/ubuntu/ros2_ws/install/custom_msg_interfaces/lib/libcustom_msg_interfaces__rosidl_typesupport_fastrtps_cpp.so
[0.552s] -- Up-to-date: /home/ubuntu/ros2_ws/install/custom_msg_interfaces/include/custom_msg_interfaces/custom_msg_interfaces
[0.552s] -- Up-to-date: /home/ubuntu/ros2_ws/install/custom_msg_interfaces/include/custom_msg_interfaces/custom_msg_interfaces/msg
[0.552s] -- Up-to-date: /home/ubuntu/ros2_ws/install/custom_msg_interfaces/include/custom_msg_interfaces/custom_msg_interfaces/msg/detail
[0.552s] -- Up-to-date: /home/ubuntu/ros2_ws/install/custom_msg_interfaces/include/custom_msg_interfaces/custom_msg_interfaces/msg/detail/detection_result__rosidl_typesupport_introspection_cpp.hpp
[0.552s] -- Up-to-date: /home/ubuntu/ros2_ws/install/custom_msg_interfaces/include/custom_msg_interfaces/custom_msg_interfaces/msg/detail/detection_result__type_support.cpp
[0.552s] -- Up-to-date: /home/ubuntu/ros2_ws/install/custom_msg_interfaces/lib/libcustom_msg_interfaces__rosidl_typesupport_introspection_cpp.so
[0.553s] -- Up-to-date: /home/ubuntu/ros2_ws/install/custom_msg_interfaces/lib/libcustom_msg_interfaces__rosidl_typesupport_cpp.so
[0.553s] -- Up-to-date: /home/ubuntu/ros2_ws/install/custom_msg_interfaces/share/custom_msg_interfaces/environment/pythonpath.sh
[0.553s] -- Up-to-date: /home/ubuntu/ros2_ws/install/custom_msg_interfaces/share/custom_msg_interfaces/environment/pythonpath.dsv
[0.553s] -- Up-to-date: /home/ubuntu/ros2_ws/install/custom_msg_interfaces/lib/python3.12/site-packages/custom_msg_interfaces-0.0.0-py3.12.egg-info
[0.553s] -- Installing: /home/ubuntu/ros2_ws/install/custom_msg_interfaces/lib/python3.12/site-packages/custom_msg_interfaces-0.0.0-py3.12.egg-info/dependency_links.txt
[0.553s] -- Installing: /home/ubuntu/ros2_ws/install/custom_msg_interfaces/lib/python3.12/site-packages/custom_msg_interfaces-0.0.0-py3.12.egg-info/PKG-INFO
[0.553s] -- Installing: /home/ubuntu/ros2_ws/install/custom_msg_interfaces/lib/python3.12/site-packages/custom_msg_interfaces-0.0.0-py3.12.egg-info/SOURCES.txt
[0.553s] -- Installing: /home/ubuntu/ros2_ws/install/custom_msg_interfaces/lib/python3.12/site-packages/custom_msg_interfaces-0.0.0-py3.12.egg-info/top_level.txt
[0.553s] -- Up-to-date: /home/ubuntu/ros2_ws/install/custom_msg_interfaces/lib/python3.12/site-packages/custom_msg_interfaces
[0.553s] -- Up-to-date: /home/ubuntu/ros2_ws/install/custom_msg_interfaces/lib/python3.12/site-packages/custom_msg_interfaces/custom_msg_interfaces_s__rosidl_typesupport_c.so
[0.553s] -- Up-to-date: /home/ubuntu/ros2_ws/install/custom_msg_interfaces/lib/python3.12/site-packages/custom_msg_interfaces/custom_msg_interfaces_s__rosidl_typesupport_fastrtps_c.so
[0.553s] -- Up-to-date: /home/ubuntu/ros2_ws/install/custom_msg_interfaces/lib/python3.12/site-packages/custom_msg_interfaces/_custom_msg_interfaces_s.ep.rosidl_typesupport_introspection_c.c
[0.553s] -- Up-to-date: /home/ubuntu/ros2_ws/install/custom_msg_interfaces/lib/python3.12/site-packages/custom_msg_interfaces/_custom_msg_interfaces_s.ep.rosidl_typesupport_c.c
[0.553s] -- Up-to-date: /home/ubuntu/ros2_ws/install/custom_msg_interfaces/lib/python3.12/site-packages/custom_msg_interfaces/msg
[0.554s] -- Up-to-date: /home/ubuntu/ros2_ws/install/custom_msg_interfaces/lib/python3.12/site-packages/custom_msg_interfaces/msg/_detection_result.py
[0.554s] -- Up-to-date: /home/ubuntu/ros2_ws/install/custom_msg_interfaces/lib/python3.12/site-packages/custom_msg_interfaces/msg/_detection_result_s.c
[0.554s] -- Up-to-date: /home/ubuntu/ros2_ws/install/custom_msg_interfaces/lib/python3.12/site-packages/custom_msg_interfaces/msg/__init__.py
[0.554s] -- Up-to-date: /home/ubuntu/ros2_ws/install/custom_msg_interfaces/lib/python3.12/site-packages/custom_msg_interfaces/__init__.py
[0.554s] -- Up-to-date: /home/ubuntu/ros2_ws/install/custom_msg_interfaces/lib/python3.12/site-packages/custom_msg_interfaces/custom_msg_interfaces_s__rosidl_typesupport_introspection_c.so
[0.554s] -- Up-to-date: /home/ubuntu/ros2_ws/install/custom_msg_interfaces/lib/python3.12/site-packages/custom_msg_interfaces/_custom_msg_interfaces_s.ep.rosidl_typesupport_fastrtps_c.c
[0.587s] Listing '/home/ubuntu/ros2_ws/install/custom_msg_interfaces/lib/python3.12/site-packages/custom_msg_interfaces'...
[0.587s] Listing '/home/ubuntu/ros2_ws/install/custom_msg_interfaces/lib/python3.12/site-packages/custom_msg_interfaces/msg'...
[0.593s] -- Up-to-date: /home/ubuntu/ros2_ws/install/custom_msg_interfaces/lib/python3.12/site-packages/custom_msg_interfaces/custom_msg_interfaces_s__rosidl_typesupport_fastrtps_c.so
[0.593s] -- Up-to-date: /home/ubuntu/ros2_ws/install/custom_msg_interfaces/lib/python3.12/site-packages/custom_msg_interfaces/custom_msg_interfaces_s__rosidl_typesupport_introspection_c.so
[0.594s] -- Up-to-date: /home/ubuntu/ros2_ws/install/custom_msg_interfaces/lib/python3.12/site-packages/custom_msg_interfaces/custom_msg_interfaces_s__rosidl_typesupport_c.so
[0.594s] -- Up-to-date: /home/ubuntu/ros2_ws/install/custom_msg_interfaces/lib/libcustom_msg_interfaces__rosidl_generator_py.so
[0.594s] -- Up-to-date: /home/ubuntu/ros2_ws/install/custom_msg_interfaces/share/custom_msg_interfaces/msg/DetectionResult.idl
[0.594s] -- Up-to-date: /home/ubuntu/ros2_ws/install/custom_msg_interfaces/share/custom_msg_interfaces/msg/DetectionResult.msg
[0.594s] -- Up-to-date: /home/ubuntu/ros2_ws/install/custom_msg_interfaces/share/ament_index/resource_index/package_run_dependencies/custom_msg_interfaces
[0.594s] -- Up-to-date: /home/ubuntu/ros2_ws/install/custom_msg_interfaces/share/ament_index/resource_index/parent_prefix_path/custom_msg_interfaces
[0.594s] -- Up-to-date: /home/ubuntu/ros2_ws/install/custom_msg_interfaces/share/custom_msg_interfaces/environment/ament_prefix_path.sh
[0.595s] -- Up-to-date: /home/ubuntu/ros2_ws/install/custom_msg_interfaces/share/custom_msg_interfaces/environment/ament_prefix_path.dsv
[0.595s] -- Up-to-date: /home/ubuntu/ros2_ws/install/custom_msg_interfaces/share/custom_msg_interfaces/environment/path.sh
[0.595s] -- Up-to-date: /home/ubuntu/ros2_ws/install/custom_msg_interfaces/share/custom_msg_interfaces/environment/path.dsv
[0.595s] -- Up-to-date: /home/ubuntu/ros2_ws/install/custom_msg_interfaces/share/custom_msg_interfaces/local_setup.bash
[0.595s] -- Up-to-date: /home/ubuntu/ros2_ws/install/custom_msg_interfaces/share/custom_msg_interfaces/local_setup.sh
[0.595s] -- Up-to-date: /home/ubuntu/ros2_ws/install/custom_msg_interfaces/share/custom_msg_interfaces/local_setup.zsh
[0.595s] -- Up-to-date: /home/ubuntu/ros2_ws/install/custom_msg_interfaces/share/custom_msg_interfaces/local_setup.dsv
[0.595s] -- Installing: /home/ubuntu/ros2_ws/install/custom_msg_interfaces/share/custom_msg_interfaces/package.dsv
[0.595s] -- Up-to-date: /home/ubuntu/ros2_ws/install/custom_msg_interfaces/share/ament_index/resource_index/packages/custom_msg_interfaces
[0.595s] -- Up-to-date: /home/ubuntu/ros2_ws/install/custom_msg_interfaces/share/custom_msg_interfaces/cmake/export_custom_msg_interfaces__rosidl_generator_cExport.cmake
[0.595s] -- Up-to-date: /home/ubuntu/ros2_ws/install/custom_msg_interfaces/share/custom_msg_interfaces/cmake/export_custom_msg_interfaces__rosidl_generator_cExport-noconfig.cmake
[0.595s] -- Up-to-date: /home/ubuntu/ros2_ws/install/custom_msg_interfaces/share/custom_msg_interfaces/cmake/export_custom_msg_interfaces__rosidl_typesupport_fastrtps_cExport.cmake
[0.596s] -- Up-to-date: /home/ubuntu/ros2_ws/install/custom_msg_interfaces/share/custom_msg_interfaces/cmake/export_custom_msg_interfaces__rosidl_typesupport_fastrtps_cExport-noconfig.cmake
[0.596s] -- Up-to-date: /home/ubuntu/ros2_ws/install/custom_msg_interfaces/share/custom_msg_interfaces/cmake/custom_msg_interfaces__rosidl_typesupport_introspection_cExport.cmake
[0.596s] -- Up-to-date: /home/ubuntu/ros2_ws/install/custom_msg_interfaces/share/custom_msg_interfaces/cmake/custom_msg_interfaces__rosidl_typesupport_introspection_cExport-noconfig.cmake
[0.596s] -- Up-to-date: /home/ubuntu/ros2_ws/install/custom_msg_interfaces/share/custom_msg_interfaces/cmake/custom_msg_interfaces__rosidl_typesupport_cExport.cmake
[0.596s] -- Up-to-date: /home/ubuntu/ros2_ws/install/custom_msg_interfaces/share/custom_msg_interfaces/cmake/custom_msg_interfaces__rosidl_typesupport_cExport-noconfig.cmake
[0.596s] -- Up-to-date: /home/ubuntu/ros2_ws/install/custom_msg_interfaces/share/custom_msg_interfaces/cmake/export_custom_msg_interfaces__rosidl_generator_cppExport.cmake
[0.604s] -- Up-to-date: /home/ubuntu/ros2_ws/install/custom_msg_interfaces/share/custom_msg_interfaces/cmake/export_custom_msg_interfaces__rosidl_typesupport_fastrtps_cppExport.cmake
[0.604s] -- Up-to-date: /home/ubuntu/ros2_ws/install/custom_msg_interfaces/share/custom_msg_interfaces/cmake/export_custom_msg_interfaces__rosidl_typesupport_fastrtps_cppExport-noconfig.cmake
[0.604s] -- Up-to-date: /home/ubuntu/ros2_ws/install/custom_msg_interfaces/share/custom_msg_interfaces/cmake/custom_msg_interfaces__rosidl_typesupport_introspection_cppExport.cmake
[0.605s] -- Up-to-date: /home/ubuntu/ros2_ws/install/custom_msg_interfaces/share/custom_msg_interfaces/cmake/custom_msg_interfaces__rosidl_typesupport_introspection_cppExport-noconfig.cmake
[0.605s] -- Up-to-date: /home/ubuntu/ros2_ws/install/custom_msg_interfaces/share/custom_msg_interfaces/cmake/custom_msg_interfaces__rosidl_typesupport_cppExport.cmake
[0.605s] -- Up-to-date: /home/ubuntu/ros2_ws/install/custom_msg_interfaces/share/custom_msg_interfaces/cmake/custom_msg_interfaces__rosidl_typesupport_cppExport-noconfig.cmake
[0.605s] -- Up-to-date: /home/ubuntu/ros2_ws/install/custom_msg_interfaces/share/custom_msg_interfaces/cmake/export_custom_msg_interfaces__rosidl_generator_pyExport.cmake
[0.605s] -- Up-to-date: /home/ubuntu/ros2_ws/install/custom_msg_interfaces/share/custom_msg_interfaces/cmake/export_custom_msg_interfaces__rosidl_generator_pyExport-noconfig.cmake
[0.605s] -- Up-to-date: /home/ubuntu/ros2_ws/install/custom_msg_interfaces/share/custom_msg_interfaces/cmake/rosidl_cmake-extras.cmake
[0.605s] -- Up-to-date: /home/ubuntu/ros2_ws/install/custom_msg_interfaces/share/custom_msg_interfaces/cmake/ament_cmake_export_dependencies-extras.cmake
[0.605s] -- Up-to-date: /home/ubuntu/ros2_ws/install/custom_msg_interfaces/share/custom_msg_interfaces/cmake/ament_cmake_export_include_directories-extras.cmake
[0.605s] -- Up-to-date: /home/ubuntu/ros2_ws/install/custom_msg_interfaces/share/custom_msg_interfaces/cmake/ament_cmake_export_libraries-extras.cmake
[0.605s] -- Up-to-date: /home/ubuntu/ros2_ws/install/custom_msg_interfaces/share/custom_msg_interfaces/cmake/ament_cmake_export_targets-extras.cmake
[0.605s] -- Up-to-date: /home/ubuntu/ros2_ws/install/custom_msg_interfaces/share/custom_msg_interfaces/cmake/rosidl_cmake_export_typesupport_targets-extras.cmake
[0.606s] -- Up-to-date: /home/ubuntu/ros2_ws/install/custom_msg_interfaces/share/custom_msg_interfaces/cmake/rosidl_cmake_export_typesupport_libraries-extras.cmake
[0.606s] -- Up-to-date: /home/ubuntu/ros2_ws/install/custom_msg_interfaces/share/custom_msg_interfaces/cmake/custom_msg_interfacesConfig.cmake
[0.606s] -- Up-to-date: /home/ubuntu/ros2_ws/install/custom_msg_interfaces/share/custom_msg_interfaces/cmake/custom_msg_interfacesConfig-version.cmake
[0.606s] -- Up-to-date: /home/ubuntu/ros2_ws/install/custom_msg_interfaces/share/custom_msg_interfaces/package.xml
[0.610s] Invoked command in '/home/ubuntu/ros2_ws/build/custom_msg_interfaces' returned '0': CMAKE_PREFIX_PATH=${CMAKE_PREFIX_PATH}:/home/ubuntu/ros2_ws/install/pose_estimator_pkg:/home/ubuntu/ros2_ws/install/planning_pkg:/opt/ros/jazzy /usr/bin/cmake --install /home/ubuntu/ros2_ws/build/custom_msg_interfaces
