[0.070s] DEBUG:colcon:Command line arguments: ['/usr/bin/colcon', 'build']
[0.070s] DEBUG:colcon:Parsed command line arguments: Namespace(log_base=None, log_level=None, verb_name='build', build_base='build', install_base='install', merge_install=False, symlink_install=False, test_result_base=None, continue_on_error=False, executor='parallel', parallel_workers=16, event_handlers=None, ignore_user_meta=False, metas=['./colcon.meta'], base_paths=['.'], packages_ignore=None, packages_ignore_regex=None, paths=None, packages_up_to=None, packages_up_to_regex=None, packages_above=None, packages_above_and_dependencies=None, packages_above_depth=None, packages_select_by_dep=None, packages_skip_by_dep=None, packages_skip_up_to=None, packages_select_build_failed=False, packages_skip_build_finished=False, packages_select_test_failures=False, packages_skip_test_passed=False, packages_select=None, packages_skip=None, packages_select_regex=None, packages_skip_regex=None, packages_start=None, packages_end=None, allow_overriding=[], cmake_args=None, cmake_target=None, cmake_target_skip_unavailable=False, cmake_clean_cache=False, cmake_clean_first=False, cmake_force_configure=False, ament_cmake_args=None, catkin_cmake_args=None, catkin_skip_building_tests=False, verb_parser=<colcon_defaults.argument_parser.defaults.DefaultArgumentsDecorator object at 0x7fb7d96715b0>, verb_extension=<colcon_core.verb.build.BuildVerb object at 0x7fb7d96494f0>, main=<bound method BuildVerb.main of <colcon_core.verb.build.BuildVerb object at 0x7fb7d96494f0>>)
[0.100s] Level 1:colcon.colcon_core.package_discovery:discover_packages(colcon_meta) check parameters
[0.100s] Level 1:colcon.colcon_core.package_discovery:discover_packages(recursive) check parameters
[0.100s] Level 1:colcon.colcon_core.package_discovery:discover_packages(ignore) check parameters
[0.100s] Level 1:colcon.colcon_core.package_discovery:discover_packages(path) check parameters
[0.100s] Level 1:colcon.colcon_core.package_discovery:discover_packages(colcon_meta) discover
[0.100s] Level 1:colcon.colcon_core.package_discovery:discover_packages(recursive) discover
[0.100s] INFO:colcon.colcon_core.package_discovery:Crawling recursively for packages in '/home/ubuntu/ros2_ws/ros2_ws'
[0.101s] Level 1:colcon.colcon_core.package_identification:_identify(.) by extensions ['ignore', 'ignore_ament_install']
[0.101s] Level 1:colcon.colcon_core.package_identification:_identify(.) by extension 'ignore'
[0.101s] Level 1:colcon.colcon_core.package_identification:_identify(.) by extension 'ignore_ament_install'
[0.101s] Level 1:colcon.colcon_core.package_identification:_identify(.) by extensions ['colcon_pkg']
[0.101s] Level 1:colcon.colcon_core.package_identification:_identify(.) by extension 'colcon_pkg'
[0.101s] Level 1:colcon.colcon_core.package_identification:_identify(.) by extensions ['colcon_meta']
[0.101s] Level 1:colcon.colcon_core.package_identification:_identify(.) by extension 'colcon_meta'
[0.101s] Level 1:colcon.colcon_core.package_identification:_identify(.) by extensions ['ros']
[0.101s] Level 1:colcon.colcon_core.package_identification:_identify(.) by extension 'ros'
[0.124s] Level 1:colcon.colcon_core.package_identification:_identify(.) by extensions ['cmake', 'python']
[0.124s] Level 1:colcon.colcon_core.package_identification:_identify(.) by extension 'cmake'
[0.124s] Level 1:colcon.colcon_core.package_identification:_identify(.) by extension 'python'
[0.124s] Level 1:colcon.colcon_core.package_identification:_identify(.) by extensions ['python_setup_py']
[0.124s] Level 1:colcon.colcon_core.package_identification:_identify(.) by extension 'python_setup_py'
[0.124s] Level 1:colcon.colcon_core.package_identification:_identify(build) by extensions ['ignore', 'ignore_ament_install']
[0.124s] Level 1:colcon.colcon_core.package_identification:_identify(build) by extension 'ignore'
[0.124s] Level 1:colcon.colcon_core.package_identification:_identify(build) ignored
[0.124s] Level 1:colcon.colcon_core.package_identification:_identify(docs) by extensions ['ignore', 'ignore_ament_install']
[0.124s] Level 1:colcon.colcon_core.package_identification:_identify(docs) by extension 'ignore'
[0.124s] Level 1:colcon.colcon_core.package_identification:_identify(docs) by extension 'ignore_ament_install'
[0.124s] Level 1:colcon.colcon_core.package_identification:_identify(docs) by extensions ['colcon_pkg']
[0.124s] Level 1:colcon.colcon_core.package_identification:_identify(docs) by extension 'colcon_pkg'
[0.124s] Level 1:colcon.colcon_core.package_identification:_identify(docs) by extensions ['colcon_meta']
[0.124s] Level 1:colcon.colcon_core.package_identification:_identify(docs) by extension 'colcon_meta'
[0.125s] Level 1:colcon.colcon_core.package_identification:_identify(docs) by extensions ['ros']
[0.125s] Level 1:colcon.colcon_core.package_identification:_identify(docs) by extension 'ros'
[0.125s] Level 1:colcon.colcon_core.package_identification:_identify(docs) by extensions ['cmake', 'python']
[0.125s] Level 1:colcon.colcon_core.package_identification:_identify(docs) by extension 'cmake'
[0.125s] Level 1:colcon.colcon_core.package_identification:_identify(docs) by extension 'python'
[0.125s] Level 1:colcon.colcon_core.package_identification:_identify(docs) by extensions ['python_setup_py']
[0.125s] Level 1:colcon.colcon_core.package_identification:_identify(docs) by extension 'python_setup_py'
[0.125s] Level 1:colcon.colcon_core.package_identification:_identify(docs/html) by extensions ['ignore', 'ignore_ament_install']
[0.125s] Level 1:colcon.colcon_core.package_identification:_identify(docs/html) by extension 'ignore'
[0.125s] Level 1:colcon.colcon_core.package_identification:_identify(docs/html) by extension 'ignore_ament_install'
[0.125s] Level 1:colcon.colcon_core.package_identification:_identify(docs/html) by extensions ['colcon_pkg']
[0.125s] Level 1:colcon.colcon_core.package_identification:_identify(docs/html) by extension 'colcon_pkg'
[0.125s] Level 1:colcon.colcon_core.package_identification:_identify(docs/html) by extensions ['colcon_meta']
[0.125s] Level 1:colcon.colcon_core.package_identification:_identify(docs/html) by extension 'colcon_meta'
[0.125s] Level 1:colcon.colcon_core.package_identification:_identify(docs/html) by extensions ['ros']
[0.125s] Level 1:colcon.colcon_core.package_identification:_identify(docs/html) by extension 'ros'
[0.125s] Level 1:colcon.colcon_core.package_identification:_identify(docs/html) by extensions ['cmake', 'python']
[0.125s] Level 1:colcon.colcon_core.package_identification:_identify(docs/html) by extension 'cmake'
[0.125s] Level 1:colcon.colcon_core.package_identification:_identify(docs/html) by extension 'python'
[0.125s] Level 1:colcon.colcon_core.package_identification:_identify(docs/html) by extensions ['python_setup_py']
[0.125s] Level 1:colcon.colcon_core.package_identification:_identify(docs/html) by extension 'python_setup_py'
[0.125s] Level 1:colcon.colcon_core.package_identification:_identify(docs/html/search) by extensions ['ignore', 'ignore_ament_install']
[0.125s] Level 1:colcon.colcon_core.package_identification:_identify(docs/html/search) by extension 'ignore'
[0.126s] Level 1:colcon.colcon_core.package_identification:_identify(docs/html/search) by extension 'ignore_ament_install'
[0.126s] Level 1:colcon.colcon_core.package_identification:_identify(docs/html/search) by extensions ['colcon_pkg']
[0.126s] Level 1:colcon.colcon_core.package_identification:_identify(docs/html/search) by extension 'colcon_pkg'
[0.126s] Level 1:colcon.colcon_core.package_identification:_identify(docs/html/search) by extensions ['colcon_meta']
[0.126s] Level 1:colcon.colcon_core.package_identification:_identify(docs/html/search) by extension 'colcon_meta'
[0.126s] Level 1:colcon.colcon_core.package_identification:_identify(docs/html/search) by extensions ['ros']
[0.126s] Level 1:colcon.colcon_core.package_identification:_identify(docs/html/search) by extension 'ros'
[0.126s] Level 1:colcon.colcon_core.package_identification:_identify(docs/html/search) by extensions ['cmake', 'python']
[0.126s] Level 1:colcon.colcon_core.package_identification:_identify(docs/html/search) by extension 'cmake'
[0.126s] Level 1:colcon.colcon_core.package_identification:_identify(docs/html/search) by extension 'python'
[0.126s] Level 1:colcon.colcon_core.package_identification:_identify(docs/html/search) by extensions ['python_setup_py']
[0.126s] Level 1:colcon.colcon_core.package_identification:_identify(docs/html/search) by extension 'python_setup_py'
[0.126s] Level 1:colcon.colcon_core.package_identification:_identify(install) by extensions ['ignore', 'ignore_ament_install']
[0.126s] Level 1:colcon.colcon_core.package_identification:_identify(install) by extension 'ignore'
[0.126s] Level 1:colcon.colcon_core.package_identification:_identify(install) ignored
[0.126s] Level 1:colcon.colcon_core.package_identification:_identify(log) by extensions ['ignore', 'ignore_ament_install']
[0.126s] Level 1:colcon.colcon_core.package_identification:_identify(log) by extension 'ignore'
[0.126s] Level 1:colcon.colcon_core.package_identification:_identify(log) ignored
[0.126s] Level 1:colcon.colcon_core.package_identification:_identify(ros2_ws) by extensions ['ignore', 'ignore_ament_install']
[0.126s] Level 1:colcon.colcon_core.package_identification:_identify(ros2_ws) by extension 'ignore'
[0.126s] Level 1:colcon.colcon_core.package_identification:_identify(ros2_ws) by extension 'ignore_ament_install'
[0.126s] Level 1:colcon.colcon_core.package_identification:_identify(ros2_ws) by extensions ['colcon_pkg']
[0.126s] Level 1:colcon.colcon_core.package_identification:_identify(ros2_ws) by extension 'colcon_pkg'
[0.126s] Level 1:colcon.colcon_core.package_identification:_identify(ros2_ws) by extensions ['colcon_meta']
[0.126s] Level 1:colcon.colcon_core.package_identification:_identify(ros2_ws) by extension 'colcon_meta'
[0.126s] Level 1:colcon.colcon_core.package_identification:_identify(ros2_ws) by extensions ['ros']
[0.126s] Level 1:colcon.colcon_core.package_identification:_identify(ros2_ws) by extension 'ros'
[0.126s] Level 1:colcon.colcon_core.package_identification:_identify(ros2_ws) by extensions ['cmake', 'python']
[0.126s] Level 1:colcon.colcon_core.package_identification:_identify(ros2_ws) by extension 'cmake'
[0.126s] Level 1:colcon.colcon_core.package_identification:_identify(ros2_ws) by extension 'python'
[0.126s] Level 1:colcon.colcon_core.package_identification:_identify(ros2_ws) by extensions ['python_setup_py']
[0.126s] Level 1:colcon.colcon_core.package_identification:_identify(ros2_ws) by extension 'python_setup_py'
[0.126s] Level 1:colcon.colcon_core.package_identification:_identify(ros2_ws/build) by extensions ['ignore', 'ignore_ament_install']
[0.126s] Level 1:colcon.colcon_core.package_identification:_identify(ros2_ws/build) by extension 'ignore'
[0.126s] Level 1:colcon.colcon_core.package_identification:_identify(ros2_ws/build) ignored
[0.127s] Level 1:colcon.colcon_core.package_identification:_identify(ros2_ws/install) by extensions ['ignore', 'ignore_ament_install']
[0.127s] Level 1:colcon.colcon_core.package_identification:_identify(ros2_ws/install) by extension 'ignore'
[0.127s] Level 1:colcon.colcon_core.package_identification:_identify(ros2_ws/install) ignored
[0.127s] Level 1:colcon.colcon_core.package_identification:_identify(ros2_ws/log) by extensions ['ignore', 'ignore_ament_install']
[0.127s] Level 1:colcon.colcon_core.package_identification:_identify(ros2_ws/log) by extension 'ignore'
[0.127s] Level 1:colcon.colcon_core.package_identification:_identify(ros2_ws/log) ignored
[0.127s] Level 1:colcon.colcon_core.package_identification:_identify(ros2_ws/src) by extensions ['ignore', 'ignore_ament_install']
[0.127s] Level 1:colcon.colcon_core.package_identification:_identify(ros2_ws/src) by extension 'ignore'
[0.127s] Level 1:colcon.colcon_core.package_identification:_identify(ros2_ws/src) by extension 'ignore_ament_install'
[0.127s] Level 1:colcon.colcon_core.package_identification:_identify(ros2_ws/src) by extensions ['colcon_pkg']
[0.127s] Level 1:colcon.colcon_core.package_identification:_identify(ros2_ws/src) by extension 'colcon_pkg'
[0.127s] Level 1:colcon.colcon_core.package_identification:_identify(ros2_ws/src) by extensions ['colcon_meta']
[0.127s] Level 1:colcon.colcon_core.package_identification:_identify(ros2_ws/src) by extension 'colcon_meta'
[0.127s] Level 1:colcon.colcon_core.package_identification:_identify(ros2_ws/src) by extensions ['ros']
[0.127s] Level 1:colcon.colcon_core.package_identification:_identify(ros2_ws/src) by extension 'ros'
[0.127s] Level 1:colcon.colcon_core.package_identification:_identify(ros2_ws/src) by extensions ['cmake', 'python']
[0.127s] Level 1:colcon.colcon_core.package_identification:_identify(ros2_ws/src) by extension 'cmake'
[0.127s] Level 1:colcon.colcon_core.package_identification:_identify(ros2_ws/src) by extension 'python'
[0.127s] Level 1:colcon.colcon_core.package_identification:_identify(ros2_ws/src) by extensions ['python_setup_py']
[0.127s] Level 1:colcon.colcon_core.package_identification:_identify(ros2_ws/src) by extension 'python_setup_py'
[0.127s] Level 1:colcon.colcon_core.package_identification:_identify(ros2_ws/src/arm_bringup) by extensions ['ignore', 'ignore_ament_install']
[0.127s] Level 1:colcon.colcon_core.package_identification:_identify(ros2_ws/src/arm_bringup) by extension 'ignore'
[0.128s] Level 1:colcon.colcon_core.package_identification:_identify(ros2_ws/src/arm_bringup) by extension 'ignore_ament_install'
[0.128s] Level 1:colcon.colcon_core.package_identification:_identify(ros2_ws/src/arm_bringup) by extensions ['colcon_pkg']
[0.128s] Level 1:colcon.colcon_core.package_identification:_identify(ros2_ws/src/arm_bringup) by extension 'colcon_pkg'
[0.128s] Level 1:colcon.colcon_core.package_identification:_identify(ros2_ws/src/arm_bringup) by extensions ['colcon_meta']
[0.128s] Level 1:colcon.colcon_core.package_identification:_identify(ros2_ws/src/arm_bringup) by extension 'colcon_meta'
[0.128s] Level 1:colcon.colcon_core.package_identification:_identify(ros2_ws/src/arm_bringup) by extensions ['ros']
[0.128s] Level 1:colcon.colcon_core.package_identification:_identify(ros2_ws/src/arm_bringup) by extension 'ros'
[0.130s] DEBUG:colcon.colcon_core.package_identification:Package 'ros2_ws/src/arm_bringup' with type 'ros.ament_python' and name 'arm_bringup'
[0.130s] Level 1:colcon.colcon_core.package_identification:_identify(ros2_ws/src/collision_detection_pkg) by extensions ['ignore', 'ignore_ament_install']
[0.130s] Level 1:colcon.colcon_core.package_identification:_identify(ros2_ws/src/collision_detection_pkg) by extension 'ignore'
[0.130s] Level 1:colcon.colcon_core.package_identification:_identify(ros2_ws/src/collision_detection_pkg) by extension 'ignore_ament_install'
[0.131s] Level 1:colcon.colcon_core.package_identification:_identify(ros2_ws/src/collision_detection_pkg) by extensions ['colcon_pkg']
[0.131s] Level 1:colcon.colcon_core.package_identification:_identify(ros2_ws/src/collision_detection_pkg) by extension 'colcon_pkg'
[0.131s] Level 1:colcon.colcon_core.package_identification:_identify(ros2_ws/src/collision_detection_pkg) by extensions ['colcon_meta']
[0.131s] Level 1:colcon.colcon_core.package_identification:_identify(ros2_ws/src/collision_detection_pkg) by extension 'colcon_meta'
[0.131s] Level 1:colcon.colcon_core.package_identification:_identify(ros2_ws/src/collision_detection_pkg) by extensions ['ros']
[0.131s] Level 1:colcon.colcon_core.package_identification:_identify(ros2_ws/src/collision_detection_pkg) by extension 'ros'
[0.131s] DEBUG:colcon.colcon_core.package_identification:Package 'ros2_ws/src/collision_detection_pkg' with type 'ros.ament_cmake' and name 'collision_detection_pkg'
[0.131s] Level 1:colcon.colcon_core.package_identification:_identify(ros2_ws/src/custom_msg_interfaces) by extensions ['ignore', 'ignore_ament_install']
[0.131s] Level 1:colcon.colcon_core.package_identification:_identify(ros2_ws/src/custom_msg_interfaces) by extension 'ignore'
[0.131s] Level 1:colcon.colcon_core.package_identification:_identify(ros2_ws/src/custom_msg_interfaces) by extension 'ignore_ament_install'
[0.131s] Level 1:colcon.colcon_core.package_identification:_identify(ros2_ws/src/custom_msg_interfaces) by extensions ['colcon_pkg']
[0.131s] Level 1:colcon.colcon_core.package_identification:_identify(ros2_ws/src/custom_msg_interfaces) by extension 'colcon_pkg'
[0.131s] Level 1:colcon.colcon_core.package_identification:_identify(ros2_ws/src/custom_msg_interfaces) by extensions ['colcon_meta']
[0.131s] Level 1:colcon.colcon_core.package_identification:_identify(ros2_ws/src/custom_msg_interfaces) by extension 'colcon_meta'
[0.131s] Level 1:colcon.colcon_core.package_identification:_identify(ros2_ws/src/custom_msg_interfaces) by extensions ['ros']
[0.132s] Level 1:colcon.colcon_core.package_identification:_identify(ros2_ws/src/custom_msg_interfaces) by extension 'ros'
[0.132s] DEBUG:colcon.colcon_core.package_identification:Package 'ros2_ws/src/custom_msg_interfaces' with type 'ros.ament_cmake' and name 'custom_msg_interfaces'
[0.132s] Level 1:colcon.colcon_core.package_identification:_identify(ros2_ws/src/motion_pkg) by extensions ['ignore', 'ignore_ament_install']
[0.132s] Level 1:colcon.colcon_core.package_identification:_identify(ros2_ws/src/motion_pkg) by extension 'ignore'
[0.132s] Level 1:colcon.colcon_core.package_identification:_identify(ros2_ws/src/motion_pkg) by extension 'ignore_ament_install'
[0.132s] Level 1:colcon.colcon_core.package_identification:_identify(ros2_ws/src/motion_pkg) by extensions ['colcon_pkg']
[0.132s] Level 1:colcon.colcon_core.package_identification:_identify(ros2_ws/src/motion_pkg) by extension 'colcon_pkg'
[0.132s] Level 1:colcon.colcon_core.package_identification:_identify(ros2_ws/src/motion_pkg) by extensions ['colcon_meta']
[0.132s] Level 1:colcon.colcon_core.package_identification:_identify(ros2_ws/src/motion_pkg) by extension 'colcon_meta'
[0.132s] Level 1:colcon.colcon_core.package_identification:_identify(ros2_ws/src/motion_pkg) by extensions ['ros']
[0.132s] Level 1:colcon.colcon_core.package_identification:_identify(ros2_ws/src/motion_pkg) by extension 'ros'
[0.133s] DEBUG:colcon.colcon_core.package_identification:Package 'ros2_ws/src/motion_pkg' with type 'ros.ament_cmake' and name 'motion_pkg'
[0.133s] Level 1:colcon.colcon_core.package_identification:_identify(ros2_ws/src/planning_pkg) by extensions ['ignore', 'ignore_ament_install']
[0.133s] Level 1:colcon.colcon_core.package_identification:_identify(ros2_ws/src/planning_pkg) by extension 'ignore'
[0.133s] Level 1:colcon.colcon_core.package_identification:_identify(ros2_ws/src/planning_pkg) by extension 'ignore_ament_install'
[0.133s] Level 1:colcon.colcon_core.package_identification:_identify(ros2_ws/src/planning_pkg) by extensions ['colcon_pkg']
[0.133s] Level 1:colcon.colcon_core.package_identification:_identify(ros2_ws/src/planning_pkg) by extension 'colcon_pkg'
[0.133s] Level 1:colcon.colcon_core.package_identification:_identify(ros2_ws/src/planning_pkg) by extensions ['colcon_meta']
[0.133s] Level 1:colcon.colcon_core.package_identification:_identify(ros2_ws/src/planning_pkg) by extension 'colcon_meta'
[0.133s] Level 1:colcon.colcon_core.package_identification:_identify(ros2_ws/src/planning_pkg) by extensions ['ros']
[0.133s] Level 1:colcon.colcon_core.package_identification:_identify(ros2_ws/src/planning_pkg) by extension 'ros'
[0.134s] DEBUG:colcon.colcon_core.package_identification:Package 'ros2_ws/src/planning_pkg' with type 'ros.ament_python' and name 'planning_pkg'
[0.134s] Level 1:colcon.colcon_core.package_identification:_identify(ros2_ws/src/pose_estimator_pkg) by extensions ['ignore', 'ignore_ament_install']
[0.134s] Level 1:colcon.colcon_core.package_identification:_identify(ros2_ws/src/pose_estimator_pkg) by extension 'ignore'
[0.134s] Level 1:colcon.colcon_core.package_identification:_identify(ros2_ws/src/pose_estimator_pkg) by extension 'ignore_ament_install'
[0.134s] Level 1:colcon.colcon_core.package_identification:_identify(ros2_ws/src/pose_estimator_pkg) by extensions ['colcon_pkg']
[0.134s] Level 1:colcon.colcon_core.package_identification:_identify(ros2_ws/src/pose_estimator_pkg) by extension 'colcon_pkg'
[0.134s] Level 1:colcon.colcon_core.package_identification:_identify(ros2_ws/src/pose_estimator_pkg) by extensions ['colcon_meta']
[0.134s] Level 1:colcon.colcon_core.package_identification:_identify(ros2_ws/src/pose_estimator_pkg) by extension 'colcon_meta'
[0.134s] Level 1:colcon.colcon_core.package_identification:_identify(ros2_ws/src/pose_estimator_pkg) by extensions ['ros']
[0.134s] Level 1:colcon.colcon_core.package_identification:_identify(ros2_ws/src/pose_estimator_pkg) by extension 'ros'
[0.134s] DEBUG:colcon.colcon_core.package_identification:Package 'ros2_ws/src/pose_estimator_pkg' with type 'ros.ament_python' and name 'pose_estimator_pkg'
[0.134s] Level 1:colcon.colcon_core.package_identification:_identify(ros2_ws/src/ros2_ur5_interface) by extensions ['ignore', 'ignore_ament_install']
[0.135s] Level 1:colcon.colcon_core.package_identification:_identify(ros2_ws/src/ros2_ur5_interface) by extension 'ignore'
[0.135s] Level 1:colcon.colcon_core.package_identification:_identify(ros2_ws/src/ros2_ur5_interface) by extension 'ignore_ament_install'
[0.135s] Level 1:colcon.colcon_core.package_identification:_identify(ros2_ws/src/ros2_ur5_interface) by extensions ['colcon_pkg']
[0.135s] Level 1:colcon.colcon_core.package_identification:_identify(ros2_ws/src/ros2_ur5_interface) by extension 'colcon_pkg'
[0.135s] Level 1:colcon.colcon_core.package_identification:_identify(ros2_ws/src/ros2_ur5_interface) by extensions ['colcon_meta']
[0.135s] Level 1:colcon.colcon_core.package_identification:_identify(ros2_ws/src/ros2_ur5_interface) by extension 'colcon_meta'
[0.135s] Level 1:colcon.colcon_core.package_identification:_identify(ros2_ws/src/ros2_ur5_interface) by extensions ['ros']
[0.135s] Level 1:colcon.colcon_core.package_identification:_identify(ros2_ws/src/ros2_ur5_interface) by extension 'ros'
[0.135s] DEBUG:colcon.colcon_core.package_identification:Package 'ros2_ws/src/ros2_ur5_interface' with type 'ros.ament_cmake' and name 'ros2_ur5_interface'
[0.135s] Level 1:colcon.colcon_core.package_discovery:discover_packages(recursive) using defaults
[0.135s] Level 1:colcon.colcon_core.package_discovery:discover_packages(ignore) discover
[0.135s] Level 1:colcon.colcon_core.package_discovery:discover_packages(ignore) using defaults
[0.135s] Level 1:colcon.colcon_core.package_discovery:discover_packages(path) discover
[0.135s] Level 1:colcon.colcon_core.package_discovery:discover_packages(path) using defaults
[0.149s] Level 1:colcon.colcon_core.package_discovery:discover_packages(prefix_path) check parameters
[0.150s] Level 1:colcon.colcon_core.package_discovery:discover_packages(prefix_path) discover
[0.151s] DEBUG:colcon.colcon_installed_package_information.package_discovery:Found 1 installed packages in /home/ubuntu/ros2_ws/install
[0.152s] DEBUG:colcon.colcon_installed_package_information.package_discovery:Found 364 installed packages in /opt/ros/jazzy
[0.153s] Level 1:colcon.colcon_core.package_discovery:discover_packages(prefix_path) using defaults
[0.188s] Level 5:colcon.colcon_core.verb:set package 'collision_detection_pkg' build argument 'cmake_args' from command line to 'None'
[0.188s] Level 5:colcon.colcon_core.verb:set package 'collision_detection_pkg' build argument 'cmake_target' from command line to 'None'
[0.188s] Level 5:colcon.colcon_core.verb:set package 'collision_detection_pkg' build argument 'cmake_target_skip_unavailable' from command line to 'False'
[0.188s] Level 5:colcon.colcon_core.verb:set package 'collision_detection_pkg' build argument 'cmake_clean_cache' from command line to 'False'
[0.188s] Level 5:colcon.colcon_core.verb:set package 'collision_detection_pkg' build argument 'cmake_clean_first' from command line to 'False'
[0.188s] Level 5:colcon.colcon_core.verb:set package 'collision_detection_pkg' build argument 'cmake_force_configure' from command line to 'False'
[0.188s] Level 5:colcon.colcon_core.verb:set package 'collision_detection_pkg' build argument 'ament_cmake_args' from command line to 'None'
[0.188s] Level 5:colcon.colcon_core.verb:set package 'collision_detection_pkg' build argument 'catkin_cmake_args' from command line to 'None'
[0.188s] Level 5:colcon.colcon_core.verb:set package 'collision_detection_pkg' build argument 'catkin_skip_building_tests' from command line to 'False'
[0.188s] DEBUG:colcon.colcon_core.verb:Building package 'collision_detection_pkg' with the following arguments: {'ament_cmake_args': None, 'build_base': '/home/ubuntu/ros2_ws/ros2_ws/build/collision_detection_pkg', 'catkin_cmake_args': None, 'catkin_skip_building_tests': False, 'cmake_args': None, 'cmake_clean_cache': False, 'cmake_clean_first': False, 'cmake_force_configure': False, 'cmake_target': None, 'cmake_target_skip_unavailable': False, 'install_base': '/home/ubuntu/ros2_ws/ros2_ws/install/collision_detection_pkg', 'merge_install': False, 'path': '/home/ubuntu/ros2_ws/ros2_ws/ros2_ws/src/collision_detection_pkg', 'symlink_install': False, 'test_result_base': None}
[0.189s] Level 5:colcon.colcon_core.verb:set package 'custom_msg_interfaces' build argument 'cmake_args' from command line to 'None'
[0.189s] Level 5:colcon.colcon_core.verb:set package 'custom_msg_interfaces' build argument 'cmake_target' from command line to 'None'
[0.189s] Level 5:colcon.colcon_core.verb:set package 'custom_msg_interfaces' build argument 'cmake_target_skip_unavailable' from command line to 'False'
[0.189s] Level 5:colcon.colcon_core.verb:set package 'custom_msg_interfaces' build argument 'cmake_clean_cache' from command line to 'False'
[0.189s] Level 5:colcon.colcon_core.verb:set package 'custom_msg_interfaces' build argument 'cmake_clean_first' from command line to 'False'
[0.189s] Level 5:colcon.colcon_core.verb:set package 'custom_msg_interfaces' build argument 'cmake_force_configure' from command line to 'False'
[0.189s] Level 5:colcon.colcon_core.verb:set package 'custom_msg_interfaces' build argument 'ament_cmake_args' from command line to 'None'
[0.189s] Level 5:colcon.colcon_core.verb:set package 'custom_msg_interfaces' build argument 'catkin_cmake_args' from command line to 'None'
[0.189s] Level 5:colcon.colcon_core.verb:set package 'custom_msg_interfaces' build argument 'catkin_skip_building_tests' from command line to 'False'
[0.189s] DEBUG:colcon.colcon_core.verb:Building package 'custom_msg_interfaces' with the following arguments: {'ament_cmake_args': None, 'build_base': '/home/ubuntu/ros2_ws/ros2_ws/build/custom_msg_interfaces', 'catkin_cmake_args': None, 'catkin_skip_building_tests': False, 'cmake_args': None, 'cmake_clean_cache': False, 'cmake_clean_first': False, 'cmake_force_configure': False, 'cmake_target': None, 'cmake_target_skip_unavailable': False, 'install_base': '/home/ubuntu/ros2_ws/ros2_ws/install/custom_msg_interfaces', 'merge_install': False, 'path': '/home/ubuntu/ros2_ws/ros2_ws/ros2_ws/src/custom_msg_interfaces', 'symlink_install': False, 'test_result_base': None}
[0.189s] Level 5:colcon.colcon_core.verb:set package 'ros2_ur5_interface' build argument 'cmake_args' from command line to 'None'
[0.189s] Level 5:colcon.colcon_core.verb:set package 'ros2_ur5_interface' build argument 'cmake_target' from command line to 'None'
[0.189s] Level 5:colcon.colcon_core.verb:set package 'ros2_ur5_interface' build argument 'cmake_target_skip_unavailable' from command line to 'False'
[0.189s] Level 5:colcon.colcon_core.verb:set package 'ros2_ur5_interface' build argument 'cmake_clean_cache' from command line to 'False'
[0.189s] Level 5:colcon.colcon_core.verb:set package 'ros2_ur5_interface' build argument 'cmake_clean_first' from command line to 'False'
[0.189s] Level 5:colcon.colcon_core.verb:set package 'ros2_ur5_interface' build argument 'cmake_force_configure' from command line to 'False'
[0.189s] Level 5:colcon.colcon_core.verb:set package 'ros2_ur5_interface' build argument 'ament_cmake_args' from command line to 'None'
[0.189s] Level 5:colcon.colcon_core.verb:set package 'ros2_ur5_interface' build argument 'catkin_cmake_args' from command line to 'None'
[0.189s] Level 5:colcon.colcon_core.verb:set package 'ros2_ur5_interface' build argument 'catkin_skip_building_tests' from command line to 'False'
[0.189s] DEBUG:colcon.colcon_core.verb:Building package 'ros2_ur5_interface' with the following arguments: {'ament_cmake_args': None, 'build_base': '/home/ubuntu/ros2_ws/ros2_ws/build/ros2_ur5_interface', 'catkin_cmake_args': None, 'catkin_skip_building_tests': False, 'cmake_args': None, 'cmake_clean_cache': False, 'cmake_clean_first': False, 'cmake_force_configure': False, 'cmake_target': None, 'cmake_target_skip_unavailable': False, 'install_base': '/home/ubuntu/ros2_ws/ros2_ws/install/ros2_ur5_interface', 'merge_install': False, 'path': '/home/ubuntu/ros2_ws/ros2_ws/ros2_ws/src/ros2_ur5_interface', 'symlink_install': False, 'test_result_base': None}
[0.189s] Level 5:colcon.colcon_core.verb:set package 'motion_pkg' build argument 'cmake_args' from command line to 'None'
[0.189s] Level 5:colcon.colcon_core.verb:set package 'motion_pkg' build argument 'cmake_target' from command line to 'None'
[0.189s] Level 5:colcon.colcon_core.verb:set package 'motion_pkg' build argument 'cmake_target_skip_unavailable' from command line to 'False'
[0.189s] Level 5:colcon.colcon_core.verb:set package 'motion_pkg' build argument 'cmake_clean_cache' from command line to 'False'
[0.189s] Level 5:colcon.colcon_core.verb:set package 'motion_pkg' build argument 'cmake_clean_first' from command line to 'False'
[0.189s] Level 5:colcon.colcon_core.verb:set package 'motion_pkg' build argument 'cmake_force_configure' from command line to 'False'
[0.189s] Level 5:colcon.colcon_core.verb:set package 'motion_pkg' build argument 'ament_cmake_args' from command line to 'None'
[0.189s] Level 5:colcon.colcon_core.verb:set package 'motion_pkg' build argument 'catkin_cmake_args' from command line to 'None'
[0.189s] Level 5:colcon.colcon_core.verb:set package 'motion_pkg' build argument 'catkin_skip_building_tests' from command line to 'False'
[0.189s] DEBUG:colcon.colcon_core.verb:Building package 'motion_pkg' with the following arguments: {'ament_cmake_args': None, 'build_base': '/home/ubuntu/ros2_ws/ros2_ws/build/motion_pkg', 'catkin_cmake_args': None, 'catkin_skip_building_tests': False, 'cmake_args': None, 'cmake_clean_cache': False, 'cmake_clean_first': False, 'cmake_force_configure': False, 'cmake_target': None, 'cmake_target_skip_unavailable': False, 'install_base': '/home/ubuntu/ros2_ws/ros2_ws/install/motion_pkg', 'merge_install': False, 'path': '/home/ubuntu/ros2_ws/ros2_ws/ros2_ws/src/motion_pkg', 'symlink_install': False, 'test_result_base': None}
[0.190s] Level 5:colcon.colcon_core.verb:set package 'planning_pkg' build argument 'cmake_args' from command line to 'None'
[0.190s] Level 5:colcon.colcon_core.verb:set package 'planning_pkg' build argument 'cmake_target' from command line to 'None'
[0.190s] Level 5:colcon.colcon_core.verb:set package 'planning_pkg' build argument 'cmake_target_skip_unavailable' from command line to 'False'
[0.190s] Level 5:colcon.colcon_core.verb:set package 'planning_pkg' build argument 'cmake_clean_cache' from command line to 'False'
[0.190s] Level 5:colcon.colcon_core.verb:set package 'planning_pkg' build argument 'cmake_clean_first' from command line to 'False'
[0.190s] Level 5:colcon.colcon_core.verb:set package 'planning_pkg' build argument 'cmake_force_configure' from command line to 'False'
[0.190s] Level 5:colcon.colcon_core.verb:set package 'planning_pkg' build argument 'ament_cmake_args' from command line to 'None'
[0.190s] Level 5:colcon.colcon_core.verb:set package 'planning_pkg' build argument 'catkin_cmake_args' from command line to 'None'
[0.190s] Level 5:colcon.colcon_core.verb:set package 'planning_pkg' build argument 'catkin_skip_building_tests' from command line to 'False'
[0.190s] DEBUG:colcon.colcon_core.verb:Building package 'planning_pkg' with the following arguments: {'ament_cmake_args': None, 'build_base': '/home/ubuntu/ros2_ws/ros2_ws/build/planning_pkg', 'catkin_cmake_args': None, 'catkin_skip_building_tests': False, 'cmake_args': None, 'cmake_clean_cache': False, 'cmake_clean_first': False, 'cmake_force_configure': False, 'cmake_target': None, 'cmake_target_skip_unavailable': False, 'install_base': '/home/ubuntu/ros2_ws/ros2_ws/install/planning_pkg', 'merge_install': False, 'path': '/home/ubuntu/ros2_ws/ros2_ws/ros2_ws/src/planning_pkg', 'symlink_install': False, 'test_result_base': None}
[0.190s] Level 5:colcon.colcon_core.verb:set package 'pose_estimator_pkg' build argument 'cmake_args' from command line to 'None'
[0.190s] Level 5:colcon.colcon_core.verb:set package 'pose_estimator_pkg' build argument 'cmake_target' from command line to 'None'
[0.190s] Level 5:colcon.colcon_core.verb:set package 'pose_estimator_pkg' build argument 'cmake_target_skip_unavailable' from command line to 'False'
[0.190s] Level 5:colcon.colcon_core.verb:set package 'pose_estimator_pkg' build argument 'cmake_clean_cache' from command line to 'False'
[0.190s] Level 5:colcon.colcon_core.verb:set package 'pose_estimator_pkg' build argument 'cmake_clean_first' from command line to 'False'
[0.190s] Level 5:colcon.colcon_core.verb:set package 'pose_estimator_pkg' build argument 'cmake_force_configure' from command line to 'False'
[0.190s] Level 5:colcon.colcon_core.verb:set package 'pose_estimator_pkg' build argument 'ament_cmake_args' from command line to 'None'
[0.190s] Level 5:colcon.colcon_core.verb:set package 'pose_estimator_pkg' build argument 'catkin_cmake_args' from command line to 'None'
[0.190s] Level 5:colcon.colcon_core.verb:set package 'pose_estimator_pkg' build argument 'catkin_skip_building_tests' from command line to 'False'
[0.190s] DEBUG:colcon.colcon_core.verb:Building package 'pose_estimator_pkg' with the following arguments: {'ament_cmake_args': None, 'build_base': '/home/ubuntu/ros2_ws/ros2_ws/build/pose_estimator_pkg', 'catkin_cmake_args': None, 'catkin_skip_building_tests': False, 'cmake_args': None, 'cmake_clean_cache': False, 'cmake_clean_first': False, 'cmake_force_configure': False, 'cmake_target': None, 'cmake_target_skip_unavailable': False, 'install_base': '/home/ubuntu/ros2_ws/ros2_ws/install/pose_estimator_pkg', 'merge_install': False, 'path': '/home/ubuntu/ros2_ws/ros2_ws/ros2_ws/src/pose_estimator_pkg', 'symlink_install': False, 'test_result_base': None}
[0.190s] Level 5:colcon.colcon_core.verb:set package 'arm_bringup' build argument 'cmake_args' from command line to 'None'
[0.190s] Level 5:colcon.colcon_core.verb:set package 'arm_bringup' build argument 'cmake_target' from command line to 'None'
[0.190s] Level 5:colcon.colcon_core.verb:set package 'arm_bringup' build argument 'cmake_target_skip_unavailable' from command line to 'False'
[0.190s] Level 5:colcon.colcon_core.verb:set package 'arm_bringup' build argument 'cmake_clean_cache' from command line to 'False'
[0.190s] Level 5:colcon.colcon_core.verb:set package 'arm_bringup' build argument 'cmake_clean_first' from command line to 'False'
[0.190s] Level 5:colcon.colcon_core.verb:set package 'arm_bringup' build argument 'cmake_force_configure' from command line to 'False'
[0.190s] Level 5:colcon.colcon_core.verb:set package 'arm_bringup' build argument 'ament_cmake_args' from command line to 'None'
[0.190s] Level 5:colcon.colcon_core.verb:set package 'arm_bringup' build argument 'catkin_cmake_args' from command line to 'None'
[0.190s] Level 5:colcon.colcon_core.verb:set package 'arm_bringup' build argument 'catkin_skip_building_tests' from command line to 'False'
[0.190s] DEBUG:colcon.colcon_core.verb:Building package 'arm_bringup' with the following arguments: {'ament_cmake_args': None, 'build_base': '/home/ubuntu/ros2_ws/ros2_ws/build/arm_bringup', 'catkin_cmake_args': None, 'catkin_skip_building_tests': False, 'cmake_args': None, 'cmake_clean_cache': False, 'cmake_clean_first': False, 'cmake_force_configure': False, 'cmake_target': None, 'cmake_target_skip_unavailable': False, 'install_base': '/home/ubuntu/ros2_ws/ros2_ws/install/arm_bringup', 'merge_install': False, 'path': '/home/ubuntu/ros2_ws/ros2_ws/ros2_ws/src/arm_bringup', 'symlink_install': False, 'test_result_base': None}
[0.190s] INFO:colcon.colcon_core.executor:Executing jobs using 'parallel' executor
[0.191s] DEBUG:colcon.colcon_parallel_executor.executor.parallel:run_until_complete
[0.191s] INFO:colcon.colcon_ros.task.ament_cmake.build:Building ROS package in '/home/ubuntu/ros2_ws/ros2_ws/ros2_ws/src/custom_msg_interfaces' with build type 'ament_cmake'
[0.191s] INFO:colcon.colcon_cmake.task.cmake.build:Building CMake package in '/home/ubuntu/ros2_ws/ros2_ws/ros2_ws/src/custom_msg_interfaces'
[0.193s] INFO:colcon.colcon_core.plugin_system:Skipping extension 'colcon_core.shell.bat': Not used on non-Windows systems
[0.193s] INFO:colcon.colcon_core.shell:Skip shell extension 'powershell' for command environment: Not usable outside of PowerShell
[0.193s] DEBUG:colcon.colcon_core.shell:Skip shell extension 'dsv' for command environment
[0.196s] INFO:colcon.colcon_ros.task.ament_cmake.build:Building ROS package in '/home/ubuntu/ros2_ws/ros2_ws/ros2_ws/src/collision_detection_pkg' with build type 'ament_cmake'
[0.196s] INFO:colcon.colcon_cmake.task.cmake.build:Building CMake package in '/home/ubuntu/ros2_ws/ros2_ws/ros2_ws/src/collision_detection_pkg'
[0.196s] INFO:colcon.colcon_core.shell:Skip shell extension 'powershell' for command environment: Not usable outside of PowerShell
[0.196s] DEBUG:colcon.colcon_core.shell:Skip shell extension 'dsv' for command environment
[0.199s] INFO:colcon.colcon_ros.task.ament_cmake.build:Building ROS package in '/home/ubuntu/ros2_ws/ros2_ws/ros2_ws/src/ros2_ur5_interface' with build type 'ament_cmake'
[0.199s] INFO:colcon.colcon_cmake.task.cmake.build:Building CMake package in '/home/ubuntu/ros2_ws/ros2_ws/ros2_ws/src/ros2_ur5_interface'
[0.199s] INFO:colcon.colcon_core.shell:Skip shell extension 'powershell' for command environment: Not usable outside of PowerShell
[0.199s] DEBUG:colcon.colcon_core.shell:Skip shell extension 'dsv' for command environment
[0.204s] DEBUG:colcon.colcon_core.event_handler.log_command:Invoking command in '/home/ubuntu/ros2_ws/ros2_ws/build/custom_msg_interfaces': CMAKE_PREFIX_PATH=${CMAKE_PREFIX_PATH}:/opt/ros/jazzy /usr/bin/cmake /home/ubuntu/ros2_ws/ros2_ws/ros2_ws/src/custom_msg_interfaces -DCMAKE_INSTALL_PREFIX=/home/ubuntu/ros2_ws/ros2_ws/install/custom_msg_interfaces
[0.207s] DEBUG:colcon.colcon_core.event_handler.log_command:Invoking command in '/home/ubuntu/ros2_ws/ros2_ws/build/collision_detection_pkg': CMAKE_PREFIX_PATH=${CMAKE_PREFIX_PATH}:/opt/ros/jazzy /usr/bin/cmake /home/ubuntu/ros2_ws/ros2_ws/ros2_ws/src/collision_detection_pkg -DCMAKE_INSTALL_PREFIX=/home/ubuntu/ros2_ws/ros2_ws/install/collision_detection_pkg
[0.216s] DEBUG:colcon.colcon_core.event_handler.log_command:Invoking command in '/home/ubuntu/ros2_ws/ros2_ws/build/ros2_ur5_interface': CMAKE_PREFIX_PATH=${CMAKE_PREFIX_PATH}:/opt/ros/jazzy /usr/bin/cmake /home/ubuntu/ros2_ws/ros2_ws/ros2_ws/src/ros2_ur5_interface -DCMAKE_INSTALL_PREFIX=/home/ubuntu/ros2_ws/ros2_ws/install/ros2_ur5_interface
[1.260s] DEBUG:colcon.colcon_core.event_handler.log_command:Invoked command in '/home/ubuntu/ros2_ws/ros2_ws/build/collision_detection_pkg' returned '0': CMAKE_PREFIX_PATH=${CMAKE_PREFIX_PATH}:/opt/ros/jazzy /usr/bin/cmake /home/ubuntu/ros2_ws/ros2_ws/ros2_ws/src/collision_detection_pkg -DCMAKE_INSTALL_PREFIX=/home/ubuntu/ros2_ws/ros2_ws/install/collision_detection_pkg
[1.261s] DEBUG:colcon.colcon_core.event_handler.log_command:Invoking command in '/home/ubuntu/ros2_ws/ros2_ws/build/collision_detection_pkg': CMAKE_PREFIX_PATH=${CMAKE_PREFIX_PATH}:/opt/ros/jazzy /usr/bin/cmake --build /home/ubuntu/ros2_ws/ros2_ws/build/collision_detection_pkg -- -j16 -l16
[1.271s] DEBUG:colcon.colcon_core.event_handler.log_command:Invoked command in '/home/ubuntu/ros2_ws/ros2_ws/build/ros2_ur5_interface' returned '0': CMAKE_PREFIX_PATH=${CMAKE_PREFIX_PATH}:/opt/ros/jazzy /usr/bin/cmake /home/ubuntu/ros2_ws/ros2_ws/ros2_ws/src/ros2_ur5_interface -DCMAKE_INSTALL_PREFIX=/home/ubuntu/ros2_ws/ros2_ws/install/ros2_ur5_interface
[1.272s] DEBUG:colcon.colcon_core.event_handler.log_command:Invoking command in '/home/ubuntu/ros2_ws/ros2_ws/build/ros2_ur5_interface': CMAKE_PREFIX_PATH=${CMAKE_PREFIX_PATH}:/opt/ros/jazzy /usr/bin/cmake --build /home/ubuntu/ros2_ws/ros2_ws/build/ros2_ur5_interface -- -j16 -l16
[3.196s] DEBUG:colcon.colcon_core.event_handler.log_command:Invoked command in '/home/ubuntu/ros2_ws/ros2_ws/build/custom_msg_interfaces' returned '0': CMAKE_PREFIX_PATH=${CMAKE_PREFIX_PATH}:/opt/ros/jazzy /usr/bin/cmake /home/ubuntu/ros2_ws/ros2_ws/ros2_ws/src/custom_msg_interfaces -DCMAKE_INSTALL_PREFIX=/home/ubuntu/ros2_ws/ros2_ws/install/custom_msg_interfaces
[3.197s] DEBUG:colcon.colcon_core.event_handler.log_command:Invoking command in '/home/ubuntu/ros2_ws/ros2_ws/build/custom_msg_interfaces': CMAKE_PREFIX_PATH=${CMAKE_PREFIX_PATH}:/opt/ros/jazzy /usr/bin/cmake --build /home/ubuntu/ros2_ws/ros2_ws/build/custom_msg_interfaces -- -j16 -l16
[8.227s] DEBUG:colcon.colcon_core.event_handler.log_command:Invoked command in '/home/ubuntu/ros2_ws/ros2_ws/build/collision_detection_pkg' returned '0': CMAKE_PREFIX_PATH=${CMAKE_PREFIX_PATH}:/opt/ros/jazzy /usr/bin/cmake --build /home/ubuntu/ros2_ws/ros2_ws/build/collision_detection_pkg -- -j16 -l16
[8.235s] DEBUG:colcon.colcon_core.event_handler.log_command:Invoking command in '/home/ubuntu/ros2_ws/ros2_ws/build/collision_detection_pkg': CMAKE_PREFIX_PATH=${CMAKE_PREFIX_PATH}:/opt/ros/jazzy /usr/bin/cmake --install /home/ubuntu/ros2_ws/ros2_ws/build/collision_detection_pkg
[8.247s] Level 1:colcon.colcon_core.environment:create_environment_scripts_only(collision_detection_pkg)
[8.247s] DEBUG:colcon.colcon_core.event_handler.log_command:Invoked command in '/home/ubuntu/ros2_ws/ros2_ws/build/collision_detection_pkg' returned '0': CMAKE_PREFIX_PATH=${CMAKE_PREFIX_PATH}:/opt/ros/jazzy /usr/bin/cmake --install /home/ubuntu/ros2_ws/ros2_ws/build/collision_detection_pkg
[8.249s] Level 1:colcon.colcon_core.environment:checking '/home/ubuntu/ros2_ws/ros2_ws/install/collision_detection_pkg' for CMake module files
[8.250s] Level 1:colcon.colcon_core.environment:checking '/home/ubuntu/ros2_ws/ros2_ws/install/collision_detection_pkg' for CMake config files
[8.250s] Level 1:colcon.colcon_core.shell:create_environment_hook('collision_detection_pkg', 'cmake_prefix_path')
[8.250s] INFO:colcon.colcon_core.shell:Creating environment hook '/home/ubuntu/ros2_ws/ros2_ws/install/collision_detection_pkg/share/collision_detection_pkg/hook/cmake_prefix_path.ps1'
[8.250s] INFO:colcon.colcon_core.shell:Creating environment descriptor '/home/ubuntu/ros2_ws/ros2_ws/install/collision_detection_pkg/share/collision_detection_pkg/hook/cmake_prefix_path.dsv'
[8.251s] INFO:colcon.colcon_core.shell:Creating environment hook '/home/ubuntu/ros2_ws/ros2_ws/install/collision_detection_pkg/share/collision_detection_pkg/hook/cmake_prefix_path.sh'
[8.251s] Level 1:colcon.colcon_core.environment:checking '/home/ubuntu/ros2_ws/ros2_ws/install/collision_detection_pkg/lib'
[8.251s] Level 1:colcon.colcon_core.environment:checking '/home/ubuntu/ros2_ws/ros2_ws/install/collision_detection_pkg/bin'
[8.252s] Level 1:colcon.colcon_core.environment:checking '/home/ubuntu/ros2_ws/ros2_ws/install/collision_detection_pkg/lib/pkgconfig/collision_detection_pkg.pc'
[8.252s] Level 1:colcon.colcon_core.environment:checking '/home/ubuntu/ros2_ws/ros2_ws/install/collision_detection_pkg/lib/python3.12/site-packages'
[8.252s] Level 1:colcon.colcon_core.environment:checking '/home/ubuntu/ros2_ws/ros2_ws/install/collision_detection_pkg/bin'
[8.252s] INFO:colcon.colcon_core.shell:Creating package script '/home/ubuntu/ros2_ws/ros2_ws/install/collision_detection_pkg/share/collision_detection_pkg/package.ps1'
[8.253s] INFO:colcon.colcon_core.shell:Creating package descriptor '/home/ubuntu/ros2_ws/ros2_ws/install/collision_detection_pkg/share/collision_detection_pkg/package.dsv'
[8.253s] INFO:colcon.colcon_core.shell:Creating package script '/home/ubuntu/ros2_ws/ros2_ws/install/collision_detection_pkg/share/collision_detection_pkg/package.sh'
[8.253s] INFO:colcon.colcon_core.shell:Creating package script '/home/ubuntu/ros2_ws/ros2_ws/install/collision_detection_pkg/share/collision_detection_pkg/package.bash'
[8.254s] INFO:colcon.colcon_core.shell:Creating package script '/home/ubuntu/ros2_ws/ros2_ws/install/collision_detection_pkg/share/collision_detection_pkg/package.zsh'
[8.254s] Level 1:colcon.colcon_core.environment:create_file_with_runtime_dependencies(/home/ubuntu/ros2_ws/ros2_ws/install/collision_detection_pkg/share/colcon-core/packages/collision_detection_pkg)
[8.255s] Level 1:colcon.colcon_core.environment:create_environment_scripts_only(collision_detection_pkg)
[8.255s] Level 1:colcon.colcon_core.environment:checking '/home/ubuntu/ros2_ws/ros2_ws/install/collision_detection_pkg' for CMake module files
[8.255s] Level 1:colcon.colcon_core.environment:checking '/home/ubuntu/ros2_ws/ros2_ws/install/collision_detection_pkg' for CMake config files
[8.256s] Level 1:colcon.colcon_core.shell:create_environment_hook('collision_detection_pkg', 'cmake_prefix_path')
[8.256s] INFO:colcon.colcon_core.shell:Creating environment hook '/home/ubuntu/ros2_ws/ros2_ws/install/collision_detection_pkg/share/collision_detection_pkg/hook/cmake_prefix_path.ps1'
[8.256s] INFO:colcon.colcon_core.shell:Creating environment descriptor '/home/ubuntu/ros2_ws/ros2_ws/install/collision_detection_pkg/share/collision_detection_pkg/hook/cmake_prefix_path.dsv'
[8.256s] INFO:colcon.colcon_core.shell:Creating environment hook '/home/ubuntu/ros2_ws/ros2_ws/install/collision_detection_pkg/share/collision_detection_pkg/hook/cmake_prefix_path.sh'
[8.257s] Level 1:colcon.colcon_core.environment:checking '/home/ubuntu/ros2_ws/ros2_ws/install/collision_detection_pkg/lib'
[8.257s] Level 1:colcon.colcon_core.environment:checking '/home/ubuntu/ros2_ws/ros2_ws/install/collision_detection_pkg/bin'
[8.257s] Level 1:colcon.colcon_core.environment:checking '/home/ubuntu/ros2_ws/ros2_ws/install/collision_detection_pkg/lib/pkgconfig/collision_detection_pkg.pc'
[8.257s] Level 1:colcon.colcon_core.environment:checking '/home/ubuntu/ros2_ws/ros2_ws/install/collision_detection_pkg/lib/python3.12/site-packages'
[8.257s] Level 1:colcon.colcon_core.environment:checking '/home/ubuntu/ros2_ws/ros2_ws/install/collision_detection_pkg/bin'
[8.257s] INFO:colcon.colcon_core.shell:Creating package script '/home/ubuntu/ros2_ws/ros2_ws/install/collision_detection_pkg/share/collision_detection_pkg/package.ps1'
[8.258s] INFO:colcon.colcon_core.shell:Creating package descriptor '/home/ubuntu/ros2_ws/ros2_ws/install/collision_detection_pkg/share/collision_detection_pkg/package.dsv'
[8.258s] INFO:colcon.colcon_core.shell:Creating package script '/home/ubuntu/ros2_ws/ros2_ws/install/collision_detection_pkg/share/collision_detection_pkg/package.sh'
[8.258s] INFO:colcon.colcon_core.shell:Creating package script '/home/ubuntu/ros2_ws/ros2_ws/install/collision_detection_pkg/share/collision_detection_pkg/package.bash'
[8.259s] INFO:colcon.colcon_core.shell:Creating package script '/home/ubuntu/ros2_ws/ros2_ws/install/collision_detection_pkg/share/collision_detection_pkg/package.zsh'
[8.259s] Level 1:colcon.colcon_core.environment:create_file_with_runtime_dependencies(/home/ubuntu/ros2_ws/ros2_ws/install/collision_detection_pkg/share/colcon-core/packages/collision_detection_pkg)
[9.195s] DEBUG:colcon.colcon_core.event_handler.log_command:Invoked command in '/home/ubuntu/ros2_ws/ros2_ws/build/custom_msg_interfaces' returned '0': CMAKE_PREFIX_PATH=${CMAKE_PREFIX_PATH}:/opt/ros/jazzy /usr/bin/cmake --build /home/ubuntu/ros2_ws/ros2_ws/build/custom_msg_interfaces -- -j16 -l16
[9.196s] DEBUG:colcon.colcon_core.event_handler.log_command:Invoking command in '/home/ubuntu/ros2_ws/ros2_ws/build/custom_msg_interfaces': CMAKE_PREFIX_PATH=${CMAKE_PREFIX_PATH}:/opt/ros/jazzy /usr/bin/cmake --install /home/ubuntu/ros2_ws/ros2_ws/build/custom_msg_interfaces
[9.300s] Level 1:colcon.colcon_core.environment:create_environment_scripts_only(custom_msg_interfaces)
[9.301s] DEBUG:colcon.colcon_core.event_handler.log_command:Invoked command in '/home/ubuntu/ros2_ws/ros2_ws/build/custom_msg_interfaces' returned '0': CMAKE_PREFIX_PATH=${CMAKE_PREFIX_PATH}:/opt/ros/jazzy /usr/bin/cmake --install /home/ubuntu/ros2_ws/ros2_ws/build/custom_msg_interfaces
[9.301s] Level 1:colcon.colcon_core.environment:checking '/home/ubuntu/ros2_ws/ros2_ws/install/custom_msg_interfaces' for CMake module files
[9.301s] Level 1:colcon.colcon_core.environment:checking '/home/ubuntu/ros2_ws/ros2_ws/install/custom_msg_interfaces' for CMake config files
[9.302s] Level 1:colcon.colcon_core.shell:create_environment_hook('custom_msg_interfaces', 'cmake_prefix_path')
[9.302s] INFO:colcon.colcon_core.shell:Creating environment hook '/home/ubuntu/ros2_ws/ros2_ws/install/custom_msg_interfaces/share/custom_msg_interfaces/hook/cmake_prefix_path.ps1'
[9.303s] INFO:colcon.colcon_core.shell:Creating environment descriptor '/home/ubuntu/ros2_ws/ros2_ws/install/custom_msg_interfaces/share/custom_msg_interfaces/hook/cmake_prefix_path.dsv'
[9.303s] INFO:colcon.colcon_core.shell:Creating environment hook '/home/ubuntu/ros2_ws/ros2_ws/install/custom_msg_interfaces/share/custom_msg_interfaces/hook/cmake_prefix_path.sh'
[9.303s] Level 1:colcon.colcon_core.environment:checking '/home/ubuntu/ros2_ws/ros2_ws/install/custom_msg_interfaces/lib'
[9.303s] Level 1:colcon.colcon_core.shell:create_environment_hook('custom_msg_interfaces', 'ld_library_path_lib')
[9.303s] INFO:colcon.colcon_core.shell:Creating environment hook '/home/ubuntu/ros2_ws/ros2_ws/install/custom_msg_interfaces/share/custom_msg_interfaces/hook/ld_library_path_lib.ps1'
[9.304s] INFO:colcon.colcon_core.shell:Creating environment descriptor '/home/ubuntu/ros2_ws/ros2_ws/install/custom_msg_interfaces/share/custom_msg_interfaces/hook/ld_library_path_lib.dsv'
[9.304s] INFO:colcon.colcon_core.shell:Creating environment hook '/home/ubuntu/ros2_ws/ros2_ws/install/custom_msg_interfaces/share/custom_msg_interfaces/hook/ld_library_path_lib.sh'
[9.304s] Level 1:colcon.colcon_core.environment:checking '/home/ubuntu/ros2_ws/ros2_ws/install/custom_msg_interfaces/bin'
[9.304s] Level 1:colcon.colcon_core.environment:checking '/home/ubuntu/ros2_ws/ros2_ws/install/custom_msg_interfaces/lib/pkgconfig/custom_msg_interfaces.pc'
[9.304s] Level 1:colcon.colcon_core.environment:checking '/home/ubuntu/ros2_ws/ros2_ws/install/custom_msg_interfaces/lib/python3.12/site-packages'
[9.304s] Level 1:colcon.colcon_core.shell:create_environment_hook('custom_msg_interfaces', 'pythonpath')
[9.304s] INFO:colcon.colcon_core.shell:Creating environment hook '/home/ubuntu/ros2_ws/ros2_ws/install/custom_msg_interfaces/share/custom_msg_interfaces/hook/pythonpath.ps1'
[9.305s] INFO:colcon.colcon_core.shell:Creating environment descriptor '/home/ubuntu/ros2_ws/ros2_ws/install/custom_msg_interfaces/share/custom_msg_interfaces/hook/pythonpath.dsv'
[9.305s] INFO:colcon.colcon_core.shell:Creating environment hook '/home/ubuntu/ros2_ws/ros2_ws/install/custom_msg_interfaces/share/custom_msg_interfaces/hook/pythonpath.sh'
[9.305s] Level 1:colcon.colcon_core.environment:checking '/home/ubuntu/ros2_ws/ros2_ws/install/custom_msg_interfaces/bin'
[9.305s] INFO:colcon.colcon_core.shell:Creating package script '/home/ubuntu/ros2_ws/ros2_ws/install/custom_msg_interfaces/share/custom_msg_interfaces/package.ps1'
[9.306s] INFO:colcon.colcon_core.shell:Creating package descriptor '/home/ubuntu/ros2_ws/ros2_ws/install/custom_msg_interfaces/share/custom_msg_interfaces/package.dsv'
[9.306s] INFO:colcon.colcon_core.shell:Creating package script '/home/ubuntu/ros2_ws/ros2_ws/install/custom_msg_interfaces/share/custom_msg_interfaces/package.sh'
[9.306s] INFO:colcon.colcon_core.shell:Creating package script '/home/ubuntu/ros2_ws/ros2_ws/install/custom_msg_interfaces/share/custom_msg_interfaces/package.bash'
[9.306s] INFO:colcon.colcon_core.shell:Creating package script '/home/ubuntu/ros2_ws/ros2_ws/install/custom_msg_interfaces/share/custom_msg_interfaces/package.zsh'
[9.307s] Level 1:colcon.colcon_core.environment:create_file_with_runtime_dependencies(/home/ubuntu/ros2_ws/ros2_ws/install/custom_msg_interfaces/share/colcon-core/packages/custom_msg_interfaces)
[9.307s] Level 1:colcon.colcon_core.environment:create_environment_scripts_only(custom_msg_interfaces)
[9.307s] Level 1:colcon.colcon_core.environment:checking '/home/ubuntu/ros2_ws/ros2_ws/install/custom_msg_interfaces' for CMake module files
[9.308s] Level 1:colcon.colcon_core.environment:checking '/home/ubuntu/ros2_ws/ros2_ws/install/custom_msg_interfaces' for CMake config files
[9.308s] Level 1:colcon.colcon_core.shell:create_environment_hook('custom_msg_interfaces', 'cmake_prefix_path')
[9.308s] INFO:colcon.colcon_core.shell:Creating environment hook '/home/ubuntu/ros2_ws/ros2_ws/install/custom_msg_interfaces/share/custom_msg_interfaces/hook/cmake_prefix_path.ps1'
[9.309s] INFO:colcon.colcon_core.shell:Creating environment descriptor '/home/ubuntu/ros2_ws/ros2_ws/install/custom_msg_interfaces/share/custom_msg_interfaces/hook/cmake_prefix_path.dsv'
[9.309s] INFO:colcon.colcon_core.shell:Creating environment hook '/home/ubuntu/ros2_ws/ros2_ws/install/custom_msg_interfaces/share/custom_msg_interfaces/hook/cmake_prefix_path.sh'
[9.309s] Level 1:colcon.colcon_core.environment:checking '/home/ubuntu/ros2_ws/ros2_ws/install/custom_msg_interfaces/lib'
[9.309s] Level 1:colcon.colcon_core.shell:create_environment_hook('custom_msg_interfaces', 'ld_library_path_lib')
[9.309s] INFO:colcon.colcon_core.shell:Creating environment hook '/home/ubuntu/ros2_ws/ros2_ws/install/custom_msg_interfaces/share/custom_msg_interfaces/hook/ld_library_path_lib.ps1'
[9.310s] INFO:colcon.colcon_core.shell:Creating environment descriptor '/home/ubuntu/ros2_ws/ros2_ws/install/custom_msg_interfaces/share/custom_msg_interfaces/hook/ld_library_path_lib.dsv'
[9.310s] INFO:colcon.colcon_core.shell:Creating environment hook '/home/ubuntu/ros2_ws/ros2_ws/install/custom_msg_interfaces/share/custom_msg_interfaces/hook/ld_library_path_lib.sh'
[9.310s] Level 1:colcon.colcon_core.environment:checking '/home/ubuntu/ros2_ws/ros2_ws/install/custom_msg_interfaces/bin'
[9.310s] Level 1:colcon.colcon_core.environment:checking '/home/ubuntu/ros2_ws/ros2_ws/install/custom_msg_interfaces/lib/pkgconfig/custom_msg_interfaces.pc'
[9.310s] Level 1:colcon.colcon_core.environment:checking '/home/ubuntu/ros2_ws/ros2_ws/install/custom_msg_interfaces/lib/python3.12/site-packages'
[9.310s] Level 1:colcon.colcon_core.shell:create_environment_hook('custom_msg_interfaces', 'pythonpath')
[9.310s] INFO:colcon.colcon_core.shell:Creating environment hook '/home/ubuntu/ros2_ws/ros2_ws/install/custom_msg_interfaces/share/custom_msg_interfaces/hook/pythonpath.ps1'
[9.311s] INFO:colcon.colcon_core.shell:Creating environment descriptor '/home/ubuntu/ros2_ws/ros2_ws/install/custom_msg_interfaces/share/custom_msg_interfaces/hook/pythonpath.dsv'
[9.311s] INFO:colcon.colcon_core.shell:Creating environment hook '/home/ubuntu/ros2_ws/ros2_ws/install/custom_msg_interfaces/share/custom_msg_interfaces/hook/pythonpath.sh'
[9.311s] Level 1:colcon.colcon_core.environment:checking '/home/ubuntu/ros2_ws/ros2_ws/install/custom_msg_interfaces/bin'
[9.311s] INFO:colcon.colcon_core.shell:Creating package script '/home/ubuntu/ros2_ws/ros2_ws/install/custom_msg_interfaces/share/custom_msg_interfaces/package.ps1'
[9.312s] INFO:colcon.colcon_core.shell:Creating package descriptor '/home/ubuntu/ros2_ws/ros2_ws/install/custom_msg_interfaces/share/custom_msg_interfaces/package.dsv'
[9.312s] INFO:colcon.colcon_core.shell:Creating package script '/home/ubuntu/ros2_ws/ros2_ws/install/custom_msg_interfaces/share/custom_msg_interfaces/package.sh'
[9.312s] INFO:colcon.colcon_core.shell:Creating package script '/home/ubuntu/ros2_ws/ros2_ws/install/custom_msg_interfaces/share/custom_msg_interfaces/package.bash'
[9.313s] INFO:colcon.colcon_core.shell:Creating package script '/home/ubuntu/ros2_ws/ros2_ws/install/custom_msg_interfaces/share/custom_msg_interfaces/package.zsh'
[9.313s] Level 1:colcon.colcon_core.environment:create_file_with_runtime_dependencies(/home/ubuntu/ros2_ws/ros2_ws/install/custom_msg_interfaces/share/colcon-core/packages/custom_msg_interfaces)
[9.313s] INFO:colcon.colcon_ros.task.ament_cmake.build:Building ROS package in '/home/ubuntu/ros2_ws/ros2_ws/ros2_ws/src/motion_pkg' with build type 'ament_cmake'
[9.313s] INFO:colcon.colcon_cmake.task.cmake.build:Building CMake package in '/home/ubuntu/ros2_ws/ros2_ws/ros2_ws/src/motion_pkg'
[9.313s] INFO:colcon.colcon_core.shell:Skip shell extension 'powershell' for command environment: Not usable outside of PowerShell
[9.313s] DEBUG:colcon.colcon_core.shell:Skip shell extension 'dsv' for command environment
[9.317s] INFO:colcon.colcon_ros.task.ament_python.build:Building ROS package in '/home/ubuntu/ros2_ws/ros2_ws/ros2_ws/src/planning_pkg' with build type 'ament_python'
[9.318s] Level 1:colcon.colcon_core.shell:create_environment_hook('planning_pkg', 'ament_prefix_path')
[9.318s] INFO:colcon.colcon_core.shell:Creating environment hook '/home/ubuntu/ros2_ws/ros2_ws/install/planning_pkg/share/planning_pkg/hook/ament_prefix_path.ps1'
[9.319s] INFO:colcon.colcon_core.shell:Creating environment descriptor '/home/ubuntu/ros2_ws/ros2_ws/install/planning_pkg/share/planning_pkg/hook/ament_prefix_path.dsv'
[9.319s] INFO:colcon.colcon_core.shell:Creating environment hook '/home/ubuntu/ros2_ws/ros2_ws/install/planning_pkg/share/planning_pkg/hook/ament_prefix_path.sh'
[9.319s] INFO:colcon.colcon_core.shell:Skip shell extension 'powershell' for command environment: Not usable outside of PowerShell
[9.319s] DEBUG:colcon.colcon_core.shell:Skip shell extension 'dsv' for command environment
[9.322s] INFO:colcon.colcon_ros.task.ament_python.build:Building ROS package in '/home/ubuntu/ros2_ws/ros2_ws/ros2_ws/src/pose_estimator_pkg' with build type 'ament_python'
[9.322s] Level 1:colcon.colcon_core.shell:create_environment_hook('pose_estimator_pkg', 'ament_prefix_path')
[9.322s] INFO:colcon.colcon_core.shell:Creating environment hook '/home/ubuntu/ros2_ws/ros2_ws/install/pose_estimator_pkg/share/pose_estimator_pkg/hook/ament_prefix_path.ps1'
[9.323s] INFO:colcon.colcon_core.shell:Creating environment descriptor '/home/ubuntu/ros2_ws/ros2_ws/install/pose_estimator_pkg/share/pose_estimator_pkg/hook/ament_prefix_path.dsv'
[9.323s] INFO:colcon.colcon_core.shell:Creating environment hook '/home/ubuntu/ros2_ws/ros2_ws/install/pose_estimator_pkg/share/pose_estimator_pkg/hook/ament_prefix_path.sh'
[9.324s] INFO:colcon.colcon_core.shell:Skip shell extension 'powershell' for command environment: Not usable outside of PowerShell
[9.324s] DEBUG:colcon.colcon_core.shell:Skip shell extension 'dsv' for command environment
[9.329s] DEBUG:colcon.colcon_core.event_handler.log_command:Invoking command in '/home/ubuntu/ros2_ws/ros2_ws/build/motion_pkg': AMENT_PREFIX_PATH=/home/ubuntu/ros2_ws/ros2_ws/install/custom_msg_interfaces:${AMENT_PREFIX_PATH} CMAKE_PREFIX_PATH=/home/ubuntu/ros2_ws/ros2_ws/install/custom_msg_interfaces:/home/ubuntu/ros2_ws/install/ros2_ur5_interface:/opt/ros/jazzy/opt/gz_sim_vendor:/opt/ros/jazzy/opt/gz_sensors_vendor:/opt/ros/jazzy/opt/gz_physics_vendor:/opt/ros/jazzy/opt/sdformat_vendor:/opt/ros/jazzy/opt/gz_gui_vendor:/opt/ros/jazzy/opt/gz_transport_vendor:/opt/ros/jazzy/opt/gz_rendering_vendor:/opt/ros/jazzy/opt/gz_plugin_vendor:/opt/ros/jazzy/opt/gz_fuel_tools_vendor:/opt/ros/jazzy/opt/gz_msgs_vendor:/opt/ros/jazzy/opt/gz_common_vendor:/opt/ros/jazzy/opt/gz_math_vendor:/opt/ros/jazzy/opt/gz_utils_vendor:/opt/ros/jazzy/opt/gz_tools_vendor:/opt/ros/jazzy/opt/gz_ogre_next_vendor:/opt/ros/jazzy/opt/gz_dartsim_vendor:/opt/ros/jazzy/opt/gz_cmake_vendor:/opt/ros/jazzy LD_LIBRARY_PATH=/home/ubuntu/ros2_ws/ros2_ws/install/custom_msg_interfaces/lib:${LD_LIBRARY_PATH} PYTHONPATH=/home/ubuntu/ros2_ws/ros2_ws/install/custom_msg_interfaces/lib/python3.12/site-packages:${PYTHONPATH} /usr/bin/cmake /home/ubuntu/ros2_ws/ros2_ws/ros2_ws/src/motion_pkg -DCMAKE_INSTALL_PREFIX=/home/ubuntu/ros2_ws/ros2_ws/install/motion_pkg
[9.535s] INFO:colcon.colcon_core.task.python.build:Building Python package in '/home/ubuntu/ros2_ws/ros2_ws/ros2_ws/src/planning_pkg'
[9.535s] INFO:colcon.colcon_core.shell:Skip shell extension 'powershell' for command environment: Not usable outside of PowerShell
[9.535s] DEBUG:colcon.colcon_core.shell:Skip shell extension 'dsv' for command environment
[9.719s] INFO:colcon.colcon_core.task.python.build:Building Python package in '/home/ubuntu/ros2_ws/ros2_ws/ros2_ws/src/pose_estimator_pkg'
[9.719s] INFO:colcon.colcon_core.shell:Skip shell extension 'powershell' for command environment: Not usable outside of PowerShell
[9.719s] DEBUG:colcon.colcon_core.shell:Skip shell extension 'dsv' for command environment
[10.422s] DEBUG:colcon.colcon_core.event_handler.log_command:Invoking command in '/home/ubuntu/ros2_ws/ros2_ws/ros2_ws/src/planning_pkg': AMENT_PREFIX_PATH=/home/ubuntu/ros2_ws/ros2_ws/install/custom_msg_interfaces:${AMENT_PREFIX_PATH} CMAKE_PREFIX_PATH=/home/ubuntu/ros2_ws/ros2_ws/install/custom_msg_interfaces:${CMAKE_PREFIX_PATH} LD_LIBRARY_PATH=/home/ubuntu/ros2_ws/ros2_ws/install/custom_msg_interfaces/lib:${LD_LIBRARY_PATH} PYTHONPATH=/home/ubuntu/ros2_ws/ros2_ws/build/planning_pkg/prefix_override:/usr/lib/python3/dist-packages/colcon_core/task/python/colcon_distutils_commands:/home/ubuntu/ros2_ws/ros2_ws/install/planning_pkg/lib/python3.12/site-packages:/home/ubuntu/ros2_ws/ros2_ws/install/custom_msg_interfaces/lib/python3.12/site-packages:${PYTHONPATH} /usr/bin/python3 -W ignore:setup.py install is deprecated -W ignore:easy_install command is deprecated setup.py egg_info --egg-base ../../../build/planning_pkg build --build-base /home/ubuntu/ros2_ws/ros2_ws/build/planning_pkg/build install --record /home/ubuntu/ros2_ws/ros2_ws/build/planning_pkg/install.log --single-version-externally-managed install_data
[10.424s] DEBUG:colcon.colcon_core.event_handler.log_command:Invoking command in '/home/ubuntu/ros2_ws/ros2_ws/ros2_ws/src/pose_estimator_pkg': AMENT_PREFIX_PATH=/home/ubuntu/ros2_ws/ros2_ws/install/custom_msg_interfaces:${AMENT_PREFIX_PATH} CMAKE_PREFIX_PATH=/home/ubuntu/ros2_ws/ros2_ws/install/custom_msg_interfaces:${CMAKE_PREFIX_PATH} LD_LIBRARY_PATH=/home/ubuntu/ros2_ws/ros2_ws/install/custom_msg_interfaces/lib:${LD_LIBRARY_PATH} PYTHONPATH=/home/ubuntu/ros2_ws/ros2_ws/build/pose_estimator_pkg/prefix_override:/usr/lib/python3/dist-packages/colcon_core/task/python/colcon_distutils_commands:/home/ubuntu/ros2_ws/ros2_ws/install/pose_estimator_pkg/lib/python3.12/site-packages:/home/ubuntu/ros2_ws/ros2_ws/install/custom_msg_interfaces/lib/python3.12/site-packages:${PYTHONPATH} /usr/bin/python3 -W ignore:setup.py install is deprecated -W ignore:easy_install command is deprecated setup.py egg_info --egg-base ../../../build/pose_estimator_pkg build --build-base /home/ubuntu/ros2_ws/ros2_ws/build/pose_estimator_pkg/build install --record /home/ubuntu/ros2_ws/ros2_ws/build/pose_estimator_pkg/install.log --single-version-externally-managed install_data
[10.806s] DEBUG:colcon.colcon_core.event_handler.log_command:Invoked command in '/home/ubuntu/ros2_ws/ros2_ws/build/motion_pkg' returned '0': AMENT_PREFIX_PATH=/home/ubuntu/ros2_ws/ros2_ws/install/custom_msg_interfaces:${AMENT_PREFIX_PATH} CMAKE_PREFIX_PATH=/home/ubuntu/ros2_ws/ros2_ws/install/custom_msg_interfaces:/home/ubuntu/ros2_ws/install/ros2_ur5_interface:/opt/ros/jazzy/opt/gz_sim_vendor:/opt/ros/jazzy/opt/gz_sensors_vendor:/opt/ros/jazzy/opt/gz_physics_vendor:/opt/ros/jazzy/opt/sdformat_vendor:/opt/ros/jazzy/opt/gz_gui_vendor:/opt/ros/jazzy/opt/gz_transport_vendor:/opt/ros/jazzy/opt/gz_rendering_vendor:/opt/ros/jazzy/opt/gz_plugin_vendor:/opt/ros/jazzy/opt/gz_fuel_tools_vendor:/opt/ros/jazzy/opt/gz_msgs_vendor:/opt/ros/jazzy/opt/gz_common_vendor:/opt/ros/jazzy/opt/gz_math_vendor:/opt/ros/jazzy/opt/gz_utils_vendor:/opt/ros/jazzy/opt/gz_tools_vendor:/opt/ros/jazzy/opt/gz_ogre_next_vendor:/opt/ros/jazzy/opt/gz_dartsim_vendor:/opt/ros/jazzy/opt/gz_cmake_vendor:/opt/ros/jazzy LD_LIBRARY_PATH=/home/ubuntu/ros2_ws/ros2_ws/install/custom_msg_interfaces/lib:${LD_LIBRARY_PATH} PYTHONPATH=/home/ubuntu/ros2_ws/ros2_ws/install/custom_msg_interfaces/lib/python3.12/site-packages:${PYTHONPATH} /usr/bin/cmake /home/ubuntu/ros2_ws/ros2_ws/ros2_ws/src/motion_pkg -DCMAKE_INSTALL_PREFIX=/home/ubuntu/ros2_ws/ros2_ws/install/motion_pkg
[10.807s] DEBUG:colcon.colcon_core.event_handler.log_command:Invoking command in '/home/ubuntu/ros2_ws/ros2_ws/build/motion_pkg': AMENT_PREFIX_PATH=/home/ubuntu/ros2_ws/ros2_ws/install/custom_msg_interfaces:${AMENT_PREFIX_PATH} CMAKE_PREFIX_PATH=/home/ubuntu/ros2_ws/ros2_ws/install/custom_msg_interfaces:/home/ubuntu/ros2_ws/install/ros2_ur5_interface:/opt/ros/jazzy/opt/gz_sim_vendor:/opt/ros/jazzy/opt/gz_sensors_vendor:/opt/ros/jazzy/opt/gz_physics_vendor:/opt/ros/jazzy/opt/sdformat_vendor:/opt/ros/jazzy/opt/gz_gui_vendor:/opt/ros/jazzy/opt/gz_transport_vendor:/opt/ros/jazzy/opt/gz_rendering_vendor:/opt/ros/jazzy/opt/gz_plugin_vendor:/opt/ros/jazzy/opt/gz_fuel_tools_vendor:/opt/ros/jazzy/opt/gz_msgs_vendor:/opt/ros/jazzy/opt/gz_common_vendor:/opt/ros/jazzy/opt/gz_math_vendor:/opt/ros/jazzy/opt/gz_utils_vendor:/opt/ros/jazzy/opt/gz_tools_vendor:/opt/ros/jazzy/opt/gz_ogre_next_vendor:/opt/ros/jazzy/opt/gz_dartsim_vendor:/opt/ros/jazzy/opt/gz_cmake_vendor:/opt/ros/jazzy LD_LIBRARY_PATH=/home/ubuntu/ros2_ws/ros2_ws/install/custom_msg_interfaces/lib:${LD_LIBRARY_PATH} PYTHONPATH=/home/ubuntu/ros2_ws/ros2_ws/install/custom_msg_interfaces/lib/python3.12/site-packages:${PYTHONPATH} /usr/bin/cmake --build /home/ubuntu/ros2_ws/ros2_ws/build/motion_pkg -- -j16 -l16
[10.928s] Level 1:colcon.colcon_core.environment:checking '/home/ubuntu/ros2_ws/ros2_ws/install/pose_estimator_pkg' for CMake module files
[10.929s] DEBUG:colcon.colcon_core.event_handler.log_command:Invoked command in '/home/ubuntu/ros2_ws/ros2_ws/ros2_ws/src/pose_estimator_pkg' returned '0': AMENT_PREFIX_PATH=/home/ubuntu/ros2_ws/ros2_ws/install/custom_msg_interfaces:${AMENT_PREFIX_PATH} CMAKE_PREFIX_PATH=/home/ubuntu/ros2_ws/ros2_ws/install/custom_msg_interfaces:${CMAKE_PREFIX_PATH} LD_LIBRARY_PATH=/home/ubuntu/ros2_ws/ros2_ws/install/custom_msg_interfaces/lib:${LD_LIBRARY_PATH} PYTHONPATH=/home/ubuntu/ros2_ws/ros2_ws/build/pose_estimator_pkg/prefix_override:/usr/lib/python3/dist-packages/colcon_core/task/python/colcon_distutils_commands:/home/ubuntu/ros2_ws/ros2_ws/install/pose_estimator_pkg/lib/python3.12/site-packages:/home/ubuntu/ros2_ws/ros2_ws/install/custom_msg_interfaces/lib/python3.12/site-packages:${PYTHONPATH} /usr/bin/python3 -W ignore:setup.py install is deprecated -W ignore:easy_install command is deprecated setup.py egg_info --egg-base ../../../build/pose_estimator_pkg build --build-base /home/ubuntu/ros2_ws/ros2_ws/build/pose_estimator_pkg/build install --record /home/ubuntu/ros2_ws/ros2_ws/build/pose_estimator_pkg/install.log --single-version-externally-managed install_data
[10.930s] Level 1:colcon.colcon_core.environment:checking '/home/ubuntu/ros2_ws/ros2_ws/install/pose_estimator_pkg' for CMake config files
[10.931s] Level 1:colcon.colcon_core.environment:checking '/home/ubuntu/ros2_ws/ros2_ws/install/pose_estimator_pkg/lib'
[10.931s] Level 1:colcon.colcon_core.environment:checking '/home/ubuntu/ros2_ws/ros2_ws/install/pose_estimator_pkg/bin'
[10.931s] Level 1:colcon.colcon_core.environment:checking '/home/ubuntu/ros2_ws/ros2_ws/install/pose_estimator_pkg/lib/pkgconfig/pose_estimator_pkg.pc'
[10.931s] Level 1:colcon.colcon_core.environment:checking '/home/ubuntu/ros2_ws/ros2_ws/install/pose_estimator_pkg/lib/python3.12/site-packages'
[10.931s] Level 1:colcon.colcon_core.shell:create_environment_hook('pose_estimator_pkg', 'pythonpath')
[10.931s] INFO:colcon.colcon_core.shell:Creating environment hook '/home/ubuntu/ros2_ws/ros2_ws/install/pose_estimator_pkg/share/pose_estimator_pkg/hook/pythonpath.ps1'
[10.932s] INFO:colcon.colcon_core.shell:Creating environment descriptor '/home/ubuntu/ros2_ws/ros2_ws/install/pose_estimator_pkg/share/pose_estimator_pkg/hook/pythonpath.dsv'
[10.932s] INFO:colcon.colcon_core.shell:Creating environment hook '/home/ubuntu/ros2_ws/ros2_ws/install/pose_estimator_pkg/share/pose_estimator_pkg/hook/pythonpath.sh'
[10.933s] Level 1:colcon.colcon_core.environment:checking '/home/ubuntu/ros2_ws/ros2_ws/install/pose_estimator_pkg/bin'
[10.933s] Level 1:colcon.colcon_core.environment:create_environment_scripts_only(pose_estimator_pkg)
[10.933s] INFO:colcon.colcon_core.shell:Creating package script '/home/ubuntu/ros2_ws/ros2_ws/install/pose_estimator_pkg/share/pose_estimator_pkg/package.ps1'
[10.934s] INFO:colcon.colcon_core.shell:Creating package descriptor '/home/ubuntu/ros2_ws/ros2_ws/install/pose_estimator_pkg/share/pose_estimator_pkg/package.dsv'
[10.934s] INFO:colcon.colcon_core.shell:Creating package script '/home/ubuntu/ros2_ws/ros2_ws/install/pose_estimator_pkg/share/pose_estimator_pkg/package.sh'
[10.935s] INFO:colcon.colcon_core.shell:Creating package script '/home/ubuntu/ros2_ws/ros2_ws/install/pose_estimator_pkg/share/pose_estimator_pkg/package.bash'
[10.935s] INFO:colcon.colcon_core.shell:Creating package script '/home/ubuntu/ros2_ws/ros2_ws/install/pose_estimator_pkg/share/pose_estimator_pkg/package.zsh'
[10.936s] Level 1:colcon.colcon_core.environment:create_file_with_runtime_dependencies(/home/ubuntu/ros2_ws/ros2_ws/install/pose_estimator_pkg/share/colcon-core/packages/pose_estimator_pkg)
[10.949s] Level 1:colcon.colcon_core.environment:checking '/home/ubuntu/ros2_ws/ros2_ws/install/planning_pkg' for CMake module files
[10.950s] DEBUG:colcon.colcon_core.event_handler.log_command:Invoked command in '/home/ubuntu/ros2_ws/ros2_ws/ros2_ws/src/planning_pkg' returned '0': AMENT_PREFIX_PATH=/home/ubuntu/ros2_ws/ros2_ws/install/custom_msg_interfaces:${AMENT_PREFIX_PATH} CMAKE_PREFIX_PATH=/home/ubuntu/ros2_ws/ros2_ws/install/custom_msg_interfaces:${CMAKE_PREFIX_PATH} LD_LIBRARY_PATH=/home/ubuntu/ros2_ws/ros2_ws/install/custom_msg_interfaces/lib:${LD_LIBRARY_PATH} PYTHONPATH=/home/ubuntu/ros2_ws/ros2_ws/build/planning_pkg/prefix_override:/usr/lib/python3/dist-packages/colcon_core/task/python/colcon_distutils_commands:/home/ubuntu/ros2_ws/ros2_ws/install/planning_pkg/lib/python3.12/site-packages:/home/ubuntu/ros2_ws/ros2_ws/install/custom_msg_interfaces/lib/python3.12/site-packages:${PYTHONPATH} /usr/bin/python3 -W ignore:setup.py install is deprecated -W ignore:easy_install command is deprecated setup.py egg_info --egg-base ../../../build/planning_pkg build --build-base /home/ubuntu/ros2_ws/ros2_ws/build/planning_pkg/build install --record /home/ubuntu/ros2_ws/ros2_ws/build/planning_pkg/install.log --single-version-externally-managed install_data
[10.951s] Level 1:colcon.colcon_core.environment:checking '/home/ubuntu/ros2_ws/ros2_ws/install/planning_pkg' for CMake config files
[10.951s] Level 1:colcon.colcon_core.environment:checking '/home/ubuntu/ros2_ws/ros2_ws/install/planning_pkg/lib'
[10.951s] Level 1:colcon.colcon_core.environment:checking '/home/ubuntu/ros2_ws/ros2_ws/install/planning_pkg/bin'
[10.952s] Level 1:colcon.colcon_core.environment:checking '/home/ubuntu/ros2_ws/ros2_ws/install/planning_pkg/lib/pkgconfig/planning_pkg.pc'
[10.952s] Level 1:colcon.colcon_core.environment:checking '/home/ubuntu/ros2_ws/ros2_ws/install/planning_pkg/lib/python3.12/site-packages'
[10.952s] Level 1:colcon.colcon_core.shell:create_environment_hook('planning_pkg', 'pythonpath')
[10.952s] INFO:colcon.colcon_core.shell:Creating environment hook '/home/ubuntu/ros2_ws/ros2_ws/install/planning_pkg/share/planning_pkg/hook/pythonpath.ps1'
[10.953s] INFO:colcon.colcon_core.shell:Creating environment descriptor '/home/ubuntu/ros2_ws/ros2_ws/install/planning_pkg/share/planning_pkg/hook/pythonpath.dsv'
[10.953s] INFO:colcon.colcon_core.shell:Creating environment hook '/home/ubuntu/ros2_ws/ros2_ws/install/planning_pkg/share/planning_pkg/hook/pythonpath.sh'
[10.954s] Level 1:colcon.colcon_core.environment:checking '/home/ubuntu/ros2_ws/ros2_ws/install/planning_pkg/bin'
[10.954s] Level 1:colcon.colcon_core.environment:create_environment_scripts_only(planning_pkg)
[10.954s] INFO:colcon.colcon_core.shell:Creating package script '/home/ubuntu/ros2_ws/ros2_ws/install/planning_pkg/share/planning_pkg/package.ps1'
[10.955s] INFO:colcon.colcon_core.shell:Creating package descriptor '/home/ubuntu/ros2_ws/ros2_ws/install/planning_pkg/share/planning_pkg/package.dsv'
[10.955s] INFO:colcon.colcon_core.shell:Creating package script '/home/ubuntu/ros2_ws/ros2_ws/install/planning_pkg/share/planning_pkg/package.sh'
[10.956s] INFO:colcon.colcon_core.shell:Creating package script '/home/ubuntu/ros2_ws/ros2_ws/install/planning_pkg/share/planning_pkg/package.bash'
[10.956s] INFO:colcon.colcon_core.shell:Creating package script '/home/ubuntu/ros2_ws/ros2_ws/install/planning_pkg/share/planning_pkg/package.zsh'
[10.957s] Level 1:colcon.colcon_core.environment:create_file_with_runtime_dependencies(/home/ubuntu/ros2_ws/ros2_ws/install/planning_pkg/share/colcon-core/packages/planning_pkg)
[17.338s] DEBUG:colcon.colcon_core.event_handler.log_command:Invoked command in '/home/ubuntu/ros2_ws/ros2_ws/build/ros2_ur5_interface' returned '0': CMAKE_PREFIX_PATH=${CMAKE_PREFIX_PATH}:/opt/ros/jazzy /usr/bin/cmake --build /home/ubuntu/ros2_ws/ros2_ws/build/ros2_ur5_interface -- -j16 -l16
[17.340s] DEBUG:colcon.colcon_core.event_handler.log_command:Invoking command in '/home/ubuntu/ros2_ws/ros2_ws/build/ros2_ur5_interface': CMAKE_PREFIX_PATH=${CMAKE_PREFIX_PATH}:/opt/ros/jazzy /usr/bin/cmake --install /home/ubuntu/ros2_ws/ros2_ws/build/ros2_ur5_interface
[17.379s] Level 1:colcon.colcon_core.environment:create_environment_scripts_only(ros2_ur5_interface)
[17.379s] Level 1:colcon.colcon_core.environment:checking '/home/ubuntu/ros2_ws/ros2_ws/install/ros2_ur5_interface' for CMake module files
[17.380s] DEBUG:colcon.colcon_core.event_handler.log_command:Invoked command in '/home/ubuntu/ros2_ws/ros2_ws/build/ros2_ur5_interface' returned '0': CMAKE_PREFIX_PATH=${CMAKE_PREFIX_PATH}:/opt/ros/jazzy /usr/bin/cmake --install /home/ubuntu/ros2_ws/ros2_ws/build/ros2_ur5_interface
[17.380s] Level 1:colcon.colcon_core.environment:checking '/home/ubuntu/ros2_ws/ros2_ws/install/ros2_ur5_interface' for CMake config files
[17.380s] Level 1:colcon.colcon_core.shell:create_environment_hook('ros2_ur5_interface', 'cmake_prefix_path')
[17.381s] INFO:colcon.colcon_core.shell:Creating environment hook '/home/ubuntu/ros2_ws/ros2_ws/install/ros2_ur5_interface/share/ros2_ur5_interface/hook/cmake_prefix_path.ps1'
[17.381s] INFO:colcon.colcon_core.shell:Creating environment descriptor '/home/ubuntu/ros2_ws/ros2_ws/install/ros2_ur5_interface/share/ros2_ur5_interface/hook/cmake_prefix_path.dsv'
[17.382s] INFO:colcon.colcon_core.shell:Creating environment hook '/home/ubuntu/ros2_ws/ros2_ws/install/ros2_ur5_interface/share/ros2_ur5_interface/hook/cmake_prefix_path.sh'
[17.382s] Level 1:colcon.colcon_core.environment:checking '/home/ubuntu/ros2_ws/ros2_ws/install/ros2_ur5_interface/lib'
[17.382s] Level 1:colcon.colcon_core.environment:checking '/home/ubuntu/ros2_ws/ros2_ws/install/ros2_ur5_interface/bin'
[17.382s] Level 1:colcon.colcon_core.environment:checking '/home/ubuntu/ros2_ws/ros2_ws/install/ros2_ur5_interface/lib/pkgconfig/ros2_ur5_interface.pc'
[17.382s] Level 1:colcon.colcon_core.environment:checking '/home/ubuntu/ros2_ws/ros2_ws/install/ros2_ur5_interface/lib/python3.12/site-packages'
[17.383s] Level 1:colcon.colcon_core.environment:checking '/home/ubuntu/ros2_ws/ros2_ws/install/ros2_ur5_interface/bin'
[17.383s] INFO:colcon.colcon_core.shell:Creating package script '/home/ubuntu/ros2_ws/ros2_ws/install/ros2_ur5_interface/share/ros2_ur5_interface/package.ps1'
[17.383s] INFO:colcon.colcon_core.shell:Creating package descriptor '/home/ubuntu/ros2_ws/ros2_ws/install/ros2_ur5_interface/share/ros2_ur5_interface/package.dsv'
[17.383s] INFO:colcon.colcon_core.shell:Creating package script '/home/ubuntu/ros2_ws/ros2_ws/install/ros2_ur5_interface/share/ros2_ur5_interface/package.sh'
[17.384s] INFO:colcon.colcon_core.shell:Creating package script '/home/ubuntu/ros2_ws/ros2_ws/install/ros2_ur5_interface/share/ros2_ur5_interface/package.bash'
[17.384s] INFO:colcon.colcon_core.shell:Creating package script '/home/ubuntu/ros2_ws/ros2_ws/install/ros2_ur5_interface/share/ros2_ur5_interface/package.zsh'
[17.384s] Level 1:colcon.colcon_core.environment:create_file_with_runtime_dependencies(/home/ubuntu/ros2_ws/ros2_ws/install/ros2_ur5_interface/share/colcon-core/packages/ros2_ur5_interface)
[17.385s] Level 1:colcon.colcon_core.environment:create_environment_scripts_only(ros2_ur5_interface)
[17.385s] Level 1:colcon.colcon_core.environment:checking '/home/ubuntu/ros2_ws/ros2_ws/install/ros2_ur5_interface' for CMake module files
[17.386s] Level 1:colcon.colcon_core.environment:checking '/home/ubuntu/ros2_ws/ros2_ws/install/ros2_ur5_interface' for CMake config files
[17.386s] Level 1:colcon.colcon_core.shell:create_environment_hook('ros2_ur5_interface', 'cmake_prefix_path')
[17.386s] INFO:colcon.colcon_core.shell:Creating environment hook '/home/ubuntu/ros2_ws/ros2_ws/install/ros2_ur5_interface/share/ros2_ur5_interface/hook/cmake_prefix_path.ps1'
[17.387s] INFO:colcon.colcon_core.shell:Creating environment descriptor '/home/ubuntu/ros2_ws/ros2_ws/install/ros2_ur5_interface/share/ros2_ur5_interface/hook/cmake_prefix_path.dsv'
[17.387s] INFO:colcon.colcon_core.shell:Creating environment hook '/home/ubuntu/ros2_ws/ros2_ws/install/ros2_ur5_interface/share/ros2_ur5_interface/hook/cmake_prefix_path.sh'
[17.387s] Level 1:colcon.colcon_core.environment:checking '/home/ubuntu/ros2_ws/ros2_ws/install/ros2_ur5_interface/lib'
[17.387s] Level 1:colcon.colcon_core.environment:checking '/home/ubuntu/ros2_ws/ros2_ws/install/ros2_ur5_interface/bin'
[17.388s] Level 1:colcon.colcon_core.environment:checking '/home/ubuntu/ros2_ws/ros2_ws/install/ros2_ur5_interface/lib/pkgconfig/ros2_ur5_interface.pc'
[17.388s] Level 1:colcon.colcon_core.environment:checking '/home/ubuntu/ros2_ws/ros2_ws/install/ros2_ur5_interface/lib/python3.12/site-packages'
[17.388s] Level 1:colcon.colcon_core.environment:checking '/home/ubuntu/ros2_ws/ros2_ws/install/ros2_ur5_interface/bin'
[17.388s] INFO:colcon.colcon_core.shell:Creating package script '/home/ubuntu/ros2_ws/ros2_ws/install/ros2_ur5_interface/share/ros2_ur5_interface/package.ps1'
[17.389s] INFO:colcon.colcon_core.shell:Creating package descriptor '/home/ubuntu/ros2_ws/ros2_ws/install/ros2_ur5_interface/share/ros2_ur5_interface/package.dsv'
[17.389s] INFO:colcon.colcon_core.shell:Creating package script '/home/ubuntu/ros2_ws/ros2_ws/install/ros2_ur5_interface/share/ros2_ur5_interface/package.sh'
[17.389s] INFO:colcon.colcon_core.shell:Creating package script '/home/ubuntu/ros2_ws/ros2_ws/install/ros2_ur5_interface/share/ros2_ur5_interface/package.bash'
[17.390s] INFO:colcon.colcon_core.shell:Creating package script '/home/ubuntu/ros2_ws/ros2_ws/install/ros2_ur5_interface/share/ros2_ur5_interface/package.zsh'
[17.390s] Level 1:colcon.colcon_core.environment:create_file_with_runtime_dependencies(/home/ubuntu/ros2_ws/ros2_ws/install/ros2_ur5_interface/share/colcon-core/packages/ros2_ur5_interface)
[23.508s] DEBUG:colcon.colcon_core.event_handler.log_command:Invoked command in '/home/ubuntu/ros2_ws/ros2_ws/build/motion_pkg' returned '0': AMENT_PREFIX_PATH=/home/ubuntu/ros2_ws/ros2_ws/install/custom_msg_interfaces:${AMENT_PREFIX_PATH} CMAKE_PREFIX_PATH=/home/ubuntu/ros2_ws/ros2_ws/install/custom_msg_interfaces:/home/ubuntu/ros2_ws/install/ros2_ur5_interface:/opt/ros/jazzy/opt/gz_sim_vendor:/opt/ros/jazzy/opt/gz_sensors_vendor:/opt/ros/jazzy/opt/gz_physics_vendor:/opt/ros/jazzy/opt/sdformat_vendor:/opt/ros/jazzy/opt/gz_gui_vendor:/opt/ros/jazzy/opt/gz_transport_vendor:/opt/ros/jazzy/opt/gz_rendering_vendor:/opt/ros/jazzy/opt/gz_plugin_vendor:/opt/ros/jazzy/opt/gz_fuel_tools_vendor:/opt/ros/jazzy/opt/gz_msgs_vendor:/opt/ros/jazzy/opt/gz_common_vendor:/opt/ros/jazzy/opt/gz_math_vendor:/opt/ros/jazzy/opt/gz_utils_vendor:/opt/ros/jazzy/opt/gz_tools_vendor:/opt/ros/jazzy/opt/gz_ogre_next_vendor:/opt/ros/jazzy/opt/gz_dartsim_vendor:/opt/ros/jazzy/opt/gz_cmake_vendor:/opt/ros/jazzy LD_LIBRARY_PATH=/home/ubuntu/ros2_ws/ros2_ws/install/custom_msg_interfaces/lib:${LD_LIBRARY_PATH} PYTHONPATH=/home/ubuntu/ros2_ws/ros2_ws/install/custom_msg_interfaces/lib/python3.12/site-packages:${PYTHONPATH} /usr/bin/cmake --build /home/ubuntu/ros2_ws/ros2_ws/build/motion_pkg -- -j16 -l16
[23.509s] DEBUG:colcon.colcon_core.event_handler.log_command:Invoking command in '/home/ubuntu/ros2_ws/ros2_ws/build/motion_pkg': AMENT_PREFIX_PATH=/home/ubuntu/ros2_ws/ros2_ws/install/custom_msg_interfaces:${AMENT_PREFIX_PATH} CMAKE_PREFIX_PATH=/home/ubuntu/ros2_ws/ros2_ws/install/custom_msg_interfaces:/home/ubuntu/ros2_ws/install/ros2_ur5_interface:/opt/ros/jazzy/opt/gz_sim_vendor:/opt/ros/jazzy/opt/gz_sensors_vendor:/opt/ros/jazzy/opt/gz_physics_vendor:/opt/ros/jazzy/opt/sdformat_vendor:/opt/ros/jazzy/opt/gz_gui_vendor:/opt/ros/jazzy/opt/gz_transport_vendor:/opt/ros/jazzy/opt/gz_rendering_vendor:/opt/ros/jazzy/opt/gz_plugin_vendor:/opt/ros/jazzy/opt/gz_fuel_tools_vendor:/opt/ros/jazzy/opt/gz_msgs_vendor:/opt/ros/jazzy/opt/gz_common_vendor:/opt/ros/jazzy/opt/gz_math_vendor:/opt/ros/jazzy/opt/gz_utils_vendor:/opt/ros/jazzy/opt/gz_tools_vendor:/opt/ros/jazzy/opt/gz_ogre_next_vendor:/opt/ros/jazzy/opt/gz_dartsim_vendor:/opt/ros/jazzy/opt/gz_cmake_vendor:/opt/ros/jazzy LD_LIBRARY_PATH=/home/ubuntu/ros2_ws/ros2_ws/install/custom_msg_interfaces/lib:${LD_LIBRARY_PATH} PYTHONPATH=/home/ubuntu/ros2_ws/ros2_ws/install/custom_msg_interfaces/lib/python3.12/site-packages:${PYTHONPATH} /usr/bin/cmake --install /home/ubuntu/ros2_ws/ros2_ws/build/motion_pkg
[23.527s] Level 1:colcon.colcon_core.environment:create_environment_scripts_only(motion_pkg)
[23.527s] DEBUG:colcon.colcon_core.event_handler.log_command:Invoked command in '/home/ubuntu/ros2_ws/ros2_ws/build/motion_pkg' returned '0': AMENT_PREFIX_PATH=/home/ubuntu/ros2_ws/ros2_ws/install/custom_msg_interfaces:${AMENT_PREFIX_PATH} CMAKE_PREFIX_PATH=/home/ubuntu/ros2_ws/ros2_ws/install/custom_msg_interfaces:/home/ubuntu/ros2_ws/install/ros2_ur5_interface:/opt/ros/jazzy/opt/gz_sim_vendor:/opt/ros/jazzy/opt/gz_sensors_vendor:/opt/ros/jazzy/opt/gz_physics_vendor:/opt/ros/jazzy/opt/sdformat_vendor:/opt/ros/jazzy/opt/gz_gui_vendor:/opt/ros/jazzy/opt/gz_transport_vendor:/opt/ros/jazzy/opt/gz_rendering_vendor:/opt/ros/jazzy/opt/gz_plugin_vendor:/opt/ros/jazzy/opt/gz_fuel_tools_vendor:/opt/ros/jazzy/opt/gz_msgs_vendor:/opt/ros/jazzy/opt/gz_common_vendor:/opt/ros/jazzy/opt/gz_math_vendor:/opt/ros/jazzy/opt/gz_utils_vendor:/opt/ros/jazzy/opt/gz_tools_vendor:/opt/ros/jazzy/opt/gz_ogre_next_vendor:/opt/ros/jazzy/opt/gz_dartsim_vendor:/opt/ros/jazzy/opt/gz_cmake_vendor:/opt/ros/jazzy LD_LIBRARY_PATH=/home/ubuntu/ros2_ws/ros2_ws/install/custom_msg_interfaces/lib:${LD_LIBRARY_PATH} PYTHONPATH=/home/ubuntu/ros2_ws/ros2_ws/install/custom_msg_interfaces/lib/python3.12/site-packages:${PYTHONPATH} /usr/bin/cmake --install /home/ubuntu/ros2_ws/ros2_ws/build/motion_pkg
[23.527s] Level 1:colcon.colcon_core.environment:checking '/home/ubuntu/ros2_ws/ros2_ws/install/motion_pkg' for CMake module files
[23.528s] Level 1:colcon.colcon_core.environment:checking '/home/ubuntu/ros2_ws/ros2_ws/install/motion_pkg' for CMake config files
[23.528s] Level 1:colcon.colcon_core.shell:create_environment_hook('motion_pkg', 'cmake_prefix_path')
[23.528s] INFO:colcon.colcon_core.shell:Creating environment hook '/home/ubuntu/ros2_ws/ros2_ws/install/motion_pkg/share/motion_pkg/hook/cmake_prefix_path.ps1'
[23.529s] INFO:colcon.colcon_core.shell:Creating environment descriptor '/home/ubuntu/ros2_ws/ros2_ws/install/motion_pkg/share/motion_pkg/hook/cmake_prefix_path.dsv'
[23.529s] INFO:colcon.colcon_core.shell:Creating environment hook '/home/ubuntu/ros2_ws/ros2_ws/install/motion_pkg/share/motion_pkg/hook/cmake_prefix_path.sh'
[23.529s] Level 1:colcon.colcon_core.environment:checking '/home/ubuntu/ros2_ws/ros2_ws/install/motion_pkg/lib'
[23.529s] Level 1:colcon.colcon_core.environment:checking '/home/ubuntu/ros2_ws/ros2_ws/install/motion_pkg/bin'
[23.529s] Level 1:colcon.colcon_core.environment:checking '/home/ubuntu/ros2_ws/ros2_ws/install/motion_pkg/lib/pkgconfig/motion_pkg.pc'
[23.529s] Level 1:colcon.colcon_core.environment:checking '/home/ubuntu/ros2_ws/ros2_ws/install/motion_pkg/lib/python3.12/site-packages'
[23.530s] Level 1:colcon.colcon_core.environment:checking '/home/ubuntu/ros2_ws/ros2_ws/install/motion_pkg/bin'
[23.530s] INFO:colcon.colcon_core.shell:Creating package script '/home/ubuntu/ros2_ws/ros2_ws/install/motion_pkg/share/motion_pkg/package.ps1'
[23.530s] INFO:colcon.colcon_core.shell:Creating package descriptor '/home/ubuntu/ros2_ws/ros2_ws/install/motion_pkg/share/motion_pkg/package.dsv'
[23.530s] INFO:colcon.colcon_core.shell:Creating package script '/home/ubuntu/ros2_ws/ros2_ws/install/motion_pkg/share/motion_pkg/package.sh'
[23.531s] INFO:colcon.colcon_core.shell:Creating package script '/home/ubuntu/ros2_ws/ros2_ws/install/motion_pkg/share/motion_pkg/package.bash'
[23.531s] INFO:colcon.colcon_core.shell:Creating package script '/home/ubuntu/ros2_ws/ros2_ws/install/motion_pkg/share/motion_pkg/package.zsh'
[23.531s] Level 1:colcon.colcon_core.environment:create_file_with_runtime_dependencies(/home/ubuntu/ros2_ws/ros2_ws/install/motion_pkg/share/colcon-core/packages/motion_pkg)
[23.531s] Level 1:colcon.colcon_core.environment:create_environment_scripts_only(motion_pkg)
[23.532s] Level 1:colcon.colcon_core.environment:checking '/home/ubuntu/ros2_ws/ros2_ws/install/motion_pkg' for CMake module files
[23.532s] Level 1:colcon.colcon_core.environment:checking '/home/ubuntu/ros2_ws/ros2_ws/install/motion_pkg' for CMake config files
[23.532s] Level 1:colcon.colcon_core.shell:create_environment_hook('motion_pkg', 'cmake_prefix_path')
[23.532s] INFO:colcon.colcon_core.shell:Creating environment hook '/home/ubuntu/ros2_ws/ros2_ws/install/motion_pkg/share/motion_pkg/hook/cmake_prefix_path.ps1'
[23.532s] INFO:colcon.colcon_core.shell:Creating environment descriptor '/home/ubuntu/ros2_ws/ros2_ws/install/motion_pkg/share/motion_pkg/hook/cmake_prefix_path.dsv'
[23.532s] INFO:colcon.colcon_core.shell:Creating environment hook '/home/ubuntu/ros2_ws/ros2_ws/install/motion_pkg/share/motion_pkg/hook/cmake_prefix_path.sh'
[23.533s] Level 1:colcon.colcon_core.environment:checking '/home/ubuntu/ros2_ws/ros2_ws/install/motion_pkg/lib'
[23.533s] Level 1:colcon.colcon_core.environment:checking '/home/ubuntu/ros2_ws/ros2_ws/install/motion_pkg/bin'
[23.533s] Level 1:colcon.colcon_core.environment:checking '/home/ubuntu/ros2_ws/ros2_ws/install/motion_pkg/lib/pkgconfig/motion_pkg.pc'
[23.533s] Level 1:colcon.colcon_core.environment:checking '/home/ubuntu/ros2_ws/ros2_ws/install/motion_pkg/lib/python3.12/site-packages'
[23.533s] Level 1:colcon.colcon_core.environment:checking '/home/ubuntu/ros2_ws/ros2_ws/install/motion_pkg/bin'
[23.533s] INFO:colcon.colcon_core.shell:Creating package script '/home/ubuntu/ros2_ws/ros2_ws/install/motion_pkg/share/motion_pkg/package.ps1'
[23.534s] INFO:colcon.colcon_core.shell:Creating package descriptor '/home/ubuntu/ros2_ws/ros2_ws/install/motion_pkg/share/motion_pkg/package.dsv'
[23.534s] INFO:colcon.colcon_core.shell:Creating package script '/home/ubuntu/ros2_ws/ros2_ws/install/motion_pkg/share/motion_pkg/package.sh'
[23.534s] INFO:colcon.colcon_core.shell:Creating package script '/home/ubuntu/ros2_ws/ros2_ws/install/motion_pkg/share/motion_pkg/package.bash'
[23.535s] INFO:colcon.colcon_core.shell:Creating package script '/home/ubuntu/ros2_ws/ros2_ws/install/motion_pkg/share/motion_pkg/package.zsh'
[23.535s] Level 1:colcon.colcon_core.environment:create_file_with_runtime_dependencies(/home/ubuntu/ros2_ws/ros2_ws/install/motion_pkg/share/colcon-core/packages/motion_pkg)
[23.535s] INFO:colcon.colcon_ros.task.ament_python.build:Building ROS package in '/home/ubuntu/ros2_ws/ros2_ws/ros2_ws/src/arm_bringup' with build type 'ament_python'
[23.535s] Level 1:colcon.colcon_core.shell:create_environment_hook('arm_bringup', 'ament_prefix_path')
[23.536s] INFO:colcon.colcon_core.shell:Creating environment hook '/home/ubuntu/ros2_ws/ros2_ws/install/arm_bringup/share/arm_bringup/hook/ament_prefix_path.ps1'
[23.536s] INFO:colcon.colcon_core.shell:Creating environment descriptor '/home/ubuntu/ros2_ws/ros2_ws/install/arm_bringup/share/arm_bringup/hook/ament_prefix_path.dsv'
[23.537s] INFO:colcon.colcon_core.shell:Creating environment hook '/home/ubuntu/ros2_ws/ros2_ws/install/arm_bringup/share/arm_bringup/hook/ament_prefix_path.sh'
[23.537s] INFO:colcon.colcon_core.shell:Skip shell extension 'powershell' for command environment: Not usable outside of PowerShell
[23.537s] DEBUG:colcon.colcon_core.shell:Skip shell extension 'dsv' for command environment
[23.713s] INFO:colcon.colcon_core.task.python.build:Building Python package in '/home/ubuntu/ros2_ws/ros2_ws/ros2_ws/src/arm_bringup'
[23.714s] INFO:colcon.colcon_core.shell:Skip shell extension 'powershell' for command environment: Not usable outside of PowerShell
[23.714s] DEBUG:colcon.colcon_core.shell:Skip shell extension 'dsv' for command environment
[24.153s] DEBUG:colcon.colcon_core.event_handler.log_command:Invoking command in '/home/ubuntu/ros2_ws/ros2_ws/ros2_ws/src/arm_bringup': AMENT_PREFIX_PATH=/home/ubuntu/ros2_ws/ros2_ws/install/pose_estimator_pkg:/home/ubuntu/ros2_ws/ros2_ws/install/planning_pkg:/home/ubuntu/ros2_ws/ros2_ws/install/motion_pkg:/home/ubuntu/ros2_ws/ros2_ws/install/ros2_ur5_interface:/home/ubuntu/ros2_ws/ros2_ws/install/custom_msg_interfaces:/home/ubuntu/ros2_ws/ros2_ws/install/collision_detection_pkg:${AMENT_PREFIX_PATH} CMAKE_PREFIX_PATH=/home/ubuntu/ros2_ws/ros2_ws/install/motion_pkg:/home/ubuntu/ros2_ws/ros2_ws/install/ros2_ur5_interface:/home/ubuntu/ros2_ws/ros2_ws/install/custom_msg_interfaces:/home/ubuntu/ros2_ws/ros2_ws/install/collision_detection_pkg:${CMAKE_PREFIX_PATH} LD_LIBRARY_PATH=/home/ubuntu/ros2_ws/ros2_ws/install/custom_msg_interfaces/lib:${LD_LIBRARY_PATH} PYTHONPATH=/home/ubuntu/ros2_ws/ros2_ws/build/arm_bringup/prefix_override:/usr/lib/python3/dist-packages/colcon_core/task/python/colcon_distutils_commands:/home/ubuntu/ros2_ws/ros2_ws/install/arm_bringup/lib/python3.12/site-packages:/home/ubuntu/ros2_ws/ros2_ws/install/pose_estimator_pkg/lib/python3.12/site-packages:/home/ubuntu/ros2_ws/ros2_ws/install/planning_pkg/lib/python3.12/site-packages:/home/ubuntu/ros2_ws/ros2_ws/install/custom_msg_interfaces/lib/python3.12/site-packages:${PYTHONPATH} /usr/bin/python3 -W ignore:setup.py install is deprecated -W ignore:easy_install command is deprecated setup.py egg_info --egg-base ../../../build/arm_bringup build --build-base /home/ubuntu/ros2_ws/ros2_ws/build/arm_bringup/build install --record /home/ubuntu/ros2_ws/ros2_ws/build/arm_bringup/install.log --single-version-externally-managed install_data
[24.536s] Level 1:colcon.colcon_core.environment:checking '/home/ubuntu/ros2_ws/ros2_ws/install/arm_bringup' for CMake module files
[24.537s] DEBUG:colcon.colcon_core.event_handler.log_command:Invoked command in '/home/ubuntu/ros2_ws/ros2_ws/ros2_ws/src/arm_bringup' returned '0': AMENT_PREFIX_PATH=/home/ubuntu/ros2_ws/ros2_ws/install/pose_estimator_pkg:/home/ubuntu/ros2_ws/ros2_ws/install/planning_pkg:/home/ubuntu/ros2_ws/ros2_ws/install/motion_pkg:/home/ubuntu/ros2_ws/ros2_ws/install/ros2_ur5_interface:/home/ubuntu/ros2_ws/ros2_ws/install/custom_msg_interfaces:/home/ubuntu/ros2_ws/ros2_ws/install/collision_detection_pkg:${AMENT_PREFIX_PATH} CMAKE_PREFIX_PATH=/home/ubuntu/ros2_ws/ros2_ws/install/motion_pkg:/home/ubuntu/ros2_ws/ros2_ws/install/ros2_ur5_interface:/home/ubuntu/ros2_ws/ros2_ws/install/custom_msg_interfaces:/home/ubuntu/ros2_ws/ros2_ws/install/collision_detection_pkg:${CMAKE_PREFIX_PATH} LD_LIBRARY_PATH=/home/ubuntu/ros2_ws/ros2_ws/install/custom_msg_interfaces/lib:${LD_LIBRARY_PATH} PYTHONPATH=/home/ubuntu/ros2_ws/ros2_ws/build/arm_bringup/prefix_override:/usr/lib/python3/dist-packages/colcon_core/task/python/colcon_distutils_commands:/home/ubuntu/ros2_ws/ros2_ws/install/arm_bringup/lib/python3.12/site-packages:/home/ubuntu/ros2_ws/ros2_ws/install/pose_estimator_pkg/lib/python3.12/site-packages:/home/ubuntu/ros2_ws/ros2_ws/install/planning_pkg/lib/python3.12/site-packages:/home/ubuntu/ros2_ws/ros2_ws/install/custom_msg_interfaces/lib/python3.12/site-packages:${PYTHONPATH} /usr/bin/python3 -W ignore:setup.py install is deprecated -W ignore:easy_install command is deprecated setup.py egg_info --egg-base ../../../build/arm_bringup build --build-base /home/ubuntu/ros2_ws/ros2_ws/build/arm_bringup/build install --record /home/ubuntu/ros2_ws/ros2_ws/build/arm_bringup/install.log --single-version-externally-managed install_data
[24.537s] Level 1:colcon.colcon_core.environment:checking '/home/ubuntu/ros2_ws/ros2_ws/install/arm_bringup' for CMake config files
[24.537s] Level 1:colcon.colcon_core.environment:checking '/home/ubuntu/ros2_ws/ros2_ws/install/arm_bringup/lib'
[24.538s] Level 1:colcon.colcon_core.environment:checking '/home/ubuntu/ros2_ws/ros2_ws/install/arm_bringup/bin'
[24.538s] Level 1:colcon.colcon_core.environment:checking '/home/ubuntu/ros2_ws/ros2_ws/install/arm_bringup/lib/pkgconfig/arm_bringup.pc'
[24.538s] Level 1:colcon.colcon_core.environment:checking '/home/ubuntu/ros2_ws/ros2_ws/install/arm_bringup/lib/python3.12/site-packages'
[24.538s] Level 1:colcon.colcon_core.shell:create_environment_hook('arm_bringup', 'pythonpath')
[24.538s] INFO:colcon.colcon_core.shell:Creating environment hook '/home/ubuntu/ros2_ws/ros2_ws/install/arm_bringup/share/arm_bringup/hook/pythonpath.ps1'
[24.538s] INFO:colcon.colcon_core.shell:Creating environment descriptor '/home/ubuntu/ros2_ws/ros2_ws/install/arm_bringup/share/arm_bringup/hook/pythonpath.dsv'
[24.538s] INFO:colcon.colcon_core.shell:Creating environment hook '/home/ubuntu/ros2_ws/ros2_ws/install/arm_bringup/share/arm_bringup/hook/pythonpath.sh'
[24.539s] Level 1:colcon.colcon_core.environment:checking '/home/ubuntu/ros2_ws/ros2_ws/install/arm_bringup/bin'
[24.539s] Level 1:colcon.colcon_core.environment:create_environment_scripts_only(arm_bringup)
[24.539s] INFO:colcon.colcon_core.shell:Creating package script '/home/ubuntu/ros2_ws/ros2_ws/install/arm_bringup/share/arm_bringup/package.ps1'
[24.539s] INFO:colcon.colcon_core.shell:Creating package descriptor '/home/ubuntu/ros2_ws/ros2_ws/install/arm_bringup/share/arm_bringup/package.dsv'
[24.539s] INFO:colcon.colcon_core.shell:Creating package script '/home/ubuntu/ros2_ws/ros2_ws/install/arm_bringup/share/arm_bringup/package.sh'
[24.540s] INFO:colcon.colcon_core.shell:Creating package script '/home/ubuntu/ros2_ws/ros2_ws/install/arm_bringup/share/arm_bringup/package.bash'
[24.540s] INFO:colcon.colcon_core.shell:Creating package script '/home/ubuntu/ros2_ws/ros2_ws/install/arm_bringup/share/arm_bringup/package.zsh'
[24.540s] Level 1:colcon.colcon_core.environment:create_file_with_runtime_dependencies(/home/ubuntu/ros2_ws/ros2_ws/install/arm_bringup/share/colcon-core/packages/arm_bringup)
[24.540s] DEBUG:colcon.colcon_parallel_executor.executor.parallel:closing loop
[24.541s] DEBUG:colcon.colcon_parallel_executor.executor.parallel:loop closed
[24.541s] DEBUG:colcon.colcon_parallel_executor.executor.parallel:run_until_complete finished with '0'
[24.541s] DEBUG:colcon.colcon_core.event_reactor:joining thread
[24.546s] INFO:colcon.colcon_core.plugin_system:Skipping extension 'colcon_notification.desktop_notification.terminal_notifier': Not used on non-Darwin systems
[24.546s] INFO:colcon.colcon_core.plugin_system:Skipping extension 'colcon_notification.desktop_notification.win32': Not used on non-Windows systems
[24.546s] INFO:colcon.colcon_notification.desktop_notification:Sending desktop notification using 'notify2'
[24.554s] DEBUG:colcon.colcon_core.event_reactor:joined thread
[24.554s] INFO:colcon.colcon_core.shell:Creating prefix script '/home/ubuntu/ros2_ws/ros2_ws/install/local_setup.ps1'
[24.555s] INFO:colcon.colcon_core.shell:Creating prefix util module '/home/ubuntu/ros2_ws/ros2_ws/install/_local_setup_util_ps1.py'
[24.555s] INFO:colcon.colcon_core.shell:Creating prefix chain script '/home/ubuntu/ros2_ws/ros2_ws/install/setup.ps1'
[24.556s] INFO:colcon.colcon_core.shell:Creating prefix script '/home/ubuntu/ros2_ws/ros2_ws/install/local_setup.sh'
[24.556s] INFO:colcon.colcon_core.shell:Creating prefix util module '/home/ubuntu/ros2_ws/ros2_ws/install/_local_setup_util_sh.py'
[24.556s] INFO:colcon.colcon_core.shell:Creating prefix chain script '/home/ubuntu/ros2_ws/ros2_ws/install/setup.sh'
[24.557s] INFO:colcon.colcon_core.shell:Creating prefix script '/home/ubuntu/ros2_ws/ros2_ws/install/local_setup.bash'
[24.557s] INFO:colcon.colcon_core.shell:Creating prefix chain script '/home/ubuntu/ros2_ws/ros2_ws/install/setup.bash'
[24.558s] INFO:colcon.colcon_core.shell:Creating prefix script '/home/ubuntu/ros2_ws/ros2_ws/install/local_setup.zsh'
[24.558s] INFO:colcon.colcon_core.shell:Creating prefix chain script '/home/ubuntu/ros2_ws/ros2_ws/install/setup.zsh'
