/home/ubuntu/ros2_ws/Robotics/ros2_ws/install/vision/lib/python3.12/site-packages/vision/detection_result_republisher.py
/home/ubuntu/ros2_ws/Robotics/ros2_ws/install/vision/lib/python3.12/site-packages/vision/icp_pose_estimator.py
/home/ubuntu/ros2_ws/Robotics/ros2_ws/install/vision/lib/python3.12/site-packages/vision/__init__.py
/home/ubuntu/ros2_ws/Robotics/ros2_ws/install/vision/lib/python3.12/site-packages/vision/test_pointcloude.py
/home/ubuntu/ros2_ws/Robotics/ros2_ws/install/vision/lib/python3.12/site-packages/vision/pt_inference_node.py
/home/ubuntu/ros2_ws/Robotics/ros2_ws/install/vision/lib/python3.12/site-packages/vision/pose_estimator.py
/home/ubuntu/ros2_ws/Robotics/ros2_ws/install/vision/lib/python3.12/site-packages/vision/visualization_node.py
/home/ubuntu/ros2_ws/Robotics/ros2_ws/install/vision/lib/python3.12/site-packages/vision/__pycache__/detection_result_republisher.cpython-312.pyc
/home/ubuntu/ros2_ws/Robotics/ros2_ws/install/vision/lib/python3.12/site-packages/vision/__pycache__/icp_pose_estimator.cpython-312.pyc
/home/ubuntu/ros2_ws/Robotics/ros2_ws/install/vision/lib/python3.12/site-packages/vision/__pycache__/__init__.cpython-312.pyc
/home/ubuntu/ros2_ws/Robotics/ros2_ws/install/vision/lib/python3.12/site-packages/vision/__pycache__/test_pointcloude.cpython-312.pyc
/home/ubuntu/ros2_ws/Robotics/ros2_ws/install/vision/lib/python3.12/site-packages/vision/__pycache__/pt_inference_node.cpython-312.pyc
/home/ubuntu/ros2_ws/Robotics/ros2_ws/install/vision/lib/python3.12/site-packages/vision/__pycache__/pose_estimator.cpython-312.pyc
/home/ubuntu/ros2_ws/Robotics/ros2_ws/install/vision/lib/python3.12/site-packages/vision/__pycache__/visualization_node.cpython-312.pyc
/home/ubuntu/ros2_ws/Robotics/ros2_ws/install/vision/share/ament_index/resource_index/packages/vision
/home/ubuntu/ros2_ws/Robotics/ros2_ws/install/vision/share/vision/package.xml
/home/ubuntu/ros2_ws/Robotics/ros2_ws/install/vision/share/vision/launch/vision.launch.py
/home/ubuntu/ros2_ws/Robotics/ros2_ws/install/vision/share/vision/msg/DetectionResult.msg
/home/ubuntu/ros2_ws/Robotics/ros2_ws/install/vision/lib/python3.12/site-packages/vision-0.0.0-py3.12.egg-info/entry_points.txt
/home/ubuntu/ros2_ws/Robotics/ros2_ws/install/vision/lib/python3.12/site-packages/vision-0.0.0-py3.12.egg-info/zip-safe
/home/ubuntu/ros2_ws/Robotics/ros2_ws/install/vision/lib/python3.12/site-packages/vision-0.0.0-py3.12.egg-info/SOURCES.txt
/home/ubuntu/ros2_ws/Robotics/ros2_ws/install/vision/lib/python3.12/site-packages/vision-0.0.0-py3.12.egg-info/requires.txt
/home/ubuntu/ros2_ws/Robotics/ros2_ws/install/vision/lib/python3.12/site-packages/vision-0.0.0-py3.12.egg-info/PKG-INFO
/home/ubuntu/ros2_ws/Robotics/ros2_ws/install/vision/lib/python3.12/site-packages/vision-0.0.0-py3.12.egg-info/top_level.txt
/home/ubuntu/ros2_ws/Robotics/ros2_ws/install/vision/lib/python3.12/site-packages/vision-0.0.0-py3.12.egg-info/dependency_links.txt
/home/ubuntu/ros2_ws/Robotics/ros2_ws/install/vision/lib/vision/detection_result_republisher
/home/ubuntu/ros2_ws/Robotics/ros2_ws/install/vision/lib/vision/icp_vision_node
/home/ubuntu/ros2_ws/Robotics/ros2_ws/install/vision/lib/vision/pt_inference_node
/home/ubuntu/ros2_ws/Robotics/ros2_ws/install/vision/lib/vision/vision_node
/home/ubuntu/ros2_ws/Robotics/ros2_ws/install/vision/lib/vision/visualization_node
