[0.622s] Invoking command in '/home/ubuntu/ros2_ws/Robotics/ros2_ws/src/start_simulation': AMENT_PREFIX_PATH=/home/ubuntu/ros2_ws/Robotics/ros2_ws/install/planning_pkg:/home/ubuntu/ros2_ws/Robotics/ros2_ws/install/motion:/home/ubuntu/ros2_ws/Robotics/ros2_ws/install/ros2_ur5_interface:/home/ubuntu/ros2_ws/Robotics/ros2_ws/install/custom_msg_interfaces:${AMENT_PREFIX_PATH} CMAKE_PREFIX_PATH=/home/ubuntu/ros2_ws/Robotics/ros2_ws/install/motion:/home/ubuntu/ros2_ws/Robotics/ros2_ws/install/ros2_ur5_interface:/home/ubuntu/ros2_ws/Robotics/ros2_ws/install/custom_msg_interfaces:${CMAKE_PREFIX_PATH} LD_LIBRARY_PATH=/home/ubuntu/ros2_ws/Robotics/ros2_ws/install/custom_msg_interfaces/lib:${LD_LIBRARY_PATH} PYTHONPATH=/home/ubuntu/ros2_ws/Robotics/ros2_ws/build/start_simulation/prefix_override:/usr/lib/python3/dist-packages/colcon_core/task/python/colcon_distutils_commands:/home/ubuntu/ros2_ws/Robotics/ros2_ws/install/start_simulation/lib/python3.12/site-packages:/home/ubuntu/ros2_ws/Robotics/ros2_ws/install/planning_pkg/lib/python3.12/site-packages:/home/ubuntu/ros2_ws/Robotics/ros2_ws/install/custom_msg_interfaces/lib/python3.12/site-packages:${PYTHONPATH} /usr/bin/python3 -W ignore:setup.py install is deprecated -W ignore:easy_install command is deprecated setup.py egg_info --egg-base ../../build/start_simulation build --build-base /home/ubuntu/ros2_ws/Robotics/ros2_ws/build/start_simulation/build install --record /home/ubuntu/ros2_ws/Robotics/ros2_ws/build/start_simulation/install.log --single-version-externally-managed install_data
[0.820s] running egg_info
[0.820s] creating ../../build/start_simulation/start_simulation.egg-info
[0.835s] writing ../../build/start_simulation/start_simulation.egg-info/PKG-INFO
[0.835s] writing dependency_links to ../../build/start_simulation/start_simulation.egg-info/dependency_links.txt
[0.835s] writing requirements to ../../build/start_simulation/start_simulation.egg-info/requires.txt
[0.835s] writing top-level names to ../../build/start_simulation/start_simulation.egg-info/top_level.txt
[0.835s] writing manifest file '../../build/start_simulation/start_simulation.egg-info/SOURCES.txt'
[0.848s] reading manifest file '../../build/start_simulation/start_simulation.egg-info/SOURCES.txt'
[0.848s] writing manifest file '../../build/start_simulation/start_simulation.egg-info/SOURCES.txt'
[0.849s] running build
[0.849s] running install
[0.854s] running install_data
[0.854s] creating /home/ubuntu/ros2_ws/Robotics/ros2_ws/install/start_simulation/share/ament_index
[0.854s] creating /home/ubuntu/ros2_ws/Robotics/ros2_ws/install/start_simulation/share/ament_index/resource_index
[0.855s] creating /home/ubuntu/ros2_ws/Robotics/ros2_ws/install/start_simulation/share/ament_index/resource_index/packages
[0.855s] copying resource/start_simulation -> /home/ubuntu/ros2_ws/Robotics/ros2_ws/install/start_simulation/share/ament_index/resource_index/packages
[0.855s] copying package.xml -> /home/ubuntu/ros2_ws/Robotics/ros2_ws/install/start_simulation/share/start_simulation
[0.855s] creating /home/ubuntu/ros2_ws/Robotics/ros2_ws/install/start_simulation/share/start_simulation/launch
[0.855s] copying launch/start_simulation.launch.py -> /home/ubuntu/ros2_ws/Robotics/ros2_ws/install/start_simulation/share/start_simulation/launch
[0.856s] running install_egg_info
[0.883s] Copying ../../build/start_simulation/start_simulation.egg-info to /home/ubuntu/ros2_ws/Robotics/ros2_ws/install/start_simulation/lib/python3.12/site-packages/start_simulation-0.0.1-py3.12.egg-info
[0.884s] running install_scripts
[0.974s] writing list of installed files to '/home/ubuntu/ros2_ws/Robotics/ros2_ws/build/start_simulation/install.log'
[0.996s] Invoked command in '/home/ubuntu/ros2_ws/Robotics/ros2_ws/src/start_simulation' returned '0': AMENT_PREFIX_PATH=/home/ubuntu/ros2_ws/Robotics/ros2_ws/install/planning_pkg:/home/ubuntu/ros2_ws/Robotics/ros2_ws/install/motion:/home/ubuntu/ros2_ws/Robotics/ros2_ws/install/ros2_ur5_interface:/home/ubuntu/ros2_ws/Robotics/ros2_ws/install/custom_msg_interfaces:${AMENT_PREFIX_PATH} CMAKE_PREFIX_PATH=/home/ubuntu/ros2_ws/Robotics/ros2_ws/install/motion:/home/ubuntu/ros2_ws/Robotics/ros2_ws/install/ros2_ur5_interface:/home/ubuntu/ros2_ws/Robotics/ros2_ws/install/custom_msg_interfaces:${CMAKE_PREFIX_PATH} LD_LIBRARY_PATH=/home/ubuntu/ros2_ws/Robotics/ros2_ws/install/custom_msg_interfaces/lib:${LD_LIBRARY_PATH} PYTHONPATH=/home/ubuntu/ros2_ws/Robotics/ros2_ws/build/start_simulation/prefix_override:/usr/lib/python3/dist-packages/colcon_core/task/python/colcon_distutils_commands:/home/ubuntu/ros2_ws/Robotics/ros2_ws/install/start_simulation/lib/python3.12/site-packages:/home/ubuntu/ros2_ws/Robotics/ros2_ws/install/planning_pkg/lib/python3.12/site-packages:/home/ubuntu/ros2_ws/Robotics/ros2_ws/install/custom_msg_interfaces/lib/python3.12/site-packages:${PYTHONPATH} /usr/bin/python3 -W ignore:setup.py install is deprecated -W ignore:easy_install command is deprecated setup.py egg_info --egg-base ../../build/start_simulation build --build-base /home/ubuntu/ros2_ws/Robotics/ros2_ws/build/start_simulation/build install --record /home/ubuntu/ros2_ws/Robotics/ros2_ws/build/start_simulation/install.log --single-version-externally-managed install_data
