running egg_info
creating ../../build/vision/vision.egg-info
writing ../../build/vision/vision.egg-info/PKG-INFO
writing dependency_links to ../../build/vision/vision.egg-info/dependency_links.txt
writing entry points to ../../build/vision/vision.egg-info/entry_points.txt
writing requirements to ../../build/vision/vision.egg-info/requires.txt
writing top-level names to ../../build/vision/vision.egg-info/top_level.txt
writing manifest file '../../build/vision/vision.egg-info/SOURCES.txt'
reading manifest file '../../build/vision/vision.egg-info/SOURCES.txt'
writing manifest file '../../build/vision/vision.egg-info/SOURCES.txt'
running build
running build_py
creating /home/ubuntu/ros2_ws/Robotics/ros2_ws/build/vision/build
creating /home/ubuntu/ros2_ws/Robotics/ros2_ws/build/vision/build/lib
creating /home/ubuntu/ros2_ws/Robotics/ros2_ws/build/vision/build/lib/vision
copying vision/detection_result_republisher.py -> /home/ubuntu/ros2_ws/Robotics/ros2_ws/build/vision/build/lib/vision
copying vision/icp_pose_estimator.py -> /home/ubuntu/ros2_ws/Robotics/ros2_ws/build/vision/build/lib/vision
copying vision/__init__.py -> /home/ubuntu/ros2_ws/Robotics/ros2_ws/build/vision/build/lib/vision
copying vision/test_pointcloude.py -> /home/ubuntu/ros2_ws/Robotics/ros2_ws/build/vision/build/lib/vision
copying vision/pt_inference_node.py -> /home/ubuntu/ros2_ws/Robotics/ros2_ws/build/vision/build/lib/vision
copying vision/pose_estimator.py -> /home/ubuntu/ros2_ws/Robotics/ros2_ws/build/vision/build/lib/vision
copying vision/visualization_node.py -> /home/ubuntu/ros2_ws/Robotics/ros2_ws/build/vision/build/lib/vision
running install
running install_lib
creating /home/ubuntu/ros2_ws/Robotics/ros2_ws/install/vision/lib/python3.12/site-packages/vision
copying /home/ubuntu/ros2_ws/Robotics/ros2_ws/build/vision/build/lib/vision/detection_result_republisher.py -> /home/ubuntu/ros2_ws/Robotics/ros2_ws/install/vision/lib/python3.12/site-packages/vision
copying /home/ubuntu/ros2_ws/Robotics/ros2_ws/build/vision/build/lib/vision/icp_pose_estimator.py -> /home/ubuntu/ros2_ws/Robotics/ros2_ws/install/vision/lib/python3.12/site-packages/vision
copying /home/ubuntu/ros2_ws/Robotics/ros2_ws/build/vision/build/lib/vision/__init__.py -> /home/ubuntu/ros2_ws/Robotics/ros2_ws/install/vision/lib/python3.12/site-packages/vision
copying /home/ubuntu/ros2_ws/Robotics/ros2_ws/build/vision/build/lib/vision/test_pointcloude.py -> /home/ubuntu/ros2_ws/Robotics/ros2_ws/install/vision/lib/python3.12/site-packages/vision
copying /home/ubuntu/ros2_ws/Robotics/ros2_ws/build/vision/build/lib/vision/pt_inference_node.py -> /home/ubuntu/ros2_ws/Robotics/ros2_ws/install/vision/lib/python3.12/site-packages/vision
copying /home/ubuntu/ros2_ws/Robotics/ros2_ws/build/vision/build/lib/vision/pose_estimator.py -> /home/ubuntu/ros2_ws/Robotics/ros2_ws/install/vision/lib/python3.12/site-packages/vision
copying /home/ubuntu/ros2_ws/Robotics/ros2_ws/build/vision/build/lib/vision/visualization_node.py -> /home/ubuntu/ros2_ws/Robotics/ros2_ws/install/vision/lib/python3.12/site-packages/vision
byte-compiling /home/ubuntu/ros2_ws/Robotics/ros2_ws/install/vision/lib/python3.12/site-packages/vision/detection_result_republisher.py to detection_result_republisher.cpython-312.pyc
byte-compiling /home/ubuntu/ros2_ws/Robotics/ros2_ws/install/vision/lib/python3.12/site-packages/vision/icp_pose_estimator.py to icp_pose_estimator.cpython-312.pyc
byte-compiling /home/ubuntu/ros2_ws/Robotics/ros2_ws/install/vision/lib/python3.12/site-packages/vision/__init__.py to __init__.cpython-312.pyc
byte-compiling /home/ubuntu/ros2_ws/Robotics/ros2_ws/install/vision/lib/python3.12/site-packages/vision/test_pointcloude.py to test_pointcloude.cpython-312.pyc
byte-compiling /home/ubuntu/ros2_ws/Robotics/ros2_ws/install/vision/lib/python3.12/site-packages/vision/pt_inference_node.py to pt_inference_node.cpython-312.pyc
byte-compiling /home/ubuntu/ros2_ws/Robotics/ros2_ws/install/vision/lib/python3.12/site-packages/vision/pose_estimator.py to pose_estimator.cpython-312.pyc
byte-compiling /home/ubuntu/ros2_ws/Robotics/ros2_ws/install/vision/lib/python3.12/site-packages/vision/visualization_node.py to visualization_node.cpython-312.pyc
running install_data
creating /home/ubuntu/ros2_ws/Robotics/ros2_ws/install/vision/share/ament_index
creating /home/ubuntu/ros2_ws/Robotics/ros2_ws/install/vision/share/ament_index/resource_index
creating /home/ubuntu/ros2_ws/Robotics/ros2_ws/install/vision/share/ament_index/resource_index/packages
copying resource/vision -> /home/ubuntu/ros2_ws/Robotics/ros2_ws/install/vision/share/ament_index/resource_index/packages
copying package.xml -> /home/ubuntu/ros2_ws/Robotics/ros2_ws/install/vision/share/vision
creating /home/ubuntu/ros2_ws/Robotics/ros2_ws/install/vision/share/vision/launch
copying launch/vision.launch.py -> /home/ubuntu/ros2_ws/Robotics/ros2_ws/install/vision/share/vision/launch
creating /home/ubuntu/ros2_ws/Robotics/ros2_ws/install/vision/share/vision/msg
copying msg/DetectionResult.msg -> /home/ubuntu/ros2_ws/Robotics/ros2_ws/install/vision/share/vision/msg
running install_egg_info
Copying ../../build/vision/vision.egg-info to /home/ubuntu/ros2_ws/Robotics/ros2_ws/install/vision/lib/python3.12/site-packages/vision-0.0.0-py3.12.egg-info
running install_scripts
Installing detection_result_republisher script to /home/ubuntu/ros2_ws/Robotics/ros2_ws/install/vision/lib/pose_estimator_pkg
Installing icp_vision_node script to /home/ubuntu/ros2_ws/Robotics/ros2_ws/install/vision/lib/pose_estimator_pkg
Installing pt_inference_node script to /home/ubuntu/ros2_ws/Robotics/ros2_ws/install/vision/lib/pose_estimator_pkg
Installing vision_node script to /home/ubuntu/ros2_ws/Robotics/ros2_ws/install/vision/lib/pose_estimator_pkg
Installing visualization_node script to /home/ubuntu/ros2_ws/Robotics/ros2_ws/install/vision/lib/pose_estimator_pkg
writing list of installed files to '/home/ubuntu/ros2_ws/Robotics/ros2_ws/build/vision/install.log'
