[1.183s] Invoking command in '/home/ubuntu/ros2_ws/Robotics/ros2_ws/src/vision': AMENT_PREFIX_PATH=/home/ubuntu/ros2_ws/Robotics/ros2_ws/install/custom_msg_interfaces:${AMENT_PREFIX_PATH} CMAKE_PREFIX_PATH=/home/ubuntu/ros2_ws/Robotics/ros2_ws/install/custom_msg_interfaces:${CMAKE_PREFIX_PATH} LD_LIBRARY_PATH=/home/ubuntu/ros2_ws/Robotics/ros2_ws/install/custom_msg_interfaces/lib:${LD_LIBRARY_PATH} PYTHONPATH=/home/ubuntu/ros2_ws/Robotics/ros2_ws/build/vision/prefix_override:/usr/lib/python3/dist-packages/colcon_core/task/python/colcon_distutils_commands:/home/ubuntu/ros2_ws/Robotics/ros2_ws/install/vision/lib/python3.12/site-packages:/home/ubuntu/ros2_ws/Robotics/ros2_ws/install/custom_msg_interfaces/lib/python3.12/site-packages:${PYTHONPATH} /usr/bin/python3 -W ignore:setup.py install is deprecated -W ignore:easy_install command is deprecated setup.py egg_info --egg-base ../../build/vision build --build-base /home/ubuntu/ros2_ws/Robotics/ros2_ws/build/vision/build install --record /home/ubuntu/ros2_ws/Robotics/ros2_ws/build/vision/install.log --single-version-externally-managed install_data
[1.417s] running egg_info
[1.417s] creating ../../build/vision/vision.egg-info
[1.433s] writing ../../build/vision/vision.egg-info/PKG-INFO
[1.434s] writing dependency_links to ../../build/vision/vision.egg-info/dependency_links.txt
[1.434s] writing entry points to ../../build/vision/vision.egg-info/entry_points.txt
[1.434s] writing requirements to ../../build/vision/vision.egg-info/requires.txt
[1.434s] writing top-level names to ../../build/vision/vision.egg-info/top_level.txt
[1.434s] writing manifest file '../../build/vision/vision.egg-info/SOURCES.txt'
[1.469s] reading manifest file '../../build/vision/vision.egg-info/SOURCES.txt'
[1.469s] writing manifest file '../../build/vision/vision.egg-info/SOURCES.txt'
[1.470s] running build
[1.470s] running build_py
[1.470s] creating /home/ubuntu/ros2_ws/Robotics/ros2_ws/build/vision/build
[1.470s] creating /home/ubuntu/ros2_ws/Robotics/ros2_ws/build/vision/build/lib
[1.471s] creating /home/ubuntu/ros2_ws/Robotics/ros2_ws/build/vision/build/lib/vision
[1.471s] copying vision/detection_result_republisher.py -> /home/ubuntu/ros2_ws/Robotics/ros2_ws/build/vision/build/lib/vision
[1.471s] copying vision/icp_pose_estimator.py -> /home/ubuntu/ros2_ws/Robotics/ros2_ws/build/vision/build/lib/vision
[1.472s] copying vision/__init__.py -> /home/ubuntu/ros2_ws/Robotics/ros2_ws/build/vision/build/lib/vision
[1.472s] copying vision/test_pointcloude.py -> /home/ubuntu/ros2_ws/Robotics/ros2_ws/build/vision/build/lib/vision
[1.472s] copying vision/pt_inference_node.py -> /home/ubuntu/ros2_ws/Robotics/ros2_ws/build/vision/build/lib/vision
[1.472s] copying vision/pose_estimator.py -> /home/ubuntu/ros2_ws/Robotics/ros2_ws/build/vision/build/lib/vision
[1.472s] copying vision/visualization_node.py -> /home/ubuntu/ros2_ws/Robotics/ros2_ws/build/vision/build/lib/vision
[1.473s] running install
[1.479s] running install_lib
[1.496s] creating /home/ubuntu/ros2_ws/Robotics/ros2_ws/install/vision/lib/python3.12/site-packages/vision
[1.496s] copying /home/ubuntu/ros2_ws/Robotics/ros2_ws/build/vision/build/lib/vision/detection_result_republisher.py -> /home/ubuntu/ros2_ws/Robotics/ros2_ws/install/vision/lib/python3.12/site-packages/vision
[1.496s] copying /home/ubuntu/ros2_ws/Robotics/ros2_ws/build/vision/build/lib/vision/icp_pose_estimator.py -> /home/ubuntu/ros2_ws/Robotics/ros2_ws/install/vision/lib/python3.12/site-packages/vision
[1.496s] copying /home/ubuntu/ros2_ws/Robotics/ros2_ws/build/vision/build/lib/vision/__init__.py -> /home/ubuntu/ros2_ws/Robotics/ros2_ws/install/vision/lib/python3.12/site-packages/vision
[1.497s] copying /home/ubuntu/ros2_ws/Robotics/ros2_ws/build/vision/build/lib/vision/test_pointcloude.py -> /home/ubuntu/ros2_ws/Robotics/ros2_ws/install/vision/lib/python3.12/site-packages/vision
[1.497s] copying /home/ubuntu/ros2_ws/Robotics/ros2_ws/build/vision/build/lib/vision/pt_inference_node.py -> /home/ubuntu/ros2_ws/Robotics/ros2_ws/install/vision/lib/python3.12/site-packages/vision
[1.497s] copying /home/ubuntu/ros2_ws/Robotics/ros2_ws/build/vision/build/lib/vision/pose_estimator.py -> /home/ubuntu/ros2_ws/Robotics/ros2_ws/install/vision/lib/python3.12/site-packages/vision
[1.497s] copying /home/ubuntu/ros2_ws/Robotics/ros2_ws/build/vision/build/lib/vision/visualization_node.py -> /home/ubuntu/ros2_ws/Robotics/ros2_ws/install/vision/lib/python3.12/site-packages/vision
[1.498s] byte-compiling /home/ubuntu/ros2_ws/Robotics/ros2_ws/install/vision/lib/python3.12/site-packages/vision/detection_result_republisher.py to detection_result_republisher.cpython-312.pyc
[1.499s] byte-compiling /home/ubuntu/ros2_ws/Robotics/ros2_ws/install/vision/lib/python3.12/site-packages/vision/icp_pose_estimator.py to icp_pose_estimator.cpython-312.pyc
[1.501s] byte-compiling /home/ubuntu/ros2_ws/Robotics/ros2_ws/install/vision/lib/python3.12/site-packages/vision/__init__.py to __init__.cpython-312.pyc
[1.501s] byte-compiling /home/ubuntu/ros2_ws/Robotics/ros2_ws/install/vision/lib/python3.12/site-packages/vision/test_pointcloude.py to test_pointcloude.cpython-312.pyc
[1.501s] byte-compiling /home/ubuntu/ros2_ws/Robotics/ros2_ws/install/vision/lib/python3.12/site-packages/vision/pt_inference_node.py to pt_inference_node.cpython-312.pyc
[1.502s] byte-compiling /home/ubuntu/ros2_ws/Robotics/ros2_ws/install/vision/lib/python3.12/site-packages/vision/pose_estimator.py to pose_estimator.cpython-312.pyc
[1.503s] byte-compiling /home/ubuntu/ros2_ws/Robotics/ros2_ws/install/vision/lib/python3.12/site-packages/vision/visualization_node.py to visualization_node.cpython-312.pyc
[1.503s] running install_data
[1.504s] creating /home/ubuntu/ros2_ws/Robotics/ros2_ws/install/vision/share/ament_index
[1.504s] creating /home/ubuntu/ros2_ws/Robotics/ros2_ws/install/vision/share/ament_index/resource_index
[1.504s] creating /home/ubuntu/ros2_ws/Robotics/ros2_ws/install/vision/share/ament_index/resource_index/packages
[1.504s] copying resource/vision -> /home/ubuntu/ros2_ws/Robotics/ros2_ws/install/vision/share/ament_index/resource_index/packages
[1.505s] copying package.xml -> /home/ubuntu/ros2_ws/Robotics/ros2_ws/install/vision/share/vision
[1.505s] creating /home/ubuntu/ros2_ws/Robotics/ros2_ws/install/vision/share/vision/launch
[1.505s] copying launch/vision.launch.py -> /home/ubuntu/ros2_ws/Robotics/ros2_ws/install/vision/share/vision/launch
[1.505s] creating /home/ubuntu/ros2_ws/Robotics/ros2_ws/install/vision/share/vision/msg
[1.505s] copying msg/DetectionResult.msg -> /home/ubuntu/ros2_ws/Robotics/ros2_ws/install/vision/share/vision/msg
[1.505s] running install_egg_info
[1.521s] Copying ../../build/vision/vision.egg-info to /home/ubuntu/ros2_ws/Robotics/ros2_ws/install/vision/lib/python3.12/site-packages/vision-0.0.0-py3.12.egg-info
[1.522s] running install_scripts
[1.645s] Installing detection_result_republisher script to /home/ubuntu/ros2_ws/Robotics/ros2_ws/install/vision/lib/pose_estimator_pkg
[1.645s] Installing icp_vision_node script to /home/ubuntu/ros2_ws/Robotics/ros2_ws/install/vision/lib/pose_estimator_pkg
[1.646s] Installing pt_inference_node script to /home/ubuntu/ros2_ws/Robotics/ros2_ws/install/vision/lib/pose_estimator_pkg
[1.646s] Installing vision_node script to /home/ubuntu/ros2_ws/Robotics/ros2_ws/install/vision/lib/pose_estimator_pkg
[1.646s] Installing visualization_node script to /home/ubuntu/ros2_ws/Robotics/ros2_ws/install/vision/lib/pose_estimator_pkg
[1.646s] writing list of installed files to '/home/ubuntu/ros2_ws/Robotics/ros2_ws/build/vision/install.log'
[1.687s] Invoked command in '/home/ubuntu/ros2_ws/Robotics/ros2_ws/src/vision' returned '0': AMENT_PREFIX_PATH=/home/ubuntu/ros2_ws/Robotics/ros2_ws/install/custom_msg_interfaces:${AMENT_PREFIX_PATH} CMAKE_PREFIX_PATH=/home/ubuntu/ros2_ws/Robotics/ros2_ws/install/custom_msg_interfaces:${CMAKE_PREFIX_PATH} LD_LIBRARY_PATH=/home/ubuntu/ros2_ws/Robotics/ros2_ws/install/custom_msg_interfaces/lib:${LD_LIBRARY_PATH} PYTHONPATH=/home/ubuntu/ros2_ws/Robotics/ros2_ws/build/vision/prefix_override:/usr/lib/python3/dist-packages/colcon_core/task/python/colcon_distutils_commands:/home/ubuntu/ros2_ws/Robotics/ros2_ws/install/vision/lib/python3.12/site-packages:/home/ubuntu/ros2_ws/Robotics/ros2_ws/install/custom_msg_interfaces/lib/python3.12/site-packages:${PYTHONPATH} /usr/bin/python3 -W ignore:setup.py install is deprecated -W ignore:easy_install command is deprecated setup.py egg_info --egg-base ../../build/vision build --build-base /home/ubuntu/ros2_ws/Robotics/ros2_ws/build/vision/build install --record /home/ubuntu/ros2_ws/Robotics/ros2_ws/build/vision/install.log --single-version-externally-managed install_data
