[ 50%] Built target publish_trajectory_node
[100%] Built target gripper_service
-- Install configuration: ""
-- Up-to-date: /home/ubuntu/ros2_ws/install/ros2_ur5_interface/lib/ros2_ur5_interface/publish_trajectory_node
-- Up-to-date: /home/ubuntu/ros2_ws/install/ros2_ur5_interface/lib/ros2_ur5_interface/gripper_service
-- Up-to-date: /home/ubuntu/ros2_ws/install/ros2_ur5_interface/share/ros2_ur5_interface/launch
-- Up-to-date: /home/ubuntu/ros2_ws/install/ros2_ur5_interface/share/ros2_ur5_interface/launch/interface.launch.py
-- Up-to-date: /home/ubuntu/ros2_ws/install/ros2_ur5_interface/share/ros2_ur5_interface/launch/sim.launch.py
-- Up-to-date: /home/ubuntu/ros2_ws/install/ros2_ur5_interface/share/ros2_ur5_interface/config
-- Up-to-date: /home/ubuntu/ros2_ws/install/ros2_ur5_interface/share/ros2_ur5_interface/config/ur_controllers.yaml
-- Up-to-date: /home/ubuntu/ros2_ws/install/ros2_ur5_interface/share/ros2_ur5_interface/params
-- Up-to-date: /home/ubuntu/ros2_ws/install/ros2_ur5_interface/share/ros2_ur5_interface/params/ur5_bridge.yaml
-- Up-to-date: /home/ubuntu/ros2_ws/install/ros2_ur5_interface/share/ros2_ur5_interface/gripper
-- Up-to-date: /home/ubuntu/ros2_ws/install/ros2_ur5_interface/share/ros2_ur5_interface/gripper/close.script
-- Up-to-date: /home/ubuntu/ros2_ws/install/ros2_ur5_interface/share/ros2_ur5_interface/gripper/neutral_from_closed.script
-- Up-to-date: /home/ubuntu/ros2_ws/install/ros2_ur5_interface/share/ros2_ur5_interface/gripper/open.script
-- Up-to-date: /home/ubuntu/ros2_ws/install/ros2_ur5_interface/share/ros2_ur5_interface/gripper/neutral_from_open.script
-- Up-to-date: /home/ubuntu/ros2_ws/install/ros2_ur5_interface/share/ros2_ur5_interface/worlds
-- Up-to-date: /home/ubuntu/ros2_ws/install/ros2_ur5_interface/share/ros2_ur5_interface/worlds/empty.world
-- Up-to-date: /home/ubuntu/ros2_ws/install/ros2_ur5_interface/share/ros2_ur5_interface/models
-- Up-to-date: /home/ubuntu/ros2_ws/install/ros2_ur5_interface/share/ros2_ur5_interface/models/block.urdf.xacro
-- Up-to-date: /home/ubuntu/ros2_ws/install/ros2_ur5_interface/share/ros2_ur5_interface/models/camera.sdf
-- Up-to-date: /home/ubuntu/ros2_ws/install/ros2_ur5_interface/share/ros2_ur5_interface/models/meshes
-- Up-to-date: /home/ubuntu/ros2_ws/install/ros2_ur5_interface/share/ros2_ur5_interface/models/meshes/X2-Y2-Z2.stl
-- Up-to-date: /home/ubuntu/ros2_ws/install/ros2_ur5_interface/share/ros2_ur5_interface/models/meshes/X1-Y3-Z2.stl
-- Up-to-date: /home/ubuntu/ros2_ws/install/ros2_ur5_interface/share/ros2_ur5_interface/models/meshes/X1-Y2-Z2-CHAMFER.stl
-- Up-to-date: /home/ubuntu/ros2_ws/install/ros2_ur5_interface/share/ros2_ur5_interface/models/meshes/X1-Y4-Z1.stl
-- Up-to-date: /home/ubuntu/ros2_ws/install/ros2_ur5_interface/share/ros2_ur5_interface/models/meshes/link1.stl
-- Up-to-date: /home/ubuntu/ros2_ws/install/ros2_ur5_interface/share/ros2_ur5_interface/models/meshes/X1-Y1-Z2.stl
-- Up-to-date: /home/ubuntu/ros2_ws/install/ros2_ur5_interface/share/ros2_ur5_interface/models/meshes/X1-Y4-Z2.stl
-- Up-to-date: /home/ubuntu/ros2_ws/install/ros2_ur5_interface/share/ros2_ur5_interface/models/meshes/X1-Y2-Z2-TWINFILLET.stl
-- Up-to-date: /home/ubuntu/ros2_ws/install/ros2_ur5_interface/share/ros2_ur5_interface/models/meshes/X1-Y3-Z2-FILLET.stl
-- Up-to-date: /home/ubuntu/ros2_ws/install/ros2_ur5_interface/share/ros2_ur5_interface/models/meshes/X1-Y2-Z1.stl
-- Up-to-date: /home/ubuntu/ros2_ws/install/ros2_ur5_interface/share/ros2_ur5_interface/models/meshes/desk.stl
-- Up-to-date: /home/ubuntu/ros2_ws/install/ros2_ur5_interface/share/ros2_ur5_interface/models/meshes/link2.stl
-- Up-to-date: /home/ubuntu/ros2_ws/install/ros2_ur5_interface/share/ros2_ur5_interface/models/meshes/X2-Y2-Z2-FILLET.stl
-- Up-to-date: /home/ubuntu/ros2_ws/install/ros2_ur5_interface/share/ros2_ur5_interface/models/meshes/base.stl
-- Up-to-date: /home/ubuntu/ros2_ws/install/ros2_ur5_interface/share/ros2_ur5_interface/models/meshes/X1-Y2-Z2.stl
-- Up-to-date: /home/ubuntu/ros2_ws/install/ros2_ur5_interface/share/ros2_ur5_interface/models/desk.urdf.xacro
-- Up-to-date: /home/ubuntu/ros2_ws/install/ros2_ur5_interface/share/ros2_ur5_interface/models/desk.config
-- Up-to-date: /home/ubuntu/ros2_ws/install/ros2_ur5_interface/share/ros2_ur5_interface/models/ur_gz.urdf.xacro
-- Up-to-date: /home/ubuntu/ros2_ws/install/ros2_ur5_interface/share/ros2_ur5_interface/models/ur_gz.ros2_control.xacro
-- Up-to-date: /home/ubuntu/ros2_ws/install/ros2_ur5_interface/share/ros2_ur5_interface/models/soft_robotics_gripper.xacro
-- Up-to-date: /home/ubuntu/ros2_ws/install/ros2_ur5_interface/share/ros2_ur5_interface/models/block.config
-- Up-to-date: /home/ubuntu/ros2_ws/install/ros2_ur5_interface/share/ros2_ur5_interface/rviz
-- Up-to-date: /home/ubuntu/ros2_ws/install/ros2_ur5_interface/share/ros2_ur5_interface/rviz/ur5.rviz
-- Up-to-date: /home/ubuntu/ros2_ws/install/ros2_ur5_interface/share/ament_index/resource_index/package_run_dependencies/ros2_ur5_interface
-- Up-to-date: /home/ubuntu/ros2_ws/install/ros2_ur5_interface/share/ament_index/resource_index/parent_prefix_path/ros2_ur5_interface
-- Up-to-date: /home/ubuntu/ros2_ws/install/ros2_ur5_interface/share/ros2_ur5_interface/environment/ament_prefix_path.sh
-- Up-to-date: /home/ubuntu/ros2_ws/install/ros2_ur5_interface/share/ros2_ur5_interface/environment/ament_prefix_path.dsv
-- Up-to-date: /home/ubuntu/ros2_ws/install/ros2_ur5_interface/share/ros2_ur5_interface/environment/path.sh
-- Up-to-date: /home/ubuntu/ros2_ws/install/ros2_ur5_interface/share/ros2_ur5_interface/environment/path.dsv
-- Up-to-date: /home/ubuntu/ros2_ws/install/ros2_ur5_interface/share/ros2_ur5_interface/local_setup.bash
-- Up-to-date: /home/ubuntu/ros2_ws/install/ros2_ur5_interface/share/ros2_ur5_interface/local_setup.sh
-- Up-to-date: /home/ubuntu/ros2_ws/install/ros2_ur5_interface/share/ros2_ur5_interface/local_setup.zsh
-- Up-to-date: /home/ubuntu/ros2_ws/install/ros2_ur5_interface/share/ros2_ur5_interface/local_setup.dsv
-- Installing: /home/ubuntu/ros2_ws/install/ros2_ur5_interface/share/ros2_ur5_interface/package.dsv
-- Up-to-date: /home/ubuntu/ros2_ws/install/ros2_ur5_interface/share/ament_index/resource_index/packages/ros2_ur5_interface
-- Up-to-date: /home/ubuntu/ros2_ws/install/ros2_ur5_interface/share/ros2_ur5_interface/cmake/ros2_ur5_interfaceConfig.cmake
-- Up-to-date: /home/ubuntu/ros2_ws/install/ros2_ur5_interface/share/ros2_ur5_interface/cmake/ros2_ur5_interfaceConfig-version.cmake
-- Up-to-date: /home/ubuntu/ros2_ws/install/ros2_ur5_interface/share/ros2_ur5_interface/package.xml
