[0.255s] DEBUG:colcon:Command line arguments: ['/usr/bin/colcon', 'build', '--packages-ignore', 'vision']
[0.255s] DEBUG:colcon:Parsed command line arguments: Namespace(log_base=None, log_level=None, verb_name='build', build_base='build', install_base='install', merge_install=False, symlink_install=False, test_result_base=None, continue_on_error=False, executor='parallel', parallel_workers=16, event_handlers=None, ignore_user_meta=False, metas=['./colcon.meta'], base_paths=['.'], packages_ignore=['vision'], packages_ignore_regex=None, paths=None, packages_up_to=None, packages_up_to_regex=None, packages_above=None, packages_above_and_dependencies=None, packages_above_depth=None, packages_select_by_dep=None, packages_skip_by_dep=None, packages_skip_up_to=None, packages_select_build_failed=False, packages_skip_build_finished=False, packages_select_test_failures=False, packages_skip_test_passed=False, packages_select=None, packages_skip=None, packages_select_regex=None, packages_skip_regex=None, packages_start=None, packages_end=None, allow_overriding=[], cmake_args=None, cmake_target=None, cmake_target_skip_unavailable=False, cmake_clean_cache=False, cmake_clean_first=False, cmake_force_configure=False, ament_cmake_args=None, catkin_cmake_args=None, catkin_skip_building_tests=False, verb_parser=<colcon_defaults.argument_parser.defaults.DefaultArgumentsDecorator object at 0x7f7d3e2f5340>, verb_extension=<colcon_core.verb.build.BuildVerb object at 0x7f7d3e2cd0d0>, main=<bound method BuildVerb.main of <colcon_core.verb.build.BuildVerb object at 0x7f7d3e2cd0d0>>)
[0.333s] Level 1:colcon.colcon_core.package_discovery:discover_packages(colcon_meta) check parameters
[0.333s] Level 1:colcon.colcon_core.package_discovery:discover_packages(recursive) check parameters
[0.333s] Level 1:colcon.colcon_core.package_discovery:discover_packages(ignore) check parameters
[0.333s] Level 1:colcon.colcon_core.package_discovery:discover_packages(path) check parameters
[0.333s] Level 1:colcon.colcon_core.package_discovery:discover_packages(colcon_meta) discover
[0.333s] Level 1:colcon.colcon_core.package_discovery:discover_packages(recursive) discover
[0.333s] INFO:colcon.colcon_core.package_discovery:Crawling recursively for packages in '/home/ubuntu/ros2_ws/src/Robotics/ros2_ws'
[0.333s] Level 1:colcon.colcon_core.package_identification:_identify(.) by extensions ['ignore', 'ignore_ament_install']
[0.334s] Level 1:colcon.colcon_core.package_identification:_identify(.) by extension 'ignore'
[0.334s] Level 1:colcon.colcon_core.package_identification:_identify(.) by extension 'ignore_ament_install'
[0.334s] Level 1:colcon.colcon_core.package_identification:_identify(.) by extensions ['colcon_pkg']
[0.334s] Level 1:colcon.colcon_core.package_identification:_identify(.) by extension 'colcon_pkg'
[0.334s] Level 1:colcon.colcon_core.package_identification:_identify(.) by extensions ['colcon_meta']
[0.334s] Level 1:colcon.colcon_core.package_identification:_identify(.) by extension 'colcon_meta'
[0.334s] Level 1:colcon.colcon_core.package_identification:_identify(.) by extensions ['ros']
[0.334s] Level 1:colcon.colcon_core.package_identification:_identify(.) by extension 'ros'
[0.390s] Level 1:colcon.colcon_core.package_identification:_identify(.) by extensions ['cmake', 'python']
[0.390s] Level 1:colcon.colcon_core.package_identification:_identify(.) by extension 'cmake'
[0.390s] Level 1:colcon.colcon_core.package_identification:_identify(.) by extension 'python'
[0.390s] Level 1:colcon.colcon_core.package_identification:_identify(.) by extensions ['python_setup_py']
[0.390s] Level 1:colcon.colcon_core.package_identification:_identify(.) by extension 'python_setup_py'
[0.390s] Level 1:colcon.colcon_core.package_identification:_identify(build) by extensions ['ignore', 'ignore_ament_install']
[0.391s] Level 1:colcon.colcon_core.package_identification:_identify(build) by extension 'ignore'
[0.391s] Level 1:colcon.colcon_core.package_identification:_identify(build) ignored
[0.391s] Level 1:colcon.colcon_core.package_identification:_identify(install) by extensions ['ignore', 'ignore_ament_install']
[0.391s] Level 1:colcon.colcon_core.package_identification:_identify(install) by extension 'ignore'
[0.391s] Level 1:colcon.colcon_core.package_identification:_identify(install) ignored
[0.391s] Level 1:colcon.colcon_core.package_identification:_identify(log) by extensions ['ignore', 'ignore_ament_install']
[0.391s] Level 1:colcon.colcon_core.package_identification:_identify(log) by extension 'ignore'
[0.392s] Level 1:colcon.colcon_core.package_identification:_identify(log) ignored
[0.392s] Level 1:colcon.colcon_core.package_identification:_identify(src) by extensions ['ignore', 'ignore_ament_install']
[0.392s] Level 1:colcon.colcon_core.package_identification:_identify(src) by extension 'ignore'
[0.392s] Level 1:colcon.colcon_core.package_identification:_identify(src) by extension 'ignore_ament_install'
[0.392s] Level 1:colcon.colcon_core.package_identification:_identify(src) by extensions ['colcon_pkg']
[0.392s] Level 1:colcon.colcon_core.package_identification:_identify(src) by extension 'colcon_pkg'
[0.392s] Level 1:colcon.colcon_core.package_identification:_identify(src) by extensions ['colcon_meta']
[0.392s] Level 1:colcon.colcon_core.package_identification:_identify(src) by extension 'colcon_meta'
[0.392s] Level 1:colcon.colcon_core.package_identification:_identify(src) by extensions ['ros']
[0.392s] Level 1:colcon.colcon_core.package_identification:_identify(src) by extension 'ros'
[0.392s] Level 1:colcon.colcon_core.package_identification:_identify(src) by extensions ['cmake', 'python']
[0.392s] Level 1:colcon.colcon_core.package_identification:_identify(src) by extension 'cmake'
[0.392s] Level 1:colcon.colcon_core.package_identification:_identify(src) by extension 'python'
[0.392s] Level 1:colcon.colcon_core.package_identification:_identify(src) by extensions ['python_setup_py']
[0.392s] Level 1:colcon.colcon_core.package_identification:_identify(src) by extension 'python_setup_py'
[0.392s] Level 1:colcon.colcon_core.package_identification:_identify(src/custom_msg_interfaces) by extensions ['ignore', 'ignore_ament_install']
[0.393s] Level 1:colcon.colcon_core.package_identification:_identify(src/custom_msg_interfaces) by extension 'ignore'
[0.393s] Level 1:colcon.colcon_core.package_identification:_identify(src/custom_msg_interfaces) by extension 'ignore_ament_install'
[0.393s] Level 1:colcon.colcon_core.package_identification:_identify(src/custom_msg_interfaces) by extensions ['colcon_pkg']
[0.393s] Level 1:colcon.colcon_core.package_identification:_identify(src/custom_msg_interfaces) by extension 'colcon_pkg'
[0.393s] Level 1:colcon.colcon_core.package_identification:_identify(src/custom_msg_interfaces) by extensions ['colcon_meta']
[0.393s] Level 1:colcon.colcon_core.package_identification:_identify(src/custom_msg_interfaces) by extension 'colcon_meta'
[0.393s] Level 1:colcon.colcon_core.package_identification:_identify(src/custom_msg_interfaces) by extensions ['ros']
[0.393s] Level 1:colcon.colcon_core.package_identification:_identify(src/custom_msg_interfaces) by extension 'ros'
[0.399s] DEBUG:colcon.colcon_core.package_identification:Package 'src/custom_msg_interfaces' with type 'ros.ament_cmake' and name 'custom_msg_interfaces'
[0.399s] Level 1:colcon.colcon_core.package_identification:_identify(src/motion) by extensions ['ignore', 'ignore_ament_install']
[0.399s] Level 1:colcon.colcon_core.package_identification:_identify(src/motion) by extension 'ignore'
[0.400s] Level 1:colcon.colcon_core.package_identification:_identify(src/motion) by extension 'ignore_ament_install'
[0.400s] Level 1:colcon.colcon_core.package_identification:_identify(src/motion) by extensions ['colcon_pkg']
[0.400s] Level 1:colcon.colcon_core.package_identification:_identify(src/motion) by extension 'colcon_pkg'
[0.400s] Level 1:colcon.colcon_core.package_identification:_identify(src/motion) by extensions ['colcon_meta']
[0.400s] Level 1:colcon.colcon_core.package_identification:_identify(src/motion) by extension 'colcon_meta'
[0.400s] Level 1:colcon.colcon_core.package_identification:_identify(src/motion) by extensions ['ros']
[0.400s] Level 1:colcon.colcon_core.package_identification:_identify(src/motion) by extension 'ros'
[0.402s] DEBUG:colcon.colcon_core.package_identification:Package 'src/motion' with type 'ros.ament_cmake' and name 'motion'
[0.402s] Level 1:colcon.colcon_core.package_identification:_identify(src/planning_pkg) by extensions ['ignore', 'ignore_ament_install']
[0.403s] Level 1:colcon.colcon_core.package_identification:_identify(src/planning_pkg) by extension 'ignore'
[0.403s] Level 1:colcon.colcon_core.package_identification:_identify(src/planning_pkg) by extension 'ignore_ament_install'
[0.403s] Level 1:colcon.colcon_core.package_identification:_identify(src/planning_pkg) by extensions ['colcon_pkg']
[0.403s] Level 1:colcon.colcon_core.package_identification:_identify(src/planning_pkg) by extension 'colcon_pkg'
[0.403s] Level 1:colcon.colcon_core.package_identification:_identify(src/planning_pkg) by extensions ['colcon_meta']
[0.403s] Level 1:colcon.colcon_core.package_identification:_identify(src/planning_pkg) by extension 'colcon_meta'
[0.403s] Level 1:colcon.colcon_core.package_identification:_identify(src/planning_pkg) by extensions ['ros']
[0.403s] Level 1:colcon.colcon_core.package_identification:_identify(src/planning_pkg) by extension 'ros'
[0.405s] DEBUG:colcon.colcon_core.package_identification:Package 'src/planning_pkg' with type 'ros.ament_cmake' and name 'planning'
[0.406s] Level 1:colcon.colcon_core.package_identification:_identify(src/ros2_ur5_interface) by extensions ['ignore', 'ignore_ament_install']
[0.406s] Level 1:colcon.colcon_core.package_identification:_identify(src/ros2_ur5_interface) by extension 'ignore'
[0.406s] Level 1:colcon.colcon_core.package_identification:_identify(src/ros2_ur5_interface) by extension 'ignore_ament_install'
[0.406s] Level 1:colcon.colcon_core.package_identification:_identify(src/ros2_ur5_interface) by extensions ['colcon_pkg']
[0.406s] Level 1:colcon.colcon_core.package_identification:_identify(src/ros2_ur5_interface) by extension 'colcon_pkg'
[0.407s] Level 1:colcon.colcon_core.package_identification:_identify(src/ros2_ur5_interface) by extensions ['colcon_meta']
[0.407s] Level 1:colcon.colcon_core.package_identification:_identify(src/ros2_ur5_interface) by extension 'colcon_meta'
[0.407s] Level 1:colcon.colcon_core.package_identification:_identify(src/ros2_ur5_interface) by extensions ['ros']
[0.407s] Level 1:colcon.colcon_core.package_identification:_identify(src/ros2_ur5_interface) by extension 'ros'
[0.408s] DEBUG:colcon.colcon_core.package_identification:Package 'src/ros2_ur5_interface' with type 'ros.ament_cmake' and name 'ros2_ur5_interface'
[0.408s] Level 1:colcon.colcon_core.package_identification:_identify(src/start_simulation) by extensions ['ignore', 'ignore_ament_install']
[0.408s] Level 1:colcon.colcon_core.package_identification:_identify(src/start_simulation) by extension 'ignore'
[0.408s] Level 1:colcon.colcon_core.package_identification:_identify(src/start_simulation) by extension 'ignore_ament_install'
[0.408s] Level 1:colcon.colcon_core.package_identification:_identify(src/start_simulation) by extensions ['colcon_pkg']
[0.408s] Level 1:colcon.colcon_core.package_identification:_identify(src/start_simulation) by extension 'colcon_pkg'
[0.408s] Level 1:colcon.colcon_core.package_identification:_identify(src/start_simulation) by extensions ['colcon_meta']
[0.408s] Level 1:colcon.colcon_core.package_identification:_identify(src/start_simulation) by extension 'colcon_meta'
[0.408s] Level 1:colcon.colcon_core.package_identification:_identify(src/start_simulation) by extensions ['ros']
[0.408s] Level 1:colcon.colcon_core.package_identification:_identify(src/start_simulation) by extension 'ros'
[0.410s] DEBUG:colcon.colcon_core.package_identification:Package 'src/start_simulation' with type 'ros.ament_python' and name 'start_simulation'
[0.410s] Level 1:colcon.colcon_core.package_identification:_identify(src/vision) by extensions ['ignore', 'ignore_ament_install']
[0.410s] Level 1:colcon.colcon_core.package_identification:_identify(src/vision) by extension 'ignore'
[0.410s] Level 1:colcon.colcon_core.package_identification:_identify(src/vision) by extension 'ignore_ament_install'
[0.410s] Level 1:colcon.colcon_core.package_identification:_identify(src/vision) by extensions ['colcon_pkg']
[0.410s] Level 1:colcon.colcon_core.package_identification:_identify(src/vision) by extension 'colcon_pkg'
[0.410s] Level 1:colcon.colcon_core.package_identification:_identify(src/vision) by extensions ['colcon_meta']
[0.410s] Level 1:colcon.colcon_core.package_identification:_identify(src/vision) by extension 'colcon_meta'
[0.410s] Level 1:colcon.colcon_core.package_identification:_identify(src/vision) by extensions ['ros']
[0.411s] Level 1:colcon.colcon_core.package_identification:_identify(src/vision) by extension 'ros'
[0.411s] DEBUG:colcon.colcon_core.package_identification:Package 'src/vision' with type 'ros.ament_cmake' and name 'vision'
[0.412s] Level 1:colcon.colcon_core.package_discovery:discover_packages(recursive) using defaults
[0.412s] Level 1:colcon.colcon_core.package_discovery:discover_packages(ignore) discover
[0.412s] Level 1:colcon.colcon_core.package_discovery:discover_packages(ignore) using defaults
[0.412s] Level 1:colcon.colcon_core.package_discovery:discover_packages(path) discover
[0.412s] Level 1:colcon.colcon_core.package_discovery:discover_packages(path) using defaults
[0.449s] Level 1:colcon.colcon_core.package_discovery:discover_packages(prefix_path) check parameters
[0.449s] Level 1:colcon.colcon_core.package_discovery:discover_packages(prefix_path) discover
[0.455s] DEBUG:colcon.colcon_installed_package_information.package_discovery:Found 364 installed packages in /opt/ros/jazzy
[0.457s] Level 1:colcon.colcon_core.package_discovery:discover_packages(prefix_path) using defaults
[0.533s] Level 5:colcon.colcon_core.verb:set package 'custom_msg_interfaces' build argument 'cmake_args' from command line to 'None'
[0.533s] Level 5:colcon.colcon_core.verb:set package 'custom_msg_interfaces' build argument 'cmake_target' from command line to 'None'
[0.533s] Level 5:colcon.colcon_core.verb:set package 'custom_msg_interfaces' build argument 'cmake_target_skip_unavailable' from command line to 'False'
[0.533s] Level 5:colcon.colcon_core.verb:set package 'custom_msg_interfaces' build argument 'cmake_clean_cache' from command line to 'False'
[0.533s] Level 5:colcon.colcon_core.verb:set package 'custom_msg_interfaces' build argument 'cmake_clean_first' from command line to 'False'
[0.533s] Level 5:colcon.colcon_core.verb:set package 'custom_msg_interfaces' build argument 'cmake_force_configure' from command line to 'False'
[0.533s] Level 5:colcon.colcon_core.verb:set package 'custom_msg_interfaces' build argument 'ament_cmake_args' from command line to 'None'
[0.533s] Level 5:colcon.colcon_core.verb:set package 'custom_msg_interfaces' build argument 'catkin_cmake_args' from command line to 'None'
[0.533s] Level 5:colcon.colcon_core.verb:set package 'custom_msg_interfaces' build argument 'catkin_skip_building_tests' from command line to 'False'
[0.533s] DEBUG:colcon.colcon_core.verb:Building package 'custom_msg_interfaces' with the following arguments: {'ament_cmake_args': None, 'build_base': '/home/ubuntu/ros2_ws/src/Robotics/ros2_ws/build/custom_msg_interfaces', 'catkin_cmake_args': None, 'catkin_skip_building_tests': False, 'cmake_args': None, 'cmake_clean_cache': False, 'cmake_clean_first': False, 'cmake_force_configure': False, 'cmake_target': None, 'cmake_target_skip_unavailable': False, 'install_base': '/home/ubuntu/ros2_ws/src/Robotics/ros2_ws/install/custom_msg_interfaces', 'merge_install': False, 'path': '/home/ubuntu/ros2_ws/src/Robotics/ros2_ws/src/custom_msg_interfaces', 'symlink_install': False, 'test_result_base': None}
[0.533s] Level 5:colcon.colcon_core.verb:set package 'ros2_ur5_interface' build argument 'cmake_args' from command line to 'None'
[0.534s] Level 5:colcon.colcon_core.verb:set package 'ros2_ur5_interface' build argument 'cmake_target' from command line to 'None'
[0.534s] Level 5:colcon.colcon_core.verb:set package 'ros2_ur5_interface' build argument 'cmake_target_skip_unavailable' from command line to 'False'
[0.534s] Level 5:colcon.colcon_core.verb:set package 'ros2_ur5_interface' build argument 'cmake_clean_cache' from command line to 'False'
[0.534s] Level 5:colcon.colcon_core.verb:set package 'ros2_ur5_interface' build argument 'cmake_clean_first' from command line to 'False'
[0.534s] Level 5:colcon.colcon_core.verb:set package 'ros2_ur5_interface' build argument 'cmake_force_configure' from command line to 'False'
[0.534s] Level 5:colcon.colcon_core.verb:set package 'ros2_ur5_interface' build argument 'ament_cmake_args' from command line to 'None'
[0.534s] Level 5:colcon.colcon_core.verb:set package 'ros2_ur5_interface' build argument 'catkin_cmake_args' from command line to 'None'
[0.534s] Level 5:colcon.colcon_core.verb:set package 'ros2_ur5_interface' build argument 'catkin_skip_building_tests' from command line to 'False'
[0.534s] DEBUG:colcon.colcon_core.verb:Building package 'ros2_ur5_interface' with the following arguments: {'ament_cmake_args': None, 'build_base': '/home/ubuntu/ros2_ws/src/Robotics/ros2_ws/build/ros2_ur5_interface', 'catkin_cmake_args': None, 'catkin_skip_building_tests': False, 'cmake_args': None, 'cmake_clean_cache': False, 'cmake_clean_first': False, 'cmake_force_configure': False, 'cmake_target': None, 'cmake_target_skip_unavailable': False, 'install_base': '/home/ubuntu/ros2_ws/src/Robotics/ros2_ws/install/ros2_ur5_interface', 'merge_install': False, 'path': '/home/ubuntu/ros2_ws/src/Robotics/ros2_ws/src/ros2_ur5_interface', 'symlink_install': False, 'test_result_base': None}
[0.534s] Level 5:colcon.colcon_core.verb:set package 'motion' build argument 'cmake_args' from command line to 'None'
[0.534s] Level 5:colcon.colcon_core.verb:set package 'motion' build argument 'cmake_target' from command line to 'None'
[0.534s] Level 5:colcon.colcon_core.verb:set package 'motion' build argument 'cmake_target_skip_unavailable' from command line to 'False'
[0.534s] Level 5:colcon.colcon_core.verb:set package 'motion' build argument 'cmake_clean_cache' from command line to 'False'
[0.534s] Level 5:colcon.colcon_core.verb:set package 'motion' build argument 'cmake_clean_first' from command line to 'False'
[0.534s] Level 5:colcon.colcon_core.verb:set package 'motion' build argument 'cmake_force_configure' from command line to 'False'
[0.534s] Level 5:colcon.colcon_core.verb:set package 'motion' build argument 'ament_cmake_args' from command line to 'None'
[0.534s] Level 5:colcon.colcon_core.verb:set package 'motion' build argument 'catkin_cmake_args' from command line to 'None'
[0.534s] Level 5:colcon.colcon_core.verb:set package 'motion' build argument 'catkin_skip_building_tests' from command line to 'False'
[0.535s] DEBUG:colcon.colcon_core.verb:Building package 'motion' with the following arguments: {'ament_cmake_args': None, 'build_base': '/home/ubuntu/ros2_ws/src/Robotics/ros2_ws/build/motion', 'catkin_cmake_args': None, 'catkin_skip_building_tests': False, 'cmake_args': None, 'cmake_clean_cache': False, 'cmake_clean_first': False, 'cmake_force_configure': False, 'cmake_target': None, 'cmake_target_skip_unavailable': False, 'install_base': '/home/ubuntu/ros2_ws/src/Robotics/ros2_ws/install/motion', 'merge_install': False, 'path': '/home/ubuntu/ros2_ws/src/Robotics/ros2_ws/src/motion', 'symlink_install': False, 'test_result_base': None}
[0.535s] Level 5:colcon.colcon_core.verb:set package 'planning' build argument 'cmake_args' from command line to 'None'
[0.535s] Level 5:colcon.colcon_core.verb:set package 'planning' build argument 'cmake_target' from command line to 'None'
[0.535s] Level 5:colcon.colcon_core.verb:set package 'planning' build argument 'cmake_target_skip_unavailable' from command line to 'False'
[0.535s] Level 5:colcon.colcon_core.verb:set package 'planning' build argument 'cmake_clean_cache' from command line to 'False'
[0.535s] Level 5:colcon.colcon_core.verb:set package 'planning' build argument 'cmake_clean_first' from command line to 'False'
[0.535s] Level 5:colcon.colcon_core.verb:set package 'planning' build argument 'cmake_force_configure' from command line to 'False'
[0.535s] Level 5:colcon.colcon_core.verb:set package 'planning' build argument 'ament_cmake_args' from command line to 'None'
[0.535s] Level 5:colcon.colcon_core.verb:set package 'planning' build argument 'catkin_cmake_args' from command line to 'None'
[0.535s] Level 5:colcon.colcon_core.verb:set package 'planning' build argument 'catkin_skip_building_tests' from command line to 'False'
[0.535s] DEBUG:colcon.colcon_core.verb:Building package 'planning' with the following arguments: {'ament_cmake_args': None, 'build_base': '/home/ubuntu/ros2_ws/src/Robotics/ros2_ws/build/planning', 'catkin_cmake_args': None, 'catkin_skip_building_tests': False, 'cmake_args': None, 'cmake_clean_cache': False, 'cmake_clean_first': False, 'cmake_force_configure': False, 'cmake_target': None, 'cmake_target_skip_unavailable': False, 'install_base': '/home/ubuntu/ros2_ws/src/Robotics/ros2_ws/install/planning', 'merge_install': False, 'path': '/home/ubuntu/ros2_ws/src/Robotics/ros2_ws/src/planning_pkg', 'symlink_install': False, 'test_result_base': None}
[0.536s] Level 5:colcon.colcon_core.verb:set package 'start_simulation' build argument 'cmake_args' from command line to 'None'
[0.536s] Level 5:colcon.colcon_core.verb:set package 'start_simulation' build argument 'cmake_target' from command line to 'None'
[0.536s] Level 5:colcon.colcon_core.verb:set package 'start_simulation' build argument 'cmake_target_skip_unavailable' from command line to 'False'
[0.536s] Level 5:colcon.colcon_core.verb:set package 'start_simulation' build argument 'cmake_clean_cache' from command line to 'False'
[0.536s] Level 5:colcon.colcon_core.verb:set package 'start_simulation' build argument 'cmake_clean_first' from command line to 'False'
[0.536s] Level 5:colcon.colcon_core.verb:set package 'start_simulation' build argument 'cmake_force_configure' from command line to 'False'
[0.536s] Level 5:colcon.colcon_core.verb:set package 'start_simulation' build argument 'ament_cmake_args' from command line to 'None'
[0.536s] Level 5:colcon.colcon_core.verb:set package 'start_simulation' build argument 'catkin_cmake_args' from command line to 'None'
[0.536s] Level 5:colcon.colcon_core.verb:set package 'start_simulation' build argument 'catkin_skip_building_tests' from command line to 'False'
[0.536s] DEBUG:colcon.colcon_core.verb:Building package 'start_simulation' with the following arguments: {'ament_cmake_args': None, 'build_base': '/home/ubuntu/ros2_ws/src/Robotics/ros2_ws/build/start_simulation', 'catkin_cmake_args': None, 'catkin_skip_building_tests': False, 'cmake_args': None, 'cmake_clean_cache': False, 'cmake_clean_first': False, 'cmake_force_configure': False, 'cmake_target': None, 'cmake_target_skip_unavailable': False, 'install_base': '/home/ubuntu/ros2_ws/src/Robotics/ros2_ws/install/start_simulation', 'merge_install': False, 'path': '/home/ubuntu/ros2_ws/src/Robotics/ros2_ws/src/start_simulation', 'symlink_install': False, 'test_result_base': None}
[0.536s] INFO:colcon.colcon_core.executor:Executing jobs using 'parallel' executor
[0.537s] DEBUG:colcon.colcon_parallel_executor.executor.parallel:run_until_complete
[0.538s] INFO:colcon.colcon_ros.task.ament_cmake.build:Building ROS package in '/home/ubuntu/ros2_ws/src/Robotics/ros2_ws/src/custom_msg_interfaces' with build type 'ament_cmake'
[0.538s] INFO:colcon.colcon_cmake.task.cmake.build:Building CMake package in '/home/ubuntu/ros2_ws/src/Robotics/ros2_ws/src/custom_msg_interfaces'
[0.543s] INFO:colcon.colcon_core.plugin_system:Skipping extension 'colcon_core.shell.bat': Not used on non-Windows systems
[0.543s] INFO:colcon.colcon_core.shell:Skip shell extension 'powershell' for command environment: Not usable outside of PowerShell
[0.543s] DEBUG:colcon.colcon_core.shell:Skip shell extension 'dsv' for command environment
[0.548s] INFO:colcon.colcon_ros.task.ament_cmake.build:Building ROS package in '/home/ubuntu/ros2_ws/src/Robotics/ros2_ws/src/ros2_ur5_interface' with build type 'ament_cmake'
[0.548s] INFO:colcon.colcon_cmake.task.cmake.build:Building CMake package in '/home/ubuntu/ros2_ws/src/Robotics/ros2_ws/src/ros2_ur5_interface'
[0.548s] INFO:colcon.colcon_core.shell:Skip shell extension 'powershell' for command environment: Not usable outside of PowerShell
[0.548s] DEBUG:colcon.colcon_core.shell:Skip shell extension 'dsv' for command environment
[0.558s] DEBUG:colcon.colcon_core.event_handler.log_command:Invoking command in '/home/ubuntu/ros2_ws/src/Robotics/ros2_ws/build/custom_msg_interfaces': CMAKE_PREFIX_PATH=${CMAKE_PREFIX_PATH}:/opt/ros/jazzy /usr/bin/cmake /home/ubuntu/ros2_ws/src/Robotics/ros2_ws/src/custom_msg_interfaces -DCMAKE_INSTALL_PREFIX=/home/ubuntu/ros2_ws/src/Robotics/ros2_ws/install/custom_msg_interfaces
[0.570s] DEBUG:colcon.colcon_core.event_handler.log_command:Invoking command in '/home/ubuntu/ros2_ws/src/Robotics/ros2_ws/build/ros2_ur5_interface': CMAKE_PREFIX_PATH=${CMAKE_PREFIX_PATH}:/opt/ros/jazzy /usr/bin/cmake /home/ubuntu/ros2_ws/src/Robotics/ros2_ws/src/ros2_ur5_interface -DCMAKE_INSTALL_PREFIX=/home/ubuntu/ros2_ws/src/Robotics/ros2_ws/install/ros2_ur5_interface
[3.240s] DEBUG:colcon.colcon_core.event_handler.log_command:Invoked command in '/home/ubuntu/ros2_ws/src/Robotics/ros2_ws/build/ros2_ur5_interface' returned '0': CMAKE_PREFIX_PATH=${CMAKE_PREFIX_PATH}:/opt/ros/jazzy /usr/bin/cmake /home/ubuntu/ros2_ws/src/Robotics/ros2_ws/src/ros2_ur5_interface -DCMAKE_INSTALL_PREFIX=/home/ubuntu/ros2_ws/src/Robotics/ros2_ws/install/ros2_ur5_interface
[3.242s] DEBUG:colcon.colcon_core.event_handler.log_command:Invoking command in '/home/ubuntu/ros2_ws/src/Robotics/ros2_ws/build/ros2_ur5_interface': CMAKE_PREFIX_PATH=${CMAKE_PREFIX_PATH}:/opt/ros/jazzy /usr/bin/cmake --build /home/ubuntu/ros2_ws/src/Robotics/ros2_ws/build/ros2_ur5_interface -- -j16 -l16
[6.461s] DEBUG:colcon.colcon_core.event_handler.log_command:Invoked command in '/home/ubuntu/ros2_ws/src/Robotics/ros2_ws/build/custom_msg_interfaces' returned '0': CMAKE_PREFIX_PATH=${CMAKE_PREFIX_PATH}:/opt/ros/jazzy /usr/bin/cmake /home/ubuntu/ros2_ws/src/Robotics/ros2_ws/src/custom_msg_interfaces -DCMAKE_INSTALL_PREFIX=/home/ubuntu/ros2_ws/src/Robotics/ros2_ws/install/custom_msg_interfaces
[6.464s] DEBUG:colcon.colcon_core.event_handler.log_command:Invoking command in '/home/ubuntu/ros2_ws/src/Robotics/ros2_ws/build/custom_msg_interfaces': CMAKE_PREFIX_PATH=${CMAKE_PREFIX_PATH}:/opt/ros/jazzy /usr/bin/cmake --build /home/ubuntu/ros2_ws/src/Robotics/ros2_ws/build/custom_msg_interfaces -- -j16 -l16
[15.729s] DEBUG:colcon.colcon_core.event_handler.log_command:Invoked command in '/home/ubuntu/ros2_ws/src/Robotics/ros2_ws/build/custom_msg_interfaces' returned '0': CMAKE_PREFIX_PATH=${CMAKE_PREFIX_PATH}:/opt/ros/jazzy /usr/bin/cmake --build /home/ubuntu/ros2_ws/src/Robotics/ros2_ws/build/custom_msg_interfaces -- -j16 -l16
[15.742s] DEBUG:colcon.colcon_core.event_handler.log_command:Invoking command in '/home/ubuntu/ros2_ws/src/Robotics/ros2_ws/build/custom_msg_interfaces': CMAKE_PREFIX_PATH=${CMAKE_PREFIX_PATH}:/opt/ros/jazzy /usr/bin/cmake --install /home/ubuntu/ros2_ws/src/Robotics/ros2_ws/build/custom_msg_interfaces
[14.757s] Level 1:colcon.colcon_core.environment:create_environment_scripts_only(custom_msg_interfaces)
[14.759s] DEBUG:colcon.colcon_core.event_handler.log_command:Invoked command in '/home/ubuntu/ros2_ws/src/Robotics/ros2_ws/build/custom_msg_interfaces' returned '0': CMAKE_PREFIX_PATH=${CMAKE_PREFIX_PATH}:/opt/ros/jazzy /usr/bin/cmake --install /home/ubuntu/ros2_ws/src/Robotics/ros2_ws/build/custom_msg_interfaces
[14.765s] Level 1:colcon.colcon_core.environment:checking '/home/ubuntu/ros2_ws/src/Robotics/ros2_ws/install/custom_msg_interfaces' for CMake module files
[14.766s] Level 1:colcon.colcon_core.environment:checking '/home/ubuntu/ros2_ws/src/Robotics/ros2_ws/install/custom_msg_interfaces' for CMake config files
[14.767s] Level 1:colcon.colcon_core.shell:create_environment_hook('custom_msg_interfaces', 'cmake_prefix_path')
[14.767s] INFO:colcon.colcon_core.shell:Creating environment hook '/home/ubuntu/ros2_ws/src/Robotics/ros2_ws/install/custom_msg_interfaces/share/custom_msg_interfaces/hook/cmake_prefix_path.ps1'
[14.768s] INFO:colcon.colcon_core.shell:Creating environment descriptor '/home/ubuntu/ros2_ws/src/Robotics/ros2_ws/install/custom_msg_interfaces/share/custom_msg_interfaces/hook/cmake_prefix_path.dsv'
[14.769s] INFO:colcon.colcon_core.shell:Creating environment hook '/home/ubuntu/ros2_ws/src/Robotics/ros2_ws/install/custom_msg_interfaces/share/custom_msg_interfaces/hook/cmake_prefix_path.sh'
[14.770s] Level 1:colcon.colcon_core.environment:checking '/home/ubuntu/ros2_ws/src/Robotics/ros2_ws/install/custom_msg_interfaces/lib'
[14.770s] Level 1:colcon.colcon_core.shell:create_environment_hook('custom_msg_interfaces', 'ld_library_path_lib')
[14.770s] INFO:colcon.colcon_core.shell:Creating environment hook '/home/ubuntu/ros2_ws/src/Robotics/ros2_ws/install/custom_msg_interfaces/share/custom_msg_interfaces/hook/ld_library_path_lib.ps1'
[14.771s] INFO:colcon.colcon_core.shell:Creating environment descriptor '/home/ubuntu/ros2_ws/src/Robotics/ros2_ws/install/custom_msg_interfaces/share/custom_msg_interfaces/hook/ld_library_path_lib.dsv'
[14.771s] INFO:colcon.colcon_core.shell:Creating environment hook '/home/ubuntu/ros2_ws/src/Robotics/ros2_ws/install/custom_msg_interfaces/share/custom_msg_interfaces/hook/ld_library_path_lib.sh'
[14.771s] Level 1:colcon.colcon_core.environment:checking '/home/ubuntu/ros2_ws/src/Robotics/ros2_ws/install/custom_msg_interfaces/bin'
[14.772s] Level 1:colcon.colcon_core.environment:checking '/home/ubuntu/ros2_ws/src/Robotics/ros2_ws/install/custom_msg_interfaces/lib/pkgconfig/custom_msg_interfaces.pc'
[14.772s] Level 1:colcon.colcon_core.environment:checking '/home/ubuntu/ros2_ws/src/Robotics/ros2_ws/install/custom_msg_interfaces/lib/python3.12/site-packages'
[14.772s] Level 1:colcon.colcon_core.shell:create_environment_hook('custom_msg_interfaces', 'pythonpath')
[14.773s] INFO:colcon.colcon_core.shell:Creating environment hook '/home/ubuntu/ros2_ws/src/Robotics/ros2_ws/install/custom_msg_interfaces/share/custom_msg_interfaces/hook/pythonpath.ps1'
[14.773s] INFO:colcon.colcon_core.shell:Creating environment descriptor '/home/ubuntu/ros2_ws/src/Robotics/ros2_ws/install/custom_msg_interfaces/share/custom_msg_interfaces/hook/pythonpath.dsv'
[14.776s] INFO:colcon.colcon_core.shell:Creating environment hook '/home/ubuntu/ros2_ws/src/Robotics/ros2_ws/install/custom_msg_interfaces/share/custom_msg_interfaces/hook/pythonpath.sh'
[14.777s] Level 1:colcon.colcon_core.environment:checking '/home/ubuntu/ros2_ws/src/Robotics/ros2_ws/install/custom_msg_interfaces/bin'
[14.777s] INFO:colcon.colcon_core.shell:Creating package script '/home/ubuntu/ros2_ws/src/Robotics/ros2_ws/install/custom_msg_interfaces/share/custom_msg_interfaces/package.ps1'
[14.778s] INFO:colcon.colcon_core.shell:Creating package descriptor '/home/ubuntu/ros2_ws/src/Robotics/ros2_ws/install/custom_msg_interfaces/share/custom_msg_interfaces/package.dsv'
[14.779s] INFO:colcon.colcon_core.shell:Creating package script '/home/ubuntu/ros2_ws/src/Robotics/ros2_ws/install/custom_msg_interfaces/share/custom_msg_interfaces/package.sh'
[14.781s] INFO:colcon.colcon_core.shell:Creating package script '/home/ubuntu/ros2_ws/src/Robotics/ros2_ws/install/custom_msg_interfaces/share/custom_msg_interfaces/package.bash'
[14.781s] INFO:colcon.colcon_core.shell:Creating package script '/home/ubuntu/ros2_ws/src/Robotics/ros2_ws/install/custom_msg_interfaces/share/custom_msg_interfaces/package.zsh'
[14.783s] Level 1:colcon.colcon_core.environment:create_file_with_runtime_dependencies(/home/ubuntu/ros2_ws/src/Robotics/ros2_ws/install/custom_msg_interfaces/share/colcon-core/packages/custom_msg_interfaces)
[14.784s] Level 1:colcon.colcon_core.environment:create_environment_scripts_only(custom_msg_interfaces)
[14.784s] Level 1:colcon.colcon_core.environment:checking '/home/ubuntu/ros2_ws/src/Robotics/ros2_ws/install/custom_msg_interfaces' for CMake module files
[14.785s] Level 1:colcon.colcon_core.environment:checking '/home/ubuntu/ros2_ws/src/Robotics/ros2_ws/install/custom_msg_interfaces' for CMake config files
[14.786s] Level 1:colcon.colcon_core.shell:create_environment_hook('custom_msg_interfaces', 'cmake_prefix_path')
[14.786s] INFO:colcon.colcon_core.shell:Creating environment hook '/home/ubuntu/ros2_ws/src/Robotics/ros2_ws/install/custom_msg_interfaces/share/custom_msg_interfaces/hook/cmake_prefix_path.ps1'
[14.786s] INFO:colcon.colcon_core.shell:Creating environment descriptor '/home/ubuntu/ros2_ws/src/Robotics/ros2_ws/install/custom_msg_interfaces/share/custom_msg_interfaces/hook/cmake_prefix_path.dsv'
[14.787s] INFO:colcon.colcon_core.shell:Creating environment hook '/home/ubuntu/ros2_ws/src/Robotics/ros2_ws/install/custom_msg_interfaces/share/custom_msg_interfaces/hook/cmake_prefix_path.sh'
[14.788s] Level 1:colcon.colcon_core.environment:checking '/home/ubuntu/ros2_ws/src/Robotics/ros2_ws/install/custom_msg_interfaces/lib'
[14.788s] Level 1:colcon.colcon_core.shell:create_environment_hook('custom_msg_interfaces', 'ld_library_path_lib')
[14.788s] INFO:colcon.colcon_core.shell:Creating environment hook '/home/ubuntu/ros2_ws/src/Robotics/ros2_ws/install/custom_msg_interfaces/share/custom_msg_interfaces/hook/ld_library_path_lib.ps1'
[14.788s] INFO:colcon.colcon_core.shell:Creating environment descriptor '/home/ubuntu/ros2_ws/src/Robotics/ros2_ws/install/custom_msg_interfaces/share/custom_msg_interfaces/hook/ld_library_path_lib.dsv'
[14.789s] INFO:colcon.colcon_core.shell:Creating environment hook '/home/ubuntu/ros2_ws/src/Robotics/ros2_ws/install/custom_msg_interfaces/share/custom_msg_interfaces/hook/ld_library_path_lib.sh'
[14.790s] Level 1:colcon.colcon_core.environment:checking '/home/ubuntu/ros2_ws/src/Robotics/ros2_ws/install/custom_msg_interfaces/bin'
[14.790s] Level 1:colcon.colcon_core.environment:checking '/home/ubuntu/ros2_ws/src/Robotics/ros2_ws/install/custom_msg_interfaces/lib/pkgconfig/custom_msg_interfaces.pc'
[14.790s] Level 1:colcon.colcon_core.environment:checking '/home/ubuntu/ros2_ws/src/Robotics/ros2_ws/install/custom_msg_interfaces/lib/python3.12/site-packages'
[14.790s] Level 1:colcon.colcon_core.shell:create_environment_hook('custom_msg_interfaces', 'pythonpath')
[14.791s] INFO:colcon.colcon_core.shell:Creating environment hook '/home/ubuntu/ros2_ws/src/Robotics/ros2_ws/install/custom_msg_interfaces/share/custom_msg_interfaces/hook/pythonpath.ps1'
[14.791s] INFO:colcon.colcon_core.shell:Creating environment descriptor '/home/ubuntu/ros2_ws/src/Robotics/ros2_ws/install/custom_msg_interfaces/share/custom_msg_interfaces/hook/pythonpath.dsv'
[14.791s] INFO:colcon.colcon_core.shell:Creating environment hook '/home/ubuntu/ros2_ws/src/Robotics/ros2_ws/install/custom_msg_interfaces/share/custom_msg_interfaces/hook/pythonpath.sh'
[14.792s] Level 1:colcon.colcon_core.environment:checking '/home/ubuntu/ros2_ws/src/Robotics/ros2_ws/install/custom_msg_interfaces/bin'
[14.792s] INFO:colcon.colcon_core.shell:Creating package script '/home/ubuntu/ros2_ws/src/Robotics/ros2_ws/install/custom_msg_interfaces/share/custom_msg_interfaces/package.ps1'
[14.793s] INFO:colcon.colcon_core.shell:Creating package descriptor '/home/ubuntu/ros2_ws/src/Robotics/ros2_ws/install/custom_msg_interfaces/share/custom_msg_interfaces/package.dsv'
[14.794s] INFO:colcon.colcon_core.shell:Creating package script '/home/ubuntu/ros2_ws/src/Robotics/ros2_ws/install/custom_msg_interfaces/share/custom_msg_interfaces/package.sh'
[14.794s] INFO:colcon.colcon_core.shell:Creating package script '/home/ubuntu/ros2_ws/src/Robotics/ros2_ws/install/custom_msg_interfaces/share/custom_msg_interfaces/package.bash'
[14.795s] INFO:colcon.colcon_core.shell:Creating package script '/home/ubuntu/ros2_ws/src/Robotics/ros2_ws/install/custom_msg_interfaces/share/custom_msg_interfaces/package.zsh'
[14.795s] Level 1:colcon.colcon_core.environment:create_file_with_runtime_dependencies(/home/ubuntu/ros2_ws/src/Robotics/ros2_ws/install/custom_msg_interfaces/share/colcon-core/packages/custom_msg_interfaces)
[14.796s] INFO:colcon.colcon_ros.task.ament_cmake.build:Building ROS package in '/home/ubuntu/ros2_ws/src/Robotics/ros2_ws/src/motion' with build type 'ament_cmake'
[14.796s] INFO:colcon.colcon_cmake.task.cmake.build:Building CMake package in '/home/ubuntu/ros2_ws/src/Robotics/ros2_ws/src/motion'
[14.797s] INFO:colcon.colcon_core.shell:Skip shell extension 'powershell' for command environment: Not usable outside of PowerShell
[14.797s] DEBUG:colcon.colcon_core.shell:Skip shell extension 'dsv' for command environment
[14.802s] INFO:colcon.colcon_ros.task.ament_cmake.build:Building ROS package in '/home/ubuntu/ros2_ws/src/Robotics/ros2_ws/src/planning_pkg' with build type 'ament_cmake'
[14.802s] INFO:colcon.colcon_cmake.task.cmake.build:Building CMake package in '/home/ubuntu/ros2_ws/src/Robotics/ros2_ws/src/planning_pkg'
[14.803s] INFO:colcon.colcon_core.shell:Skip shell extension 'powershell' for command environment: Not usable outside of PowerShell
[14.803s] DEBUG:colcon.colcon_core.shell:Skip shell extension 'dsv' for command environment
[14.818s] DEBUG:colcon.colcon_core.event_handler.log_command:Invoking command in '/home/ubuntu/ros2_ws/src/Robotics/ros2_ws/build/motion': AMENT_PREFIX_PATH=/home/ubuntu/ros2_ws/src/Robotics/ros2_ws/install/custom_msg_interfaces:${AMENT_PREFIX_PATH} CMAKE_PREFIX_PATH=/home/ubuntu/ros2_ws/src/Robotics/ros2_ws/install/custom_msg_interfaces:/opt/ros/jazzy/opt/gz_sim_vendor:/opt/ros/jazzy/opt/gz_sensors_vendor:/opt/ros/jazzy/opt/gz_physics_vendor:/opt/ros/jazzy/opt/sdformat_vendor:/opt/ros/jazzy/opt/gz_gui_vendor:/opt/ros/jazzy/opt/gz_transport_vendor:/opt/ros/jazzy/opt/gz_rendering_vendor:/opt/ros/jazzy/opt/gz_plugin_vendor:/opt/ros/jazzy/opt/gz_fuel_tools_vendor:/opt/ros/jazzy/opt/gz_msgs_vendor:/opt/ros/jazzy/opt/gz_common_vendor:/opt/ros/jazzy/opt/gz_math_vendor:/opt/ros/jazzy/opt/gz_utils_vendor:/opt/ros/jazzy/opt/gz_tools_vendor:/opt/ros/jazzy/opt/gz_ogre_next_vendor:/opt/ros/jazzy/opt/gz_dartsim_vendor:/opt/ros/jazzy/opt/gz_cmake_vendor:/opt/ros/jazzy LD_LIBRARY_PATH=/home/ubuntu/ros2_ws/src/Robotics/ros2_ws/install/custom_msg_interfaces/lib:${LD_LIBRARY_PATH} PYTHONPATH=/home/ubuntu/ros2_ws/src/Robotics/ros2_ws/install/custom_msg_interfaces/lib/python3.12/site-packages:${PYTHONPATH} /usr/bin/cmake /home/ubuntu/ros2_ws/src/Robotics/ros2_ws/src/motion -DCMAKE_INSTALL_PREFIX=/home/ubuntu/ros2_ws/src/Robotics/ros2_ws/install/motion
[14.827s] DEBUG:colcon.colcon_core.event_handler.log_command:Invoking command in '/home/ubuntu/ros2_ws/src/Robotics/ros2_ws/build/planning': AMENT_PREFIX_PATH=/home/ubuntu/ros2_ws/src/Robotics/ros2_ws/install/custom_msg_interfaces:${AMENT_PREFIX_PATH} CMAKE_PREFIX_PATH=/home/ubuntu/ros2_ws/src/Robotics/ros2_ws/install/custom_msg_interfaces:/opt/ros/jazzy/opt/gz_sim_vendor:/opt/ros/jazzy/opt/gz_sensors_vendor:/opt/ros/jazzy/opt/gz_physics_vendor:/opt/ros/jazzy/opt/sdformat_vendor:/opt/ros/jazzy/opt/gz_gui_vendor:/opt/ros/jazzy/opt/gz_transport_vendor:/opt/ros/jazzy/opt/gz_rendering_vendor:/opt/ros/jazzy/opt/gz_plugin_vendor:/opt/ros/jazzy/opt/gz_fuel_tools_vendor:/opt/ros/jazzy/opt/gz_msgs_vendor:/opt/ros/jazzy/opt/gz_common_vendor:/opt/ros/jazzy/opt/gz_math_vendor:/opt/ros/jazzy/opt/gz_utils_vendor:/opt/ros/jazzy/opt/gz_tools_vendor:/opt/ros/jazzy/opt/gz_ogre_next_vendor:/opt/ros/jazzy/opt/gz_dartsim_vendor:/opt/ros/jazzy/opt/gz_cmake_vendor:/opt/ros/jazzy LD_LIBRARY_PATH=/home/ubuntu/ros2_ws/src/Robotics/ros2_ws/install/custom_msg_interfaces/lib:${LD_LIBRARY_PATH} PYTHONPATH=/home/ubuntu/ros2_ws/src/Robotics/ros2_ws/install/custom_msg_interfaces/lib/python3.12/site-packages:${PYTHONPATH} /usr/bin/cmake /home/ubuntu/ros2_ws/src/Robotics/ros2_ws/src/planning_pkg -DCMAKE_INSTALL_PREFIX=/home/ubuntu/ros2_ws/src/Robotics/ros2_ws/install/planning
[17.164s] DEBUG:colcon.colcon_core.event_handler.log_command:Invoked command in '/home/ubuntu/ros2_ws/src/Robotics/ros2_ws/build/planning' returned '0': AMENT_PREFIX_PATH=/home/ubuntu/ros2_ws/src/Robotics/ros2_ws/install/custom_msg_interfaces:${AMENT_PREFIX_PATH} CMAKE_PREFIX_PATH=/home/ubuntu/ros2_ws/src/Robotics/ros2_ws/install/custom_msg_interfaces:/opt/ros/jazzy/opt/gz_sim_vendor:/opt/ros/jazzy/opt/gz_sensors_vendor:/opt/ros/jazzy/opt/gz_physics_vendor:/opt/ros/jazzy/opt/sdformat_vendor:/opt/ros/jazzy/opt/gz_gui_vendor:/opt/ros/jazzy/opt/gz_transport_vendor:/opt/ros/jazzy/opt/gz_rendering_vendor:/opt/ros/jazzy/opt/gz_plugin_vendor:/opt/ros/jazzy/opt/gz_fuel_tools_vendor:/opt/ros/jazzy/opt/gz_msgs_vendor:/opt/ros/jazzy/opt/gz_common_vendor:/opt/ros/jazzy/opt/gz_math_vendor:/opt/ros/jazzy/opt/gz_utils_vendor:/opt/ros/jazzy/opt/gz_tools_vendor:/opt/ros/jazzy/opt/gz_ogre_next_vendor:/opt/ros/jazzy/opt/gz_dartsim_vendor:/opt/ros/jazzy/opt/gz_cmake_vendor:/opt/ros/jazzy LD_LIBRARY_PATH=/home/ubuntu/ros2_ws/src/Robotics/ros2_ws/install/custom_msg_interfaces/lib:${LD_LIBRARY_PATH} PYTHONPATH=/home/ubuntu/ros2_ws/src/Robotics/ros2_ws/install/custom_msg_interfaces/lib/python3.12/site-packages:${PYTHONPATH} /usr/bin/cmake /home/ubuntu/ros2_ws/src/Robotics/ros2_ws/src/planning_pkg -DCMAKE_INSTALL_PREFIX=/home/ubuntu/ros2_ws/src/Robotics/ros2_ws/install/planning
[17.165s] DEBUG:colcon.colcon_core.event_handler.log_command:Invoking command in '/home/ubuntu/ros2_ws/src/Robotics/ros2_ws/build/planning': AMENT_PREFIX_PATH=/home/ubuntu/ros2_ws/src/Robotics/ros2_ws/install/custom_msg_interfaces:${AMENT_PREFIX_PATH} CMAKE_PREFIX_PATH=/home/ubuntu/ros2_ws/src/Robotics/ros2_ws/install/custom_msg_interfaces:/opt/ros/jazzy/opt/gz_sim_vendor:/opt/ros/jazzy/opt/gz_sensors_vendor:/opt/ros/jazzy/opt/gz_physics_vendor:/opt/ros/jazzy/opt/sdformat_vendor:/opt/ros/jazzy/opt/gz_gui_vendor:/opt/ros/jazzy/opt/gz_transport_vendor:/opt/ros/jazzy/opt/gz_rendering_vendor:/opt/ros/jazzy/opt/gz_plugin_vendor:/opt/ros/jazzy/opt/gz_fuel_tools_vendor:/opt/ros/jazzy/opt/gz_msgs_vendor:/opt/ros/jazzy/opt/gz_common_vendor:/opt/ros/jazzy/opt/gz_math_vendor:/opt/ros/jazzy/opt/gz_utils_vendor:/opt/ros/jazzy/opt/gz_tools_vendor:/opt/ros/jazzy/opt/gz_ogre_next_vendor:/opt/ros/jazzy/opt/gz_dartsim_vendor:/opt/ros/jazzy/opt/gz_cmake_vendor:/opt/ros/jazzy LD_LIBRARY_PATH=/home/ubuntu/ros2_ws/src/Robotics/ros2_ws/install/custom_msg_interfaces/lib:${LD_LIBRARY_PATH} PYTHONPATH=/home/ubuntu/ros2_ws/src/Robotics/ros2_ws/install/custom_msg_interfaces/lib/python3.12/site-packages:${PYTHONPATH} /usr/bin/cmake --build /home/ubuntu/ros2_ws/src/Robotics/ros2_ws/build/planning -- -j16 -l16
[17.184s] DEBUG:colcon.colcon_core.event_handler.log_command:Invoked command in '/home/ubuntu/ros2_ws/src/Robotics/ros2_ws/build/motion' returned '0': AMENT_PREFIX_PATH=/home/ubuntu/ros2_ws/src/Robotics/ros2_ws/install/custom_msg_interfaces:${AMENT_PREFIX_PATH} CMAKE_PREFIX_PATH=/home/ubuntu/ros2_ws/src/Robotics/ros2_ws/install/custom_msg_interfaces:/opt/ros/jazzy/opt/gz_sim_vendor:/opt/ros/jazzy/opt/gz_sensors_vendor:/opt/ros/jazzy/opt/gz_physics_vendor:/opt/ros/jazzy/opt/sdformat_vendor:/opt/ros/jazzy/opt/gz_gui_vendor:/opt/ros/jazzy/opt/gz_transport_vendor:/opt/ros/jazzy/opt/gz_rendering_vendor:/opt/ros/jazzy/opt/gz_plugin_vendor:/opt/ros/jazzy/opt/gz_fuel_tools_vendor:/opt/ros/jazzy/opt/gz_msgs_vendor:/opt/ros/jazzy/opt/gz_common_vendor:/opt/ros/jazzy/opt/gz_math_vendor:/opt/ros/jazzy/opt/gz_utils_vendor:/opt/ros/jazzy/opt/gz_tools_vendor:/opt/ros/jazzy/opt/gz_ogre_next_vendor:/opt/ros/jazzy/opt/gz_dartsim_vendor:/opt/ros/jazzy/opt/gz_cmake_vendor:/opt/ros/jazzy LD_LIBRARY_PATH=/home/ubuntu/ros2_ws/src/Robotics/ros2_ws/install/custom_msg_interfaces/lib:${LD_LIBRARY_PATH} PYTHONPATH=/home/ubuntu/ros2_ws/src/Robotics/ros2_ws/install/custom_msg_interfaces/lib/python3.12/site-packages:${PYTHONPATH} /usr/bin/cmake /home/ubuntu/ros2_ws/src/Robotics/ros2_ws/src/motion -DCMAKE_INSTALL_PREFIX=/home/ubuntu/ros2_ws/src/Robotics/ros2_ws/install/motion
[17.186s] DEBUG:colcon.colcon_core.event_handler.log_command:Invoking command in '/home/ubuntu/ros2_ws/src/Robotics/ros2_ws/build/motion': AMENT_PREFIX_PATH=/home/ubuntu/ros2_ws/src/Robotics/ros2_ws/install/custom_msg_interfaces:${AMENT_PREFIX_PATH} CMAKE_PREFIX_PATH=/home/ubuntu/ros2_ws/src/Robotics/ros2_ws/install/custom_msg_interfaces:/opt/ros/jazzy/opt/gz_sim_vendor:/opt/ros/jazzy/opt/gz_sensors_vendor:/opt/ros/jazzy/opt/gz_physics_vendor:/opt/ros/jazzy/opt/sdformat_vendor:/opt/ros/jazzy/opt/gz_gui_vendor:/opt/ros/jazzy/opt/gz_transport_vendor:/opt/ros/jazzy/opt/gz_rendering_vendor:/opt/ros/jazzy/opt/gz_plugin_vendor:/opt/ros/jazzy/opt/gz_fuel_tools_vendor:/opt/ros/jazzy/opt/gz_msgs_vendor:/opt/ros/jazzy/opt/gz_common_vendor:/opt/ros/jazzy/opt/gz_math_vendor:/opt/ros/jazzy/opt/gz_utils_vendor:/opt/ros/jazzy/opt/gz_tools_vendor:/opt/ros/jazzy/opt/gz_ogre_next_vendor:/opt/ros/jazzy/opt/gz_dartsim_vendor:/opt/ros/jazzy/opt/gz_cmake_vendor:/opt/ros/jazzy LD_LIBRARY_PATH=/home/ubuntu/ros2_ws/src/Robotics/ros2_ws/install/custom_msg_interfaces/lib:${LD_LIBRARY_PATH} PYTHONPATH=/home/ubuntu/ros2_ws/src/Robotics/ros2_ws/install/custom_msg_interfaces/lib/python3.12/site-packages:${PYTHONPATH} /usr/bin/cmake --build /home/ubuntu/ros2_ws/src/Robotics/ros2_ws/build/motion -- -j16 -l16
[33.261s] DEBUG:colcon.colcon_core.event_handler.log_command:Invoked command in '/home/ubuntu/ros2_ws/src/Robotics/ros2_ws/build/ros2_ur5_interface' returned '0': CMAKE_PREFIX_PATH=${CMAKE_PREFIX_PATH}:/opt/ros/jazzy /usr/bin/cmake --build /home/ubuntu/ros2_ws/src/Robotics/ros2_ws/build/ros2_ur5_interface -- -j16 -l16
[33.266s] DEBUG:colcon.colcon_core.event_handler.log_command:Invoking command in '/home/ubuntu/ros2_ws/src/Robotics/ros2_ws/build/ros2_ur5_interface': CMAKE_PREFIX_PATH=${CMAKE_PREFIX_PATH}:/opt/ros/jazzy /usr/bin/cmake --install /home/ubuntu/ros2_ws/src/Robotics/ros2_ws/build/ros2_ur5_interface
[33.389s] Level 1:colcon.colcon_core.environment:create_environment_scripts_only(ros2_ur5_interface)
[33.391s] Level 1:colcon.colcon_core.environment:checking '/home/ubuntu/ros2_ws/src/Robotics/ros2_ws/install/ros2_ur5_interface' for CMake module files
[33.392s] DEBUG:colcon.colcon_core.event_handler.log_command:Invoked command in '/home/ubuntu/ros2_ws/src/Robotics/ros2_ws/build/ros2_ur5_interface' returned '0': CMAKE_PREFIX_PATH=${CMAKE_PREFIX_PATH}:/opt/ros/jazzy /usr/bin/cmake --install /home/ubuntu/ros2_ws/src/Robotics/ros2_ws/build/ros2_ur5_interface
[33.393s] Level 1:colcon.colcon_core.environment:checking '/home/ubuntu/ros2_ws/src/Robotics/ros2_ws/install/ros2_ur5_interface' for CMake config files
[33.394s] Level 1:colcon.colcon_core.shell:create_environment_hook('ros2_ur5_interface', 'cmake_prefix_path')
[33.395s] INFO:colcon.colcon_core.shell:Creating environment hook '/home/ubuntu/ros2_ws/src/Robotics/ros2_ws/install/ros2_ur5_interface/share/ros2_ur5_interface/hook/cmake_prefix_path.ps1'
[33.397s] INFO:colcon.colcon_core.shell:Creating environment descriptor '/home/ubuntu/ros2_ws/src/Robotics/ros2_ws/install/ros2_ur5_interface/share/ros2_ur5_interface/hook/cmake_prefix_path.dsv'
[33.399s] INFO:colcon.colcon_core.shell:Creating environment hook '/home/ubuntu/ros2_ws/src/Robotics/ros2_ws/install/ros2_ur5_interface/share/ros2_ur5_interface/hook/cmake_prefix_path.sh'
[33.402s] Level 1:colcon.colcon_core.environment:checking '/home/ubuntu/ros2_ws/src/Robotics/ros2_ws/install/ros2_ur5_interface/lib'
[33.403s] Level 1:colcon.colcon_core.environment:checking '/home/ubuntu/ros2_ws/src/Robotics/ros2_ws/install/ros2_ur5_interface/bin'
[33.403s] Level 1:colcon.colcon_core.environment:checking '/home/ubuntu/ros2_ws/src/Robotics/ros2_ws/install/ros2_ur5_interface/lib/pkgconfig/ros2_ur5_interface.pc'
[33.404s] Level 1:colcon.colcon_core.environment:checking '/home/ubuntu/ros2_ws/src/Robotics/ros2_ws/install/ros2_ur5_interface/lib/python3.12/site-packages'
[33.406s] Level 1:colcon.colcon_core.environment:checking '/home/ubuntu/ros2_ws/src/Robotics/ros2_ws/install/ros2_ur5_interface/bin'
[33.406s] INFO:colcon.colcon_core.shell:Creating package script '/home/ubuntu/ros2_ws/src/Robotics/ros2_ws/install/ros2_ur5_interface/share/ros2_ur5_interface/package.ps1'
[33.408s] INFO:colcon.colcon_core.shell:Creating package descriptor '/home/ubuntu/ros2_ws/src/Robotics/ros2_ws/install/ros2_ur5_interface/share/ros2_ur5_interface/package.dsv'
[33.409s] INFO:colcon.colcon_core.shell:Creating package script '/home/ubuntu/ros2_ws/src/Robotics/ros2_ws/install/ros2_ur5_interface/share/ros2_ur5_interface/package.sh'
[33.411s] INFO:colcon.colcon_core.shell:Creating package script '/home/ubuntu/ros2_ws/src/Robotics/ros2_ws/install/ros2_ur5_interface/share/ros2_ur5_interface/package.bash'
[33.412s] INFO:colcon.colcon_core.shell:Creating package script '/home/ubuntu/ros2_ws/src/Robotics/ros2_ws/install/ros2_ur5_interface/share/ros2_ur5_interface/package.zsh'
[33.413s] Level 1:colcon.colcon_core.environment:create_file_with_runtime_dependencies(/home/ubuntu/ros2_ws/src/Robotics/ros2_ws/install/ros2_ur5_interface/share/colcon-core/packages/ros2_ur5_interface)
[33.416s] Level 1:colcon.colcon_core.environment:create_environment_scripts_only(ros2_ur5_interface)
[33.416s] Level 1:colcon.colcon_core.environment:checking '/home/ubuntu/ros2_ws/src/Robotics/ros2_ws/install/ros2_ur5_interface' for CMake module files
[33.417s] Level 1:colcon.colcon_core.environment:checking '/home/ubuntu/ros2_ws/src/Robotics/ros2_ws/install/ros2_ur5_interface' for CMake config files
[33.419s] Level 1:colcon.colcon_core.shell:create_environment_hook('ros2_ur5_interface', 'cmake_prefix_path')
[33.419s] INFO:colcon.colcon_core.shell:Creating environment hook '/home/ubuntu/ros2_ws/src/Robotics/ros2_ws/install/ros2_ur5_interface/share/ros2_ur5_interface/hook/cmake_prefix_path.ps1'
[33.421s] INFO:colcon.colcon_core.shell:Creating environment descriptor '/home/ubuntu/ros2_ws/src/Robotics/ros2_ws/install/ros2_ur5_interface/share/ros2_ur5_interface/hook/cmake_prefix_path.dsv'
[33.422s] INFO:colcon.colcon_core.shell:Creating environment hook '/home/ubuntu/ros2_ws/src/Robotics/ros2_ws/install/ros2_ur5_interface/share/ros2_ur5_interface/hook/cmake_prefix_path.sh'
[33.424s] Level 1:colcon.colcon_core.environment:checking '/home/ubuntu/ros2_ws/src/Robotics/ros2_ws/install/ros2_ur5_interface/lib'
[33.424s] Level 1:colcon.colcon_core.environment:checking '/home/ubuntu/ros2_ws/src/Robotics/ros2_ws/install/ros2_ur5_interface/bin'
[33.424s] Level 1:colcon.colcon_core.environment:checking '/home/ubuntu/ros2_ws/src/Robotics/ros2_ws/install/ros2_ur5_interface/lib/pkgconfig/ros2_ur5_interface.pc'
[33.425s] Level 1:colcon.colcon_core.environment:checking '/home/ubuntu/ros2_ws/src/Robotics/ros2_ws/install/ros2_ur5_interface/lib/python3.12/site-packages'
[33.425s] Level 1:colcon.colcon_core.environment:checking '/home/ubuntu/ros2_ws/src/Robotics/ros2_ws/install/ros2_ur5_interface/bin'
[33.426s] INFO:colcon.colcon_core.shell:Creating package script '/home/ubuntu/ros2_ws/src/Robotics/ros2_ws/install/ros2_ur5_interface/share/ros2_ur5_interface/package.ps1'
[33.428s] INFO:colcon.colcon_core.shell:Creating package descriptor '/home/ubuntu/ros2_ws/src/Robotics/ros2_ws/install/ros2_ur5_interface/share/ros2_ur5_interface/package.dsv'
[33.429s] INFO:colcon.colcon_core.shell:Creating package script '/home/ubuntu/ros2_ws/src/Robotics/ros2_ws/install/ros2_ur5_interface/share/ros2_ur5_interface/package.sh'
[33.430s] INFO:colcon.colcon_core.shell:Creating package script '/home/ubuntu/ros2_ws/src/Robotics/ros2_ws/install/ros2_ur5_interface/share/ros2_ur5_interface/package.bash'
[33.432s] INFO:colcon.colcon_core.shell:Creating package script '/home/ubuntu/ros2_ws/src/Robotics/ros2_ws/install/ros2_ur5_interface/share/ros2_ur5_interface/package.zsh'
[33.433s] Level 1:colcon.colcon_core.environment:create_file_with_runtime_dependencies(/home/ubuntu/ros2_ws/src/Robotics/ros2_ws/install/ros2_ur5_interface/share/colcon-core/packages/ros2_ur5_interface)
[35.205s] DEBUG:colcon.colcon_core.event_handler.log_command:Invoked command in '/home/ubuntu/ros2_ws/src/Robotics/ros2_ws/build/planning' returned '2': AMENT_PREFIX_PATH=/home/ubuntu/ros2_ws/src/Robotics/ros2_ws/install/custom_msg_interfaces:${AMENT_PREFIX_PATH} CMAKE_PREFIX_PATH=/home/ubuntu/ros2_ws/src/Robotics/ros2_ws/install/custom_msg_interfaces:/opt/ros/jazzy/opt/gz_sim_vendor:/opt/ros/jazzy/opt/gz_sensors_vendor:/opt/ros/jazzy/opt/gz_physics_vendor:/opt/ros/jazzy/opt/sdformat_vendor:/opt/ros/jazzy/opt/gz_gui_vendor:/opt/ros/jazzy/opt/gz_transport_vendor:/opt/ros/jazzy/opt/gz_rendering_vendor:/opt/ros/jazzy/opt/gz_plugin_vendor:/opt/ros/jazzy/opt/gz_fuel_tools_vendor:/opt/ros/jazzy/opt/gz_msgs_vendor:/opt/ros/jazzy/opt/gz_common_vendor:/opt/ros/jazzy/opt/gz_math_vendor:/opt/ros/jazzy/opt/gz_utils_vendor:/opt/ros/jazzy/opt/gz_tools_vendor:/opt/ros/jazzy/opt/gz_ogre_next_vendor:/opt/ros/jazzy/opt/gz_dartsim_vendor:/opt/ros/jazzy/opt/gz_cmake_vendor:/opt/ros/jazzy LD_LIBRARY_PATH=/home/ubuntu/ros2_ws/src/Robotics/ros2_ws/install/custom_msg_interfaces/lib:${LD_LIBRARY_PATH} PYTHONPATH=/home/ubuntu/ros2_ws/src/Robotics/ros2_ws/install/custom_msg_interfaces/lib/python3.12/site-packages:${PYTHONPATH} /usr/bin/cmake --build /home/ubuntu/ros2_ws/src/Robotics/ros2_ws/build/planning -- -j16 -l16
[35.206s] Level 1:colcon.colcon_core.environment:create_environment_scripts_only(planning)
[35.207s] Level 1:colcon.colcon_core.environment:checking '/home/ubuntu/ros2_ws/src/Robotics/ros2_ws/install/planning' for CMake module files
[35.208s] Level 1:colcon.colcon_core.environment:checking '/home/ubuntu/ros2_ws/src/Robotics/ros2_ws/install/planning' for CMake config files
[35.209s] Level 1:colcon.colcon_core.environment:checking '/home/ubuntu/ros2_ws/src/Robotics/ros2_ws/install/planning/bin'
[35.209s] Level 1:colcon.colcon_core.environment:checking '/home/ubuntu/ros2_ws/src/Robotics/ros2_ws/install/planning/lib/pkgconfig/planning.pc'
[35.210s] Level 1:colcon.colcon_core.environment:checking '/home/ubuntu/ros2_ws/src/Robotics/ros2_ws/install/planning/lib/python3.12/site-packages'
[35.210s] Level 1:colcon.colcon_core.environment:checking '/home/ubuntu/ros2_ws/src/Robotics/ros2_ws/install/planning/bin'
[35.211s] INFO:colcon.colcon_core.shell:Creating package script '/home/ubuntu/ros2_ws/src/Robotics/ros2_ws/install/planning/share/planning/package.ps1'
[35.214s] INFO:colcon.colcon_core.shell:Creating package descriptor '/home/ubuntu/ros2_ws/src/Robotics/ros2_ws/install/planning/share/planning/package.dsv'
[35.216s] INFO:colcon.colcon_core.shell:Creating package script '/home/ubuntu/ros2_ws/src/Robotics/ros2_ws/install/planning/share/planning/package.sh'
[35.217s] INFO:colcon.colcon_core.shell:Creating package script '/home/ubuntu/ros2_ws/src/Robotics/ros2_ws/install/planning/share/planning/package.bash'
[35.218s] INFO:colcon.colcon_core.shell:Creating package script '/home/ubuntu/ros2_ws/src/Robotics/ros2_ws/install/planning/share/planning/package.zsh'
[35.219s] Level 1:colcon.colcon_core.environment:create_file_with_runtime_dependencies(/home/ubuntu/ros2_ws/src/Robotics/ros2_ws/install/planning/share/colcon-core/packages/planning)
[50.963s] DEBUG:colcon.colcon_parallel_executor.executor.parallel:closing loop
[50.964s] DEBUG:colcon.colcon_parallel_executor.executor.parallel:loop closed
[50.964s] DEBUG:colcon.colcon_parallel_executor.executor.parallel:run_until_complete finished with '2'
[50.964s] DEBUG:colcon.colcon_core.event_reactor:joining thread
[50.993s] INFO:colcon.colcon_core.plugin_system:Skipping extension 'colcon_notification.desktop_notification.terminal_notifier': Not used on non-Darwin systems
[50.993s] INFO:colcon.colcon_core.plugin_system:Skipping extension 'colcon_notification.desktop_notification.win32': Not used on non-Windows systems
[50.993s] INFO:colcon.colcon_notification.desktop_notification:Sending desktop notification using 'notify2'
[51.461s] DEBUG:colcon.colcon_core.event_reactor:joined thread
[51.462s] INFO:colcon.colcon_core.shell:Creating prefix script '/home/ubuntu/ros2_ws/src/Robotics/ros2_ws/install/local_setup.ps1'
[51.463s] INFO:colcon.colcon_core.shell:Creating prefix util module '/home/ubuntu/ros2_ws/src/Robotics/ros2_ws/install/_local_setup_util_ps1.py'
[51.465s] INFO:colcon.colcon_core.shell:Creating prefix chain script '/home/ubuntu/ros2_ws/src/Robotics/ros2_ws/install/setup.ps1'
[51.466s] INFO:colcon.colcon_core.shell:Creating prefix script '/home/ubuntu/ros2_ws/src/Robotics/ros2_ws/install/local_setup.sh'
[51.468s] INFO:colcon.colcon_core.shell:Creating prefix util module '/home/ubuntu/ros2_ws/src/Robotics/ros2_ws/install/_local_setup_util_sh.py'
[51.469s] INFO:colcon.colcon_core.shell:Creating prefix chain script '/home/ubuntu/ros2_ws/src/Robotics/ros2_ws/install/setup.sh'
[51.471s] INFO:colcon.colcon_core.shell:Creating prefix script '/home/ubuntu/ros2_ws/src/Robotics/ros2_ws/install/local_setup.bash'
[51.471s] INFO:colcon.colcon_core.shell:Creating prefix chain script '/home/ubuntu/ros2_ws/src/Robotics/ros2_ws/install/setup.bash'
[51.473s] INFO:colcon.colcon_core.shell:Creating prefix script '/home/ubuntu/ros2_ws/src/Robotics/ros2_ws/install/local_setup.zsh'
[51.475s] INFO:colcon.colcon_core.shell:Creating prefix chain script '/home/ubuntu/ros2_ws/src/Robotics/ros2_ws/install/setup.zsh'
