[0.017s] Invoking command in '/home/ubuntu/ros2_ws/Robotics/ros2_ws/build/motion': AMENT_PREFIX_PATH=/home/ubuntu/ros2_ws/Robotics/ros2_ws/install/custom_msg_interfaces:${AMENT_PREFIX_PATH} CMAKE_PREFIX_PATH=/home/ubuntu/ros2_ws/Robotics/ros2_ws/install/custom_msg_interfaces:/opt/ros/jazzy/opt/gz_sim_vendor:/opt/ros/jazzy/opt/gz_sensors_vendor:/opt/ros/jazzy/opt/gz_physics_vendor:/opt/ros/jazzy/opt/sdformat_vendor:/opt/ros/jazzy/opt/gz_gui_vendor:/opt/ros/jazzy/opt/gz_transport_vendor:/opt/ros/jazzy/opt/gz_rendering_vendor:/opt/ros/jazzy/opt/gz_plugin_vendor:/opt/ros/jazzy/opt/gz_fuel_tools_vendor:/opt/ros/jazzy/opt/gz_msgs_vendor:/opt/ros/jazzy/opt/gz_common_vendor:/opt/ros/jazzy/opt/gz_math_vendor:/opt/ros/jazzy/opt/gz_utils_vendor:/opt/ros/jazzy/opt/gz_tools_vendor:/opt/ros/jazzy/opt/gz_ogre_next_vendor:/opt/ros/jazzy/opt/gz_dartsim_vendor:/opt/ros/jazzy/opt/gz_cmake_vendor:/opt/ros/jazzy LD_LIBRARY_PATH=/home/ubuntu/ros2_ws/Robotics/ros2_ws/install/custom_msg_interfaces/lib:${LD_LIBRARY_PATH} PYTHONPATH=/home/ubuntu/ros2_ws/Robotics/ros2_ws/install/custom_msg_interfaces/lib/python3.12/site-packages:${PYTHONPATH} /usr/bin/cmake /home/ubuntu/ros2_ws/Robotics/ros2_ws/src/motion -DCMAKE_INSTALL_PREFIX=/home/ubuntu/ros2_ws/Robotics/ros2_ws/install/motion
[0.271s] -- The C compiler identification is GNU 13.2.0
[0.271s] -- The CXX compiler identification is GNU 13.2.0
[0.271s] -- Detecting C compiler ABI info
[0.272s] -- Detecting C compiler ABI info - done
[0.272s] -- Check for working C compiler: /usr/bin/cc - skipped
[0.272s] -- Detecting C compile features
[0.272s] -- Detecting C compile features - done
[0.272s] -- Detecting CXX compiler ABI info
[0.341s] -- Detecting CXX compiler ABI info - done
[0.349s] -- Check for working CXX compiler: /usr/bin/c++ - skipped
[0.349s] -- Detecting CXX compile features
[0.350s] -- Detecting CXX compile features - done
[0.353s] -- Found ament_cmake: 2.5.2 (/opt/ros/jazzy/share/ament_cmake/cmake)
[0.509s] -- Found Python3: /usr/bin/python3 (found version "3.12.3") found components: Interpreter 
[0.620s] -- Found rclcpp: 28.1.5 (/opt/ros/jazzy/share/rclcpp/cmake)
[0.689s] -- Found rosidl_generator_c: 4.6.4 (/opt/ros/jazzy/share/rosidl_generator_c/cmake)
[0.705s] -- Found rosidl_generator_cpp: 4.6.4 (/opt/ros/jazzy/share/rosidl_generator_cpp/cmake)
[0.724s] -- Using all available rosidl_typesupport_c: rosidl_typesupport_fastrtps_c;rosidl_typesupport_introspection_c
[0.742s] -- Using all available rosidl_typesupport_cpp: rosidl_typesupport_fastrtps_cpp;rosidl_typesupport_introspection_cpp
[0.817s] -- Found rmw_implementation_cmake: 7.3.1 (/opt/ros/jazzy/share/rmw_implementation_cmake/cmake)
[0.821s] -- Found rmw_fastrtps_cpp: 8.4.1 (/opt/ros/jazzy/share/rmw_fastrtps_cpp/cmake)
[0.894s] -- Found OpenSSL: /usr/lib/x86_64-linux-gnu/libcrypto.so (found version "3.0.13")  
[0.914s] -- Found FastRTPS: /opt/ros/jazzy/include (Required is at least version "2.13") 
[0.942s] -- Using RMW implementation 'rmw_fastrtps_cpp' as default
[1.030s] -- Found custom_msg_interfaces: 0.0.0 (/home/ubuntu/ros2_ws/Robotics/ros2_ws/install/custom_msg_interfaces/share/custom_msg_interfaces/cmake)
[1.140s] -- Found control_msgs: 5.3.0 (/opt/ros/jazzy/share/control_msgs/cmake)
[1.244s] -- Found rclcpp_action: 28.1.5 (/opt/ros/jazzy/share/rclcpp_action/cmake)
[1.260s] -- Found std_srvs: 5.3.5 (/opt/ros/jazzy/share/std_srvs/cmake)
[1.281s] -- Found visualization_msgs: 5.3.5 (/opt/ros/jazzy/share/visualization_msgs/cmake)
[1.328s] -- Found tf2: 0.36.4 (/opt/ros/jazzy/share/tf2/cmake)
[1.336s] -- Found tf2_geometry_msgs: 0.36.4 (/opt/ros/jazzy/share/tf2_geometry_msgs/cmake)
[1.349s] -- Found eigen3_cmake_module: 0.3.0 (/opt/ros/jazzy/share/eigen3_cmake_module/cmake)
[1.352s] -- Found Eigen3: TRUE (found version "3.4.0") 
[1.352s] -- Ensuring Eigen3 include directory is part of orocos-kdl CMake target
[1.565s] -- Configuring done (1.5s)
[1.600s] -- Generating done (0.0s)
[1.616s] -- Build files have been written to: /home/ubuntu/ros2_ws/Robotics/ros2_ws/build/motion
[1.629s] Invoked command in '/home/ubuntu/ros2_ws/Robotics/ros2_ws/build/motion' returned '0': AMENT_PREFIX_PATH=/home/ubuntu/ros2_ws/Robotics/ros2_ws/install/custom_msg_interfaces:${AMENT_PREFIX_PATH} CMAKE_PREFIX_PATH=/home/ubuntu/ros2_ws/Robotics/ros2_ws/install/custom_msg_interfaces:/opt/ros/jazzy/opt/gz_sim_vendor:/opt/ros/jazzy/opt/gz_sensors_vendor:/opt/ros/jazzy/opt/gz_physics_vendor:/opt/ros/jazzy/opt/sdformat_vendor:/opt/ros/jazzy/opt/gz_gui_vendor:/opt/ros/jazzy/opt/gz_transport_vendor:/opt/ros/jazzy/opt/gz_rendering_vendor:/opt/ros/jazzy/opt/gz_plugin_vendor:/opt/ros/jazzy/opt/gz_fuel_tools_vendor:/opt/ros/jazzy/opt/gz_msgs_vendor:/opt/ros/jazzy/opt/gz_common_vendor:/opt/ros/jazzy/opt/gz_math_vendor:/opt/ros/jazzy/opt/gz_utils_vendor:/opt/ros/jazzy/opt/gz_tools_vendor:/opt/ros/jazzy/opt/gz_ogre_next_vendor:/opt/ros/jazzy/opt/gz_dartsim_vendor:/opt/ros/jazzy/opt/gz_cmake_vendor:/opt/ros/jazzy LD_LIBRARY_PATH=/home/ubuntu/ros2_ws/Robotics/ros2_ws/install/custom_msg_interfaces/lib:${LD_LIBRARY_PATH} PYTHONPATH=/home/ubuntu/ros2_ws/Robotics/ros2_ws/install/custom_msg_interfaces/lib/python3.12/site-packages:${PYTHONPATH} /usr/bin/cmake /home/ubuntu/ros2_ws/Robotics/ros2_ws/src/motion -DCMAKE_INSTALL_PREFIX=/home/ubuntu/ros2_ws/Robotics/ros2_ws/install/motion
[1.629s] Invoking command in '/home/ubuntu/ros2_ws/Robotics/ros2_ws/build/motion': AMENT_PREFIX_PATH=/home/ubuntu/ros2_ws/Robotics/ros2_ws/install/custom_msg_interfaces:${AMENT_PREFIX_PATH} CMAKE_PREFIX_PATH=/home/ubuntu/ros2_ws/Robotics/ros2_ws/install/custom_msg_interfaces:/opt/ros/jazzy/opt/gz_sim_vendor:/opt/ros/jazzy/opt/gz_sensors_vendor:/opt/ros/jazzy/opt/gz_physics_vendor:/opt/ros/jazzy/opt/sdformat_vendor:/opt/ros/jazzy/opt/gz_gui_vendor:/opt/ros/jazzy/opt/gz_transport_vendor:/opt/ros/jazzy/opt/gz_rendering_vendor:/opt/ros/jazzy/opt/gz_plugin_vendor:/opt/ros/jazzy/opt/gz_fuel_tools_vendor:/opt/ros/jazzy/opt/gz_msgs_vendor:/opt/ros/jazzy/opt/gz_common_vendor:/opt/ros/jazzy/opt/gz_math_vendor:/opt/ros/jazzy/opt/gz_utils_vendor:/opt/ros/jazzy/opt/gz_tools_vendor:/opt/ros/jazzy/opt/gz_ogre_next_vendor:/opt/ros/jazzy/opt/gz_dartsim_vendor:/opt/ros/jazzy/opt/gz_cmake_vendor:/opt/ros/jazzy LD_LIBRARY_PATH=/home/ubuntu/ros2_ws/Robotics/ros2_ws/install/custom_msg_interfaces/lib:${LD_LIBRARY_PATH} PYTHONPATH=/home/ubuntu/ros2_ws/Robotics/ros2_ws/install/custom_msg_interfaces/lib/python3.12/site-packages:${PYTHONPATH} /usr/bin/cmake --build /home/ubuntu/ros2_ws/Robotics/ros2_ws/build/motion -- -j16 -l16
[1.680s] [ 10%] [32mBuilding CXX object CMakeFiles/compute_path_service.dir/src/compute_path_service.cpp.o[0m
[1.680s] [ 20%] [32mBuilding CXX object CMakeFiles/table_avoidance_node.dir/src/table_avoidance_node.cpp.o[0m
[1.681s] [ 30%] [32mBuilding CXX object CMakeFiles/inverse_kin_server_node.dir/src/inverse_kin_server.cpp.o[0m
[1.681s] [ 40%] [32mBuilding CXX object CMakeFiles/compute_trajectory_service.dir/src/compute_trajectory_service.cpp.o[0m
[1.683s] [ 50%] [32mBuilding CXX object CMakeFiles/direct_kin_server.dir/src/direct_kin_server.cpp.o[0m
[7.667s] [ 60%] [32m[1mLinking CXX executable direct_kin_server[0m
[7.804s] [ 70%] [32m[1mLinking CXX executable compute_path_service[0m
[7.821s] [ 70%] Built target direct_kin_server
[7.995s] [ 70%] Built target compute_path_service
[8.095s] [ 80%] [32m[1mLinking CXX executable table_avoidance_node[0m
[8.247s] [ 80%] Built target table_avoidance_node
[8.287s] [ 90%] [32m[1mLinking CXX executable inverse_kin_server_node[0m
[8.415s] [ 90%] Built target inverse_kin_server_node
[13.170s] [100%] [32m[1mLinking CXX executable compute_trajectory_service[0m
[13.514s] [100%] Built target compute_trajectory_service
[13.522s] Invoked command in '/home/ubuntu/ros2_ws/Robotics/ros2_ws/build/motion' returned '0': AMENT_PREFIX_PATH=/home/ubuntu/ros2_ws/Robotics/ros2_ws/install/custom_msg_interfaces:${AMENT_PREFIX_PATH} CMAKE_PREFIX_PATH=/home/ubuntu/ros2_ws/Robotics/ros2_ws/install/custom_msg_interfaces:/opt/ros/jazzy/opt/gz_sim_vendor:/opt/ros/jazzy/opt/gz_sensors_vendor:/opt/ros/jazzy/opt/gz_physics_vendor:/opt/ros/jazzy/opt/sdformat_vendor:/opt/ros/jazzy/opt/gz_gui_vendor:/opt/ros/jazzy/opt/gz_transport_vendor:/opt/ros/jazzy/opt/gz_rendering_vendor:/opt/ros/jazzy/opt/gz_plugin_vendor:/opt/ros/jazzy/opt/gz_fuel_tools_vendor:/opt/ros/jazzy/opt/gz_msgs_vendor:/opt/ros/jazzy/opt/gz_common_vendor:/opt/ros/jazzy/opt/gz_math_vendor:/opt/ros/jazzy/opt/gz_utils_vendor:/opt/ros/jazzy/opt/gz_tools_vendor:/opt/ros/jazzy/opt/gz_ogre_next_vendor:/opt/ros/jazzy/opt/gz_dartsim_vendor:/opt/ros/jazzy/opt/gz_cmake_vendor:/opt/ros/jazzy LD_LIBRARY_PATH=/home/ubuntu/ros2_ws/Robotics/ros2_ws/install/custom_msg_interfaces/lib:${LD_LIBRARY_PATH} PYTHONPATH=/home/ubuntu/ros2_ws/Robotics/ros2_ws/install/custom_msg_interfaces/lib/python3.12/site-packages:${PYTHONPATH} /usr/bin/cmake --build /home/ubuntu/ros2_ws/Robotics/ros2_ws/build/motion -- -j16 -l16
[13.522s] Invoking command in '/home/ubuntu/ros2_ws/Robotics/ros2_ws/build/motion': AMENT_PREFIX_PATH=/home/ubuntu/ros2_ws/Robotics/ros2_ws/install/custom_msg_interfaces:${AMENT_PREFIX_PATH} CMAKE_PREFIX_PATH=/home/ubuntu/ros2_ws/Robotics/ros2_ws/install/custom_msg_interfaces:/opt/ros/jazzy/opt/gz_sim_vendor:/opt/ros/jazzy/opt/gz_sensors_vendor:/opt/ros/jazzy/opt/gz_physics_vendor:/opt/ros/jazzy/opt/sdformat_vendor:/opt/ros/jazzy/opt/gz_gui_vendor:/opt/ros/jazzy/opt/gz_transport_vendor:/opt/ros/jazzy/opt/gz_rendering_vendor:/opt/ros/jazzy/opt/gz_plugin_vendor:/opt/ros/jazzy/opt/gz_fuel_tools_vendor:/opt/ros/jazzy/opt/gz_msgs_vendor:/opt/ros/jazzy/opt/gz_common_vendor:/opt/ros/jazzy/opt/gz_math_vendor:/opt/ros/jazzy/opt/gz_utils_vendor:/opt/ros/jazzy/opt/gz_tools_vendor:/opt/ros/jazzy/opt/gz_ogre_next_vendor:/opt/ros/jazzy/opt/gz_dartsim_vendor:/opt/ros/jazzy/opt/gz_cmake_vendor:/opt/ros/jazzy LD_LIBRARY_PATH=/home/ubuntu/ros2_ws/Robotics/ros2_ws/install/custom_msg_interfaces/lib:${LD_LIBRARY_PATH} PYTHONPATH=/home/ubuntu/ros2_ws/Robotics/ros2_ws/install/custom_msg_interfaces/lib/python3.12/site-packages:${PYTHONPATH} /usr/bin/cmake --install /home/ubuntu/ros2_ws/Robotics/ros2_ws/build/motion
[13.528s] -- Install configuration: ""
[13.528s] -- Installing: /home/ubuntu/ros2_ws/Robotics/ros2_ws/install/motion/share/motion/launch
[13.529s] -- Installing: /home/ubuntu/ros2_ws/Robotics/ros2_ws/install/motion/share/motion/launch/motion.launch.py
[13.529s] -- Installing: /home/ubuntu/ros2_ws/Robotics/ros2_ws/install/motion/lib/motion/table_avoidance_node
[13.531s] -- Set non-toolchain portion of runtime path of "/home/ubuntu/ros2_ws/Robotics/ros2_ws/install/motion/lib/motion/table_avoidance_node" to ""
[13.531s] -- Installing: /home/ubuntu/ros2_ws/Robotics/ros2_ws/install/motion/lib/motion/inverse_kin_server_node
[13.532s] -- Set non-toolchain portion of runtime path of "/home/ubuntu/ros2_ws/Robotics/ros2_ws/install/motion/lib/motion/inverse_kin_server_node" to ""
[13.532s] -- Installing: /home/ubuntu/ros2_ws/Robotics/ros2_ws/install/motion/lib/motion/direct_kin_server
[13.533s] -- Set non-toolchain portion of runtime path of "/home/ubuntu/ros2_ws/Robotics/ros2_ws/install/motion/lib/motion/direct_kin_server" to ""
[13.533s] -- Installing: /home/ubuntu/ros2_ws/Robotics/ros2_ws/install/motion/lib/motion/compute_trajectory_service
[13.537s] -- Set non-toolchain portion of runtime path of "/home/ubuntu/ros2_ws/Robotics/ros2_ws/install/motion/lib/motion/compute_trajectory_service" to ""
[13.537s] -- Installing: /home/ubuntu/ros2_ws/Robotics/ros2_ws/install/motion/lib/motion/compute_path_service
[13.538s] -- Set non-toolchain portion of runtime path of "/home/ubuntu/ros2_ws/Robotics/ros2_ws/install/motion/lib/motion/compute_path_service" to ""
[13.538s] -- Installing: /home/ubuntu/ros2_ws/Robotics/ros2_ws/install/motion/share/ament_index/resource_index/package_run_dependencies/motion
[13.539s] -- Installing: /home/ubuntu/ros2_ws/Robotics/ros2_ws/install/motion/share/ament_index/resource_index/parent_prefix_path/motion
[13.539s] -- Installing: /home/ubuntu/ros2_ws/Robotics/ros2_ws/install/motion/share/motion/environment/ament_prefix_path.sh
[13.539s] -- Installing: /home/ubuntu/ros2_ws/Robotics/ros2_ws/install/motion/share/motion/environment/ament_prefix_path.dsv
[13.539s] -- Installing: /home/ubuntu/ros2_ws/Robotics/ros2_ws/install/motion/share/motion/environment/path.sh
[13.539s] -- Installing: /home/ubuntu/ros2_ws/Robotics/ros2_ws/install/motion/share/motion/environment/path.dsv
[13.539s] -- Installing: /home/ubuntu/ros2_ws/Robotics/ros2_ws/install/motion/share/motion/local_setup.bash
[13.539s] -- Installing: /home/ubuntu/ros2_ws/Robotics/ros2_ws/install/motion/share/motion/local_setup.sh
[13.539s] -- Installing: /home/ubuntu/ros2_ws/Robotics/ros2_ws/install/motion/share/motion/local_setup.zsh
[13.540s] -- Installing: /home/ubuntu/ros2_ws/Robotics/ros2_ws/install/motion/share/motion/local_setup.dsv
[13.540s] -- Installing: /home/ubuntu/ros2_ws/Robotics/ros2_ws/install/motion/share/motion/package.dsv
[13.540s] -- Installing: /home/ubuntu/ros2_ws/Robotics/ros2_ws/install/motion/share/ament_index/resource_index/packages/motion
[13.540s] -- Installing: /home/ubuntu/ros2_ws/Robotics/ros2_ws/install/motion/share/motion/cmake/motionConfig.cmake
[13.540s] -- Installing: /home/ubuntu/ros2_ws/Robotics/ros2_ws/install/motion/share/motion/cmake/motionConfig-version.cmake
[13.540s] -- Installing: /home/ubuntu/ros2_ws/Robotics/ros2_ws/install/motion/share/motion/package.xml
[13.542s] Invoked command in '/home/ubuntu/ros2_ws/Robotics/ros2_ws/build/motion' returned '0': AMENT_PREFIX_PATH=/home/ubuntu/ros2_ws/Robotics/ros2_ws/install/custom_msg_interfaces:${AMENT_PREFIX_PATH} CMAKE_PREFIX_PATH=/home/ubuntu/ros2_ws/Robotics/ros2_ws/install/custom_msg_interfaces:/opt/ros/jazzy/opt/gz_sim_vendor:/opt/ros/jazzy/opt/gz_sensors_vendor:/opt/ros/jazzy/opt/gz_physics_vendor:/opt/ros/jazzy/opt/sdformat_vendor:/opt/ros/jazzy/opt/gz_gui_vendor:/opt/ros/jazzy/opt/gz_transport_vendor:/opt/ros/jazzy/opt/gz_rendering_vendor:/opt/ros/jazzy/opt/gz_plugin_vendor:/opt/ros/jazzy/opt/gz_fuel_tools_vendor:/opt/ros/jazzy/opt/gz_msgs_vendor:/opt/ros/jazzy/opt/gz_common_vendor:/opt/ros/jazzy/opt/gz_math_vendor:/opt/ros/jazzy/opt/gz_utils_vendor:/opt/ros/jazzy/opt/gz_tools_vendor:/opt/ros/jazzy/opt/gz_ogre_next_vendor:/opt/ros/jazzy/opt/gz_dartsim_vendor:/opt/ros/jazzy/opt/gz_cmake_vendor:/opt/ros/jazzy LD_LIBRARY_PATH=/home/ubuntu/ros2_ws/Robotics/ros2_ws/install/custom_msg_interfaces/lib:${LD_LIBRARY_PATH} PYTHONPATH=/home/ubuntu/ros2_ws/Robotics/ros2_ws/install/custom_msg_interfaces/lib/python3.12/site-packages:${PYTHONPATH} /usr/bin/cmake --install /home/ubuntu/ros2_ws/Robotics/ros2_ws/build/motion
