running egg_info
creating ../../../build/arm_bringup/arm_bringup.egg-info
writing ../../../build/arm_bringup/arm_bringup.egg-info/PKG-INFO
writing dependency_links to ../../../build/arm_bringup/arm_bringup.egg-info/dependency_links.txt
writing requirements to ../../../build/arm_bringup/arm_bringup.egg-info/requires.txt
writing top-level names to ../../../build/arm_bringup/arm_bringup.egg-info/top_level.txt
writing manifest file '../../../build/arm_bringup/arm_bringup.egg-info/SOURCES.txt'
reading manifest file '../../../build/arm_bringup/arm_bringup.egg-info/SOURCES.txt'
writing manifest file '../../../build/arm_bringup/arm_bringup.egg-info/SOURCES.txt'
running build
running install
running install_data
creating /home/ubuntu/ros2_ws/ros2_ws/install/arm_bringup/share/ament_index
creating /home/ubuntu/ros2_ws/ros2_ws/install/arm_bringup/share/ament_index/resource_index
creating /home/ubuntu/ros2_ws/ros2_ws/install/arm_bringup/share/ament_index/resource_index/packages
copying resource/arm_bringup -> /home/ubuntu/ros2_ws/ros2_ws/install/arm_bringup/share/ament_index/resource_index/packages
copying package.xml -> /home/ubuntu/ros2_ws/ros2_ws/install/arm_bringup/share/arm_bringup
creating /home/ubuntu/ros2_ws/ros2_ws/install/arm_bringup/share/arm_bringup/launch
copying launch/bringup_launch.py -> /home/ubuntu/ros2_ws/ros2_ws/install/arm_bringup/share/arm_bringup/launch
running install_egg_info
Copying ../../../build/arm_bringup/arm_bringup.egg-info to /home/ubuntu/ros2_ws/ros2_ws/install/arm_bringup/lib/python3.12/site-packages/arm_bringup-0.0.1-py3.12.egg-info
running install_scripts
writing list of installed files to '/home/ubuntu/ros2_ws/ros2_ws/build/arm_bringup/install.log'
