[0.617s] Invoking command in '/home/ubuntu/ros2_ws/ros2_ws/ros2_ws/src/arm_bringup': AMENT_PREFIX_PATH=/home/ubuntu/ros2_ws/ros2_ws/install/pose_estimator_pkg:/home/ubuntu/ros2_ws/ros2_ws/install/planning_pkg:/home/ubuntu/ros2_ws/ros2_ws/install/motion_pkg:/home/ubuntu/ros2_ws/ros2_ws/install/ros2_ur5_interface:/home/ubuntu/ros2_ws/ros2_ws/install/custom_msg_interfaces:/home/ubuntu/ros2_ws/ros2_ws/install/collision_detection_pkg:${AMENT_PREFIX_PATH} CMAKE_PREFIX_PATH=/home/ubuntu/ros2_ws/ros2_ws/install/motion_pkg:/home/ubuntu/ros2_ws/ros2_ws/install/ros2_ur5_interface:/home/ubuntu/ros2_ws/ros2_ws/install/custom_msg_interfaces:/home/ubuntu/ros2_ws/ros2_ws/install/collision_detection_pkg:${CMAKE_PREFIX_PATH} LD_LIBRARY_PATH=/home/ubuntu/ros2_ws/ros2_ws/install/custom_msg_interfaces/lib:${LD_LIBRARY_PATH} PYTHONPATH=/home/ubuntu/ros2_ws/ros2_ws/build/arm_bringup/prefix_override:/usr/lib/python3/dist-packages/colcon_core/task/python/colcon_distutils_commands:/home/ubuntu/ros2_ws/ros2_ws/install/arm_bringup/lib/python3.12/site-packages:/home/ubuntu/ros2_ws/ros2_ws/install/pose_estimator_pkg/lib/python3.12/site-packages:/home/ubuntu/ros2_ws/ros2_ws/install/planning_pkg/lib/python3.12/site-packages:/home/ubuntu/ros2_ws/ros2_ws/install/custom_msg_interfaces/lib/python3.12/site-packages:${PYTHONPATH} /usr/bin/python3 -W ignore:setup.py install is deprecated -W ignore:easy_install command is deprecated setup.py egg_info --egg-base ../../../build/arm_bringup build --build-base /home/ubuntu/ros2_ws/ros2_ws/build/arm_bringup/build install --record /home/ubuntu/ros2_ws/ros2_ws/build/arm_bringup/install.log --single-version-externally-managed install_data
[0.818s] running egg_info
[0.818s] creating ../../../build/arm_bringup/arm_bringup.egg-info
[0.832s] writing ../../../build/arm_bringup/arm_bringup.egg-info/PKG-INFO
[0.832s] writing dependency_links to ../../../build/arm_bringup/arm_bringup.egg-info/dependency_links.txt
[0.832s] writing requirements to ../../../build/arm_bringup/arm_bringup.egg-info/requires.txt
[0.833s] writing top-level names to ../../../build/arm_bringup/arm_bringup.egg-info/top_level.txt
[0.833s] writing manifest file '../../../build/arm_bringup/arm_bringup.egg-info/SOURCES.txt'
[0.848s] reading manifest file '../../../build/arm_bringup/arm_bringup.egg-info/SOURCES.txt'
[0.848s] writing manifest file '../../../build/arm_bringup/arm_bringup.egg-info/SOURCES.txt'
[0.849s] running build
[0.849s] running install
[0.854s] running install_data
[0.854s] creating /home/ubuntu/ros2_ws/ros2_ws/install/arm_bringup/share/ament_index
[0.854s] creating /home/ubuntu/ros2_ws/ros2_ws/install/arm_bringup/share/ament_index/resource_index
[0.854s] creating /home/ubuntu/ros2_ws/ros2_ws/install/arm_bringup/share/ament_index/resource_index/packages
[0.854s] copying resource/arm_bringup -> /home/ubuntu/ros2_ws/ros2_ws/install/arm_bringup/share/ament_index/resource_index/packages
[0.854s] copying package.xml -> /home/ubuntu/ros2_ws/ros2_ws/install/arm_bringup/share/arm_bringup
[0.855s] creating /home/ubuntu/ros2_ws/ros2_ws/install/arm_bringup/share/arm_bringup/launch
[0.855s] copying launch/bringup_launch.py -> /home/ubuntu/ros2_ws/ros2_ws/install/arm_bringup/share/arm_bringup/launch
[0.855s] running install_egg_info
[0.883s] Copying ../../../build/arm_bringup/arm_bringup.egg-info to /home/ubuntu/ros2_ws/ros2_ws/install/arm_bringup/lib/python3.12/site-packages/arm_bringup-0.0.1-py3.12.egg-info
[0.884s] running install_scripts
[0.979s] writing list of installed files to '/home/ubuntu/ros2_ws/ros2_ws/build/arm_bringup/install.log'
[1.001s] Invoked command in '/home/ubuntu/ros2_ws/ros2_ws/ros2_ws/src/arm_bringup' returned '0': AMENT_PREFIX_PATH=/home/ubuntu/ros2_ws/ros2_ws/install/pose_estimator_pkg:/home/ubuntu/ros2_ws/ros2_ws/install/planning_pkg:/home/ubuntu/ros2_ws/ros2_ws/install/motion_pkg:/home/ubuntu/ros2_ws/ros2_ws/install/ros2_ur5_interface:/home/ubuntu/ros2_ws/ros2_ws/install/custom_msg_interfaces:/home/ubuntu/ros2_ws/ros2_ws/install/collision_detection_pkg:${AMENT_PREFIX_PATH} CMAKE_PREFIX_PATH=/home/ubuntu/ros2_ws/ros2_ws/install/motion_pkg:/home/ubuntu/ros2_ws/ros2_ws/install/ros2_ur5_interface:/home/ubuntu/ros2_ws/ros2_ws/install/custom_msg_interfaces:/home/ubuntu/ros2_ws/ros2_ws/install/collision_detection_pkg:${CMAKE_PREFIX_PATH} LD_LIBRARY_PATH=/home/ubuntu/ros2_ws/ros2_ws/install/custom_msg_interfaces/lib:${LD_LIBRARY_PATH} PYTHONPATH=/home/ubuntu/ros2_ws/ros2_ws/build/arm_bringup/prefix_override:/usr/lib/python3/dist-packages/colcon_core/task/python/colcon_distutils_commands:/home/ubuntu/ros2_ws/ros2_ws/install/arm_bringup/lib/python3.12/site-packages:/home/ubuntu/ros2_ws/ros2_ws/install/pose_estimator_pkg/lib/python3.12/site-packages:/home/ubuntu/ros2_ws/ros2_ws/install/planning_pkg/lib/python3.12/site-packages:/home/ubuntu/ros2_ws/ros2_ws/install/custom_msg_interfaces/lib/python3.12/site-packages:${PYTHONPATH} /usr/bin/python3 -W ignore:setup.py install is deprecated -W ignore:easy_install command is deprecated setup.py egg_info --egg-base ../../../build/arm_bringup build --build-base /home/ubuntu/ros2_ws/ros2_ws/build/arm_bringup/build install --record /home/ubuntu/ros2_ws/ros2_ws/build/arm_bringup/install.log --single-version-externally-managed install_data
