[ 12%] [32mBuilding CXX object CMakeFiles/direct_kin_server.dir/src/direct_kin_server.cpp.o[0m
[ 37%] Built target compute_path_service
[ 75%] [32mBuilding CXX object CMakeFiles/inverse_kin_server_node.dir/src/inverse_kin_server.cpp.o[0m
[ 75%] Built target compute_trajectory_service
[01m[K/home/ubuntu/ros2_ws/ros2_ws/ros2_ws/src/motion/src/inverse_kin_server.cpp:32:1:[m[K [01;31m[Kerror: [m[K‘[01m[KInverseKinServer[m[K’ does not name a type
   32 | [01;31m[KInverseKinServer[m[K::InverseKinServer(const rclcpp::NodeOptions & options): Node("inverse_kin_server_node", options)
      | [01;31m[K^~~~~~~~~~~~~~~~[m[K
[01m[K/home/ubuntu/ros2_ws/ros2_ws/ros2_ws/src/motion/src/inverse_kin_server.cpp:43:6:[m[K [01;31m[Kerror: [m[K‘[01m[KInverseKinServer[m[K’ has not been declared
   43 | void [01;31m[KInverseKinServer[m[K::computeIKCallback(
      |      [01;31m[K^~~~~~~~~~~~~~~~[m[K
[01m[K/home/ubuntu/ros2_ws/ros2_ws/ros2_ws/src/motion/src/inverse_kin_server.cpp:[m[K In function ‘[01m[Kvoid motion_pkg::[01;32m[KcomputeIKCallback[m[K(std::shared_ptr<custom_msg_interfaces::srv::ComputeIK_Request_<std::allocator<void> > >, std::shared_ptr<custom_msg_interfaces::srv::ComputeIK_Response_<std::allocator<void> > >)[m[K’:
[01m[K/home/ubuntu/ros2_ws/ros2_ws/ros2_ws/src/motion/src/inverse_kin_server.cpp:73:30:[m[K [01;31m[Kerror: [m[K‘[01m[Kur5Inverse[m[K’ was not declared in this scope
   73 |  Eigen::MatrixXd solutions = [01;31m[Kur5Inverse[m[K(p60, R_f, scaleFactor);  // 8x6
      |                              [01;31m[K^~~~~~~~~~[m[K
In file included from [01m[K/opt/ros/jazzy/include/rclcpp/rclcpp/copy_all_parameter_values.hpp:27[m[K,
                 from [01m[K/opt/ros/jazzy/include/rclcpp/rclcpp/rclcpp.hpp:171[m[K,
                 from [01m[K/home/ubuntu/ros2_ws/ros2_ws/ros2_ws/src/motion/include/motion/inverse_kin_server.hpp:9[m[K,
                 from [01m[K/home/ubuntu/ros2_ws/ros2_ws/ros2_ws/src/motion/src/inverse_kin_server.cpp:1[m[K:
[01m[K/home/ubuntu/ros2_ws/ros2_ws/ros2_ws/src/motion/src/inverse_kin_server.cpp:104:14:[m[K [01;31m[Kerror: [m[Kinvalid use of ‘[01m[Kthis[m[K’ in non-member function
  104 |  RCLCPP_INFO([01;31m[Kthis[m[K->get_logger(), "IK solutions computed and sent back to client.");
      |              [01;31m[K^~~~[m[K
[01m[K/home/ubuntu/ros2_ws/ros2_ws/ros2_ws/src/motion/src/inverse_kin_server.cpp:104:14:[m[K [01;31m[Kerror: [m[Kinvalid use of ‘[01m[Kthis[m[K’ in non-member function
[01m[K/home/ubuntu/ros2_ws/ros2_ws/ros2_ws/src/motion/src/inverse_kin_server.cpp:104:2:[m[K [01;31m[Kerror: [m[Ktemplate argument 1 is invalid
  104 |  [01;31m[KRCLCPP_INFO[m[K(this->get_logger(), "IK solutions computed and sent back to client.");
      |  [01;31m[K^~~~~~~~~~~[m[K
[01m[K/home/ubuntu/ros2_ws/ros2_ws/ros2_ws/src/motion/src/inverse_kin_server.cpp:104:2:[m[K [01;31m[Kerror: [m[Ktemplate argument 1 is invalid
  104 |  [01;31m[KRCLCPP_INFO[m[K(this->get_logger(), "IK solutions computed and sent back to client.");
      |  [01;31m[K^~~~~~~~~~~[m[K
[01m[K/home/ubuntu/ros2_ws/ros2_ws/ros2_ws/src/motion/src/inverse_kin_server.cpp:104:2:[m[K [01;31m[Kerror: [m[Ktemplate argument 1 is invalid
  104 |  [01;31m[KRCLCPP_INFO[m[K(this->get_logger(), "IK solutions computed and sent back to client.");
      |  [01;31m[K^~~~~~~~~~~[m[K
In file included from [01m[K/opt/ros/jazzy/include/rclcpp/rclcpp/logging.hpp:24[m[K:
[01m[K/home/ubuntu/ros2_ws/ros2_ws/ros2_ws/src/motion/src/inverse_kin_server.cpp:104:14:[m[K [01;31m[Kerror: [m[Kinvalid use of ‘[01m[Kthis[m[K’ in non-member function
  104 |  RCLCPP_INFO([01;31m[Kthis[m[K->get_logger(), "IK solutions computed and sent back to client.");
      |              [01;31m[K^~~~[m[K
[01m[K/home/ubuntu/ros2_ws/ros2_ws/ros2_ws/src/motion/src/inverse_kin_server.cpp:104:14:[m[K [01;31m[Kerror: [m[Kinvalid use of ‘[01m[Kthis[m[K’ in non-member function
  104 |  RCLCPP_INFO([01;31m[Kthis[m[K->get_logger(), "IK solutions computed and sent back to client.");
      |              [01;31m[K^~~~[m[K
[01m[K/home/ubuntu/ros2_ws/ros2_ws/ros2_ws/src/motion/src/inverse_kin_server.cpp:[m[K At global scope:
[01m[K/home/ubuntu/ros2_ws/ros2_ws/ros2_ws/src/motion/src/inverse_kin_server.cpp:121:17:[m[K [01;31m[Kerror: [m[K‘[01m[KInverseKinServer[m[K’ has not been declared
  121 | Eigen::MatrixXd [01;31m[KInverseKinServer[m[K::ur5Inverse(const Eigen::Vector3f & p60, const Eigen::Matrix3f & R60, float scaleFactor)
      |                 [01;31m[K^~~~~~~~~~~~~~~~[m[K
[01m[K/home/ubuntu/ros2_ws/ros2_ws/ros2_ws/src/motion/src/inverse_kin_server.cpp:[m[K In function ‘[01m[Kint[01;32m[K main[m[K(int, char**)[m[K’:
[01m[K/home/ubuntu/ros2_ws/ros2_ws/ros2_ws/src/motion/src/inverse_kin_server.cpp:374:44:[m[K [01;31m[Kerror: [m[K‘[01m[KInverseKinServer[m[K’ is not a member of ‘[01m[Kmotion_pkg[m[K’; did you mean ‘[01m[Kmotion::InverseKinServer[m[K’?
  374 |  rclcpp::spin(std::make_shared<motion_pkg::[01;31m[KInverseKinServer[m[K>());
      |                                            [01;31m[K^~~~~~~~~~~~~~~~[m[K
[01m[K/home/ubuntu/ros2_ws/ros2_ws/ros2_ws/src/motion/include/motion/inverse_kin_server.hpp:16:7:[m[K [01;36m[Knote: [m[K‘[01m[Kmotion::InverseKinServer[m[K’ declared here
   16 | class [01;36m[KInverseKinServer[m[K : public rclcpp::Node
      |       [01;36m[K^~~~~~~~~~~~~~~~[m[K
[01m[K/home/ubuntu/ros2_ws/ros2_ws/ros2_ws/src/motion/src/inverse_kin_server.cpp:374:61:[m[K [01;31m[Kerror: [m[Kno matching function for call to ‘[01m[Kmake_shared<<expression error> >()[m[K’
  374 |  rclcpp::spin([01;31m[Kstd::make_shared<motion_pkg::InverseKinServer>()[m[K);
      |               [01;31m[K~~~~~~~~~~~~~~~~~~~~~~~~~~~~~~~~~~~~~~~~~~~~~~^~[m[K
In file included from [01m[K/usr/include/c++/13/memory:80[m[K,
                 from [01m[K/home/ubuntu/ros2_ws/ros2_ws/ros2_ws/src/motion/include/motion/inverse_kin_server.hpp:3[m[K:
[01m[K/usr/include/c++/13/bits/shared_ptr.h:1005:5:[m[K [01;36m[Knote: [m[Kcandidate: ‘[01m[Ktemplate<class _Tp, class ... _Args> std::shared_ptr<typename std::enable_if<(! std::is_array< <template-parameter-1-1> >::value), _Tp>::type> std::[01;32m[Kmake_shared[m[K(_Args&& ...)[m[K’
 1005 |     [01;36m[Kmake_shared[m[K(_Args&&... __args)
      |     [01;36m[K^~~~~~~~~~~[m[K
[01m[K/usr/include/c++/13/bits/shared_ptr.h:1005:5:[m[K [01;36m[Knote: [m[K  template argument deduction/substitution failed:
[01m[K/home/ubuntu/ros2_ws/ros2_ws/ros2_ws/src/motion/src/inverse_kin_server.cpp:374:61:[m[K [01;31m[Kerror: [m[Ktemplate argument 1 is invalid
  374 |  rclcpp::spin([01;31m[Kstd::make_shared<motion_pkg::InverseKinServer>()[m[K);
      |               [01;31m[K~~~~~~~~~~~~~~~~~~~~~~~~~~~~~~~~~~~~~~~~~~~~~~^~[m[K
gmake[2]: *** [CMakeFiles/inverse_kin_server_node.dir/build.make:76: CMakeFiles/inverse_kin_server_node.dir/src/inverse_kin_server.cpp.o] Error 1
gmake[1]: *** [CMakeFiles/Makefile2:143: CMakeFiles/inverse_kin_server_node.dir/all] Error 2
gmake[1]: *** Waiting for unfinished jobs....
[ 87%] [32m[1mLinking CXX executable direct_kin_server[0m
[ 87%] Built target direct_kin_server
gmake: *** [Makefile:146: all] Error 2
