[1.190s] Invoking command in '/home/ubuntu/ros2_ws/Robotics/ros2_ws/src/planning_pkg': AMENT_PREFIX_PATH=/home/ubuntu/ros2_ws/Robotics/ros2_ws/install/custom_msg_interfaces:${AMENT_PREFIX_PATH} CMAKE_PREFIX_PATH=/home/ubuntu/ros2_ws/Robotics/ros2_ws/install/custom_msg_interfaces:${CMAKE_PREFIX_PATH} LD_LIBRARY_PATH=/home/ubuntu/ros2_ws/Robotics/ros2_ws/install/custom_msg_interfaces/lib:${LD_LIBRARY_PATH} PYTHONPATH=/home/ubuntu/ros2_ws/Robotics/ros2_ws/build/planning_pkg/prefix_override:/usr/lib/python3/dist-packages/colcon_core/task/python/colcon_distutils_commands:/home/ubuntu/ros2_ws/Robotics/ros2_ws/install/planning_pkg/lib/python3.12/site-packages:/home/ubuntu/ros2_ws/Robotics/ros2_ws/install/custom_msg_interfaces/lib/python3.12/site-packages:${PYTHONPATH} /usr/bin/python3 -W ignore:setup.py install is deprecated -W ignore:easy_install command is deprecated setup.py egg_info --egg-base ../../build/planning_pkg build --build-base /home/ubuntu/ros2_ws/Robotics/ros2_ws/build/planning_pkg/build install --record /home/ubuntu/ros2_ws/Robotics/ros2_ws/build/planning_pkg/install.log --single-version-externally-managed install_data
[1.455s] running egg_info
[1.455s] creating ../../build/planning_pkg/planning_pkg.egg-info
[1.471s] writing ../../build/planning_pkg/planning_pkg.egg-info/PKG-INFO
[1.471s] writing dependency_links to ../../build/planning_pkg/planning_pkg.egg-info/dependency_links.txt
[1.471s] writing entry points to ../../build/planning_pkg/planning_pkg.egg-info/entry_points.txt
[1.472s] writing requirements to ../../build/planning_pkg/planning_pkg.egg-info/requires.txt
[1.472s] writing top-level names to ../../build/planning_pkg/planning_pkg.egg-info/top_level.txt
[1.472s] writing manifest file '../../build/planning_pkg/planning_pkg.egg-info/SOURCES.txt'
[1.512s] reading manifest file '../../build/planning_pkg/planning_pkg.egg-info/SOURCES.txt'
[1.513s] writing manifest file '../../build/planning_pkg/planning_pkg.egg-info/SOURCES.txt'
[1.513s] running build
[1.513s] running build_py
[1.514s] creating /home/ubuntu/ros2_ws/Robotics/ros2_ws/build/planning_pkg/build
[1.514s] creating /home/ubuntu/ros2_ws/Robotics/ros2_ws/build/planning_pkg/build/lib
[1.514s] creating /home/ubuntu/ros2_ws/Robotics/ros2_ws/build/planning_pkg/build/lib/planning_pkg
[1.514s] copying planning_pkg/planning.py -> /home/ubuntu/ros2_ws/Robotics/ros2_ws/build/planning_pkg/build/lib/planning_pkg
[1.515s] copying planning_pkg/__init__.py -> /home/ubuntu/ros2_ws/Robotics/ros2_ws/build/planning_pkg/build/lib/planning_pkg
[1.515s] copying planning_pkg/move_a_to_b_server.py -> /home/ubuntu/ros2_ws/Robotics/ros2_ws/build/planning_pkg/build/lib/planning_pkg
[1.515s] copying planning_pkg/block_frame_publisher.py -> /home/ubuntu/ros2_ws/Robotics/ros2_ws/build/planning_pkg/build/lib/planning_pkg
[1.515s] copying planning_pkg/move_a_to_b.py -> /home/ubuntu/ros2_ws/Robotics/ros2_ws/build/planning_pkg/build/lib/planning_pkg
[1.515s] running install
[1.521s] running install_lib
[1.543s] creating /home/ubuntu/ros2_ws/Robotics/ros2_ws/install/planning_pkg/lib/python3.12/site-packages/planning_pkg
[1.543s] copying /home/ubuntu/ros2_ws/Robotics/ros2_ws/build/planning_pkg/build/lib/planning_pkg/planning.py -> /home/ubuntu/ros2_ws/Robotics/ros2_ws/install/planning_pkg/lib/python3.12/site-packages/planning_pkg
[1.543s] copying /home/ubuntu/ros2_ws/Robotics/ros2_ws/build/planning_pkg/build/lib/planning_pkg/__init__.py -> /home/ubuntu/ros2_ws/Robotics/ros2_ws/install/planning_pkg/lib/python3.12/site-packages/planning_pkg
[1.543s] copying /home/ubuntu/ros2_ws/Robotics/ros2_ws/build/planning_pkg/build/lib/planning_pkg/move_a_to_b_server.py -> /home/ubuntu/ros2_ws/Robotics/ros2_ws/install/planning_pkg/lib/python3.12/site-packages/planning_pkg
[1.543s] copying /home/ubuntu/ros2_ws/Robotics/ros2_ws/build/planning_pkg/build/lib/planning_pkg/block_frame_publisher.py -> /home/ubuntu/ros2_ws/Robotics/ros2_ws/install/planning_pkg/lib/python3.12/site-packages/planning_pkg
[1.544s] copying /home/ubuntu/ros2_ws/Robotics/ros2_ws/build/planning_pkg/build/lib/planning_pkg/move_a_to_b.py -> /home/ubuntu/ros2_ws/Robotics/ros2_ws/install/planning_pkg/lib/python3.12/site-packages/planning_pkg
[1.544s] byte-compiling /home/ubuntu/ros2_ws/Robotics/ros2_ws/install/planning_pkg/lib/python3.12/site-packages/planning_pkg/planning.py to planning.cpython-312.pyc
[1.547s] byte-compiling /home/ubuntu/ros2_ws/Robotics/ros2_ws/install/planning_pkg/lib/python3.12/site-packages/planning_pkg/__init__.py to __init__.cpython-312.pyc
[1.547s] byte-compiling /home/ubuntu/ros2_ws/Robotics/ros2_ws/install/planning_pkg/lib/python3.12/site-packages/planning_pkg/move_a_to_b_server.py to move_a_to_b_server.cpython-312.pyc
[1.549s] byte-compiling /home/ubuntu/ros2_ws/Robotics/ros2_ws/install/planning_pkg/lib/python3.12/site-packages/planning_pkg/block_frame_publisher.py to block_frame_publisher.cpython-312.pyc
[1.550s] byte-compiling /home/ubuntu/ros2_ws/Robotics/ros2_ws/install/planning_pkg/lib/python3.12/site-packages/planning_pkg/move_a_to_b.py to move_a_to_b.cpython-312.pyc
[1.552s] running install_data
[1.552s] creating /home/ubuntu/ros2_ws/Robotics/ros2_ws/install/planning_pkg/share/ament_index
[1.552s] creating /home/ubuntu/ros2_ws/Robotics/ros2_ws/install/planning_pkg/share/ament_index/resource_index
[1.552s] creating /home/ubuntu/ros2_ws/Robotics/ros2_ws/install/planning_pkg/share/ament_index/resource_index/packages
[1.552s] copying resource/planning_pkg -> /home/ubuntu/ros2_ws/Robotics/ros2_ws/install/planning_pkg/share/ament_index/resource_index/packages
[1.553s] copying package.xml -> /home/ubuntu/ros2_ws/Robotics/ros2_ws/install/planning_pkg/share/planning_pkg
[1.553s] creating /home/ubuntu/ros2_ws/Robotics/ros2_ws/install/planning_pkg/share/planning_pkg/launch
[1.553s] copying launch/planning_launch.py -> /home/ubuntu/ros2_ws/Robotics/ros2_ws/install/planning_pkg/share/planning_pkg/launch
[1.553s] running install_egg_info
[1.570s] Copying ../../build/planning_pkg/planning_pkg.egg-info to /home/ubuntu/ros2_ws/Robotics/ros2_ws/install/planning_pkg/lib/python3.12/site-packages/planning_pkg-0.0.0-py3.12.egg-info
[1.571s] running install_scripts
[1.699s] Installing block_frame_publisher script to /home/ubuntu/ros2_ws/Robotics/ros2_ws/install/planning_pkg/lib/planning_pkg
[1.700s] Installing move_a_to_b_server script to /home/ubuntu/ros2_ws/Robotics/ros2_ws/install/planning_pkg/lib/planning_pkg
[1.700s] Installing planning_node script to /home/ubuntu/ros2_ws/Robotics/ros2_ws/install/planning_pkg/lib/planning_pkg
[1.701s] writing list of installed files to '/home/ubuntu/ros2_ws/Robotics/ros2_ws/build/planning_pkg/install.log'
[1.734s] Invoked command in '/home/ubuntu/ros2_ws/Robotics/ros2_ws/src/planning_pkg' returned '0': AMENT_PREFIX_PATH=/home/ubuntu/ros2_ws/Robotics/ros2_ws/install/custom_msg_interfaces:${AMENT_PREFIX_PATH} CMAKE_PREFIX_PATH=/home/ubuntu/ros2_ws/Robotics/ros2_ws/install/custom_msg_interfaces:${CMAKE_PREFIX_PATH} LD_LIBRARY_PATH=/home/ubuntu/ros2_ws/Robotics/ros2_ws/install/custom_msg_interfaces/lib:${LD_LIBRARY_PATH} PYTHONPATH=/home/ubuntu/ros2_ws/Robotics/ros2_ws/build/planning_pkg/prefix_override:/usr/lib/python3/dist-packages/colcon_core/task/python/colcon_distutils_commands:/home/ubuntu/ros2_ws/Robotics/ros2_ws/install/planning_pkg/lib/python3.12/site-packages:/home/ubuntu/ros2_ws/Robotics/ros2_ws/install/custom_msg_interfaces/lib/python3.12/site-packages:${PYTHONPATH} /usr/bin/python3 -W ignore:setup.py install is deprecated -W ignore:easy_install command is deprecated setup.py egg_info --egg-base ../../build/planning_pkg build --build-base /home/ubuntu/ros2_ws/Robotics/ros2_ws/build/planning_pkg/build install --record /home/ubuntu/ros2_ws/Robotics/ros2_ws/build/planning_pkg/install.log --single-version-externally-managed install_data
