running egg_info
writing ../../../build/pose_estimator_pkg/pose_estimator_pkg.egg-info/PKG-INFO
writing dependency_links to ../../../build/pose_estimator_pkg/pose_estimator_pkg.egg-info/dependency_links.txt
writing entry points to ../../../build/pose_estimator_pkg/pose_estimator_pkg.egg-info/entry_points.txt
writing requirements to ../../../build/pose_estimator_pkg/pose_estimator_pkg.egg-info/requires.txt
writing top-level names to ../../../build/pose_estimator_pkg/pose_estimator_pkg.egg-info/top_level.txt
reading manifest file '../../../build/pose_estimator_pkg/pose_estimator_pkg.egg-info/SOURCES.txt'
writing manifest file '../../../build/pose_estimator_pkg/pose_estimator_pkg.egg-info/SOURCES.txt'
running build
running build_py
running install
running install_lib
running install_data
running install_egg_info
removing '/home/ubuntu/ros2_ws/ros2_ws/install/pose_estimator_pkg/lib/python3.12/site-packages/pose_estimator_pkg-0.0.0-py3.12.egg-info' (and everything under it)
Copying ../../../build/pose_estimator_pkg/pose_estimator_pkg.egg-info to /home/ubuntu/ros2_ws/ros2_ws/install/pose_estimator_pkg/lib/python3.12/site-packages/pose_estimator_pkg-0.0.0-py3.12.egg-info
running install_scripts
Installing detection_result_republisher script to /home/ubuntu/ros2_ws/ros2_ws/install/pose_estimator_pkg/lib/pose_estimator_pkg
Installing icp_pose_estimator_node script to /home/ubuntu/ros2_ws/ros2_ws/install/pose_estimator_pkg/lib/pose_estimator_pkg
Installing pose_estimator_node script to /home/ubuntu/ros2_ws/ros2_ws/install/pose_estimator_pkg/lib/pose_estimator_pkg
Installing pt_inference_node script to /home/ubuntu/ros2_ws/ros2_ws/install/pose_estimator_pkg/lib/pose_estimator_pkg
Installing visualization_node script to /home/ubuntu/ros2_ws/ros2_ws/install/pose_estimator_pkg/lib/pose_estimator_pkg
writing list of installed files to '/home/ubuntu/ros2_ws/ros2_ws/build/pose_estimator_pkg/install.log'
