[ 25%] Built target direct_kin_server
[ 50%] Built target compute_trajectory_service
[ 75%] Built target compute_path_service
[ 87%] [32mBuilding CXX object CMakeFiles/inverse_kin_server_node.dir/src/inverse_kin_server.cpp.o[0m
[100%] [32m[1mLinking CXX executable inverse_kin_server_node[0m
[100%] Built target inverse_kin_server_node
-- Install configuration: ""
-- Installing: /home/ubuntu/ros2_ws/ros2_ws/install/motion/share/motion/launch
-- Installing: /home/ubuntu/ros2_ws/ros2_ws/install/motion/share/motion/launch/motion.launch.py
-- Installing: /home/ubuntu/ros2_ws/ros2_ws/install/motion/lib/motion/inverse_kin_server_node
-- Set non-toolchain portion of runtime path of "/home/ubuntu/ros2_ws/ros2_ws/install/motion/lib/motion/inverse_kin_server_node" to ""
-- Installing: /home/ubuntu/ros2_ws/ros2_ws/install/motion/lib/motion/direct_kin_server
-- Set non-toolchain portion of runtime path of "/home/ubuntu/ros2_ws/ros2_ws/install/motion/lib/motion/direct_kin_server" to ""
-- Installing: /home/ubuntu/ros2_ws/ros2_ws/install/motion/lib/motion/compute_trajectory_service
-- Set non-toolchain portion of runtime path of "/home/ubuntu/ros2_ws/ros2_ws/install/motion/lib/motion/compute_trajectory_service" to ""
-- Installing: /home/ubuntu/ros2_ws/ros2_ws/install/motion/lib/motion/compute_path_service
-- Set non-toolchain portion of runtime path of "/home/ubuntu/ros2_ws/ros2_ws/install/motion/lib/motion/compute_path_service" to ""
-- Installing: /home/ubuntu/ros2_ws/ros2_ws/install/motion/share/ament_index/resource_index/package_run_dependencies/motion
-- Installing: /home/ubuntu/ros2_ws/ros2_ws/install/motion/share/ament_index/resource_index/parent_prefix_path/motion
-- Installing: /home/ubuntu/ros2_ws/ros2_ws/install/motion/share/motion/environment/ament_prefix_path.sh
-- Installing: /home/ubuntu/ros2_ws/ros2_ws/install/motion/share/motion/environment/ament_prefix_path.dsv
-- Installing: /home/ubuntu/ros2_ws/ros2_ws/install/motion/share/motion/environment/path.sh
-- Installing: /home/ubuntu/ros2_ws/ros2_ws/install/motion/share/motion/environment/path.dsv
-- Installing: /home/ubuntu/ros2_ws/ros2_ws/install/motion/share/motion/local_setup.bash
-- Installing: /home/ubuntu/ros2_ws/ros2_ws/install/motion/share/motion/local_setup.sh
-- Installing: /home/ubuntu/ros2_ws/ros2_ws/install/motion/share/motion/local_setup.zsh
-- Installing: /home/ubuntu/ros2_ws/ros2_ws/install/motion/share/motion/local_setup.dsv
-- Installing: /home/ubuntu/ros2_ws/ros2_ws/install/motion/share/motion/package.dsv
-- Installing: /home/ubuntu/ros2_ws/ros2_ws/install/motion/share/ament_index/resource_index/packages/motion
-- Installing: /home/ubuntu/ros2_ws/ros2_ws/install/motion/share/motion/cmake/motionConfig.cmake
-- Installing: /home/ubuntu/ros2_ws/ros2_ws/install/motion/share/motion/cmake/motionConfig-version.cmake
-- Installing: /home/ubuntu/ros2_ws/ros2_ws/install/motion/share/motion/package.xml
