[0.031s] Invoking command in '/home/ubuntu/ros2_ws/ros2_ws/build/motion': CMAKE_PREFIX_PATH=/home/ubuntu/ros2_ws/ros2_ws/install/custom_msg_interfaces:/home/ubuntu/ros2_ws/ros2_ws/install/ros2_ur5_interface:/home/ubuntu/ros2_ws/ros2_ws/install/motion_pkg:/home/ubuntu/ros2_ws/ros2_ws/install/collision_detection_pkg:/opt/ros/jazzy/opt/gz_sim_vendor:/opt/ros/jazzy/opt/gz_sensors_vendor:/opt/ros/jazzy/opt/gz_physics_vendor:/opt/ros/jazzy/opt/sdformat_vendor:/opt/ros/jazzy/opt/gz_gui_vendor:/opt/ros/jazzy/opt/gz_transport_vendor:/opt/ros/jazzy/opt/gz_rendering_vendor:/opt/ros/jazzy/opt/gz_plugin_vendor:/opt/ros/jazzy/opt/gz_fuel_tools_vendor:/opt/ros/jazzy/opt/gz_msgs_vendor:/opt/ros/jazzy/opt/gz_common_vendor:/opt/ros/jazzy/opt/gz_math_vendor:/opt/ros/jazzy/opt/gz_utils_vendor:/opt/ros/jazzy/opt/gz_tools_vendor:/opt/ros/jazzy/opt/gz_ogre_next_vendor:/opt/ros/jazzy/opt/gz_dartsim_vendor:/opt/ros/jazzy/opt/gz_cmake_vendor:/home/ubuntu/ros2_ws/ros2_ws/install/start_simulation:/home/ubuntu/ros2_ws/ros2_ws/install/arm_bringup:/home/ubuntu/ros2_ws/ros2_ws/install/pose_estimator_pkg:/home/ubuntu/ros2_ws/ros2_ws/install/planning_pkg:/opt/ros/jazzy PYTHONPATH=/home/ubuntu/ros2_ws/ros2_ws/install/custom_msg_interfaces/lib/python3.12/site-packages:/home/ubuntu/ros2_ws/ros2_ws/install/start_simulation/lib/python3.12/site-packages:/home/ubuntu/ros2_ws/ros2_ws/install/arm_bringup/lib/python3.12/site-packages:/home/ubuntu/ros2_ws/ros2_ws/install/pose_estimator_pkg/lib/python3.12/site-packages:/home/ubuntu/ros2_ws/ros2_ws/install/planning_pkg/lib/python3.12/site-packages:/opt/ros/jazzy/lib/python3.12/site-packages /usr/bin/cmake --build /home/ubuntu/ros2_ws/ros2_ws/build/motion -- -j16 -l16
[0.345s] [ 25%] Built target direct_kin_server
[0.345s] [ 50%] Built target compute_trajectory_service
[0.346s] [ 75%] Built target compute_path_service
[0.346s] [ 87%] [32mBuilding CXX object CMakeFiles/inverse_kin_server_node.dir/src/inverse_kin_server.cpp.o[0m
[8.662s] [100%] [32m[1mLinking CXX executable inverse_kin_server_node[0m
[8.935s] [100%] Built target inverse_kin_server_node
[8.949s] Invoked command in '/home/ubuntu/ros2_ws/ros2_ws/build/motion' returned '0': CMAKE_PREFIX_PATH=/home/ubuntu/ros2_ws/ros2_ws/install/custom_msg_interfaces:/home/ubuntu/ros2_ws/ros2_ws/install/ros2_ur5_interface:/home/ubuntu/ros2_ws/ros2_ws/install/motion_pkg:/home/ubuntu/ros2_ws/ros2_ws/install/collision_detection_pkg:/opt/ros/jazzy/opt/gz_sim_vendor:/opt/ros/jazzy/opt/gz_sensors_vendor:/opt/ros/jazzy/opt/gz_physics_vendor:/opt/ros/jazzy/opt/sdformat_vendor:/opt/ros/jazzy/opt/gz_gui_vendor:/opt/ros/jazzy/opt/gz_transport_vendor:/opt/ros/jazzy/opt/gz_rendering_vendor:/opt/ros/jazzy/opt/gz_plugin_vendor:/opt/ros/jazzy/opt/gz_fuel_tools_vendor:/opt/ros/jazzy/opt/gz_msgs_vendor:/opt/ros/jazzy/opt/gz_common_vendor:/opt/ros/jazzy/opt/gz_math_vendor:/opt/ros/jazzy/opt/gz_utils_vendor:/opt/ros/jazzy/opt/gz_tools_vendor:/opt/ros/jazzy/opt/gz_ogre_next_vendor:/opt/ros/jazzy/opt/gz_dartsim_vendor:/opt/ros/jazzy/opt/gz_cmake_vendor:/home/ubuntu/ros2_ws/ros2_ws/install/start_simulation:/home/ubuntu/ros2_ws/ros2_ws/install/arm_bringup:/home/ubuntu/ros2_ws/ros2_ws/install/pose_estimator_pkg:/home/ubuntu/ros2_ws/ros2_ws/install/planning_pkg:/opt/ros/jazzy PYTHONPATH=/home/ubuntu/ros2_ws/ros2_ws/install/custom_msg_interfaces/lib/python3.12/site-packages:/home/ubuntu/ros2_ws/ros2_ws/install/start_simulation/lib/python3.12/site-packages:/home/ubuntu/ros2_ws/ros2_ws/install/arm_bringup/lib/python3.12/site-packages:/home/ubuntu/ros2_ws/ros2_ws/install/pose_estimator_pkg/lib/python3.12/site-packages:/home/ubuntu/ros2_ws/ros2_ws/install/planning_pkg/lib/python3.12/site-packages:/opt/ros/jazzy/lib/python3.12/site-packages /usr/bin/cmake --build /home/ubuntu/ros2_ws/ros2_ws/build/motion -- -j16 -l16
[8.951s] Invoking command in '/home/ubuntu/ros2_ws/ros2_ws/build/motion': CMAKE_PREFIX_PATH=/home/ubuntu/ros2_ws/ros2_ws/install/custom_msg_interfaces:/home/ubuntu/ros2_ws/ros2_ws/install/ros2_ur5_interface:/home/ubuntu/ros2_ws/ros2_ws/install/motion_pkg:/home/ubuntu/ros2_ws/ros2_ws/install/collision_detection_pkg:/opt/ros/jazzy/opt/gz_sim_vendor:/opt/ros/jazzy/opt/gz_sensors_vendor:/opt/ros/jazzy/opt/gz_physics_vendor:/opt/ros/jazzy/opt/sdformat_vendor:/opt/ros/jazzy/opt/gz_gui_vendor:/opt/ros/jazzy/opt/gz_transport_vendor:/opt/ros/jazzy/opt/gz_rendering_vendor:/opt/ros/jazzy/opt/gz_plugin_vendor:/opt/ros/jazzy/opt/gz_fuel_tools_vendor:/opt/ros/jazzy/opt/gz_msgs_vendor:/opt/ros/jazzy/opt/gz_common_vendor:/opt/ros/jazzy/opt/gz_math_vendor:/opt/ros/jazzy/opt/gz_utils_vendor:/opt/ros/jazzy/opt/gz_tools_vendor:/opt/ros/jazzy/opt/gz_ogre_next_vendor:/opt/ros/jazzy/opt/gz_dartsim_vendor:/opt/ros/jazzy/opt/gz_cmake_vendor:/home/ubuntu/ros2_ws/ros2_ws/install/start_simulation:/home/ubuntu/ros2_ws/ros2_ws/install/arm_bringup:/home/ubuntu/ros2_ws/ros2_ws/install/pose_estimator_pkg:/home/ubuntu/ros2_ws/ros2_ws/install/planning_pkg:/opt/ros/jazzy PYTHONPATH=/home/ubuntu/ros2_ws/ros2_ws/install/custom_msg_interfaces/lib/python3.12/site-packages:/home/ubuntu/ros2_ws/ros2_ws/install/start_simulation/lib/python3.12/site-packages:/home/ubuntu/ros2_ws/ros2_ws/install/arm_bringup/lib/python3.12/site-packages:/home/ubuntu/ros2_ws/ros2_ws/install/pose_estimator_pkg/lib/python3.12/site-packages:/home/ubuntu/ros2_ws/ros2_ws/install/planning_pkg/lib/python3.12/site-packages:/opt/ros/jazzy/lib/python3.12/site-packages /usr/bin/cmake --install /home/ubuntu/ros2_ws/ros2_ws/build/motion
[8.960s] -- Install configuration: ""
[8.961s] -- Installing: /home/ubuntu/ros2_ws/ros2_ws/install/motion/share/motion/launch
[8.961s] -- Installing: /home/ubuntu/ros2_ws/ros2_ws/install/motion/share/motion/launch/motion.launch.py
[8.962s] -- Installing: /home/ubuntu/ros2_ws/ros2_ws/install/motion/lib/motion/inverse_kin_server_node
[8.964s] -- Set non-toolchain portion of runtime path of "/home/ubuntu/ros2_ws/ros2_ws/install/motion/lib/motion/inverse_kin_server_node" to ""
[8.964s] -- Installing: /home/ubuntu/ros2_ws/ros2_ws/install/motion/lib/motion/direct_kin_server
[8.967s] -- Set non-toolchain portion of runtime path of "/home/ubuntu/ros2_ws/ros2_ws/install/motion/lib/motion/direct_kin_server" to ""
[8.967s] -- Installing: /home/ubuntu/ros2_ws/ros2_ws/install/motion/lib/motion/compute_trajectory_service
[8.982s] -- Set non-toolchain portion of runtime path of "/home/ubuntu/ros2_ws/ros2_ws/install/motion/lib/motion/compute_trajectory_service" to ""
[8.982s] -- Installing: /home/ubuntu/ros2_ws/ros2_ws/install/motion/lib/motion/compute_path_service
[8.989s] -- Set non-toolchain portion of runtime path of "/home/ubuntu/ros2_ws/ros2_ws/install/motion/lib/motion/compute_path_service" to ""
[8.991s] -- Installing: /home/ubuntu/ros2_ws/ros2_ws/install/motion/share/ament_index/resource_index/package_run_dependencies/motion
[8.991s] -- Installing: /home/ubuntu/ros2_ws/ros2_ws/install/motion/share/ament_index/resource_index/parent_prefix_path/motion
[8.992s] -- Installing: /home/ubuntu/ros2_ws/ros2_ws/install/motion/share/motion/environment/ament_prefix_path.sh
[8.992s] -- Installing: /home/ubuntu/ros2_ws/ros2_ws/install/motion/share/motion/environment/ament_prefix_path.dsv
[8.993s] -- Installing: /home/ubuntu/ros2_ws/ros2_ws/install/motion/share/motion/environment/path.sh
[8.993s] -- Installing: /home/ubuntu/ros2_ws/ros2_ws/install/motion/share/motion/environment/path.dsv
[8.994s] -- Installing: /home/ubuntu/ros2_ws/ros2_ws/install/motion/share/motion/local_setup.bash
[8.994s] -- Installing: /home/ubuntu/ros2_ws/ros2_ws/install/motion/share/motion/local_setup.sh
[8.995s] -- Installing: /home/ubuntu/ros2_ws/ros2_ws/install/motion/share/motion/local_setup.zsh
[8.995s] -- Installing: /home/ubuntu/ros2_ws/ros2_ws/install/motion/share/motion/local_setup.dsv
[8.996s] -- Installing: /home/ubuntu/ros2_ws/ros2_ws/install/motion/share/motion/package.dsv
[8.999s] -- Installing: /home/ubuntu/ros2_ws/ros2_ws/install/motion/share/ament_index/resource_index/packages/motion
[8.999s] -- Installing: /home/ubuntu/ros2_ws/ros2_ws/install/motion/share/motion/cmake/motionConfig.cmake
[9.000s] -- Installing: /home/ubuntu/ros2_ws/ros2_ws/install/motion/share/motion/cmake/motionConfig-version.cmake
[9.000s] -- Installing: /home/ubuntu/ros2_ws/ros2_ws/install/motion/share/motion/package.xml
[9.002s] Invoked command in '/home/ubuntu/ros2_ws/ros2_ws/build/motion' returned '0': CMAKE_PREFIX_PATH=/home/ubuntu/ros2_ws/ros2_ws/install/custom_msg_interfaces:/home/ubuntu/ros2_ws/ros2_ws/install/ros2_ur5_interface:/home/ubuntu/ros2_ws/ros2_ws/install/motion_pkg:/home/ubuntu/ros2_ws/ros2_ws/install/collision_detection_pkg:/opt/ros/jazzy/opt/gz_sim_vendor:/opt/ros/jazzy/opt/gz_sensors_vendor:/opt/ros/jazzy/opt/gz_physics_vendor:/opt/ros/jazzy/opt/sdformat_vendor:/opt/ros/jazzy/opt/gz_gui_vendor:/opt/ros/jazzy/opt/gz_transport_vendor:/opt/ros/jazzy/opt/gz_rendering_vendor:/opt/ros/jazzy/opt/gz_plugin_vendor:/opt/ros/jazzy/opt/gz_fuel_tools_vendor:/opt/ros/jazzy/opt/gz_msgs_vendor:/opt/ros/jazzy/opt/gz_common_vendor:/opt/ros/jazzy/opt/gz_math_vendor:/opt/ros/jazzy/opt/gz_utils_vendor:/opt/ros/jazzy/opt/gz_tools_vendor:/opt/ros/jazzy/opt/gz_ogre_next_vendor:/opt/ros/jazzy/opt/gz_dartsim_vendor:/opt/ros/jazzy/opt/gz_cmake_vendor:/home/ubuntu/ros2_ws/ros2_ws/install/start_simulation:/home/ubuntu/ros2_ws/ros2_ws/install/arm_bringup:/home/ubuntu/ros2_ws/ros2_ws/install/pose_estimator_pkg:/home/ubuntu/ros2_ws/ros2_ws/install/planning_pkg:/opt/ros/jazzy PYTHONPATH=/home/ubuntu/ros2_ws/ros2_ws/install/custom_msg_interfaces/lib/python3.12/site-packages:/home/ubuntu/ros2_ws/ros2_ws/install/start_simulation/lib/python3.12/site-packages:/home/ubuntu/ros2_ws/ros2_ws/install/arm_bringup/lib/python3.12/site-packages:/home/ubuntu/ros2_ws/ros2_ws/install/pose_estimator_pkg/lib/python3.12/site-packages:/home/ubuntu/ros2_ws/ros2_ws/install/planning_pkg/lib/python3.12/site-packages:/opt/ros/jazzy/lib/python3.12/site-packages /usr/bin/cmake --install /home/ubuntu/ros2_ws/ros2_ws/build/motion
