[0.133s] DEBUG:colcon:Command line arguments: ['/usr/bin/colcon', 'build']
[0.133s] DEBUG:colcon:Parsed command line arguments: Namespace(log_base=None, log_level=None, verb_name='build', build_base='build', install_base='install', merge_install=False, symlink_install=False, test_result_base=None, continue_on_error=False, executor='parallel', parallel_workers=20, event_handlers=None, ignore_user_meta=False, metas=['./colcon.meta'], base_paths=['.'], packages_ignore=None, packages_ignore_regex=None, paths=None, packages_up_to=None, packages_up_to_regex=None, packages_above=None, packages_above_and_dependencies=None, packages_above_depth=None, packages_select_by_dep=None, packages_skip_by_dep=None, packages_skip_up_to=None, packages_select_build_failed=False, packages_skip_build_finished=False, packages_select_test_failures=False, packages_skip_test_passed=False, packages_select=None, packages_skip=None, packages_select_regex=None, packages_skip_regex=None, packages_start=None, packages_end=None, allow_overriding=[], cmake_args=None, cmake_target=None, cmake_target_skip_unavailable=False, cmake_clean_cache=False, cmake_clean_first=False, cmake_force_configure=False, ament_cmake_args=None, catkin_cmake_args=None, catkin_skip_building_tests=False, verb_parser=<colcon_defaults.argument_parser.defaults.DefaultArgumentsDecorator object at 0x75137e29faa0>, verb_extension=<colcon_core.verb.build.BuildVerb object at 0x75137e3e8710>, main=<bound method BuildVerb.main of <colcon_core.verb.build.BuildVerb object at 0x75137e3e8710>>)
[0.168s] Level 1:colcon.colcon_core.package_discovery:discover_packages(colcon_meta) check parameters
[0.169s] Level 1:colcon.colcon_core.package_discovery:discover_packages(recursive) check parameters
[0.169s] Level 1:colcon.colcon_core.package_discovery:discover_packages(ignore) check parameters
[0.169s] Level 1:colcon.colcon_core.package_discovery:discover_packages(path) check parameters
[0.169s] Level 1:colcon.colcon_core.package_discovery:discover_packages(colcon_meta) discover
[0.169s] Level 1:colcon.colcon_core.package_discovery:discover_packages(recursive) discover
[0.169s] INFO:colcon.colcon_core.package_discovery:Crawling recursively for packages in '/home/ubuntu/ros2_ws'
[0.169s] Level 1:colcon.colcon_core.package_identification:_identify(.) by extensions ['ignore', 'ignore_ament_install']
[0.169s] Level 1:colcon.colcon_core.package_identification:_identify(.) by extension 'ignore'
[0.169s] Level 1:colcon.colcon_core.package_identification:_identify(.) by extension 'ignore_ament_install'
[0.169s] Level 1:colcon.colcon_core.package_identification:_identify(.) by extensions ['colcon_pkg']
[0.169s] Level 1:colcon.colcon_core.package_identification:_identify(.) by extension 'colcon_pkg'
[0.169s] Level 1:colcon.colcon_core.package_identification:_identify(.) by extensions ['colcon_meta']
[0.169s] Level 1:colcon.colcon_core.package_identification:_identify(.) by extension 'colcon_meta'
[0.169s] Level 1:colcon.colcon_core.package_identification:_identify(.) by extensions ['ros']
[0.169s] Level 1:colcon.colcon_core.package_identification:_identify(.) by extension 'ros'
[0.197s] Level 1:colcon.colcon_core.package_identification:_identify(.) by extensions ['cmake', 'python']
[0.197s] Level 1:colcon.colcon_core.package_identification:_identify(.) by extension 'cmake'
[0.197s] Level 1:colcon.colcon_core.package_identification:_identify(.) by extension 'python'
[0.197s] Level 1:colcon.colcon_core.package_identification:_identify(.) by extensions ['python_setup_py']
[0.197s] Level 1:colcon.colcon_core.package_identification:_identify(.) by extension 'python_setup_py'
[0.197s] Level 1:colcon.colcon_core.package_identification:_identify(build) by extensions ['ignore', 'ignore_ament_install']
[0.197s] Level 1:colcon.colcon_core.package_identification:_identify(build) by extension 'ignore'
[0.197s] Level 1:colcon.colcon_core.package_identification:_identify(build) ignored
[0.197s] Level 1:colcon.colcon_core.package_identification:_identify(install) by extensions ['ignore', 'ignore_ament_install']
[0.197s] Level 1:colcon.colcon_core.package_identification:_identify(install) by extension 'ignore'
[0.197s] Level 1:colcon.colcon_core.package_identification:_identify(install) ignored
[0.198s] Level 1:colcon.colcon_core.package_identification:_identify(log) by extensions ['ignore', 'ignore_ament_install']
[0.198s] Level 1:colcon.colcon_core.package_identification:_identify(log) by extension 'ignore'
[0.198s] Level 1:colcon.colcon_core.package_identification:_identify(log) ignored
[0.198s] Level 1:colcon.colcon_core.package_identification:_identify(src) by extensions ['ignore', 'ignore_ament_install']
[0.198s] Level 1:colcon.colcon_core.package_identification:_identify(src) by extension 'ignore'
[0.198s] Level 1:colcon.colcon_core.package_identification:_identify(src) by extension 'ignore_ament_install'
[0.198s] Level 1:colcon.colcon_core.package_identification:_identify(src) by extensions ['colcon_pkg']
[0.198s] Level 1:colcon.colcon_core.package_identification:_identify(src) by extension 'colcon_pkg'
[0.198s] Level 1:colcon.colcon_core.package_identification:_identify(src) by extensions ['colcon_meta']
[0.198s] Level 1:colcon.colcon_core.package_identification:_identify(src) by extension 'colcon_meta'
[0.198s] Level 1:colcon.colcon_core.package_identification:_identify(src) by extensions ['ros']
[0.198s] Level 1:colcon.colcon_core.package_identification:_identify(src) by extension 'ros'
[0.198s] Level 1:colcon.colcon_core.package_identification:_identify(src) by extensions ['cmake', 'python']
[0.198s] Level 1:colcon.colcon_core.package_identification:_identify(src) by extension 'cmake'
[0.198s] Level 1:colcon.colcon_core.package_identification:_identify(src) by extension 'python'
[0.198s] Level 1:colcon.colcon_core.package_identification:_identify(src) by extensions ['python_setup_py']
[0.198s] Level 1:colcon.colcon_core.package_identification:_identify(src) by extension 'python_setup_py'
[0.198s] Level 1:colcon.colcon_core.package_identification:_identify(src/custom_msg_interfaces) by extensions ['ignore', 'ignore_ament_install']
[0.198s] Level 1:colcon.colcon_core.package_identification:_identify(src/custom_msg_interfaces) by extension 'ignore'
[0.198s] Level 1:colcon.colcon_core.package_identification:_identify(src/custom_msg_interfaces) by extension 'ignore_ament_install'
[0.198s] Level 1:colcon.colcon_core.package_identification:_identify(src/custom_msg_interfaces) by extensions ['colcon_pkg']
[0.198s] Level 1:colcon.colcon_core.package_identification:_identify(src/custom_msg_interfaces) by extension 'colcon_pkg'
[0.198s] Level 1:colcon.colcon_core.package_identification:_identify(src/custom_msg_interfaces) by extensions ['colcon_meta']
[0.198s] Level 1:colcon.colcon_core.package_identification:_identify(src/custom_msg_interfaces) by extension 'colcon_meta'
[0.198s] Level 1:colcon.colcon_core.package_identification:_identify(src/custom_msg_interfaces) by extensions ['ros']
[0.198s] Level 1:colcon.colcon_core.package_identification:_identify(src/custom_msg_interfaces) by extension 'ros'
[0.201s] DEBUG:colcon.colcon_core.package_identification:Package 'src/custom_msg_interfaces' with type 'ros.ament_cmake' and name 'custom_msg_interfaces'
[0.201s] Level 1:colcon.colcon_core.package_identification:_identify(src/motion_pkg) by extensions ['ignore', 'ignore_ament_install']
[0.201s] Level 1:colcon.colcon_core.package_identification:_identify(src/motion_pkg) by extension 'ignore'
[0.201s] Level 1:colcon.colcon_core.package_identification:_identify(src/motion_pkg) by extension 'ignore_ament_install'
[0.201s] Level 1:colcon.colcon_core.package_identification:_identify(src/motion_pkg) by extensions ['colcon_pkg']
[0.201s] Level 1:colcon.colcon_core.package_identification:_identify(src/motion_pkg) by extension 'colcon_pkg'
[0.202s] Level 1:colcon.colcon_core.package_identification:_identify(src/motion_pkg) by extensions ['colcon_meta']
[0.202s] Level 1:colcon.colcon_core.package_identification:_identify(src/motion_pkg) by extension 'colcon_meta'
[0.202s] Level 1:colcon.colcon_core.package_identification:_identify(src/motion_pkg) by extensions ['ros']
[0.202s] Level 1:colcon.colcon_core.package_identification:_identify(src/motion_pkg) by extension 'ros'
[0.202s] DEBUG:colcon.colcon_core.package_identification:Package 'src/motion_pkg' with type 'ros.ament_cmake' and name 'motion_pkg'
[0.202s] Level 1:colcon.colcon_core.package_identification:_identify(src/planning_pkg) by extensions ['ignore', 'ignore_ament_install']
[0.202s] Level 1:colcon.colcon_core.package_identification:_identify(src/planning_pkg) by extension 'ignore'
[0.202s] Level 1:colcon.colcon_core.package_identification:_identify(src/planning_pkg) by extension 'ignore_ament_install'
[0.203s] Level 1:colcon.colcon_core.package_identification:_identify(src/planning_pkg) by extensions ['colcon_pkg']
[0.203s] Level 1:colcon.colcon_core.package_identification:_identify(src/planning_pkg) by extension 'colcon_pkg'
[0.203s] Level 1:colcon.colcon_core.package_identification:_identify(src/planning_pkg) by extensions ['colcon_meta']
[0.203s] Level 1:colcon.colcon_core.package_identification:_identify(src/planning_pkg) by extension 'colcon_meta'
[0.203s] Level 1:colcon.colcon_core.package_identification:_identify(src/planning_pkg) by extensions ['ros']
[0.203s] Level 1:colcon.colcon_core.package_identification:_identify(src/planning_pkg) by extension 'ros'
[0.203s] DEBUG:colcon.colcon_core.package_identification:Package 'src/planning_pkg' with type 'ros.ament_python' and name 'planning_pkg'
[0.203s] Level 1:colcon.colcon_core.package_identification:_identify(src/pose_estimator_pkg) by extensions ['ignore', 'ignore_ament_install']
[0.203s] Level 1:colcon.colcon_core.package_identification:_identify(src/pose_estimator_pkg) by extension 'ignore'
[0.203s] Level 1:colcon.colcon_core.package_identification:_identify(src/pose_estimator_pkg) by extension 'ignore_ament_install'
[0.203s] Level 1:colcon.colcon_core.package_identification:_identify(src/pose_estimator_pkg) by extensions ['colcon_pkg']
[0.203s] Level 1:colcon.colcon_core.package_identification:_identify(src/pose_estimator_pkg) by extension 'colcon_pkg'
[0.203s] Level 1:colcon.colcon_core.package_identification:_identify(src/pose_estimator_pkg) by extensions ['colcon_meta']
[0.203s] Level 1:colcon.colcon_core.package_identification:_identify(src/pose_estimator_pkg) by extension 'colcon_meta'
[0.203s] Level 1:colcon.colcon_core.package_identification:_identify(src/pose_estimator_pkg) by extensions ['ros']
[0.203s] Level 1:colcon.colcon_core.package_identification:_identify(src/pose_estimator_pkg) by extension 'ros'
[0.204s] DEBUG:colcon.colcon_core.package_identification:Package 'src/pose_estimator_pkg' with type 'ros.ament_python' and name 'pose_estimator_pkg'
[0.204s] Level 1:colcon.colcon_core.package_identification:_identify(src/ros2_ur5_interface) by extensions ['ignore', 'ignore_ament_install']
[0.204s] Level 1:colcon.colcon_core.package_identification:_identify(src/ros2_ur5_interface) by extension 'ignore'
[0.204s] Level 1:colcon.colcon_core.package_identification:_identify(src/ros2_ur5_interface) by extension 'ignore_ament_install'
[0.204s] Level 1:colcon.colcon_core.package_identification:_identify(src/ros2_ur5_interface) by extensions ['colcon_pkg']
[0.204s] Level 1:colcon.colcon_core.package_identification:_identify(src/ros2_ur5_interface) by extension 'colcon_pkg'
[0.204s] Level 1:colcon.colcon_core.package_identification:_identify(src/ros2_ur5_interface) by extensions ['colcon_meta']
[0.204s] Level 1:colcon.colcon_core.package_identification:_identify(src/ros2_ur5_interface) by extension 'colcon_meta'
[0.204s] Level 1:colcon.colcon_core.package_identification:_identify(src/ros2_ur5_interface) by extensions ['ros']
[0.204s] Level 1:colcon.colcon_core.package_identification:_identify(src/ros2_ur5_interface) by extension 'ros'
[0.205s] DEBUG:colcon.colcon_core.package_identification:Package 'src/ros2_ur5_interface' with type 'ros.ament_cmake' and name 'ros2_ur5_interface'
[0.205s] Level 1:colcon.colcon_core.package_discovery:discover_packages(recursive) using defaults
[0.205s] Level 1:colcon.colcon_core.package_discovery:discover_packages(ignore) discover
[0.205s] Level 1:colcon.colcon_core.package_discovery:discover_packages(ignore) using defaults
[0.205s] Level 1:colcon.colcon_core.package_discovery:discover_packages(path) discover
[0.205s] Level 1:colcon.colcon_core.package_discovery:discover_packages(path) using defaults
[0.221s] Level 1:colcon.colcon_core.package_discovery:discover_packages(prefix_path) check parameters
[0.221s] Level 1:colcon.colcon_core.package_discovery:discover_packages(prefix_path) discover
[0.223s] DEBUG:colcon.colcon_installed_package_information.package_discovery:Found 5 installed packages in /home/ubuntu/ros2_ws/install
[0.225s] DEBUG:colcon.colcon_installed_package_information.package_discovery:Found 369 installed packages in /opt/ros/jazzy
[0.225s] Level 1:colcon.colcon_core.package_discovery:discover_packages(prefix_path) using defaults
[0.282s] Level 5:colcon.colcon_core.verb:set package 'custom_msg_interfaces' build argument 'cmake_args' from command line to 'None'
[0.282s] Level 5:colcon.colcon_core.verb:set package 'custom_msg_interfaces' build argument 'cmake_target' from command line to 'None'
[0.282s] Level 5:colcon.colcon_core.verb:set package 'custom_msg_interfaces' build argument 'cmake_target_skip_unavailable' from command line to 'False'
[0.282s] Level 5:colcon.colcon_core.verb:set package 'custom_msg_interfaces' build argument 'cmake_clean_cache' from command line to 'False'
[0.282s] Level 5:colcon.colcon_core.verb:set package 'custom_msg_interfaces' build argument 'cmake_clean_first' from command line to 'False'
[0.282s] Level 5:colcon.colcon_core.verb:set package 'custom_msg_interfaces' build argument 'cmake_force_configure' from command line to 'False'
[0.282s] Level 5:colcon.colcon_core.verb:set package 'custom_msg_interfaces' build argument 'ament_cmake_args' from command line to 'None'
[0.282s] Level 5:colcon.colcon_core.verb:set package 'custom_msg_interfaces' build argument 'catkin_cmake_args' from command line to 'None'
[0.282s] Level 5:colcon.colcon_core.verb:set package 'custom_msg_interfaces' build argument 'catkin_skip_building_tests' from command line to 'False'
[0.282s] DEBUG:colcon.colcon_core.verb:Building package 'custom_msg_interfaces' with the following arguments: {'ament_cmake_args': None, 'build_base': '/home/ubuntu/ros2_ws/build/custom_msg_interfaces', 'catkin_cmake_args': None, 'catkin_skip_building_tests': False, 'cmake_args': None, 'cmake_clean_cache': False, 'cmake_clean_first': False, 'cmake_force_configure': False, 'cmake_target': None, 'cmake_target_skip_unavailable': False, 'install_base': '/home/ubuntu/ros2_ws/install/custom_msg_interfaces', 'merge_install': False, 'path': '/home/ubuntu/ros2_ws/src/custom_msg_interfaces', 'symlink_install': False, 'test_result_base': None}
[0.282s] Level 5:colcon.colcon_core.verb:set package 'motion_pkg' build argument 'cmake_args' from command line to 'None'
[0.282s] Level 5:colcon.colcon_core.verb:set package 'motion_pkg' build argument 'cmake_target' from command line to 'None'
[0.282s] Level 5:colcon.colcon_core.verb:set package 'motion_pkg' build argument 'cmake_target_skip_unavailable' from command line to 'False'
[0.282s] Level 5:colcon.colcon_core.verb:set package 'motion_pkg' build argument 'cmake_clean_cache' from command line to 'False'
[0.282s] Level 5:colcon.colcon_core.verb:set package 'motion_pkg' build argument 'cmake_clean_first' from command line to 'False'
[0.282s] Level 5:colcon.colcon_core.verb:set package 'motion_pkg' build argument 'cmake_force_configure' from command line to 'False'
[0.282s] Level 5:colcon.colcon_core.verb:set package 'motion_pkg' build argument 'ament_cmake_args' from command line to 'None'
[0.282s] Level 5:colcon.colcon_core.verb:set package 'motion_pkg' build argument 'catkin_cmake_args' from command line to 'None'
[0.282s] Level 5:colcon.colcon_core.verb:set package 'motion_pkg' build argument 'catkin_skip_building_tests' from command line to 'False'
[0.282s] DEBUG:colcon.colcon_core.verb:Building package 'motion_pkg' with the following arguments: {'ament_cmake_args': None, 'build_base': '/home/ubuntu/ros2_ws/build/motion_pkg', 'catkin_cmake_args': None, 'catkin_skip_building_tests': False, 'cmake_args': None, 'cmake_clean_cache': False, 'cmake_clean_first': False, 'cmake_force_configure': False, 'cmake_target': None, 'cmake_target_skip_unavailable': False, 'install_base': '/home/ubuntu/ros2_ws/install/motion_pkg', 'merge_install': False, 'path': '/home/ubuntu/ros2_ws/src/motion_pkg', 'symlink_install': False, 'test_result_base': None}
[0.283s] Level 5:colcon.colcon_core.verb:set package 'planning_pkg' build argument 'cmake_args' from command line to 'None'
[0.283s] Level 5:colcon.colcon_core.verb:set package 'planning_pkg' build argument 'cmake_target' from command line to 'None'
[0.283s] Level 5:colcon.colcon_core.verb:set package 'planning_pkg' build argument 'cmake_target_skip_unavailable' from command line to 'False'
[0.283s] Level 5:colcon.colcon_core.verb:set package 'planning_pkg' build argument 'cmake_clean_cache' from command line to 'False'
[0.283s] Level 5:colcon.colcon_core.verb:set package 'planning_pkg' build argument 'cmake_clean_first' from command line to 'False'
[0.283s] Level 5:colcon.colcon_core.verb:set package 'planning_pkg' build argument 'cmake_force_configure' from command line to 'False'
[0.283s] Level 5:colcon.colcon_core.verb:set package 'planning_pkg' build argument 'ament_cmake_args' from command line to 'None'
[0.283s] Level 5:colcon.colcon_core.verb:set package 'planning_pkg' build argument 'catkin_cmake_args' from command line to 'None'
[0.283s] Level 5:colcon.colcon_core.verb:set package 'planning_pkg' build argument 'catkin_skip_building_tests' from command line to 'False'
[0.283s] DEBUG:colcon.colcon_core.verb:Building package 'planning_pkg' with the following arguments: {'ament_cmake_args': None, 'build_base': '/home/ubuntu/ros2_ws/build/planning_pkg', 'catkin_cmake_args': None, 'catkin_skip_building_tests': False, 'cmake_args': None, 'cmake_clean_cache': False, 'cmake_clean_first': False, 'cmake_force_configure': False, 'cmake_target': None, 'cmake_target_skip_unavailable': False, 'install_base': '/home/ubuntu/ros2_ws/install/planning_pkg', 'merge_install': False, 'path': '/home/ubuntu/ros2_ws/src/planning_pkg', 'symlink_install': False, 'test_result_base': None}
[0.283s] Level 5:colcon.colcon_core.verb:set package 'ros2_ur5_interface' build argument 'cmake_args' from command line to 'None'
[0.283s] Level 5:colcon.colcon_core.verb:set package 'ros2_ur5_interface' build argument 'cmake_target' from command line to 'None'
[0.283s] Level 5:colcon.colcon_core.verb:set package 'ros2_ur5_interface' build argument 'cmake_target_skip_unavailable' from command line to 'False'
[0.283s] Level 5:colcon.colcon_core.verb:set package 'ros2_ur5_interface' build argument 'cmake_clean_cache' from command line to 'False'
[0.283s] Level 5:colcon.colcon_core.verb:set package 'ros2_ur5_interface' build argument 'cmake_clean_first' from command line to 'False'
[0.283s] Level 5:colcon.colcon_core.verb:set package 'ros2_ur5_interface' build argument 'cmake_force_configure' from command line to 'False'
[0.283s] Level 5:colcon.colcon_core.verb:set package 'ros2_ur5_interface' build argument 'ament_cmake_args' from command line to 'None'
[0.283s] Level 5:colcon.colcon_core.verb:set package 'ros2_ur5_interface' build argument 'catkin_cmake_args' from command line to 'None'
[0.283s] Level 5:colcon.colcon_core.verb:set package 'ros2_ur5_interface' build argument 'catkin_skip_building_tests' from command line to 'False'
[0.283s] DEBUG:colcon.colcon_core.verb:Building package 'ros2_ur5_interface' with the following arguments: {'ament_cmake_args': None, 'build_base': '/home/ubuntu/ros2_ws/build/ros2_ur5_interface', 'catkin_cmake_args': None, 'catkin_skip_building_tests': False, 'cmake_args': None, 'cmake_clean_cache': False, 'cmake_clean_first': False, 'cmake_force_configure': False, 'cmake_target': None, 'cmake_target_skip_unavailable': False, 'install_base': '/home/ubuntu/ros2_ws/install/ros2_ur5_interface', 'merge_install': False, 'path': '/home/ubuntu/ros2_ws/src/ros2_ur5_interface', 'symlink_install': False, 'test_result_base': None}
[0.283s] Level 5:colcon.colcon_core.verb:set package 'pose_estimator_pkg' build argument 'cmake_args' from command line to 'None'
[0.283s] Level 5:colcon.colcon_core.verb:set package 'pose_estimator_pkg' build argument 'cmake_target' from command line to 'None'
[0.283s] Level 5:colcon.colcon_core.verb:set package 'pose_estimator_pkg' build argument 'cmake_target_skip_unavailable' from command line to 'False'
[0.283s] Level 5:colcon.colcon_core.verb:set package 'pose_estimator_pkg' build argument 'cmake_clean_cache' from command line to 'False'
[0.283s] Level 5:colcon.colcon_core.verb:set package 'pose_estimator_pkg' build argument 'cmake_clean_first' from command line to 'False'
[0.283s] Level 5:colcon.colcon_core.verb:set package 'pose_estimator_pkg' build argument 'cmake_force_configure' from command line to 'False'
[0.283s] Level 5:colcon.colcon_core.verb:set package 'pose_estimator_pkg' build argument 'ament_cmake_args' from command line to 'None'
[0.283s] Level 5:colcon.colcon_core.verb:set package 'pose_estimator_pkg' build argument 'catkin_cmake_args' from command line to 'None'
[0.284s] Level 5:colcon.colcon_core.verb:set package 'pose_estimator_pkg' build argument 'catkin_skip_building_tests' from command line to 'False'
[0.284s] DEBUG:colcon.colcon_core.verb:Building package 'pose_estimator_pkg' with the following arguments: {'ament_cmake_args': None, 'build_base': '/home/ubuntu/ros2_ws/build/pose_estimator_pkg', 'catkin_cmake_args': None, 'catkin_skip_building_tests': False, 'cmake_args': None, 'cmake_clean_cache': False, 'cmake_clean_first': False, 'cmake_force_configure': False, 'cmake_target': None, 'cmake_target_skip_unavailable': False, 'install_base': '/home/ubuntu/ros2_ws/install/pose_estimator_pkg', 'merge_install': False, 'path': '/home/ubuntu/ros2_ws/src/pose_estimator_pkg', 'symlink_install': False, 'test_result_base': None}
[0.284s] INFO:colcon.colcon_core.executor:Executing jobs using 'parallel' executor
[0.285s] DEBUG:colcon.colcon_parallel_executor.executor.parallel:run_until_complete
[0.285s] INFO:colcon.colcon_ros.task.ament_cmake.build:Building ROS package in '/home/ubuntu/ros2_ws/src/custom_msg_interfaces' with build type 'ament_cmake'
[0.285s] INFO:colcon.colcon_cmake.task.cmake.build:Building CMake package in '/home/ubuntu/ros2_ws/src/custom_msg_interfaces'
[0.287s] INFO:colcon.colcon_core.plugin_system:Skipping extension 'colcon_core.shell.bat': Not used on non-Windows systems
[0.287s] INFO:colcon.colcon_core.shell:Skip shell extension 'powershell' for command environment: Not usable outside of PowerShell
[0.287s] DEBUG:colcon.colcon_core.shell:Skip shell extension 'dsv' for command environment
[0.291s] INFO:colcon.colcon_ros.task.ament_cmake.build:Building ROS package in '/home/ubuntu/ros2_ws/src/motion_pkg' with build type 'ament_cmake'
[0.291s] INFO:colcon.colcon_cmake.task.cmake.build:Building CMake package in '/home/ubuntu/ros2_ws/src/motion_pkg'
[0.291s] INFO:colcon.colcon_core.shell:Skip shell extension 'powershell' for command environment: Not usable outside of PowerShell
[0.291s] DEBUG:colcon.colcon_core.shell:Skip shell extension 'dsv' for command environment
[0.295s] INFO:colcon.colcon_ros.task.ament_python.build:Building ROS package in '/home/ubuntu/ros2_ws/src/planning_pkg' with build type 'ament_python'
[0.295s] Level 1:colcon.colcon_core.shell:create_environment_hook('planning_pkg', 'ament_prefix_path')
[0.295s] INFO:colcon.colcon_core.shell:Creating environment hook '/home/ubuntu/ros2_ws/install/planning_pkg/share/planning_pkg/hook/ament_prefix_path.ps1'
[0.295s] INFO:colcon.colcon_core.shell:Creating environment descriptor '/home/ubuntu/ros2_ws/install/planning_pkg/share/planning_pkg/hook/ament_prefix_path.dsv'
[0.296s] INFO:colcon.colcon_core.shell:Creating environment hook '/home/ubuntu/ros2_ws/install/planning_pkg/share/planning_pkg/hook/ament_prefix_path.sh'
[0.296s] INFO:colcon.colcon_core.shell:Skip shell extension 'powershell' for command environment: Not usable outside of PowerShell
[0.296s] DEBUG:colcon.colcon_core.shell:Skip shell extension 'dsv' for command environment
[0.299s] INFO:colcon.colcon_ros.task.ament_cmake.build:Building ROS package in '/home/ubuntu/ros2_ws/src/ros2_ur5_interface' with build type 'ament_cmake'
[0.299s] INFO:colcon.colcon_cmake.task.cmake.build:Building CMake package in '/home/ubuntu/ros2_ws/src/ros2_ur5_interface'
[0.300s] INFO:colcon.colcon_core.shell:Skip shell extension 'powershell' for command environment: Not usable outside of PowerShell
[0.300s] DEBUG:colcon.colcon_core.shell:Skip shell extension 'dsv' for command environment
[0.306s] DEBUG:colcon.colcon_core.event_handler.log_command:Invoking command in '/home/ubuntu/ros2_ws/build/custom_msg_interfaces': CMAKE_PREFIX_PATH=${CMAKE_PREFIX_PATH}:/home/ubuntu/ros2_ws/install/pose_estimator_pkg:/home/ubuntu/ros2_ws/install/planning_pkg:/opt/ros/jazzy /usr/bin/cmake --build /home/ubuntu/ros2_ws/build/custom_msg_interfaces -- -j20 -l20
[0.309s] DEBUG:colcon.colcon_core.event_handler.log_command:Invoking command in '/home/ubuntu/ros2_ws/build/motion_pkg': CMAKE_PREFIX_PATH=${CMAKE_PREFIX_PATH}:/home/ubuntu/ros2_ws/install/pose_estimator_pkg:/home/ubuntu/ros2_ws/install/planning_pkg:/opt/ros/jazzy /usr/bin/cmake --build /home/ubuntu/ros2_ws/build/motion_pkg -- -j20 -l20
[0.553s] INFO:colcon.colcon_core.task.python.build:Building Python package in '/home/ubuntu/ros2_ws/src/planning_pkg'
[0.554s] INFO:colcon.colcon_core.shell:Skip shell extension 'powershell' for command environment: Not usable outside of PowerShell
[0.554s] DEBUG:colcon.colcon_core.shell:Skip shell extension 'dsv' for command environment
[0.567s] DEBUG:colcon.colcon_core.event_handler.log_command:Invoking command in '/home/ubuntu/ros2_ws/build/ros2_ur5_interface': CMAKE_PREFIX_PATH=${CMAKE_PREFIX_PATH}:/home/ubuntu/ros2_ws/install/pose_estimator_pkg:/home/ubuntu/ros2_ws/install/planning_pkg:/opt/ros/jazzy /usr/bin/cmake --build /home/ubuntu/ros2_ws/build/ros2_ur5_interface -- -j20 -l20
[0.658s] DEBUG:colcon.colcon_core.event_handler.log_command:Invoked command in '/home/ubuntu/ros2_ws/build/ros2_ur5_interface' returned '0': CMAKE_PREFIX_PATH=${CMAKE_PREFIX_PATH}:/home/ubuntu/ros2_ws/install/pose_estimator_pkg:/home/ubuntu/ros2_ws/install/planning_pkg:/opt/ros/jazzy /usr/bin/cmake --build /home/ubuntu/ros2_ws/build/ros2_ur5_interface -- -j20 -l20
[0.667s] DEBUG:colcon.colcon_core.event_handler.log_command:Invoking command in '/home/ubuntu/ros2_ws/build/ros2_ur5_interface': CMAKE_PREFIX_PATH=${CMAKE_PREFIX_PATH}:/home/ubuntu/ros2_ws/install/pose_estimator_pkg:/home/ubuntu/ros2_ws/install/planning_pkg:/opt/ros/jazzy /usr/bin/cmake --install /home/ubuntu/ros2_ws/build/ros2_ur5_interface
[0.680s] Level 1:colcon.colcon_core.environment:create_environment_scripts_only(ros2_ur5_interface)
[0.681s] DEBUG:colcon.colcon_core.event_handler.log_command:Invoked command in '/home/ubuntu/ros2_ws/build/ros2_ur5_interface' returned '0': CMAKE_PREFIX_PATH=${CMAKE_PREFIX_PATH}:/home/ubuntu/ros2_ws/install/pose_estimator_pkg:/home/ubuntu/ros2_ws/install/planning_pkg:/opt/ros/jazzy /usr/bin/cmake --install /home/ubuntu/ros2_ws/build/ros2_ur5_interface
[0.683s] Level 1:colcon.colcon_core.environment:checking '/home/ubuntu/ros2_ws/install/ros2_ur5_interface' for CMake module files
[0.684s] Level 1:colcon.colcon_core.environment:checking '/home/ubuntu/ros2_ws/install/ros2_ur5_interface' for CMake config files
[0.684s] Level 1:colcon.colcon_core.shell:create_environment_hook('ros2_ur5_interface', 'cmake_prefix_path')
[0.684s] INFO:colcon.colcon_core.shell:Creating environment hook '/home/ubuntu/ros2_ws/install/ros2_ur5_interface/share/ros2_ur5_interface/hook/cmake_prefix_path.ps1'
[0.685s] INFO:colcon.colcon_core.shell:Creating environment descriptor '/home/ubuntu/ros2_ws/install/ros2_ur5_interface/share/ros2_ur5_interface/hook/cmake_prefix_path.dsv'
[0.685s] INFO:colcon.colcon_core.shell:Creating environment hook '/home/ubuntu/ros2_ws/install/ros2_ur5_interface/share/ros2_ur5_interface/hook/cmake_prefix_path.sh'
[0.686s] Level 1:colcon.colcon_core.environment:checking '/home/ubuntu/ros2_ws/install/ros2_ur5_interface/lib'
[0.686s] Level 1:colcon.colcon_core.environment:checking '/home/ubuntu/ros2_ws/install/ros2_ur5_interface/bin'
[0.686s] Level 1:colcon.colcon_core.environment:checking '/home/ubuntu/ros2_ws/install/ros2_ur5_interface/lib/pkgconfig/ros2_ur5_interface.pc'
[0.686s] Level 1:colcon.colcon_core.environment:checking '/home/ubuntu/ros2_ws/install/ros2_ur5_interface/lib/python3.12/site-packages'
[0.686s] Level 1:colcon.colcon_core.environment:checking '/home/ubuntu/ros2_ws/install/ros2_ur5_interface/bin'
[0.687s] INFO:colcon.colcon_core.shell:Creating package script '/home/ubuntu/ros2_ws/install/ros2_ur5_interface/share/ros2_ur5_interface/package.ps1'
[0.687s] INFO:colcon.colcon_core.shell:Creating package descriptor '/home/ubuntu/ros2_ws/install/ros2_ur5_interface/share/ros2_ur5_interface/package.dsv'
[0.688s] INFO:colcon.colcon_core.shell:Creating package script '/home/ubuntu/ros2_ws/install/ros2_ur5_interface/share/ros2_ur5_interface/package.sh'
[0.688s] INFO:colcon.colcon_core.shell:Creating package script '/home/ubuntu/ros2_ws/install/ros2_ur5_interface/share/ros2_ur5_interface/package.bash'
[0.689s] INFO:colcon.colcon_core.shell:Creating package script '/home/ubuntu/ros2_ws/install/ros2_ur5_interface/share/ros2_ur5_interface/package.zsh'
[0.689s] Level 1:colcon.colcon_core.environment:create_file_with_runtime_dependencies(/home/ubuntu/ros2_ws/install/ros2_ur5_interface/share/colcon-core/packages/ros2_ur5_interface)
[0.690s] Level 1:colcon.colcon_core.environment:create_environment_scripts_only(ros2_ur5_interface)
[0.690s] Level 1:colcon.colcon_core.environment:checking '/home/ubuntu/ros2_ws/install/ros2_ur5_interface' for CMake module files
[0.691s] Level 1:colcon.colcon_core.environment:checking '/home/ubuntu/ros2_ws/install/ros2_ur5_interface' for CMake config files
[0.691s] Level 1:colcon.colcon_core.shell:create_environment_hook('ros2_ur5_interface', 'cmake_prefix_path')
[0.691s] INFO:colcon.colcon_core.shell:Creating environment hook '/home/ubuntu/ros2_ws/install/ros2_ur5_interface/share/ros2_ur5_interface/hook/cmake_prefix_path.ps1'
[0.692s] INFO:colcon.colcon_core.shell:Creating environment descriptor '/home/ubuntu/ros2_ws/install/ros2_ur5_interface/share/ros2_ur5_interface/hook/cmake_prefix_path.dsv'
[0.692s] INFO:colcon.colcon_core.shell:Creating environment hook '/home/ubuntu/ros2_ws/install/ros2_ur5_interface/share/ros2_ur5_interface/hook/cmake_prefix_path.sh'
[0.693s] Level 1:colcon.colcon_core.environment:checking '/home/ubuntu/ros2_ws/install/ros2_ur5_interface/lib'
[0.693s] Level 1:colcon.colcon_core.environment:checking '/home/ubuntu/ros2_ws/install/ros2_ur5_interface/bin'
[0.693s] Level 1:colcon.colcon_core.environment:checking '/home/ubuntu/ros2_ws/install/ros2_ur5_interface/lib/pkgconfig/ros2_ur5_interface.pc'
[0.693s] Level 1:colcon.colcon_core.environment:checking '/home/ubuntu/ros2_ws/install/ros2_ur5_interface/lib/python3.12/site-packages'
[0.693s] Level 1:colcon.colcon_core.environment:checking '/home/ubuntu/ros2_ws/install/ros2_ur5_interface/bin'
[0.693s] INFO:colcon.colcon_core.shell:Creating package script '/home/ubuntu/ros2_ws/install/ros2_ur5_interface/share/ros2_ur5_interface/package.ps1'
[0.694s] INFO:colcon.colcon_core.shell:Creating package descriptor '/home/ubuntu/ros2_ws/install/ros2_ur5_interface/share/ros2_ur5_interface/package.dsv'
[0.694s] INFO:colcon.colcon_core.shell:Creating package script '/home/ubuntu/ros2_ws/install/ros2_ur5_interface/share/ros2_ur5_interface/package.sh'
[0.695s] INFO:colcon.colcon_core.shell:Creating package script '/home/ubuntu/ros2_ws/install/ros2_ur5_interface/share/ros2_ur5_interface/package.bash'
[0.695s] INFO:colcon.colcon_core.shell:Creating package script '/home/ubuntu/ros2_ws/install/ros2_ur5_interface/share/ros2_ur5_interface/package.zsh'
[0.695s] Level 1:colcon.colcon_core.environment:create_file_with_runtime_dependencies(/home/ubuntu/ros2_ws/install/ros2_ur5_interface/share/colcon-core/packages/ros2_ur5_interface)
[0.782s] DEBUG:colcon.colcon_core.event_handler.log_command:Invoked command in '/home/ubuntu/ros2_ws/build/custom_msg_interfaces' returned '0': CMAKE_PREFIX_PATH=${CMAKE_PREFIX_PATH}:/home/ubuntu/ros2_ws/install/pose_estimator_pkg:/home/ubuntu/ros2_ws/install/planning_pkg:/opt/ros/jazzy /usr/bin/cmake --build /home/ubuntu/ros2_ws/build/custom_msg_interfaces -- -j20 -l20
[0.784s] DEBUG:colcon.colcon_core.event_handler.log_command:Invoking command in '/home/ubuntu/ros2_ws/build/custom_msg_interfaces': CMAKE_PREFIX_PATH=${CMAKE_PREFIX_PATH}:/home/ubuntu/ros2_ws/install/pose_estimator_pkg:/home/ubuntu/ros2_ws/install/planning_pkg:/opt/ros/jazzy /usr/bin/cmake --install /home/ubuntu/ros2_ws/build/custom_msg_interfaces
[0.878s] Level 1:colcon.colcon_core.environment:create_environment_scripts_only(custom_msg_interfaces)
[0.879s] Level 1:colcon.colcon_core.environment:checking '/home/ubuntu/ros2_ws/install/custom_msg_interfaces' for CMake module files
[0.882s] DEBUG:colcon.colcon_core.event_handler.log_command:Invoked command in '/home/ubuntu/ros2_ws/build/custom_msg_interfaces' returned '0': CMAKE_PREFIX_PATH=${CMAKE_PREFIX_PATH}:/home/ubuntu/ros2_ws/install/pose_estimator_pkg:/home/ubuntu/ros2_ws/install/planning_pkg:/opt/ros/jazzy /usr/bin/cmake --install /home/ubuntu/ros2_ws/build/custom_msg_interfaces
[0.883s] Level 1:colcon.colcon_core.environment:checking '/home/ubuntu/ros2_ws/install/custom_msg_interfaces' for CMake config files
[0.884s] Level 1:colcon.colcon_core.shell:create_environment_hook('custom_msg_interfaces', 'cmake_prefix_path')
[0.884s] INFO:colcon.colcon_core.shell:Creating environment hook '/home/ubuntu/ros2_ws/install/custom_msg_interfaces/share/custom_msg_interfaces/hook/cmake_prefix_path.ps1'
[0.885s] INFO:colcon.colcon_core.shell:Creating environment descriptor '/home/ubuntu/ros2_ws/install/custom_msg_interfaces/share/custom_msg_interfaces/hook/cmake_prefix_path.dsv'
[0.885s] INFO:colcon.colcon_core.shell:Creating environment hook '/home/ubuntu/ros2_ws/install/custom_msg_interfaces/share/custom_msg_interfaces/hook/cmake_prefix_path.sh'
[0.886s] Level 1:colcon.colcon_core.environment:checking '/home/ubuntu/ros2_ws/install/custom_msg_interfaces/lib'
[0.886s] Level 1:colcon.colcon_core.shell:create_environment_hook('custom_msg_interfaces', 'ld_library_path_lib')
[0.887s] INFO:colcon.colcon_core.shell:Creating environment hook '/home/ubuntu/ros2_ws/install/custom_msg_interfaces/share/custom_msg_interfaces/hook/ld_library_path_lib.ps1'
[0.887s] INFO:colcon.colcon_core.shell:Creating environment descriptor '/home/ubuntu/ros2_ws/install/custom_msg_interfaces/share/custom_msg_interfaces/hook/ld_library_path_lib.dsv'
[0.888s] INFO:colcon.colcon_core.shell:Creating environment hook '/home/ubuntu/ros2_ws/install/custom_msg_interfaces/share/custom_msg_interfaces/hook/ld_library_path_lib.sh'
[0.888s] Level 1:colcon.colcon_core.environment:checking '/home/ubuntu/ros2_ws/install/custom_msg_interfaces/bin'
[0.889s] Level 1:colcon.colcon_core.environment:checking '/home/ubuntu/ros2_ws/install/custom_msg_interfaces/lib/pkgconfig/custom_msg_interfaces.pc'
[0.889s] Level 1:colcon.colcon_core.environment:checking '/home/ubuntu/ros2_ws/install/custom_msg_interfaces/lib/python3.12/site-packages'
[0.889s] Level 1:colcon.colcon_core.shell:create_environment_hook('custom_msg_interfaces', 'pythonpath')
[0.889s] INFO:colcon.colcon_core.shell:Creating environment hook '/home/ubuntu/ros2_ws/install/custom_msg_interfaces/share/custom_msg_interfaces/hook/pythonpath.ps1'
[0.890s] INFO:colcon.colcon_core.shell:Creating environment descriptor '/home/ubuntu/ros2_ws/install/custom_msg_interfaces/share/custom_msg_interfaces/hook/pythonpath.dsv'
[0.890s] INFO:colcon.colcon_core.shell:Creating environment hook '/home/ubuntu/ros2_ws/install/custom_msg_interfaces/share/custom_msg_interfaces/hook/pythonpath.sh'
[0.891s] Level 1:colcon.colcon_core.environment:checking '/home/ubuntu/ros2_ws/install/custom_msg_interfaces/bin'
[0.892s] INFO:colcon.colcon_core.shell:Creating package script '/home/ubuntu/ros2_ws/install/custom_msg_interfaces/share/custom_msg_interfaces/package.ps1'
[0.893s] INFO:colcon.colcon_core.shell:Creating package descriptor '/home/ubuntu/ros2_ws/install/custom_msg_interfaces/share/custom_msg_interfaces/package.dsv'
[0.895s] INFO:colcon.colcon_core.shell:Creating package script '/home/ubuntu/ros2_ws/install/custom_msg_interfaces/share/custom_msg_interfaces/package.sh'
[0.895s] INFO:colcon.colcon_core.shell:Creating package script '/home/ubuntu/ros2_ws/install/custom_msg_interfaces/share/custom_msg_interfaces/package.bash'
[0.896s] INFO:colcon.colcon_core.shell:Creating package script '/home/ubuntu/ros2_ws/install/custom_msg_interfaces/share/custom_msg_interfaces/package.zsh'
[0.896s] Level 1:colcon.colcon_core.environment:create_file_with_runtime_dependencies(/home/ubuntu/ros2_ws/install/custom_msg_interfaces/share/colcon-core/packages/custom_msg_interfaces)
[0.897s] Level 1:colcon.colcon_core.environment:create_environment_scripts_only(custom_msg_interfaces)
[0.897s] Level 1:colcon.colcon_core.environment:checking '/home/ubuntu/ros2_ws/install/custom_msg_interfaces' for CMake module files
[0.898s] Level 1:colcon.colcon_core.environment:checking '/home/ubuntu/ros2_ws/install/custom_msg_interfaces' for CMake config files
[0.899s] Level 1:colcon.colcon_core.shell:create_environment_hook('custom_msg_interfaces', 'cmake_prefix_path')
[0.899s] INFO:colcon.colcon_core.shell:Creating environment hook '/home/ubuntu/ros2_ws/install/custom_msg_interfaces/share/custom_msg_interfaces/hook/cmake_prefix_path.ps1'
[0.900s] INFO:colcon.colcon_core.shell:Creating environment descriptor '/home/ubuntu/ros2_ws/install/custom_msg_interfaces/share/custom_msg_interfaces/hook/cmake_prefix_path.dsv'
[0.900s] INFO:colcon.colcon_core.shell:Creating environment hook '/home/ubuntu/ros2_ws/install/custom_msg_interfaces/share/custom_msg_interfaces/hook/cmake_prefix_path.sh'
[0.901s] Level 1:colcon.colcon_core.environment:checking '/home/ubuntu/ros2_ws/install/custom_msg_interfaces/lib'
[0.901s] Level 1:colcon.colcon_core.shell:create_environment_hook('custom_msg_interfaces', 'ld_library_path_lib')
[0.901s] INFO:colcon.colcon_core.shell:Creating environment hook '/home/ubuntu/ros2_ws/install/custom_msg_interfaces/share/custom_msg_interfaces/hook/ld_library_path_lib.ps1'
[0.901s] INFO:colcon.colcon_core.shell:Creating environment descriptor '/home/ubuntu/ros2_ws/install/custom_msg_interfaces/share/custom_msg_interfaces/hook/ld_library_path_lib.dsv'
[0.902s] INFO:colcon.colcon_core.shell:Creating environment hook '/home/ubuntu/ros2_ws/install/custom_msg_interfaces/share/custom_msg_interfaces/hook/ld_library_path_lib.sh'
[0.902s] Level 1:colcon.colcon_core.environment:checking '/home/ubuntu/ros2_ws/install/custom_msg_interfaces/bin'
[0.902s] Level 1:colcon.colcon_core.environment:checking '/home/ubuntu/ros2_ws/install/custom_msg_interfaces/lib/pkgconfig/custom_msg_interfaces.pc'
[0.903s] Level 1:colcon.colcon_core.environment:checking '/home/ubuntu/ros2_ws/install/custom_msg_interfaces/lib/python3.12/site-packages'
[0.903s] Level 1:colcon.colcon_core.shell:create_environment_hook('custom_msg_interfaces', 'pythonpath')
[0.903s] INFO:colcon.colcon_core.shell:Creating environment hook '/home/ubuntu/ros2_ws/install/custom_msg_interfaces/share/custom_msg_interfaces/hook/pythonpath.ps1'
[0.904s] INFO:colcon.colcon_core.shell:Creating environment descriptor '/home/ubuntu/ros2_ws/install/custom_msg_interfaces/share/custom_msg_interfaces/hook/pythonpath.dsv'
[0.904s] INFO:colcon.colcon_core.shell:Creating environment hook '/home/ubuntu/ros2_ws/install/custom_msg_interfaces/share/custom_msg_interfaces/hook/pythonpath.sh'
[0.905s] Level 1:colcon.colcon_core.environment:checking '/home/ubuntu/ros2_ws/install/custom_msg_interfaces/bin'
[0.905s] INFO:colcon.colcon_core.shell:Creating package script '/home/ubuntu/ros2_ws/install/custom_msg_interfaces/share/custom_msg_interfaces/package.ps1'
[0.906s] INFO:colcon.colcon_core.shell:Creating package descriptor '/home/ubuntu/ros2_ws/install/custom_msg_interfaces/share/custom_msg_interfaces/package.dsv'
[0.907s] INFO:colcon.colcon_core.shell:Creating package script '/home/ubuntu/ros2_ws/install/custom_msg_interfaces/share/custom_msg_interfaces/package.sh'
[0.907s] INFO:colcon.colcon_core.shell:Creating package script '/home/ubuntu/ros2_ws/install/custom_msg_interfaces/share/custom_msg_interfaces/package.bash'
[0.908s] INFO:colcon.colcon_core.shell:Creating package script '/home/ubuntu/ros2_ws/install/custom_msg_interfaces/share/custom_msg_interfaces/package.zsh'
[0.908s] Level 1:colcon.colcon_core.environment:create_file_with_runtime_dependencies(/home/ubuntu/ros2_ws/install/custom_msg_interfaces/share/colcon-core/packages/custom_msg_interfaces)
[0.909s] INFO:colcon.colcon_ros.task.ament_python.build:Building ROS package in '/home/ubuntu/ros2_ws/src/pose_estimator_pkg' with build type 'ament_python'
[0.909s] Level 1:colcon.colcon_core.shell:create_environment_hook('pose_estimator_pkg', 'ament_prefix_path')
[0.909s] INFO:colcon.colcon_core.shell:Creating environment hook '/home/ubuntu/ros2_ws/install/pose_estimator_pkg/share/pose_estimator_pkg/hook/ament_prefix_path.ps1'
[0.910s] INFO:colcon.colcon_core.shell:Creating environment descriptor '/home/ubuntu/ros2_ws/install/pose_estimator_pkg/share/pose_estimator_pkg/hook/ament_prefix_path.dsv'
[0.911s] INFO:colcon.colcon_core.shell:Creating environment hook '/home/ubuntu/ros2_ws/install/pose_estimator_pkg/share/pose_estimator_pkg/hook/ament_prefix_path.sh'
[0.911s] INFO:colcon.colcon_core.shell:Skip shell extension 'powershell' for command environment: Not usable outside of PowerShell
[0.911s] DEBUG:colcon.colcon_core.shell:Skip shell extension 'dsv' for command environment
[1.168s] INFO:colcon.colcon_core.task.python.build:Building Python package in '/home/ubuntu/ros2_ws/src/pose_estimator_pkg'
[1.169s] INFO:colcon.colcon_core.shell:Skip shell extension 'powershell' for command environment: Not usable outside of PowerShell
[1.169s] DEBUG:colcon.colcon_core.shell:Skip shell extension 'dsv' for command environment
[1.276s] DEBUG:colcon.colcon_core.event_handler.log_command:Invoking command in '/home/ubuntu/ros2_ws/src/planning_pkg': PYTHONPATH=/home/ubuntu/ros2_ws/build/planning_pkg/prefix_override:/usr/lib/python3/dist-packages/colcon_core/task/python/colcon_distutils_commands:/home/ubuntu/ros2_ws/install/planning_pkg/lib/python3.12/site-packages:${PYTHONPATH} /usr/bin/python3 -W ignore:setup.py install is deprecated -W ignore:easy_install command is deprecated setup.py egg_info --egg-base ../../build/planning_pkg build --build-base /home/ubuntu/ros2_ws/build/planning_pkg/build install --record /home/ubuntu/ros2_ws/build/planning_pkg/install.log --single-version-externally-managed install_data
[1.875s] DEBUG:colcon.colcon_core.event_handler.log_command:Invoking command in '/home/ubuntu/ros2_ws/src/pose_estimator_pkg': CMAKE_PREFIX_PATH=/home/ubuntu/ros2_ws/install/custom_msg_interfaces:/home/ubuntu/ros2_ws/install/ros2_ur5_interface:/home/ubuntu/ros2_ws/install/motion_pkg:/opt/ros/jazzy/opt/gz_sim_vendor:/opt/ros/jazzy/opt/gz_sensors_vendor:/opt/ros/jazzy/opt/gz_physics_vendor:/opt/ros/jazzy/opt/sdformat_vendor:/opt/ros/jazzy/opt/gz_gui_vendor:/opt/ros/jazzy/opt/gz_transport_vendor:/opt/ros/jazzy/opt/gz_rendering_vendor:/opt/ros/jazzy/opt/gz_plugin_vendor:/opt/ros/jazzy/opt/gz_fuel_tools_vendor:/opt/ros/jazzy/opt/gz_msgs_vendor:/opt/ros/jazzy/opt/gz_common_vendor:/opt/ros/jazzy/opt/gz_math_vendor:/opt/ros/jazzy/opt/gz_utils_vendor:/opt/ros/jazzy/opt/gz_tools_vendor:/opt/ros/jazzy/opt/gz_ogre_next_vendor:/opt/ros/jazzy/opt/gz_dartsim_vendor:/opt/ros/jazzy/opt/gz_cmake_vendor PYTHONPATH=/home/ubuntu/ros2_ws/build/pose_estimator_pkg/prefix_override:/usr/lib/python3/dist-packages/colcon_core/task/python/colcon_distutils_commands:/home/ubuntu/ros2_ws/install/pose_estimator_pkg/lib/python3.12/site-packages:/home/ubuntu/ros2_ws/install/custom_msg_interfaces/lib/python3.12/site-packages:/home/ubuntu/ros2_ws/install/pose_estimator_pkg/lib/python3.12/site-packages:/home/ubuntu/ros2_ws/install/planning_pkg/lib/python3.12/site-packages:/opt/ros/jazzy/lib/python3.12/site-packages /usr/bin/python3 -W ignore:setup.py install is deprecated -W ignore:easy_install command is deprecated setup.py egg_info --egg-base ../../build/pose_estimator_pkg build --build-base /home/ubuntu/ros2_ws/build/pose_estimator_pkg/build install --record /home/ubuntu/ros2_ws/build/pose_estimator_pkg/install.log --single-version-externally-managed install_data
[1.888s] Level 1:colcon.colcon_core.environment:checking '/home/ubuntu/ros2_ws/install/planning_pkg' for CMake module files
[1.889s] DEBUG:colcon.colcon_core.event_handler.log_command:Invoked command in '/home/ubuntu/ros2_ws/src/planning_pkg' returned '0': PYTHONPATH=/home/ubuntu/ros2_ws/build/planning_pkg/prefix_override:/usr/lib/python3/dist-packages/colcon_core/task/python/colcon_distutils_commands:/home/ubuntu/ros2_ws/install/planning_pkg/lib/python3.12/site-packages:${PYTHONPATH} /usr/bin/python3 -W ignore:setup.py install is deprecated -W ignore:easy_install command is deprecated setup.py egg_info --egg-base ../../build/planning_pkg build --build-base /home/ubuntu/ros2_ws/build/planning_pkg/build install --record /home/ubuntu/ros2_ws/build/planning_pkg/install.log --single-version-externally-managed install_data
[1.889s] Level 1:colcon.colcon_core.environment:checking '/home/ubuntu/ros2_ws/install/planning_pkg' for CMake config files
[1.890s] Level 1:colcon.colcon_core.environment:checking '/home/ubuntu/ros2_ws/install/planning_pkg/lib'
[1.890s] Level 1:colcon.colcon_core.environment:checking '/home/ubuntu/ros2_ws/install/planning_pkg/bin'
[1.890s] Level 1:colcon.colcon_core.environment:checking '/home/ubuntu/ros2_ws/install/planning_pkg/lib/pkgconfig/planning_pkg.pc'
[1.890s] Level 1:colcon.colcon_core.environment:checking '/home/ubuntu/ros2_ws/install/planning_pkg/lib/python3.12/site-packages'
[1.890s] Level 1:colcon.colcon_core.shell:create_environment_hook('planning_pkg', 'pythonpath')
[1.890s] INFO:colcon.colcon_core.shell:Creating environment hook '/home/ubuntu/ros2_ws/install/planning_pkg/share/planning_pkg/hook/pythonpath.ps1'
[1.891s] INFO:colcon.colcon_core.shell:Creating environment descriptor '/home/ubuntu/ros2_ws/install/planning_pkg/share/planning_pkg/hook/pythonpath.dsv'
[1.891s] INFO:colcon.colcon_core.shell:Creating environment hook '/home/ubuntu/ros2_ws/install/planning_pkg/share/planning_pkg/hook/pythonpath.sh'
[1.891s] Level 1:colcon.colcon_core.environment:checking '/home/ubuntu/ros2_ws/install/planning_pkg/bin'
[1.891s] Level 1:colcon.colcon_core.environment:create_environment_scripts_only(planning_pkg)
[1.892s] INFO:colcon.colcon_core.shell:Creating package script '/home/ubuntu/ros2_ws/install/planning_pkg/share/planning_pkg/package.ps1'
[1.892s] INFO:colcon.colcon_core.shell:Creating package descriptor '/home/ubuntu/ros2_ws/install/planning_pkg/share/planning_pkg/package.dsv'
[1.892s] INFO:colcon.colcon_core.shell:Creating package script '/home/ubuntu/ros2_ws/install/planning_pkg/share/planning_pkg/package.sh'
[1.893s] INFO:colcon.colcon_core.shell:Creating package script '/home/ubuntu/ros2_ws/install/planning_pkg/share/planning_pkg/package.bash'
[1.893s] INFO:colcon.colcon_core.shell:Creating package script '/home/ubuntu/ros2_ws/install/planning_pkg/share/planning_pkg/package.zsh'
[1.893s] Level 1:colcon.colcon_core.environment:create_file_with_runtime_dependencies(/home/ubuntu/ros2_ws/install/planning_pkg/share/colcon-core/packages/planning_pkg)
[2.494s] Level 1:colcon.colcon_core.environment:checking '/home/ubuntu/ros2_ws/install/pose_estimator_pkg' for CMake module files
[2.494s] DEBUG:colcon.colcon_core.event_handler.log_command:Invoked command in '/home/ubuntu/ros2_ws/src/pose_estimator_pkg' returned '0': CMAKE_PREFIX_PATH=/home/ubuntu/ros2_ws/install/custom_msg_interfaces:/home/ubuntu/ros2_ws/install/ros2_ur5_interface:/home/ubuntu/ros2_ws/install/motion_pkg:/opt/ros/jazzy/opt/gz_sim_vendor:/opt/ros/jazzy/opt/gz_sensors_vendor:/opt/ros/jazzy/opt/gz_physics_vendor:/opt/ros/jazzy/opt/sdformat_vendor:/opt/ros/jazzy/opt/gz_gui_vendor:/opt/ros/jazzy/opt/gz_transport_vendor:/opt/ros/jazzy/opt/gz_rendering_vendor:/opt/ros/jazzy/opt/gz_plugin_vendor:/opt/ros/jazzy/opt/gz_fuel_tools_vendor:/opt/ros/jazzy/opt/gz_msgs_vendor:/opt/ros/jazzy/opt/gz_common_vendor:/opt/ros/jazzy/opt/gz_math_vendor:/opt/ros/jazzy/opt/gz_utils_vendor:/opt/ros/jazzy/opt/gz_tools_vendor:/opt/ros/jazzy/opt/gz_ogre_next_vendor:/opt/ros/jazzy/opt/gz_dartsim_vendor:/opt/ros/jazzy/opt/gz_cmake_vendor PYTHONPATH=/home/ubuntu/ros2_ws/build/pose_estimator_pkg/prefix_override:/usr/lib/python3/dist-packages/colcon_core/task/python/colcon_distutils_commands:/home/ubuntu/ros2_ws/install/pose_estimator_pkg/lib/python3.12/site-packages:/home/ubuntu/ros2_ws/install/custom_msg_interfaces/lib/python3.12/site-packages:/home/ubuntu/ros2_ws/install/pose_estimator_pkg/lib/python3.12/site-packages:/home/ubuntu/ros2_ws/install/planning_pkg/lib/python3.12/site-packages:/opt/ros/jazzy/lib/python3.12/site-packages /usr/bin/python3 -W ignore:setup.py install is deprecated -W ignore:easy_install command is deprecated setup.py egg_info --egg-base ../../build/pose_estimator_pkg build --build-base /home/ubuntu/ros2_ws/build/pose_estimator_pkg/build install --record /home/ubuntu/ros2_ws/build/pose_estimator_pkg/install.log --single-version-externally-managed install_data
[2.496s] Level 1:colcon.colcon_core.environment:checking '/home/ubuntu/ros2_ws/install/pose_estimator_pkg' for CMake config files
[2.497s] Level 1:colcon.colcon_core.environment:checking '/home/ubuntu/ros2_ws/install/pose_estimator_pkg/lib'
[2.497s] Level 1:colcon.colcon_core.environment:checking '/home/ubuntu/ros2_ws/install/pose_estimator_pkg/bin'
[2.497s] Level 1:colcon.colcon_core.environment:checking '/home/ubuntu/ros2_ws/install/pose_estimator_pkg/lib/pkgconfig/pose_estimator_pkg.pc'
[2.497s] Level 1:colcon.colcon_core.environment:checking '/home/ubuntu/ros2_ws/install/pose_estimator_pkg/lib/python3.12/site-packages'
[2.497s] Level 1:colcon.colcon_core.shell:create_environment_hook('pose_estimator_pkg', 'pythonpath')
[2.498s] INFO:colcon.colcon_core.shell:Creating environment hook '/home/ubuntu/ros2_ws/install/pose_estimator_pkg/share/pose_estimator_pkg/hook/pythonpath.ps1'
[2.498s] INFO:colcon.colcon_core.shell:Creating environment descriptor '/home/ubuntu/ros2_ws/install/pose_estimator_pkg/share/pose_estimator_pkg/hook/pythonpath.dsv'
[2.499s] INFO:colcon.colcon_core.shell:Creating environment hook '/home/ubuntu/ros2_ws/install/pose_estimator_pkg/share/pose_estimator_pkg/hook/pythonpath.sh'
[2.500s] Level 1:colcon.colcon_core.environment:checking '/home/ubuntu/ros2_ws/install/pose_estimator_pkg/bin'
[2.500s] Level 1:colcon.colcon_core.environment:create_environment_scripts_only(pose_estimator_pkg)
[2.500s] INFO:colcon.colcon_core.shell:Creating package script '/home/ubuntu/ros2_ws/install/pose_estimator_pkg/share/pose_estimator_pkg/package.ps1'
[2.500s] INFO:colcon.colcon_core.shell:Creating package descriptor '/home/ubuntu/ros2_ws/install/pose_estimator_pkg/share/pose_estimator_pkg/package.dsv'
[2.501s] INFO:colcon.colcon_core.shell:Creating package script '/home/ubuntu/ros2_ws/install/pose_estimator_pkg/share/pose_estimator_pkg/package.sh'
[2.501s] INFO:colcon.colcon_core.shell:Creating package script '/home/ubuntu/ros2_ws/install/pose_estimator_pkg/share/pose_estimator_pkg/package.bash'
[2.501s] INFO:colcon.colcon_core.shell:Creating package script '/home/ubuntu/ros2_ws/install/pose_estimator_pkg/share/pose_estimator_pkg/package.zsh'
[2.502s] Level 1:colcon.colcon_core.environment:create_file_with_runtime_dependencies(/home/ubuntu/ros2_ws/install/pose_estimator_pkg/share/colcon-core/packages/pose_estimator_pkg)
[5.963s] Level 1:colcon.colcon_core.environment:create_environment_scripts_only(motion_pkg)
[5.963s] Level 1:colcon.colcon_core.environment:checking '/home/ubuntu/ros2_ws/install/motion_pkg' for CMake module files
[5.964s] Level 1:colcon.colcon_core.environment:checking '/home/ubuntu/ros2_ws/install/motion_pkg' for CMake config files
[5.965s] Level 1:colcon.colcon_core.shell:create_environment_hook('motion_pkg', 'cmake_prefix_path')
[5.965s] INFO:colcon.colcon_core.shell:Creating environment hook '/home/ubuntu/ros2_ws/install/motion_pkg/share/motion_pkg/hook/cmake_prefix_path.ps1'
[5.966s] INFO:colcon.colcon_core.shell:Creating environment descriptor '/home/ubuntu/ros2_ws/install/motion_pkg/share/motion_pkg/hook/cmake_prefix_path.dsv'
[5.966s] DEBUG:colcon.colcon_core.event_handler.log_command:Invoked command in '/home/ubuntu/ros2_ws/build/motion_pkg' returned '2': CMAKE_PREFIX_PATH=${CMAKE_PREFIX_PATH}:/home/ubuntu/ros2_ws/install/pose_estimator_pkg:/home/ubuntu/ros2_ws/install/planning_pkg:/opt/ros/jazzy /usr/bin/cmake --build /home/ubuntu/ros2_ws/build/motion_pkg -- -j20 -l20
[5.967s] INFO:colcon.colcon_core.shell:Creating environment hook '/home/ubuntu/ros2_ws/install/motion_pkg/share/motion_pkg/hook/cmake_prefix_path.sh'
[5.967s] Level 1:colcon.colcon_core.environment:checking '/home/ubuntu/ros2_ws/install/motion_pkg/lib'
[5.968s] Level 1:colcon.colcon_core.environment:checking '/home/ubuntu/ros2_ws/install/motion_pkg/bin'
[5.968s] Level 1:colcon.colcon_core.environment:checking '/home/ubuntu/ros2_ws/install/motion_pkg/lib/pkgconfig/motion_pkg.pc'
[5.968s] Level 1:colcon.colcon_core.environment:checking '/home/ubuntu/ros2_ws/install/motion_pkg/lib/python3.12/site-packages'
[5.968s] Level 1:colcon.colcon_core.environment:checking '/home/ubuntu/ros2_ws/install/motion_pkg/bin'
[5.969s] INFO:colcon.colcon_core.shell:Creating package script '/home/ubuntu/ros2_ws/install/motion_pkg/share/motion_pkg/package.ps1'
[5.969s] INFO:colcon.colcon_core.shell:Creating package descriptor '/home/ubuntu/ros2_ws/install/motion_pkg/share/motion_pkg/package.dsv'
[5.970s] INFO:colcon.colcon_core.shell:Creating package script '/home/ubuntu/ros2_ws/install/motion_pkg/share/motion_pkg/package.sh'
[5.971s] INFO:colcon.colcon_core.shell:Creating package script '/home/ubuntu/ros2_ws/install/motion_pkg/share/motion_pkg/package.bash'
[5.971s] INFO:colcon.colcon_core.shell:Creating package script '/home/ubuntu/ros2_ws/install/motion_pkg/share/motion_pkg/package.zsh'
[5.972s] Level 1:colcon.colcon_core.environment:create_file_with_runtime_dependencies(/home/ubuntu/ros2_ws/install/motion_pkg/share/colcon-core/packages/motion_pkg)
[5.973s] DEBUG:colcon.colcon_parallel_executor.executor.parallel:closing loop
[5.973s] DEBUG:colcon.colcon_parallel_executor.executor.parallel:loop closed
[5.973s] DEBUG:colcon.colcon_parallel_executor.executor.parallel:run_until_complete finished with '2'
[5.973s] DEBUG:colcon.colcon_core.event_reactor:joining thread
[5.979s] INFO:colcon.colcon_core.plugin_system:Skipping extension 'colcon_notification.desktop_notification.terminal_notifier': Not used on non-Darwin systems
[5.979s] INFO:colcon.colcon_core.plugin_system:Skipping extension 'colcon_notification.desktop_notification.win32': Not used on non-Windows systems
[5.979s] INFO:colcon.colcon_notification.desktop_notification:Sending desktop notification using 'notify2'
[6.086s] DEBUG:colcon.colcon_core.event_reactor:joined thread
[6.087s] INFO:colcon.colcon_core.shell:Creating prefix script '/home/ubuntu/ros2_ws/install/local_setup.ps1'
[6.087s] INFO:colcon.colcon_core.shell:Creating prefix util module '/home/ubuntu/ros2_ws/install/_local_setup_util_ps1.py'
[6.088s] INFO:colcon.colcon_core.shell:Creating prefix chain script '/home/ubuntu/ros2_ws/install/setup.ps1'
[6.089s] INFO:colcon.colcon_core.shell:Creating prefix script '/home/ubuntu/ros2_ws/install/local_setup.sh'
[6.090s] INFO:colcon.colcon_core.shell:Creating prefix util module '/home/ubuntu/ros2_ws/install/_local_setup_util_sh.py'
[6.091s] INFO:colcon.colcon_core.shell:Creating prefix chain script '/home/ubuntu/ros2_ws/install/setup.sh'
[6.092s] INFO:colcon.colcon_core.shell:Creating prefix script '/home/ubuntu/ros2_ws/install/local_setup.bash'
[6.092s] INFO:colcon.colcon_core.shell:Creating prefix chain script '/home/ubuntu/ros2_ws/install/setup.bash'
[6.093s] INFO:colcon.colcon_core.shell:Creating prefix script '/home/ubuntu/ros2_ws/install/local_setup.zsh'
[6.093s] INFO:colcon.colcon_core.shell:Creating prefix chain script '/home/ubuntu/ros2_ws/install/setup.zsh'
