[01m[K/home/ubuntu/ros2_ws/src/Robotics/ros2_ws/src/planning/src/control_unit.cpp:8:9:[m[K [01;31m[Kfatal error: [m[Ktf2_ros/buffer.hpp: No such file or directory
    8 | #include[01;31m[K<tf2_ros/buffer.hpp>[m[K
      |         [01;31m[K^~~~~~~~~~~~~~~~~~~~[m[K
compilation terminated.
gmake[2]: *** [CMakeFiles/control_node.dir/build.make:76: CMakeFiles/control_node.dir/src/control_unit.cpp.o] Error 1
gmake[1]: *** [CMakeFiles/Makefile2:165: CMakeFiles/control_node.dir/all] Error 2
gmake[1]: *** Waiting for unfinished jobs....
In file included from [01m[K/opt/ros/jazzy/include/rclcpp/rclcpp/logging.hpp:24[m[K,
                 from [01m[K/opt/ros/jazzy/include/rclcpp/rclcpp/copy_all_parameter_values.hpp:27[m[K,
                 from [01m[K/opt/ros/jazzy/include/rclcpp/rclcpp/rclcpp.hpp:171[m[K,
                 from [01m[K/home/ubuntu/ros2_ws/src/Robotics/ros2_ws/src/planning/src/trajectory_execution.cpp:1[m[K:
[01m[K/home/ubuntu/ros2_ws/src/Robotics/ros2_ws/src/planning/src/trajectory_execution.cpp:[m[K In member function ‘[01m[Kvoid TrajectoryExecutionNode::[01;32m[Kinterpolation_callback[m[K(std::shared_ptr<custom_msg_interfaces::srv::Interpolation_Request_<std::allocator<void> > >, std::shared_ptr<custom_msg_interfaces::srv::Interpolation_Response_<std::allocator<void> > >)[m[K’:
[01m[K/home/ubuntu/ros2_ws/src/Robotics/ros2_ws/src/planning/src/trajectory_execution.cpp:38:37:[m[K [01;31m[Kerror: [m[K‘[01m[Kusing custom_msg_interfaces::srv::Interpolation_Request_<std::allocator<void> >::_pose_start_type = struct geometry_msgs::msg::Pose_<std::allocator<void> >[m[K’ {aka ‘[01m[Kstruct geometry_msgs::msg::Pose_<std::allocator<void> >[m[K’} has no member named ‘[01m[Kx[m[K’
   38 |                 request->pose_start.[01;31m[Kx[m[K, request->pose_start.y, request->pose_start.z,
      |                                     [01;31m[K^[m[K
[01m[K/home/ubuntu/ros2_ws/src/Robotics/ros2_ws/src/planning/src/trajectory_execution.cpp:38:60:[m[K [01;31m[Kerror: [m[K‘[01m[Kusing custom_msg_interfaces::srv::Interpolation_Request_<std::allocator<void> >::_pose_start_type = struct geometry_msgs::msg::Pose_<std::allocator<void> >[m[K’ {aka ‘[01m[Kstruct geometry_msgs::msg::Pose_<std::allocator<void> >[m[K’} has no member named ‘[01m[Ky[m[K’
   38 |             request->pose_start.x, request->pose_start.[01;31m[Ky[m[K, request->pose_start.z,
      |                                                        [01;31m[K^[m[K

[01m[K/home/ubuntu/ros2_ws/src/Robotics/ros2_ws/src/planning/src/trajectory_execution.cpp:38:83:[m[K [01;31m[Kerror: [m[K‘[01m[Kusing custom_msg_interfaces::srv::Interpolation_Request_<std::allocator<void> >::_pose_start_type = struct geometry_msgs::msg::Pose_<std::allocator<void> >[m[K’ {aka ‘[01m[Kstruct geometry_msgs::msg::Pose_<std::allocator<void> >[m[K’} has no member named ‘[01m[Kz[m[K’
   38 | quest->pose_start.x, request->pose_start.y, request->pose_start.[01;31m[Kz[m[K,
      |                                                                 [01;31m[K^[m[K

[01m[K/home/ubuntu/ros2_ws/src/Robotics/ros2_ws/src/planning/src/trajectory_execution.cpp:39:35:[m[K [01;31m[Kerror: [m[K‘[01m[Kusing custom_msg_interfaces::srv::Interpolation_Request_<std::allocator<void> >::_pose_end_type = struct geometry_msgs::msg::Pose_<std::allocator<void> >[m[K’ {aka ‘[01m[Kstruct geometry_msgs::msg::Pose_<std::allocator<void> >[m[K’} has no member named ‘[01m[Kx[m[K’
   39 |                 request->pose_end.[01;31m[Kx[m[K, request->pose_end.y, request->pose_end.z);
      |                                   [01;31m[K^[m[K
[01m[K/home/ubuntu/ros2_ws/src/Robotics/ros2_ws/src/planning/src/trajectory_execution.cpp:39:56:[m[K [01;31m[Kerror: [m[K‘[01m[Kusing custom_msg_interfaces::srv::Interpolation_Request_<std::allocator<void> >::_pose_end_type = struct geometry_msgs::msg::Pose_<std::allocator<void> >[m[K’ {aka ‘[01m[Kstruct geometry_msgs::msg::Pose_<std::allocator<void> >[m[K’} has no member named ‘[01m[Ky[m[K’
   39 |                 request->pose_end.x, request->pose_end.[01;31m[Ky[m[K, request->pose_end.z);
      |                                                        [01;31m[K^[m[K
[01m[K/home/ubuntu/ros2_ws/src/Robotics/ros2_ws/src/planning/src/trajectory_execution.cpp:39:77:[m[K [01;31m[Kerror: [m[K‘[01m[Kusing custom_msg_interfaces::srv::Interpolation_Request_<std::allocator<void> >::_pose_end_type = struct geometry_msgs::msg::Pose_<std::allocator<void> >[m[K’ {aka ‘[01m[Kstruct geometry_msgs::msg::Pose_<std::allocator<void> >[m[K’} has no member named ‘[01m[Kz[m[K’
   39 |    request->pose_end.x, request->pose_end.y, request->pose_end.[01;31m[Kz[m[K);
      |                                                                [01;31m[K^[m[K

[01m[K/home/ubuntu/ros2_ws/src/Robotics/ros2_ws/src/planning/src/trajectory_execution.cpp:58:141:[m[K [01;31m[Kerror: [m[K‘[01m[Krclcpp::Client<ServiceT>::FutureAndRequestId::[01;32m[Koperator rclcpp::Client<ServiceT>::SharedFuture[m[K() [35m[K[with ServiceT = custom_msg_interfaces::srv::ComputePath; rclcpp::Client<ServiceT>::SharedFuture = std::shared_future<std::shared_ptr<custom_msg_interfaces::srv::ComputePath_Response_<std::allocator<void> > > >][m[K[m[K’ is deprecated: FutureAndRequestId: use .future.share() instead of an implicit conversion [[01;31m[K]8;;https://gcc.gnu.org/onlinedocs/gcc/Warning-Options.html#index-Wdeprecated-declarations-Werror=deprecated-declarations]8;;[m[K]
   58 | uture future_path = path_client->async_send_request(path_request[01;31m[K)[m[K;
      |                                                                 [01;31m[K^[m[K

In file included from [01m[K/opt/ros/jazzy/include/rclcpp/rclcpp/callback_group.hpp:24[m[K,
                 from [01m[K/opt/ros/jazzy/include/rclcpp/rclcpp/any_executable.hpp:20[m[K,
                 from [01m[K/opt/ros/jazzy/include/rclcpp/rclcpp/memory_strategy.hpp:25[m[K,
                 from [01m[K/opt/ros/jazzy/include/rclcpp/rclcpp/memory_strategies.hpp:18[m[K,
                 from [01m[K/opt/ros/jazzy/include/rclcpp/rclcpp/executor_options.hpp:22[m[K,
                 from [01m[K/opt/ros/jazzy/include/rclcpp/rclcpp/executor.hpp:38[m[K,
                 from [01m[K/opt/ros/jazzy/include/rclcpp/rclcpp/executors/multi_threaded_executor.hpp:25[m[K,
                 from [01m[K/opt/ros/jazzy/include/rclcpp/rclcpp/executors.hpp:21[m[K,
                 from [01m[K/opt/ros/jazzy/include/rclcpp/rclcpp/rclcpp.hpp:172[m[K:
[01m[K/opt/ros/jazzy/include/rclcpp/rclcpp/client.hpp:446:5:[m[K [01;36m[Knote: [m[Kdeclared here
  446 |     [01;36m[Koperator[m[K SharedFuture() {return this->future.share();}
      |     [01;36m[K^~~~~~~~[m[K
[01m[K/home/ubuntu/ros2_ws/src/Robotics/ros2_ws/src/planning/src/trajectory_execution.cpp:[m[K In member function ‘[01m[Kvoid TrajectoryExecutionNode::[01;32m[Kpath_client_handler[m[K(const std::shared_ptr<custom_msg_interfaces::srv::ComputePath_Response_<std::allocator<void> > >&, std::shared_ptr<custom_msg_interfaces::srv::Interpolation_Response_<std::allocator<void> > >)[m[K’:
[01m[K/home/ubuntu/ros2_ws/src/Robotics/ros2_ws/src/planning/src/trajectory_execution.cpp:83:30:[m[K [01;31m[Kerror: [m[K‘[01m[Kconst class std::shared_ptr<custom_msg_interfaces::srv::ComputePath_Response_<std::allocator<void> > >[m[K’ has no member named ‘[01m[Kposes[m[K’
   83 |             if(path_response.[01;31m[Kposes[m[K.size() == 0){
      |                              [01;31m[K^~~~~[m[K
[01m[K/home/ubuntu/ros2_ws/src/Robotics/ros2_ws/src/planning/src/trajectory_execution.cpp:89:101:[m[K [01;31m[Kerror: [m[K‘[01m[Kconst class std::shared_ptr<custom_msg_interfaces::srv::ComputePath_Response_<std::allocator<void> > >[m[K’ has no member named ‘[01m[Kposes[m[K’
   89 | Received path response with %zu points", path_response.[01;31m[Kposes[m[K.size());
      |                                                        [01;31m[K^~~~~[m[K

[01m[K/home/ubuntu/ros2_ws/src/Robotics/ros2_ws/src/planning/src/trajectory_execution.cpp:93:61:[m[K [01;31m[Kerror: [m[K‘[01m[Kconst class std::shared_ptr<custom_msg_interfaces::srv::ComputePath_Response_<std::allocator<void> > >[m[K’ has no member named ‘[01m[Kposes[m[K’
   93 |             trajectory_request->array.poses = path_response.[01;31m[Kposes[m[K;
      |                                                             [01;31m[K^~~~~[m[K
[01m[K/home/ubuntu/ros2_ws/src/Robotics/ros2_ws/src/planning/src/trajectory_execution.cpp:105:165:[m[K [01;31m[Kerror: [m[K‘[01m[Krclcpp::Client<ServiceT>::FutureAndRequestId::[01;32m[Koperator rclcpp::Client<ServiceT>::SharedFuture[m[K() [35m[K[with ServiceT = custom_msg_interfaces::srv::ComputeTrajectory; rclcpp::Client<ServiceT>::SharedFuture = std::shared_future<std::shared_ptr<custom_msg_interfaces::srv::ComputeTrajectory_Response_<std::allocator<void> > > >][m[K[m[K’ is deprecated: FutureAndRequestId: use .future.share() instead of an implicit conversion [[01;31m[K]8;;https://gcc.gnu.org/onlinedocs/gcc/Warning-Options.html#index-Wdeprecated-declarations-Werror=deprecated-declarations]8;;[m[K]
  105 | ctory = trajectory_client->async_send_request(trajectory_request[01;31m[K)[m[K;
      |                                                                 [01;31m[K^[m[K

[01m[K/opt/ros/jazzy/include/rclcpp/rclcpp/client.hpp:446:5:[m[K [01;36m[Knote: [m[Kdeclared here
  446 |     [01;36m[Koperator[m[K SharedFuture() {return this->future.share();}
      |     [01;36m[K^~~~~~~~[m[K
[01m[K/home/ubuntu/ros2_ws/src/Robotics/ros2_ws/src/planning/src/trajectory_execution.cpp:[m[K In member function ‘[01m[Kvoid TrajectoryExecutionNode::[01;32m[Ktrajectory_client_handler[m[K(const std::shared_ptr<custom_msg_interfaces::srv::ComputeTrajectory_Response_<std::allocator<void> > >&, std::shared_ptr<custom_msg_interfaces::srv::Interpolation_Response_<std::allocator<void> > >)[m[K’:
[01m[K/home/ubuntu/ros2_ws/src/Robotics/ros2_ws/src/planning/src/trajectory_execution.cpp:119:36:[m[K [01;31m[Kerror: [m[K‘[01m[Kconst class std::shared_ptr<custom_msg_interfaces::srv::ComputeTrajectory_Response_<std::allocator<void> > >[m[K’ has no member named ‘[01m[Ktrajectory[m[K’
  119 |             if(trajectory_response.[01;31m[Ktrajectory[m[K.points.size() == 0 || trajectory_response.trajectory.joint_names.size() == 0){
      |                                    [01;31m[K^~~~~~~~~~[m[K
[01m[K/home/ubuntu/ros2_ws/src/Robotics/ros2_ws/src/planning/src/trajectory_execution.cpp:119:89:[m[K [01;31m[Kerror: [m[K‘[01m[Kconst class std::shared_ptr<custom_msg_interfaces::srv::ComputeTrajectory_Response_<std::allocator<void> > >[m[K’ has no member named ‘[01m[Ktrajectory[m[K’
  119 | e.trajectory.points.size() == 0 || trajectory_response.[01;31m[Ktrajectory[m[K.joint_names.size() == 0){
      |                                                        [01;31m[K^~~~~~~~~~[m[K

[01m[K/home/ubuntu/ros2_ws/src/Robotics/ros2_ws/src/planning/src/trajectory_execution.cpp:125:128:[m[K [01;31m[Kerror: [m[K‘[01m[Kconst class std::shared_ptr<custom_msg_interfaces::srv::ComputeTrajectory_Response_<std::allocator<void> > >[m[K’ has no member named ‘[01m[Ktrajectory[m[K’
  125 | e with %zu points and %zu joints", trajectory_response.[01;31m[Ktrajectory[m[K.points.size(), trajectory_response.trajectory.joint_names.size());
      |                                                        [01;31m[K^~~~~~~~~~[m[K

[01m[K/home/ubuntu/ros2_ws/src/Robotics/ros2_ws/src/planning/src/trajectory_execution.cpp:125:174:[m[K [01;31m[Kerror: [m[K‘[01m[Kconst class std::shared_ptr<custom_msg_interfaces::srv::ComputeTrajectory_Response_<std::allocator<void> > >[m[K’ has no member named ‘[01m[Ktrajectory[m[K’
  125 | response.trajectory.points.size(), trajectory_response.[01;31m[Ktrajectory[m[K.joint_names.size());
      |                                                        [01;31m[K^~~~~~~~~~[m[K

[01m[K/home/ubuntu/ros2_ws/src/Robotics/ros2_ws/src/planning/src/trajectory_execution.cpp:130:51:[m[K [01;31m[Kerror: [m[K‘[01m[Kconst class std::shared_ptr<custom_msg_interfaces::srv::ComputeTrajectory_Response_<std::allocator<void> > >[m[K’ has no member named ‘[01m[Ktrajectory[m[K’
  130 |             goal.trajectory = trajectory_response.[01;31m[Ktrajectory[m[K;
      |                                                   [01;31m[K^~~~~~~~~~[m[K
[01m[K/home/ubuntu/ros2_ws/src/Robotics/ros2_ws/src/planning/src/trajectory_execution.cpp:[m[K In member function ‘[01m[Kvoid TrajectoryExecutionNode::[01;32m[Kaction_client_handler[m[K(rclcpp_action::ClientGoalHandle<control_msgs::action::FollowJointTrajectory>::SharedPtr, std::shared_ptr<custom_msg_interfaces::srv::Interpolation_Response_<std::allocator<void> > >)[m[K’:
[01m[K/home/ubuntu/ros2_ws/src/Robotics/ros2_ws/src/planning/src/trajectory_execution.cpp:165:52:[m[K [01;31m[Kerror: [m[K‘[01m[Kusing std::__shared_ptr_access<rclcpp_action::ClientGoalHandle<control_msgs::action::FollowJointTrajectory>, __gnu_cxx::_S_atomic, false, false>::element_type = class rclcpp_action::ClientGoalHandle<control_msgs::action::FollowJointTrajectory>[m[K’ {aka ‘[01m[Kclass rclcpp_action::ClientGoalHandle<control_msgs::action::FollowJointTrajectory>[m[K’} has no member named ‘[01m[Kasync_result[m[K’; did you mean ‘[01m[Kasync_get_result[m[K’?
  165 |             auto future_goal_handle = goal_handle->[01;31m[Kasync_result[m[K();
      |                                                    [01;31m[K^~~~~~~~~~~~[m[K
      |                                                    [32m[Kasync_get_result[m[K
cc1plus: all warnings being treated as errors
gmake[2]: *** [CMakeFiles/trajectory_execution_node.dir/build.make:76: CMakeFiles/trajectory_execution_node.dir/src/trajectory_execution.cpp.o] Error 1
gmake[1]: *** [CMakeFiles/Makefile2:139: CMakeFiles/trajectory_execution_node.dir/all] Error 2
gmake: *** [Makefile:146: all] Error 2
