[0.018s] Invoking command in '/home/ubuntu/ros2_ws/src/Robotics/ros2_ws/build/planning': AMENT_PREFIX_PATH=/home/ubuntu/ros2_ws/src/Robotics/ros2_ws/install/custom_msg_interfaces:${AMENT_PREFIX_PATH} CMAKE_PREFIX_PATH=/home/ubuntu/ros2_ws/src/Robotics/ros2_ws/install/custom_msg_interfaces:/opt/ros/jazzy/opt/gz_sim_vendor:/opt/ros/jazzy/opt/gz_sensors_vendor:/opt/ros/jazzy/opt/gz_physics_vendor:/opt/ros/jazzy/opt/sdformat_vendor:/opt/ros/jazzy/opt/gz_gui_vendor:/opt/ros/jazzy/opt/gz_transport_vendor:/opt/ros/jazzy/opt/gz_rendering_vendor:/opt/ros/jazzy/opt/gz_plugin_vendor:/opt/ros/jazzy/opt/gz_fuel_tools_vendor:/opt/ros/jazzy/opt/gz_msgs_vendor:/opt/ros/jazzy/opt/gz_common_vendor:/opt/ros/jazzy/opt/gz_math_vendor:/opt/ros/jazzy/opt/gz_utils_vendor:/opt/ros/jazzy/opt/gz_tools_vendor:/opt/ros/jazzy/opt/gz_ogre_next_vendor:/opt/ros/jazzy/opt/gz_dartsim_vendor:/opt/ros/jazzy/opt/gz_cmake_vendor:/opt/ros/jazzy LD_LIBRARY_PATH=/home/ubuntu/ros2_ws/src/Robotics/ros2_ws/install/custom_msg_interfaces/lib:${LD_LIBRARY_PATH} PYTHONPATH=/home/ubuntu/ros2_ws/src/Robotics/ros2_ws/install/custom_msg_interfaces/lib/python3.12/site-packages:${PYTHONPATH} /usr/bin/cmake /home/ubuntu/ros2_ws/src/Robotics/ros2_ws/src/planning -DCMAKE_INSTALL_PREFIX=/home/ubuntu/ros2_ws/src/Robotics/ros2_ws/install/planning
[0.100s] -- The C compiler identification is GNU 13.2.0
[0.181s] -- The CXX compiler identification is GNU 13.2.0
[0.202s] -- Detecting C compiler ABI info
[0.330s] -- Detecting C compiler ABI info - done
[0.342s] -- Check for working C compiler: /usr/bin/cc - skipped
[0.342s] -- Detecting C compile features
[0.343s] -- Detecting C compile features - done
[0.357s] -- Detecting CXX compiler ABI info
[0.499s] -- Detecting CXX compiler ABI info - done
[0.513s] -- Check for working CXX compiler: /usr/bin/c++ - skipped
[0.514s] -- Detecting CXX compile features
[0.514s] -- Detecting CXX compile features - done
[0.520s] -- Found ament_cmake: 2.5.2 (/opt/ros/jazzy/share/ament_cmake/cmake)
[0.755s] -- Found Python3: /usr/bin/python3 (found version "3.12.3") found components: Interpreter 
[0.929s] -- Found rclcpp: 28.1.5 (/opt/ros/jazzy/share/rclcpp/cmake)
[1.004s] -- Found rosidl_generator_c: 4.6.4 (/opt/ros/jazzy/share/rosidl_generator_c/cmake)
[1.028s] -- Found rosidl_generator_cpp: 4.6.4 (/opt/ros/jazzy/share/rosidl_generator_cpp/cmake)
[1.054s] -- Using all available rosidl_typesupport_c: rosidl_typesupport_fastrtps_c;rosidl_typesupport_introspection_c
[1.084s] -- Using all available rosidl_typesupport_cpp: rosidl_typesupport_fastrtps_cpp;rosidl_typesupport_introspection_cpp
[1.219s] -- Found rmw_implementation_cmake: 7.3.1 (/opt/ros/jazzy/share/rmw_implementation_cmake/cmake)
[1.225s] -- Found rmw_fastrtps_cpp: 8.4.1 (/opt/ros/jazzy/share/rmw_fastrtps_cpp/cmake)
[1.351s] -- Found OpenSSL: /usr/lib/x86_64-linux-gnu/libcrypto.so (found version "3.0.13")  
[1.386s] -- Found FastRTPS: /opt/ros/jazzy/include (Required is at least version "2.13") 
[1.426s] -- Using RMW implementation 'rmw_fastrtps_cpp' as default
[1.544s] -- Found rclcpp_action: 28.1.5 (/opt/ros/jazzy/share/rclcpp_action/cmake)
[1.627s] -- Found std_msgs: 5.3.5 (/opt/ros/jazzy/share/std_msgs/cmake)
[1.648s] -- Found geometry_msgs: 5.3.5 (/opt/ros/jazzy/share/geometry_msgs/cmake)
[1.674s] -- Found control_msgs: 5.3.0 (/opt/ros/jazzy/share/control_msgs/cmake)
[1.803s] -- Found std_srvs: 5.3.5 (/opt/ros/jazzy/share/std_srvs/cmake)
[1.834s] -- Found tf2_ros: 0.36.4 (/opt/ros/jazzy/share/tf2_ros/cmake)
[1.973s] -- Found vision_msgs: 4.1.1 (/opt/ros/jazzy/share/vision_msgs/cmake)
[2.002s] -- Found custom_msg_interfaces: 0.0.0 (/home/ubuntu/ros2_ws/src/Robotics/ros2_ws/install/custom_msg_interfaces/share/custom_msg_interfaces/cmake)
[2.192s] -- Configuring done (2.2s)
[2.228s] -- Generating done (0.0s)
[2.237s] -- Build files have been written to: /home/ubuntu/ros2_ws/src/Robotics/ros2_ws/build/planning
[2.254s] Invoked command in '/home/ubuntu/ros2_ws/src/Robotics/ros2_ws/build/planning' returned '0': AMENT_PREFIX_PATH=/home/ubuntu/ros2_ws/src/Robotics/ros2_ws/install/custom_msg_interfaces:${AMENT_PREFIX_PATH} CMAKE_PREFIX_PATH=/home/ubuntu/ros2_ws/src/Robotics/ros2_ws/install/custom_msg_interfaces:/opt/ros/jazzy/opt/gz_sim_vendor:/opt/ros/jazzy/opt/gz_sensors_vendor:/opt/ros/jazzy/opt/gz_physics_vendor:/opt/ros/jazzy/opt/sdformat_vendor:/opt/ros/jazzy/opt/gz_gui_vendor:/opt/ros/jazzy/opt/gz_transport_vendor:/opt/ros/jazzy/opt/gz_rendering_vendor:/opt/ros/jazzy/opt/gz_plugin_vendor:/opt/ros/jazzy/opt/gz_fuel_tools_vendor:/opt/ros/jazzy/opt/gz_msgs_vendor:/opt/ros/jazzy/opt/gz_common_vendor:/opt/ros/jazzy/opt/gz_math_vendor:/opt/ros/jazzy/opt/gz_utils_vendor:/opt/ros/jazzy/opt/gz_tools_vendor:/opt/ros/jazzy/opt/gz_ogre_next_vendor:/opt/ros/jazzy/opt/gz_dartsim_vendor:/opt/ros/jazzy/opt/gz_cmake_vendor:/opt/ros/jazzy LD_LIBRARY_PATH=/home/ubuntu/ros2_ws/src/Robotics/ros2_ws/install/custom_msg_interfaces/lib:${LD_LIBRARY_PATH} PYTHONPATH=/home/ubuntu/ros2_ws/src/Robotics/ros2_ws/install/custom_msg_interfaces/lib/python3.12/site-packages:${PYTHONPATH} /usr/bin/cmake /home/ubuntu/ros2_ws/src/Robotics/ros2_ws/src/planning -DCMAKE_INSTALL_PREFIX=/home/ubuntu/ros2_ws/src/Robotics/ros2_ws/install/planning
[2.256s] Invoking command in '/home/ubuntu/ros2_ws/src/Robotics/ros2_ws/build/planning': AMENT_PREFIX_PATH=/home/ubuntu/ros2_ws/src/Robotics/ros2_ws/install/custom_msg_interfaces:${AMENT_PREFIX_PATH} CMAKE_PREFIX_PATH=/home/ubuntu/ros2_ws/src/Robotics/ros2_ws/install/custom_msg_interfaces:/opt/ros/jazzy/opt/gz_sim_vendor:/opt/ros/jazzy/opt/gz_sensors_vendor:/opt/ros/jazzy/opt/gz_physics_vendor:/opt/ros/jazzy/opt/sdformat_vendor:/opt/ros/jazzy/opt/gz_gui_vendor:/opt/ros/jazzy/opt/gz_transport_vendor:/opt/ros/jazzy/opt/gz_rendering_vendor:/opt/ros/jazzy/opt/gz_plugin_vendor:/opt/ros/jazzy/opt/gz_fuel_tools_vendor:/opt/ros/jazzy/opt/gz_msgs_vendor:/opt/ros/jazzy/opt/gz_common_vendor:/opt/ros/jazzy/opt/gz_math_vendor:/opt/ros/jazzy/opt/gz_utils_vendor:/opt/ros/jazzy/opt/gz_tools_vendor:/opt/ros/jazzy/opt/gz_ogre_next_vendor:/opt/ros/jazzy/opt/gz_dartsim_vendor:/opt/ros/jazzy/opt/gz_cmake_vendor:/opt/ros/jazzy LD_LIBRARY_PATH=/home/ubuntu/ros2_ws/src/Robotics/ros2_ws/install/custom_msg_interfaces/lib:${LD_LIBRARY_PATH} PYTHONPATH=/home/ubuntu/ros2_ws/src/Robotics/ros2_ws/install/custom_msg_interfaces/lib/python3.12/site-packages:${PYTHONPATH} /usr/bin/cmake --build /home/ubuntu/ros2_ws/src/Robotics/ros2_ws/build/planning -- -j16 -l16
[2.323s] [ 25%] [32mBuilding CXX object CMakeFiles/control_node.dir/src/control_unit.cpp.o[0m
[2.323s] [ 50%] [32mBuilding CXX object CMakeFiles/trajectory_execution_node.dir/src/trajectory_execution.cpp.o[0m
[3.115s] [01m[K/home/ubuntu/ros2_ws/src/Robotics/ros2_ws/src/planning/src/control_unit.cpp:8:9:[m[K [01;31m[Kfatal error: [m[Ktf2_ros/buffer.hpp: No such file or directory
[3.115s]     8 | #include[01;31m[K<tf2_ros/buffer.hpp>[m[K
[3.115s]       |         [01;31m[K^~~~~~~~~~~~~~~~~~~~[m[K
[3.116s] compilation terminated.
[3.118s] gmake[2]: *** [CMakeFiles/control_node.dir/build.make:76: CMakeFiles/control_node.dir/src/control_unit.cpp.o] Error 1
[3.119s] gmake[1]: *** [CMakeFiles/Makefile2:165: CMakeFiles/control_node.dir/all] Error 2
[3.119s] gmake[1]: *** Waiting for unfinished jobs....
[8.274s] In file included from [01m[K/opt/ros/jazzy/include/rclcpp/rclcpp/logging.hpp:24[m[K,
[8.274s]                  from [01m[K/opt/ros/jazzy/include/rclcpp/rclcpp/copy_all_parameter_values.hpp:27[m[K,
[8.274s]                  from [01m[K/opt/ros/jazzy/include/rclcpp/rclcpp/rclcpp.hpp:171[m[K,
[8.274s]                  from [01m[K/home/ubuntu/ros2_ws/src/Robotics/ros2_ws/src/planning/src/trajectory_execution.cpp:1[m[K:
[8.275s] [01m[K/home/ubuntu/ros2_ws/src/Robotics/ros2_ws/src/planning/src/trajectory_execution.cpp:[m[K In member function ‘[01m[Kvoid TrajectoryExecutionNode::[01;32m[Kinterpolation_callback[m[K(std::shared_ptr<custom_msg_interfaces::srv::Interpolation_Request_<std::allocator<void> > >, std::shared_ptr<custom_msg_interfaces::srv::Interpolation_Response_<std::allocator<void> > >)[m[K’:
[8.275s] [01m[K/home/ubuntu/ros2_ws/src/Robotics/ros2_ws/src/planning/src/trajectory_execution.cpp:38:37:[m[K [01;31m[Kerror: [m[K‘[01m[Kusing custom_msg_interfaces::srv::Interpolation_Request_<std::allocator<void> >::_pose_start_type = struct geometry_msgs::msg::Pose_<std::allocator<void> >[m[K’ {aka ‘[01m[Kstruct geometry_msgs::msg::Pose_<std::allocator<void> >[m[K’} has no member named ‘[01m[Kx[m[K’
[8.275s]    38 |                 request->pose_start.[01;31m[Kx[m[K, request->pose_start.y, request->pose_start.z,
[8.275s]       |                                     [01;31m[K^[m[K
[8.276s] [01m[K/home/ubuntu/ros2_ws/src/Robotics/ros2_ws/src/planning/src/trajectory_execution.cpp:38:60:[m[K [01;31m[Kerror: [m[K‘[01m[Kusing custom_msg_interfaces::srv::Interpolation_Request_<std::allocator<void> >::_pose_start_type = struct geometry_msgs::msg::Pose_<std::allocator<void> >[m[K’ {aka ‘[01m[Kstruct geometry_msgs::msg::Pose_<std::allocator<void> >[m[K’} has no member named ‘[01m[Ky[m[K’
[8.276s]    38 |             request->pose_start.x, request->pose_start.[01;31m[Ky[m[K, request->pose_start.z,
[8.276s]       |                                                        [01;31m[K^[m[K
[8.276s] 
[8.276s] [01m[K/home/ubuntu/ros2_ws/src/Robotics/ros2_ws/src/planning/src/trajectory_execution.cpp:38:83:[m[K [01;31m[Kerror: [m[K‘[01m[Kusing custom_msg_interfaces::srv::Interpolation_Request_<std::allocator<void> >::_pose_start_type = struct geometry_msgs::msg::Pose_<std::allocator<void> >[m[K’ {aka ‘[01m[Kstruct geometry_msgs::msg::Pose_<std::allocator<void> >[m[K’} has no member named ‘[01m[Kz[m[K’
[8.276s]    38 | quest->pose_start.x, request->pose_start.y, request->pose_start.[01;31m[Kz[m[K,
[8.277s]       |                                                                 [01;31m[K^[m[K
[8.277s] 
[8.277s] [01m[K/home/ubuntu/ros2_ws/src/Robotics/ros2_ws/src/planning/src/trajectory_execution.cpp:39:35:[m[K [01;31m[Kerror: [m[K‘[01m[Kusing custom_msg_interfaces::srv::Interpolation_Request_<std::allocator<void> >::_pose_end_type = struct geometry_msgs::msg::Pose_<std::allocator<void> >[m[K’ {aka ‘[01m[Kstruct geometry_msgs::msg::Pose_<std::allocator<void> >[m[K’} has no member named ‘[01m[Kx[m[K’
[8.277s]    39 |                 request->pose_end.[01;31m[Kx[m[K, request->pose_end.y, request->pose_end.z);
[8.277s]       |                                   [01;31m[K^[m[K
[8.278s] [01m[K/home/ubuntu/ros2_ws/src/Robotics/ros2_ws/src/planning/src/trajectory_execution.cpp:39:56:[m[K [01;31m[Kerror: [m[K‘[01m[Kusing custom_msg_interfaces::srv::Interpolation_Request_<std::allocator<void> >::_pose_end_type = struct geometry_msgs::msg::Pose_<std::allocator<void> >[m[K’ {aka ‘[01m[Kstruct geometry_msgs::msg::Pose_<std::allocator<void> >[m[K’} has no member named ‘[01m[Ky[m[K’
[8.278s]    39 |                 request->pose_end.x, request->pose_end.[01;31m[Ky[m[K, request->pose_end.z);
[8.278s]       |                                                        [01;31m[K^[m[K
[8.278s] [01m[K/home/ubuntu/ros2_ws/src/Robotics/ros2_ws/src/planning/src/trajectory_execution.cpp:39:77:[m[K [01;31m[Kerror: [m[K‘[01m[Kusing custom_msg_interfaces::srv::Interpolation_Request_<std::allocator<void> >::_pose_end_type = struct geometry_msgs::msg::Pose_<std::allocator<void> >[m[K’ {aka ‘[01m[Kstruct geometry_msgs::msg::Pose_<std::allocator<void> >[m[K’} has no member named ‘[01m[Kz[m[K’
[8.278s]    39 |    request->pose_end.x, request->pose_end.y, request->pose_end.[01;31m[Kz[m[K);
[8.278s]       |                                                                [01;31m[K^[m[K
[8.278s] 
[8.327s] [01m[K/home/ubuntu/ros2_ws/src/Robotics/ros2_ws/src/planning/src/trajectory_execution.cpp:58:141:[m[K [01;31m[Kerror: [m[K‘[01m[Krclcpp::Client<ServiceT>::FutureAndRequestId::[01;32m[Koperator rclcpp::Client<ServiceT>::SharedFuture[m[K() [35m[K[with ServiceT = custom_msg_interfaces::srv::ComputePath; rclcpp::Client<ServiceT>::SharedFuture = std::shared_future<std::shared_ptr<custom_msg_interfaces::srv::ComputePath_Response_<std::allocator<void> > > >][m[K[m[K’ is deprecated: FutureAndRequestId: use .future.share() instead of an implicit conversion [[01;31m[K]8;;https://gcc.gnu.org/onlinedocs/gcc/Warning-Options.html#index-Wdeprecated-declarations-Werror=deprecated-declarations]8;;[m[K]
[8.328s]    58 | uture future_path = path_client->async_send_request(path_request[01;31m[K)[m[K;
[8.328s]       |                                                                 [01;31m[K^[m[K
[8.328s] 
[8.328s] In file included from [01m[K/opt/ros/jazzy/include/rclcpp/rclcpp/callback_group.hpp:24[m[K,
[8.329s]                  from [01m[K/opt/ros/jazzy/include/rclcpp/rclcpp/any_executable.hpp:20[m[K,
[8.329s]                  from [01m[K/opt/ros/jazzy/include/rclcpp/rclcpp/memory_strategy.hpp:25[m[K,
[8.330s]                  from [01m[K/opt/ros/jazzy/include/rclcpp/rclcpp/memory_strategies.hpp:18[m[K,
[8.330s]                  from [01m[K/opt/ros/jazzy/include/rclcpp/rclcpp/executor_options.hpp:22[m[K,
[8.330s]                  from [01m[K/opt/ros/jazzy/include/rclcpp/rclcpp/executor.hpp:38[m[K,
[8.330s]                  from [01m[K/opt/ros/jazzy/include/rclcpp/rclcpp/executors/multi_threaded_executor.hpp:25[m[K,
[8.331s]                  from [01m[K/opt/ros/jazzy/include/rclcpp/rclcpp/executors.hpp:21[m[K,
[8.331s]                  from [01m[K/opt/ros/jazzy/include/rclcpp/rclcpp/rclcpp.hpp:172[m[K:
[8.331s] [01m[K/opt/ros/jazzy/include/rclcpp/rclcpp/client.hpp:446:5:[m[K [01;36m[Knote: [m[Kdeclared here
[8.332s]   446 |     [01;36m[Koperator[m[K SharedFuture() {return this->future.share();}
[8.332s]       |     [01;36m[K^~~~~~~~[m[K
[8.339s] [01m[K/home/ubuntu/ros2_ws/src/Robotics/ros2_ws/src/planning/src/trajectory_execution.cpp:[m[K In member function ‘[01m[Kvoid TrajectoryExecutionNode::[01;32m[Kpath_client_handler[m[K(const std::shared_ptr<custom_msg_interfaces::srv::ComputePath_Response_<std::allocator<void> > >&, std::shared_ptr<custom_msg_interfaces::srv::Interpolation_Response_<std::allocator<void> > >)[m[K’:
[8.340s] [01m[K/home/ubuntu/ros2_ws/src/Robotics/ros2_ws/src/planning/src/trajectory_execution.cpp:83:30:[m[K [01;31m[Kerror: [m[K‘[01m[Kconst class std::shared_ptr<custom_msg_interfaces::srv::ComputePath_Response_<std::allocator<void> > >[m[K’ has no member named ‘[01m[Kposes[m[K’
[8.340s]    83 |             if(path_response.[01;31m[Kposes[m[K.size() == 0){
[8.340s]       |                              [01;31m[K^~~~~[m[K
[8.343s] [01m[K/home/ubuntu/ros2_ws/src/Robotics/ros2_ws/src/planning/src/trajectory_execution.cpp:89:101:[m[K [01;31m[Kerror: [m[K‘[01m[Kconst class std::shared_ptr<custom_msg_interfaces::srv::ComputePath_Response_<std::allocator<void> > >[m[K’ has no member named ‘[01m[Kposes[m[K’
[8.343s]    89 | Received path response with %zu points", path_response.[01;31m[Kposes[m[K.size());
[8.343s]       |                                                        [01;31m[K^~~~~[m[K
[8.343s] 
[8.351s] [01m[K/home/ubuntu/ros2_ws/src/Robotics/ros2_ws/src/planning/src/trajectory_execution.cpp:93:61:[m[K [01;31m[Kerror: [m[K‘[01m[Kconst class std::shared_ptr<custom_msg_interfaces::srv::ComputePath_Response_<std::allocator<void> > >[m[K’ has no member named ‘[01m[Kposes[m[K’
[8.352s]    93 |             trajectory_request->array.poses = path_response.[01;31m[Kposes[m[K;
[8.352s]       |                                                             [01;31m[K^~~~~[m[K
[8.372s] [01m[K/home/ubuntu/ros2_ws/src/Robotics/ros2_ws/src/planning/src/trajectory_execution.cpp:105:165:[m[K [01;31m[Kerror: [m[K‘[01m[Krclcpp::Client<ServiceT>::FutureAndRequestId::[01;32m[Koperator rclcpp::Client<ServiceT>::SharedFuture[m[K() [35m[K[with ServiceT = custom_msg_interfaces::srv::ComputeTrajectory; rclcpp::Client<ServiceT>::SharedFuture = std::shared_future<std::shared_ptr<custom_msg_interfaces::srv::ComputeTrajectory_Response_<std::allocator<void> > > >][m[K[m[K’ is deprecated: FutureAndRequestId: use .future.share() instead of an implicit conversion [[01;31m[K]8;;https://gcc.gnu.org/onlinedocs/gcc/Warning-Options.html#index-Wdeprecated-declarations-Werror=deprecated-declarations]8;;[m[K]
[8.373s]   105 | ctory = trajectory_client->async_send_request(trajectory_request[01;31m[K)[m[K;
[8.373s]       |                                                                 [01;31m[K^[m[K
[8.373s] 
[8.373s] [01m[K/opt/ros/jazzy/include/rclcpp/rclcpp/client.hpp:446:5:[m[K [01;36m[Knote: [m[Kdeclared here
[8.374s]   446 |     [01;36m[Koperator[m[K SharedFuture() {return this->future.share();}
[8.374s]       |     [01;36m[K^~~~~~~~[m[K
[8.377s] [01m[K/home/ubuntu/ros2_ws/src/Robotics/ros2_ws/src/planning/src/trajectory_execution.cpp:[m[K In member function ‘[01m[Kvoid TrajectoryExecutionNode::[01;32m[Ktrajectory_client_handler[m[K(const std::shared_ptr<custom_msg_interfaces::srv::ComputeTrajectory_Response_<std::allocator<void> > >&, std::shared_ptr<custom_msg_interfaces::srv::Interpolation_Response_<std::allocator<void> > >)[m[K’:
[8.377s] [01m[K/home/ubuntu/ros2_ws/src/Robotics/ros2_ws/src/planning/src/trajectory_execution.cpp:119:36:[m[K [01;31m[Kerror: [m[K‘[01m[Kconst class std::shared_ptr<custom_msg_interfaces::srv::ComputeTrajectory_Response_<std::allocator<void> > >[m[K’ has no member named ‘[01m[Ktrajectory[m[K’
[8.378s]   119 |             if(trajectory_response.[01;31m[Ktrajectory[m[K.points.size() == 0 || trajectory_response.trajectory.joint_names.size() == 0){
[8.378s]       |                                    [01;31m[K^~~~~~~~~~[m[K
[8.378s] [01m[K/home/ubuntu/ros2_ws/src/Robotics/ros2_ws/src/planning/src/trajectory_execution.cpp:119:89:[m[K [01;31m[Kerror: [m[K‘[01m[Kconst class std::shared_ptr<custom_msg_interfaces::srv::ComputeTrajectory_Response_<std::allocator<void> > >[m[K’ has no member named ‘[01m[Ktrajectory[m[K’
[8.379s]   119 | e.trajectory.points.size() == 0 || trajectory_response.[01;31m[Ktrajectory[m[K.joint_names.size() == 0){
[8.380s]       |                                                        [01;31m[K^~~~~~~~~~[m[K
[8.381s] 
[8.382s] [01m[K/home/ubuntu/ros2_ws/src/Robotics/ros2_ws/src/planning/src/trajectory_execution.cpp:125:128:[m[K [01;31m[Kerror: [m[K‘[01m[Kconst class std::shared_ptr<custom_msg_interfaces::srv::ComputeTrajectory_Response_<std::allocator<void> > >[m[K’ has no member named ‘[01m[Ktrajectory[m[K’
[8.382s]   125 | e with %zu points and %zu joints", trajectory_response.[01;31m[Ktrajectory[m[K.points.size(), trajectory_response.trajectory.joint_names.size());
[8.383s]       |                                                        [01;31m[K^~~~~~~~~~[m[K
[8.383s] 
[8.383s] [01m[K/home/ubuntu/ros2_ws/src/Robotics/ros2_ws/src/planning/src/trajectory_execution.cpp:125:174:[m[K [01;31m[Kerror: [m[K‘[01m[Kconst class std::shared_ptr<custom_msg_interfaces::srv::ComputeTrajectory_Response_<std::allocator<void> > >[m[K’ has no member named ‘[01m[Ktrajectory[m[K’
[8.384s]   125 | response.trajectory.points.size(), trajectory_response.[01;31m[Ktrajectory[m[K.joint_names.size());
[8.384s]       |                                                        [01;31m[K^~~~~~~~~~[m[K
[8.384s] 
[8.384s] [01m[K/home/ubuntu/ros2_ws/src/Robotics/ros2_ws/src/planning/src/trajectory_execution.cpp:130:51:[m[K [01;31m[Kerror: [m[K‘[01m[Kconst class std::shared_ptr<custom_msg_interfaces::srv::ComputeTrajectory_Response_<std::allocator<void> > >[m[K’ has no member named ‘[01m[Ktrajectory[m[K’
[8.385s]   130 |             goal.trajectory = trajectory_response.[01;31m[Ktrajectory[m[K;
[8.385s]       |                                                   [01;31m[K^~~~~~~~~~[m[K
[8.404s] [01m[K/home/ubuntu/ros2_ws/src/Robotics/ros2_ws/src/planning/src/trajectory_execution.cpp:[m[K In member function ‘[01m[Kvoid TrajectoryExecutionNode::[01;32m[Kaction_client_handler[m[K(rclcpp_action::ClientGoalHandle<control_msgs::action::FollowJointTrajectory>::SharedPtr, std::shared_ptr<custom_msg_interfaces::srv::Interpolation_Response_<std::allocator<void> > >)[m[K’:
[8.405s] [01m[K/home/ubuntu/ros2_ws/src/Robotics/ros2_ws/src/planning/src/trajectory_execution.cpp:165:52:[m[K [01;31m[Kerror: [m[K‘[01m[Kusing std::__shared_ptr_access<rclcpp_action::ClientGoalHandle<control_msgs::action::FollowJointTrajectory>, __gnu_cxx::_S_atomic, false, false>::element_type = class rclcpp_action::ClientGoalHandle<control_msgs::action::FollowJointTrajectory>[m[K’ {aka ‘[01m[Kclass rclcpp_action::ClientGoalHandle<control_msgs::action::FollowJointTrajectory>[m[K’} has no member named ‘[01m[Kasync_result[m[K’; did you mean ‘[01m[Kasync_get_result[m[K’?
[8.405s]   165 |             auto future_goal_handle = goal_handle->[01;31m[Kasync_result[m[K();
[8.405s]       |                                                    [01;31m[K^~~~~~~~~~~~[m[K
[8.406s]       |                                                    [32m[Kasync_get_result[m[K
[16.694s] cc1plus: all warnings being treated as errors
[16.752s] gmake[2]: *** [CMakeFiles/trajectory_execution_node.dir/build.make:76: CMakeFiles/trajectory_execution_node.dir/src/trajectory_execution.cpp.o] Error 1
[16.753s] gmake[1]: *** [CMakeFiles/Makefile2:139: CMakeFiles/trajectory_execution_node.dir/all] Error 2
[16.753s] gmake: *** [Makefile:146: all] Error 2
[16.759s] Invoked command in '/home/ubuntu/ros2_ws/src/Robotics/ros2_ws/build/planning' returned '2': AMENT_PREFIX_PATH=/home/ubuntu/ros2_ws/src/Robotics/ros2_ws/install/custom_msg_interfaces:${AMENT_PREFIX_PATH} CMAKE_PREFIX_PATH=/home/ubuntu/ros2_ws/src/Robotics/ros2_ws/install/custom_msg_interfaces:/opt/ros/jazzy/opt/gz_sim_vendor:/opt/ros/jazzy/opt/gz_sensors_vendor:/opt/ros/jazzy/opt/gz_physics_vendor:/opt/ros/jazzy/opt/sdformat_vendor:/opt/ros/jazzy/opt/gz_gui_vendor:/opt/ros/jazzy/opt/gz_transport_vendor:/opt/ros/jazzy/opt/gz_rendering_vendor:/opt/ros/jazzy/opt/gz_plugin_vendor:/opt/ros/jazzy/opt/gz_fuel_tools_vendor:/opt/ros/jazzy/opt/gz_msgs_vendor:/opt/ros/jazzy/opt/gz_common_vendor:/opt/ros/jazzy/opt/gz_math_vendor:/opt/ros/jazzy/opt/gz_utils_vendor:/opt/ros/jazzy/opt/gz_tools_vendor:/opt/ros/jazzy/opt/gz_ogre_next_vendor:/opt/ros/jazzy/opt/gz_dartsim_vendor:/opt/ros/jazzy/opt/gz_cmake_vendor:/opt/ros/jazzy LD_LIBRARY_PATH=/home/ubuntu/ros2_ws/src/Robotics/ros2_ws/install/custom_msg_interfaces/lib:${LD_LIBRARY_PATH} PYTHONPATH=/home/ubuntu/ros2_ws/src/Robotics/ros2_ws/install/custom_msg_interfaces/lib/python3.12/site-packages:${PYTHONPATH} /usr/bin/cmake --build /home/ubuntu/ros2_ws/src/Robotics/ros2_ws/build/planning -- -j16 -l16
