[0.022s] Invoking command in '/home/ubuntu/ros2_ws/src/Robotics/ros2_ws/build/custom_msg_interfaces': CMAKE_PREFIX_PATH=${CMAKE_PREFIX_PATH}:/opt/ros/jazzy /usr/bin/cmake /home/ubuntu/ros2_ws/src/Robotics/ros2_ws/src/custom_msg_interfaces -DCMAKE_INSTALL_PREFIX=/home/ubuntu/ros2_ws/src/Robotics/ros2_ws/install/custom_msg_interfaces
[0.157s] -- The C compiler identification is GNU 13.2.0
[0.254s] -- The CXX compiler identification is GNU 13.2.0
[0.277s] -- Detecting C compiler ABI info
[0.411s] -- Detecting C compiler ABI info - done
[0.424s] -- Check for working C compiler: /usr/bin/cc - skipped
[0.425s] -- Detecting C compile features
[0.426s] -- Detecting C compile features - done
[0.438s] -- Detecting CXX compiler ABI info
[0.572s] -- Detecting CXX compiler ABI info - done
[0.583s] -- Check for working CXX compiler: /usr/bin/c++ - skipped
[0.584s] -- Detecting CXX compile features
[0.584s] -- Detecting CXX compile features - done
[0.595s] -- Found ament_cmake: 2.5.2 (/opt/ros/jazzy/share/ament_cmake/cmake)
[0.835s] -- Found Python3: /usr/bin/python3 (found version "3.12.3") found components: Interpreter 
[1.030s] -- Found rosidl_default_generators: 1.6.0 (/opt/ros/jazzy/share/rosidl_default_generators/cmake)
[1.043s] -- Using all available rosidl_typesupport_c: rosidl_typesupport_fastrtps_c;rosidl_typesupport_introspection_c
[1.148s] -- Using all available rosidl_typesupport_cpp: rosidl_typesupport_fastrtps_cpp;rosidl_typesupport_introspection_cpp
[1.232s] -- Found rosidl_adapter: 4.6.4 (/opt/ros/jazzy/share/rosidl_adapter/cmake)
[1.241s] -- Found geometry_msgs: 5.3.5 (/opt/ros/jazzy/share/geometry_msgs/cmake)
[1.332s] -- Found trajectory_msgs: 5.3.5 (/opt/ros/jazzy/share/trajectory_msgs/cmake)
[2.354s] -- Found ament_cmake_ros: 0.12.0 (/opt/ros/jazzy/share/ament_cmake_ros/cmake)
[3.163s] -- Using all available rosidl_typesupport_c: rosidl_typesupport_fastrtps_c;rosidl_typesupport_introspection_c
[4.249s] -- Using all available rosidl_typesupport_cpp: rosidl_typesupport_fastrtps_cpp;rosidl_typesupport_introspection_cpp
[4.257s] -- Found python_cmake_module: 0.11.1 (/opt/ros/jazzy/share/python_cmake_module/cmake)
[4.467s] -- Found PythonExtra: /usr/bin/python3  
[5.274s] -- Found Python3: /usr/bin/python3 (found version "3.12.3") found components: Interpreter Development NumPy Development.Module Development.Embed 
[5.366s] -- Configuring done (5.3s)
[5.494s] -- Generating done (0.1s)
[5.520s] -- Build files have been written to: /home/ubuntu/ros2_ws/src/Robotics/ros2_ws/build/custom_msg_interfaces
[5.539s] Invoked command in '/home/ubuntu/ros2_ws/src/Robotics/ros2_ws/build/custom_msg_interfaces' returned '0': CMAKE_PREFIX_PATH=${CMAKE_PREFIX_PATH}:/opt/ros/jazzy /usr/bin/cmake /home/ubuntu/ros2_ws/src/Robotics/ros2_ws/src/custom_msg_interfaces -DCMAKE_INSTALL_PREFIX=/home/ubuntu/ros2_ws/src/Robotics/ros2_ws/install/custom_msg_interfaces
[5.541s] Invoking command in '/home/ubuntu/ros2_ws/src/Robotics/ros2_ws/build/custom_msg_interfaces': CMAKE_PREFIX_PATH=${CMAKE_PREFIX_PATH}:/opt/ros/jazzy /usr/bin/cmake --build /home/ubuntu/ros2_ws/src/Robotics/ros2_ws/build/custom_msg_interfaces -- -j16 -l16
[5.629s] [  1%] [34m[1mGenerating type hashes for ROS interfaces[0m
[5.639s] [  1%] Built target ament_cmake_python_copy_custom_msg_interfaces
[5.984s] running egg_info
[5.986s] creating custom_msg_interfaces.egg-info
[6.017s] writing custom_msg_interfaces.egg-info/PKG-INFO
[6.017s] writing dependency_links to custom_msg_interfaces.egg-info/dependency_links.txt
[6.018s] writing top-level names to custom_msg_interfaces.egg-info/top_level.txt
[6.018s] writing manifest file 'custom_msg_interfaces.egg-info/SOURCES.txt'
[6.106s] reading manifest file 'custom_msg_interfaces.egg-info/SOURCES.txt'
[6.106s] writing manifest file 'custom_msg_interfaces.egg-info/SOURCES.txt'
[6.149s] [  1%] Built target custom_msg_interfaces__rosidl_generator_type_description
[6.158s] [  1%] Built target ament_cmake_python_build_custom_msg_interfaces_egg
[6.164s] [  2%] [34m[1mGenerating C code for ROS interfaces[0m
[6.185s] [  3%] [34m[1mGenerating C++ code for ROS interfaces[0m
[7.273s] [  3%] Built target custom_msg_interfaces__cpp
[7.485s] [  4%] [32mBuilding C object CMakeFiles/custom_msg_interfaces__rosidl_generator_c.dir/rosidl_generator_c/custom_msg_interfaces/msg/detail/detection_result__description.c.o[0m
[7.487s] [  5%] [32mBuilding C object CMakeFiles/custom_msg_interfaces__rosidl_generator_c.dir/rosidl_generator_c/custom_msg_interfaces/msg/detail/detection_result__functions.c.o[0m
[7.489s] [  7%] [32mBuilding C object CMakeFiles/custom_msg_interfaces__rosidl_generator_c.dir/rosidl_generator_c/custom_msg_interfaces/msg/detail/detection_result__type_support.c.o[0m
[7.491s] [  8%] [32mBuilding C object CMakeFiles/custom_msg_interfaces__rosidl_generator_c.dir/rosidl_generator_c/custom_msg_interfaces/srv/detail/compute_ik__type_support.c.o[0m
[7.492s] [ 10%] [32mBuilding C object CMakeFiles/custom_msg_interfaces__rosidl_generator_c.dir/rosidl_generator_c/custom_msg_interfaces/srv/detail/compute_ik__description.c.o[0m
[7.492s] [ 10%] [32mBuilding C object CMakeFiles/custom_msg_interfaces__rosidl_generator_c.dir/rosidl_generator_c/custom_msg_interfaces/srv/detail/compute_path__description.c.o[0m
[7.493s] [ 13%] [32mBuilding C object CMakeFiles/custom_msg_interfaces__rosidl_generator_c.dir/rosidl_generator_c/custom_msg_interfaces/srv/detail/compute_path__type_support.c.o[0m
[7.493s] [ 14%] [32mBuilding C object CMakeFiles/custom_msg_interfaces__rosidl_generator_c.dir/rosidl_generator_c/custom_msg_interfaces/srv/detail/compute_dir_kin__type_support.c.o[0m
[7.493s] [ 14%] [32mBuilding C object CMakeFiles/custom_msg_interfaces__rosidl_generator_c.dir/rosidl_generator_c/custom_msg_interfaces/srv/detail/compute_dir_kin__description.c.o[0m
[7.494s] [ 15%] [32mBuilding C object CMakeFiles/custom_msg_interfaces__rosidl_generator_c.dir/rosidl_generator_c/custom_msg_interfaces/srv/detail/compute_trajectory__functions.c.o[0m
[7.495s] [ 17%] [32mBuilding C object CMakeFiles/custom_msg_interfaces__rosidl_generator_c.dir/rosidl_generator_c/custom_msg_interfaces/srv/detail/compute_trajectory__description.c.o[0m
[7.495s] [ 17%] [32mBuilding C object CMakeFiles/custom_msg_interfaces__rosidl_generator_c.dir/rosidl_generator_c/custom_msg_interfaces/srv/detail/compute_ik__functions.c.o[0m
[7.495s] [ 19%] [32mBuilding C object CMakeFiles/custom_msg_interfaces__rosidl_generator_c.dir/rosidl_generator_c/custom_msg_interfaces/srv/detail/compute_dir_kin__functions.c.o[0m
[7.499s] [ 20%] [32mBuilding C object CMakeFiles/custom_msg_interfaces__rosidl_generator_c.dir/rosidl_generator_c/custom_msg_interfaces/srv/detail/compute_path__functions.c.o[0m
[7.505s] [ 21%] [32mBuilding C object CMakeFiles/custom_msg_interfaces__rosidl_generator_c.dir/rosidl_generator_c/custom_msg_interfaces/srv/detail/compute_trajectory__type_support.c.o[0m
[7.591s] [ 22%] [32mBuilding C object CMakeFiles/custom_msg_interfaces__rosidl_generator_c.dir/rosidl_generator_c/custom_msg_interfaces/srv/detail/interpolation__description.c.o[0m
[7.631s] [ 23%] [32mBuilding C object CMakeFiles/custom_msg_interfaces__rosidl_generator_c.dir/rosidl_generator_c/custom_msg_interfaces/srv/detail/interpolation__functions.c.o[0m
[7.638s] [ 25%] [32mBuilding C object CMakeFiles/custom_msg_interfaces__rosidl_generator_c.dir/rosidl_generator_c/custom_msg_interfaces/srv/detail/interpolation__type_support.c.o[0m
[7.788s] [ 26%] [32m[1mLinking C shared library libcustom_msg_interfaces__rosidl_generator_c.so[0m
[7.847s] [ 26%] Built target custom_msg_interfaces__rosidl_generator_c
[7.865s] [ 27%] [34m[1mGenerating C introspection for ROS interfaces[0m
[7.870s] [ 28%] [34m[1mGenerating C type support for eProsima Fast-RTPS[0m
[7.871s] [ 32%] [34m[1mGenerating C type support dispatch for ROS interfaces[0m
[7.871s] [ 32%] [34m[1mGenerating C++ type support dispatch for ROS interfaces[0m
[7.871s] [ 32%] [34m[1mGenerating C++ introspection for ROS interfaces[0m
[7.872s] [ 33%] [34m[1mGenerating C++ type support for eProsima Fast-RTPS[0m
[8.712s] [ 34%] [32mBuilding CXX object CMakeFiles/custom_msg_interfaces__rosidl_typesupport_cpp.dir/rosidl_typesupport_cpp/custom_msg_interfaces/msg/detection_result__type_support.cpp.o[0m
[8.712s] [ 35%] [32mBuilding CXX object CMakeFiles/custom_msg_interfaces__rosidl_typesupport_cpp.dir/rosidl_typesupport_cpp/custom_msg_interfaces/srv/compute_path__type_support.cpp.o[0m
[8.714s] [ 36%] [32mBuilding CXX object CMakeFiles/custom_msg_interfaces__rosidl_typesupport_cpp.dir/rosidl_typesupport_cpp/custom_msg_interfaces/srv/interpolation__type_support.cpp.o[0m
[8.715s] [ 38%] [32mBuilding CXX object CMakeFiles/custom_msg_interfaces__rosidl_typesupport_cpp.dir/rosidl_typesupport_cpp/custom_msg_interfaces/srv/compute_trajectory__type_support.cpp.o[0m
[8.715s] [ 39%] [32mBuilding CXX object CMakeFiles/custom_msg_interfaces__rosidl_typesupport_cpp.dir/rosidl_typesupport_cpp/custom_msg_interfaces/srv/compute_ik__type_support.cpp.o[0m
[8.718s] [ 40%] [32mBuilding CXX object CMakeFiles/custom_msg_interfaces__rosidl_typesupport_cpp.dir/rosidl_typesupport_cpp/custom_msg_interfaces/srv/compute_dir_kin__type_support.cpp.o[0m
[8.720s] [ 41%] [32mBuilding CXX object CMakeFiles/custom_msg_interfaces__rosidl_typesupport_c.dir/rosidl_typesupport_c/custom_msg_interfaces/srv/compute_dir_kin__type_support.cpp.o[0m
[8.722s] [ 42%] [32mBuilding CXX object CMakeFiles/custom_msg_interfaces__rosidl_typesupport_c.dir/rosidl_typesupport_c/custom_msg_interfaces/srv/compute_ik__type_support.cpp.o[0m
[8.722s] [ 44%] [32mBuilding CXX object CMakeFiles/custom_msg_interfaces__rosidl_typesupport_c.dir/rosidl_typesupport_c/custom_msg_interfaces/msg/detection_result__type_support.cpp.o[0m
[8.724s] [ 45%] [32mBuilding CXX object CMakeFiles/custom_msg_interfaces__rosidl_typesupport_c.dir/rosidl_typesupport_c/custom_msg_interfaces/srv/compute_path__type_support.cpp.o[0m
[8.732s] [ 46%] [32mBuilding CXX object CMakeFiles/custom_msg_interfaces__rosidl_typesupport_c.dir/rosidl_typesupport_c/custom_msg_interfaces/srv/compute_trajectory__type_support.cpp.o[0m
[8.734s] [ 47%] [32mBuilding CXX object CMakeFiles/custom_msg_interfaces__rosidl_typesupport_c.dir/rosidl_typesupport_c/custom_msg_interfaces/srv/interpolation__type_support.cpp.o[0m
[9.016s] [ 48%] [32m[1mLinking CXX shared library libcustom_msg_interfaces__rosidl_typesupport_c.so[0m
[9.086s] [ 51%] [32mBuilding CXX object CMakeFiles/custom_msg_interfaces__rosidl_typesupport_introspection_cpp.dir/rosidl_typesupport_introspection_cpp/custom_msg_interfaces/srv/detail/compute_ik__type_support.cpp.o[0m
[9.086s] [ 51%] [32mBuilding CXX object CMakeFiles/custom_msg_interfaces__rosidl_typesupport_introspection_cpp.dir/rosidl_typesupport_introspection_cpp/custom_msg_interfaces/msg/detail/detection_result__type_support.cpp.o[0m
[9.094s] [ 52%] [32mBuilding CXX object CMakeFiles/custom_msg_interfaces__rosidl_typesupport_introspection_cpp.dir/rosidl_typesupport_introspection_cpp/custom_msg_interfaces/srv/detail/compute_trajectory__type_support.cpp.o[0m
[9.104s] [ 53%] [32mBuilding CXX object CMakeFiles/custom_msg_interfaces__rosidl_typesupport_introspection_cpp.dir/rosidl_typesupport_introspection_cpp/custom_msg_interfaces/srv/detail/compute_dir_kin__type_support.cpp.o[0m
[9.128s] [ 54%] [32mBuilding CXX object CMakeFiles/custom_msg_interfaces__rosidl_typesupport_introspection_cpp.dir/rosidl_typesupport_introspection_cpp/custom_msg_interfaces/srv/detail/compute_path__type_support.cpp.o[0m
[9.161s] [ 54%] Built target custom_msg_interfaces__rosidl_typesupport_c
[9.189s] [ 55%] [32mBuilding CXX object CMakeFiles/custom_msg_interfaces__rosidl_typesupport_introspection_cpp.dir/rosidl_typesupport_introspection_cpp/custom_msg_interfaces/srv/detail/interpolation__type_support.cpp.o[0m
[9.562s] [ 57%] [32mBuilding C object CMakeFiles/custom_msg_interfaces__rosidl_typesupport_introspection_c.dir/rosidl_typesupport_introspection_c/custom_msg_interfaces/msg/detail/detection_result__type_support.c.o[0m
[9.731s] [ 58%] [32mBuilding C object CMakeFiles/custom_msg_interfaces__rosidl_typesupport_introspection_c.dir/rosidl_typesupport_introspection_c/custom_msg_interfaces/srv/detail/compute_ik__type_support.c.o[0m
[9.819s] [ 59%] [32mBuilding C object CMakeFiles/custom_msg_interfaces__rosidl_typesupport_introspection_c.dir/rosidl_typesupport_introspection_c/custom_msg_interfaces/srv/detail/compute_dir_kin__type_support.c.o[0m
[9.842s] [ 60%] [32mBuilding CXX object CMakeFiles/custom_msg_interfaces__rosidl_typesupport_fastrtps_cpp.dir/rosidl_typesupport_fastrtps_cpp/custom_msg_interfaces/msg/detail/dds_fastrtps/detection_result__type_support.cpp.o[0m
[9.979s] [ 61%] [32mBuilding C object CMakeFiles/custom_msg_interfaces__rosidl_typesupport_introspection_c.dir/rosidl_typesupport_introspection_c/custom_msg_interfaces/srv/detail/compute_path__type_support.c.o[0m
[10.086s] [ 63%] [32mBuilding C object CMakeFiles/custom_msg_interfaces__rosidl_typesupport_introspection_c.dir/rosidl_typesupport_introspection_c/custom_msg_interfaces/srv/detail/compute_trajectory__type_support.c.o[0m
[10.107s] [ 64%] [32mBuilding C object CMakeFiles/custom_msg_interfaces__rosidl_typesupport_introspection_c.dir/rosidl_typesupport_introspection_c/custom_msg_interfaces/srv/detail/interpolation__type_support.c.o[0m
[10.164s] [ 65%] [32mBuilding CXX object CMakeFiles/custom_msg_interfaces__rosidl_typesupport_fastrtps_cpp.dir/rosidl_typesupport_fastrtps_cpp/custom_msg_interfaces/srv/detail/dds_fastrtps/compute_ik__type_support.cpp.o[0m
[10.199s] [ 66%] [32mBuilding CXX object CMakeFiles/custom_msg_interfaces__rosidl_typesupport_fastrtps_cpp.dir/rosidl_typesupport_fastrtps_cpp/custom_msg_interfaces/srv/detail/dds_fastrtps/compute_dir_kin__type_support.cpp.o[0m
[10.206s] [ 67%] [32mBuilding CXX object CMakeFiles/custom_msg_interfaces__rosidl_typesupport_fastrtps_c.dir/rosidl_typesupport_fastrtps_c/custom_msg_interfaces/msg/detail/detection_result__type_support_c.cpp.o[0m
[10.337s] [ 69%] [32mBuilding CXX object CMakeFiles/custom_msg_interfaces__rosidl_typesupport_fastrtps_cpp.dir/rosidl_typesupport_fastrtps_cpp/custom_msg_interfaces/srv/detail/dds_fastrtps/compute_path__type_support.cpp.o[0m
[10.348s] [ 70%] [32mBuilding CXX object CMakeFiles/custom_msg_interfaces__rosidl_typesupport_fastrtps_c.dir/rosidl_typesupport_fastrtps_c/custom_msg_interfaces/srv/detail/compute_ik__type_support_c.cpp.o[0m
[10.367s] [ 71%] [32m[1mLinking C shared library libcustom_msg_interfaces__rosidl_typesupport_introspection_c.so[0m
[10.476s] [ 72%] [32mBuilding CXX object CMakeFiles/custom_msg_interfaces__rosidl_typesupport_fastrtps_c.dir/rosidl_typesupport_fastrtps_c/custom_msg_interfaces/srv/detail/compute_dir_kin__type_support_c.cpp.o[0m
[10.481s] [ 73%] [32mBuilding CXX object CMakeFiles/custom_msg_interfaces__rosidl_typesupport_fastrtps_c.dir/rosidl_typesupport_fastrtps_c/custom_msg_interfaces/srv/detail/compute_path__type_support_c.cpp.o[0m
[10.609s] [ 73%] Built target custom_msg_interfaces__rosidl_typesupport_introspection_c
[10.649s] [ 75%] [32mBuilding CXX object CMakeFiles/custom_msg_interfaces__rosidl_typesupport_fastrtps_cpp.dir/rosidl_typesupport_fastrtps_cpp/custom_msg_interfaces/srv/detail/dds_fastrtps/compute_trajectory__type_support.cpp.o[0m
[10.738s] [ 76%] [32mBuilding CXX object CMakeFiles/custom_msg_interfaces__rosidl_typesupport_fastrtps_c.dir/rosidl_typesupport_fastrtps_c/custom_msg_interfaces/srv/detail/compute_trajectory__type_support_c.cpp.o[0m
[10.757s] [ 77%] [32m[1mLinking CXX shared library libcustom_msg_interfaces__rosidl_typesupport_cpp.so[0m
[10.835s] [ 78%] [32mBuilding CXX object CMakeFiles/custom_msg_interfaces__rosidl_typesupport_fastrtps_c.dir/rosidl_typesupport_fastrtps_c/custom_msg_interfaces/srv/detail/interpolation__type_support_c.cpp.o[0m
[10.867s] [ 79%] [32mBuilding CXX object CMakeFiles/custom_msg_interfaces__rosidl_typesupport_fastrtps_cpp.dir/rosidl_typesupport_fastrtps_cpp/custom_msg_interfaces/srv/detail/dds_fastrtps/interpolation__type_support.cpp.o[0m
[11.037s] [ 79%] Built target custom_msg_interfaces__rosidl_typesupport_cpp
[11.921s] [ 80%] [32m[1mLinking CXX shared library libcustom_msg_interfaces__rosidl_typesupport_introspection_cpp.so[0m
[12.098s] [ 80%] Built target custom_msg_interfaces__rosidl_typesupport_introspection_cpp
[12.345s] [ 82%] [32m[1mLinking CXX shared library libcustom_msg_interfaces__rosidl_typesupport_fastrtps_c.so[0m
[12.443s] [ 82%] Built target custom_msg_interfaces__rosidl_typesupport_fastrtps_c
[12.545s] [ 83%] [32m[1mLinking CXX shared library libcustom_msg_interfaces__rosidl_typesupport_fastrtps_cpp.so[0m
[12.663s] [ 83%] Built target custom_msg_interfaces__rosidl_typesupport_fastrtps_cpp
[12.692s] [ 83%] Built target custom_msg_interfaces
[12.722s] [ 84%] [34m[1mGenerating Python code for ROS interfaces[0m
[14.463s] [ 84%] Built target custom_msg_interfaces__py
[14.494s] [ 85%] [32mBuilding C object CMakeFiles/custom_msg_interfaces__rosidl_generator_py.dir/rosidl_generator_py/custom_msg_interfaces/msg/_detection_result_s.c.o[0m
[14.495s] [ 86%] [32mBuilding C object CMakeFiles/custom_msg_interfaces__rosidl_generator_py.dir/rosidl_generator_py/custom_msg_interfaces/srv/_compute_ik_s.c.o[0m
[14.495s] [ 88%] [32mBuilding C object CMakeFiles/custom_msg_interfaces__rosidl_generator_py.dir/rosidl_generator_py/custom_msg_interfaces/srv/_compute_trajectory_s.c.o[0m
[14.496s] [ 90%] [32mBuilding C object CMakeFiles/custom_msg_interfaces__rosidl_generator_py.dir/rosidl_generator_py/custom_msg_interfaces/srv/_compute_path_s.c.o[0m
[14.496s] [ 90%] [32mBuilding C object CMakeFiles/custom_msg_interfaces__rosidl_generator_py.dir/rosidl_generator_py/custom_msg_interfaces/srv/_compute_dir_kin_s.c.o[0m
[14.497s] [ 91%] [32mBuilding C object CMakeFiles/custom_msg_interfaces__rosidl_generator_py.dir/rosidl_generator_py/custom_msg_interfaces/srv/_interpolation_s.c.o[0m
[14.794s] [ 92%] [32m[1mLinking C shared library libcustom_msg_interfaces__rosidl_generator_py.so[0m
[14.855s] [ 92%] Built target custom_msg_interfaces__rosidl_generator_py
[14.887s] [ 95%] [32mBuilding C object CMakeFiles/custom_msg_interfaces_s__rosidl_typesupport_fastrtps_c.dir/rosidl_generator_py/custom_msg_interfaces/_custom_msg_interfaces_s.ep.rosidl_typesupport_fastrtps_c.c.o[0m
[14.887s] [ 95%] [32mBuilding C object CMakeFiles/custom_msg_interfaces_s__rosidl_typesupport_introspection_c.dir/rosidl_generator_py/custom_msg_interfaces/_custom_msg_interfaces_s.ep.rosidl_typesupport_introspection_c.c.o[0m
[14.888s] [ 96%] [32mBuilding C object CMakeFiles/custom_msg_interfaces_s__rosidl_typesupport_c.dir/rosidl_generator_py/custom_msg_interfaces/_custom_msg_interfaces_s.ep.rosidl_typesupport_c.c.o[0m
[15.110s] [ 97%] [32m[1mLinking C shared module rosidl_generator_py/custom_msg_interfaces/custom_msg_interfaces_s__rosidl_typesupport_c.so[0m
[15.121s] [ 98%] [32m[1mLinking C shared module rosidl_generator_py/custom_msg_interfaces/custom_msg_interfaces_s__rosidl_typesupport_fastrtps_c.so[0m
[15.126s] [100%] [32m[1mLinking C shared module rosidl_generator_py/custom_msg_interfaces/custom_msg_interfaces_s__rosidl_typesupport_introspection_c.so[0m
[15.160s] [100%] Built target custom_msg_interfaces_s__rosidl_typesupport_c
[15.172s] [100%] Built target custom_msg_interfaces_s__rosidl_typesupport_fastrtps_c
[15.175s] [100%] Built target custom_msg_interfaces_s__rosidl_typesupport_introspection_c
[15.196s] Invoked command in '/home/ubuntu/ros2_ws/src/Robotics/ros2_ws/build/custom_msg_interfaces' returned '0': CMAKE_PREFIX_PATH=${CMAKE_PREFIX_PATH}:/opt/ros/jazzy /usr/bin/cmake --build /home/ubuntu/ros2_ws/src/Robotics/ros2_ws/build/custom_msg_interfaces -- -j16 -l16
[15.213s] Invoking command in '/home/ubuntu/ros2_ws/src/Robotics/ros2_ws/build/custom_msg_interfaces': CMAKE_PREFIX_PATH=${CMAKE_PREFIX_PATH}:/opt/ros/jazzy /usr/bin/cmake --install /home/ubuntu/ros2_ws/src/Robotics/ros2_ws/build/custom_msg_interfaces
[15.225s] -- Install configuration: ""
[15.227s] -- Installing: /home/ubuntu/ros2_ws/src/Robotics/ros2_ws/install/custom_msg_interfaces/share/ament_index/resource_index/rosidl_interfaces/custom_msg_interfaces
[15.227s] -- Installing: /home/ubuntu/ros2_ws/src/Robotics/ros2_ws/install/custom_msg_interfaces/share/custom_msg_interfaces/msg/DetectionResult.json
[15.228s] -- Installing: /home/ubuntu/ros2_ws/src/Robotics/ros2_ws/install/custom_msg_interfaces/share/custom_msg_interfaces/srv/ComputeIK.json
[15.228s] -- Installing: /home/ubuntu/ros2_ws/src/Robotics/ros2_ws/install/custom_msg_interfaces/share/custom_msg_interfaces/srv/ComputeDirKin.json
[15.228s] -- Installing: /home/ubuntu/ros2_ws/src/Robotics/ros2_ws/install/custom_msg_interfaces/share/custom_msg_interfaces/srv/ComputePath.json
[15.229s] -- Installing: /home/ubuntu/ros2_ws/src/Robotics/ros2_ws/install/custom_msg_interfaces/share/custom_msg_interfaces/srv/ComputeTrajectory.json
[15.229s] -- Installing: /home/ubuntu/ros2_ws/src/Robotics/ros2_ws/install/custom_msg_interfaces/share/custom_msg_interfaces/srv/Interpolation.json
[15.229s] -- Installing: /home/ubuntu/ros2_ws/src/Robotics/ros2_ws/install/custom_msg_interfaces/include/custom_msg_interfaces/custom_msg_interfaces
[15.230s] -- Installing: /home/ubuntu/ros2_ws/src/Robotics/ros2_ws/install/custom_msg_interfaces/include/custom_msg_interfaces/custom_msg_interfaces/msg
[15.231s] -- Installing: /home/ubuntu/ros2_ws/src/Robotics/ros2_ws/install/custom_msg_interfaces/include/custom_msg_interfaces/custom_msg_interfaces/msg/detection_result.h
[15.231s] -- Installing: /home/ubuntu/ros2_ws/src/Robotics/ros2_ws/install/custom_msg_interfaces/include/custom_msg_interfaces/custom_msg_interfaces/msg/rosidl_generator_c__visibility_control.h
[15.231s] -- Installing: /home/ubuntu/ros2_ws/src/Robotics/ros2_ws/install/custom_msg_interfaces/include/custom_msg_interfaces/custom_msg_interfaces/msg/detail
[15.232s] -- Installing: /home/ubuntu/ros2_ws/src/Robotics/ros2_ws/install/custom_msg_interfaces/include/custom_msg_interfaces/custom_msg_interfaces/msg/detail/detection_result__type_support.h
[15.232s] -- Installing: /home/ubuntu/ros2_ws/src/Robotics/ros2_ws/install/custom_msg_interfaces/include/custom_msg_interfaces/custom_msg_interfaces/msg/detail/detection_result__functions.c
[15.232s] -- Installing: /home/ubuntu/ros2_ws/src/Robotics/ros2_ws/install/custom_msg_interfaces/include/custom_msg_interfaces/custom_msg_interfaces/msg/detail/detection_result__description.c
[15.232s] -- Installing: /home/ubuntu/ros2_ws/src/Robotics/ros2_ws/install/custom_msg_interfaces/include/custom_msg_interfaces/custom_msg_interfaces/msg/detail/detection_result__functions.h
[15.233s] -- Installing: /home/ubuntu/ros2_ws/src/Robotics/ros2_ws/install/custom_msg_interfaces/include/custom_msg_interfaces/custom_msg_interfaces/msg/detail/detection_result__type_support.c
[15.233s] -- Installing: /home/ubuntu/ros2_ws/src/Robotics/ros2_ws/install/custom_msg_interfaces/include/custom_msg_interfaces/custom_msg_interfaces/msg/detail/detection_result__struct.h
[15.233s] -- Installing: /home/ubuntu/ros2_ws/src/Robotics/ros2_ws/install/custom_msg_interfaces/include/custom_msg_interfaces/custom_msg_interfaces/srv
[15.234s] -- Installing: /home/ubuntu/ros2_ws/src/Robotics/ros2_ws/install/custom_msg_interfaces/include/custom_msg_interfaces/custom_msg_interfaces/srv/compute_dir_kin.h
[15.234s] -- Installing: /home/ubuntu/ros2_ws/src/Robotics/ros2_ws/install/custom_msg_interfaces/include/custom_msg_interfaces/custom_msg_interfaces/srv/detail
[15.234s] -- Installing: /home/ubuntu/ros2_ws/src/Robotics/ros2_ws/install/custom_msg_interfaces/include/custom_msg_interfaces/custom_msg_interfaces/srv/detail/compute_ik__struct.h
[15.235s] -- Installing: /home/ubuntu/ros2_ws/src/Robotics/ros2_ws/install/custom_msg_interfaces/include/custom_msg_interfaces/custom_msg_interfaces/srv/detail/compute_path__type_support.c
[15.235s] -- Installing: /home/ubuntu/ros2_ws/src/Robotics/ros2_ws/install/custom_msg_interfaces/include/custom_msg_interfaces/custom_msg_interfaces/srv/detail/compute_dir_kin__functions.c
[15.236s] -- Installing: /home/ubuntu/ros2_ws/src/Robotics/ros2_ws/install/custom_msg_interfaces/include/custom_msg_interfaces/custom_msg_interfaces/srv/detail/interpolation__functions.c
[15.236s] -- Installing: /home/ubuntu/ros2_ws/src/Robotics/ros2_ws/install/custom_msg_interfaces/include/custom_msg_interfaces/custom_msg_interfaces/srv/detail/compute_ik__description.c
[15.236s] -- Installing: /home/ubuntu/ros2_ws/src/Robotics/ros2_ws/install/custom_msg_interfaces/include/custom_msg_interfaces/custom_msg_interfaces/srv/detail/compute_path__struct.h
[15.236s] -- Installing: /home/ubuntu/ros2_ws/src/Robotics/ros2_ws/install/custom_msg_interfaces/include/custom_msg_interfaces/custom_msg_interfaces/srv/detail/interpolation__type_support.h
[15.236s] -- Installing: /home/ubuntu/ros2_ws/src/Robotics/ros2_ws/install/custom_msg_interfaces/include/custom_msg_interfaces/custom_msg_interfaces/srv/detail/interpolation__struct.h
[15.237s] -- Installing: /home/ubuntu/ros2_ws/src/Robotics/ros2_ws/install/custom_msg_interfaces/include/custom_msg_interfaces/custom_msg_interfaces/srv/detail/compute_trajectory__type_support.c
[15.237s] -- Installing: /home/ubuntu/ros2_ws/src/Robotics/ros2_ws/install/custom_msg_interfaces/include/custom_msg_interfaces/custom_msg_interfaces/srv/detail/compute_path__type_support.h
[15.237s] -- Installing: /home/ubuntu/ros2_ws/src/Robotics/ros2_ws/install/custom_msg_interfaces/include/custom_msg_interfaces/custom_msg_interfaces/srv/detail/compute_ik__functions.h
[15.237s] -- Installing: /home/ubuntu/ros2_ws/src/Robotics/ros2_ws/install/custom_msg_interfaces/include/custom_msg_interfaces/custom_msg_interfaces/srv/detail/compute_dir_kin__description.c
[15.238s] -- Installing: /home/ubuntu/ros2_ws/src/Robotics/ros2_ws/install/custom_msg_interfaces/include/custom_msg_interfaces/custom_msg_interfaces/srv/detail/compute_dir_kin__functions.h
[15.238s] -- Installing: /home/ubuntu/ros2_ws/src/Robotics/ros2_ws/install/custom_msg_interfaces/include/custom_msg_interfaces/custom_msg_interfaces/srv/detail/compute_trajectory__type_support.h
[15.238s] -- Installing: /home/ubuntu/ros2_ws/src/Robotics/ros2_ws/install/custom_msg_interfaces/include/custom_msg_interfaces/custom_msg_interfaces/srv/detail/compute_path__functions.c
[15.239s] -- Installing: /home/ubuntu/ros2_ws/src/Robotics/ros2_ws/install/custom_msg_interfaces/include/custom_msg_interfaces/custom_msg_interfaces/srv/detail/compute_ik__functions.c
[15.239s] -- Installing: /home/ubuntu/ros2_ws/src/Robotics/ros2_ws/install/custom_msg_interfaces/include/custom_msg_interfaces/custom_msg_interfaces/srv/detail/compute_ik__type_support.c
[15.239s] -- Installing: /home/ubuntu/ros2_ws/src/Robotics/ros2_ws/install/custom_msg_interfaces/include/custom_msg_interfaces/custom_msg_interfaces/srv/detail/compute_dir_kin__type_support.h
[15.239s] -- Installing: /home/ubuntu/ros2_ws/src/Robotics/ros2_ws/install/custom_msg_interfaces/include/custom_msg_interfaces/custom_msg_interfaces/srv/detail/compute_ik__type_support.h
[15.240s] -- Installing: /home/ubuntu/ros2_ws/src/Robotics/ros2_ws/install/custom_msg_interfaces/include/custom_msg_interfaces/custom_msg_interfaces/srv/detail/compute_trajectory__description.c
[15.240s] -- Installing: /home/ubuntu/ros2_ws/src/Robotics/ros2_ws/install/custom_msg_interfaces/include/custom_msg_interfaces/custom_msg_interfaces/srv/detail/compute_trajectory__functions.h
[15.240s] -- Installing: /home/ubuntu/ros2_ws/src/Robotics/ros2_ws/install/custom_msg_interfaces/include/custom_msg_interfaces/custom_msg_interfaces/srv/detail/compute_trajectory__struct.h
[15.241s] -- Installing: /home/ubuntu/ros2_ws/src/Robotics/ros2_ws/install/custom_msg_interfaces/include/custom_msg_interfaces/custom_msg_interfaces/srv/detail/compute_dir_kin__type_support.c
[15.241s] -- Installing: /home/ubuntu/ros2_ws/src/Robotics/ros2_ws/install/custom_msg_interfaces/include/custom_msg_interfaces/custom_msg_interfaces/srv/detail/compute_path__functions.h
[15.241s] -- Installing: /home/ubuntu/ros2_ws/src/Robotics/ros2_ws/install/custom_msg_interfaces/include/custom_msg_interfaces/custom_msg_interfaces/srv/detail/interpolation__description.c
[15.241s] -- Installing: /home/ubuntu/ros2_ws/src/Robotics/ros2_ws/install/custom_msg_interfaces/include/custom_msg_interfaces/custom_msg_interfaces/srv/detail/interpolation__functions.h
[15.242s] -- Installing: /home/ubuntu/ros2_ws/src/Robotics/ros2_ws/install/custom_msg_interfaces/include/custom_msg_interfaces/custom_msg_interfaces/srv/detail/interpolation__type_support.c
[15.242s] -- Installing: /home/ubuntu/ros2_ws/src/Robotics/ros2_ws/install/custom_msg_interfaces/include/custom_msg_interfaces/custom_msg_interfaces/srv/detail/compute_dir_kin__struct.h
[15.242s] -- Installing: /home/ubuntu/ros2_ws/src/Robotics/ros2_ws/install/custom_msg_interfaces/include/custom_msg_interfaces/custom_msg_interfaces/srv/detail/compute_trajectory__functions.c
[15.242s] -- Installing: /home/ubuntu/ros2_ws/src/Robotics/ros2_ws/install/custom_msg_interfaces/include/custom_msg_interfaces/custom_msg_interfaces/srv/detail/compute_path__description.c
[15.243s] -- Installing: /home/ubuntu/ros2_ws/src/Robotics/ros2_ws/install/custom_msg_interfaces/include/custom_msg_interfaces/custom_msg_interfaces/srv/compute_trajectory.h
[15.243s] -- Installing: /home/ubuntu/ros2_ws/src/Robotics/ros2_ws/install/custom_msg_interfaces/include/custom_msg_interfaces/custom_msg_interfaces/srv/compute_path.h
[15.243s] -- Installing: /home/ubuntu/ros2_ws/src/Robotics/ros2_ws/install/custom_msg_interfaces/include/custom_msg_interfaces/custom_msg_interfaces/srv/interpolation.h
[15.243s] -- Installing: /home/ubuntu/ros2_ws/src/Robotics/ros2_ws/install/custom_msg_interfaces/include/custom_msg_interfaces/custom_msg_interfaces/srv/compute_ik.h
[15.243s] -- Installing: /home/ubuntu/ros2_ws/src/Robotics/ros2_ws/install/custom_msg_interfaces/share/custom_msg_interfaces/environment/library_path.sh
[15.244s] -- Installing: /home/ubuntu/ros2_ws/src/Robotics/ros2_ws/install/custom_msg_interfaces/share/custom_msg_interfaces/environment/library_path.dsv
[15.244s] -- Installing: /home/ubuntu/ros2_ws/src/Robotics/ros2_ws/install/custom_msg_interfaces/lib/libcustom_msg_interfaces__rosidl_generator_c.so
[15.245s] -- Set non-toolchain portion of runtime path of "/home/ubuntu/ros2_ws/src/Robotics/ros2_ws/install/custom_msg_interfaces/lib/libcustom_msg_interfaces__rosidl_generator_c.so" to ""
[15.245s] -- Up-to-date: /home/ubuntu/ros2_ws/src/Robotics/ros2_ws/install/custom_msg_interfaces/include/custom_msg_interfaces/custom_msg_interfaces
[15.245s] -- Up-to-date: /home/ubuntu/ros2_ws/src/Robotics/ros2_ws/install/custom_msg_interfaces/include/custom_msg_interfaces/custom_msg_interfaces/msg
[15.246s] -- Up-to-date: /home/ubuntu/ros2_ws/src/Robotics/ros2_ws/install/custom_msg_interfaces/include/custom_msg_interfaces/custom_msg_interfaces/msg/detail
[15.246s] -- Installing: /home/ubuntu/ros2_ws/src/Robotics/ros2_ws/install/custom_msg_interfaces/include/custom_msg_interfaces/custom_msg_interfaces/msg/detail/detection_result__rosidl_typesupport_fastrtps_c.h
[15.246s] -- Installing: /home/ubuntu/ros2_ws/src/Robotics/ros2_ws/install/custom_msg_interfaces/include/custom_msg_interfaces/custom_msg_interfaces/msg/rosidl_typesupport_fastrtps_c__visibility_control.h
[15.246s] -- Up-to-date: /home/ubuntu/ros2_ws/src/Robotics/ros2_ws/install/custom_msg_interfaces/include/custom_msg_interfaces/custom_msg_interfaces/srv
[15.246s] -- Up-to-date: /home/ubuntu/ros2_ws/src/Robotics/ros2_ws/install/custom_msg_interfaces/include/custom_msg_interfaces/custom_msg_interfaces/srv/detail
[15.246s] -- Installing: /home/ubuntu/ros2_ws/src/Robotics/ros2_ws/install/custom_msg_interfaces/include/custom_msg_interfaces/custom_msg_interfaces/srv/detail/compute_ik__rosidl_typesupport_fastrtps_c.h
[15.246s] -- Installing: /home/ubuntu/ros2_ws/src/Robotics/ros2_ws/install/custom_msg_interfaces/include/custom_msg_interfaces/custom_msg_interfaces/srv/detail/compute_dir_kin__rosidl_typesupport_fastrtps_c.h
[15.246s] -- Installing: /home/ubuntu/ros2_ws/src/Robotics/ros2_ws/install/custom_msg_interfaces/include/custom_msg_interfaces/custom_msg_interfaces/srv/detail/interpolation__rosidl_typesupport_fastrtps_c.h
[15.247s] -- Installing: /home/ubuntu/ros2_ws/src/Robotics/ros2_ws/install/custom_msg_interfaces/include/custom_msg_interfaces/custom_msg_interfaces/srv/detail/compute_trajectory__rosidl_typesupport_fastrtps_c.h
[15.247s] -- Installing: /home/ubuntu/ros2_ws/src/Robotics/ros2_ws/install/custom_msg_interfaces/include/custom_msg_interfaces/custom_msg_interfaces/srv/detail/compute_path__rosidl_typesupport_fastrtps_c.h
[15.247s] -- Installing: /home/ubuntu/ros2_ws/src/Robotics/ros2_ws/install/custom_msg_interfaces/lib/libcustom_msg_interfaces__rosidl_typesupport_fastrtps_c.so
[15.247s] -- Set non-toolchain portion of runtime path of "/home/ubuntu/ros2_ws/src/Robotics/ros2_ws/install/custom_msg_interfaces/lib/libcustom_msg_interfaces__rosidl_typesupport_fastrtps_c.so" to ""
[15.248s] -- Up-to-date: /home/ubuntu/ros2_ws/src/Robotics/ros2_ws/install/custom_msg_interfaces/include/custom_msg_interfaces/custom_msg_interfaces
[15.248s] -- Up-to-date: /home/ubuntu/ros2_ws/src/Robotics/ros2_ws/install/custom_msg_interfaces/include/custom_msg_interfaces/custom_msg_interfaces/msg
[15.248s] -- Installing: /home/ubuntu/ros2_ws/src/Robotics/ros2_ws/install/custom_msg_interfaces/include/custom_msg_interfaces/custom_msg_interfaces/msg/rosidl_typesupport_introspection_c__visibility_control.h
[15.248s] -- Up-to-date: /home/ubuntu/ros2_ws/src/Robotics/ros2_ws/install/custom_msg_interfaces/include/custom_msg_interfaces/custom_msg_interfaces/msg/detail
[15.248s] -- Installing: /home/ubuntu/ros2_ws/src/Robotics/ros2_ws/install/custom_msg_interfaces/include/custom_msg_interfaces/custom_msg_interfaces/msg/detail/detection_result__type_support.c
[15.249s] -- Installing: /home/ubuntu/ros2_ws/src/Robotics/ros2_ws/install/custom_msg_interfaces/include/custom_msg_interfaces/custom_msg_interfaces/msg/detail/detection_result__rosidl_typesupport_introspection_c.h
[15.249s] -- Up-to-date: /home/ubuntu/ros2_ws/src/Robotics/ros2_ws/install/custom_msg_interfaces/include/custom_msg_interfaces/custom_msg_interfaces/srv
[15.249s] -- Up-to-date: /home/ubuntu/ros2_ws/src/Robotics/ros2_ws/install/custom_msg_interfaces/include/custom_msg_interfaces/custom_msg_interfaces/srv/detail
[15.249s] -- Installing: /home/ubuntu/ros2_ws/src/Robotics/ros2_ws/install/custom_msg_interfaces/include/custom_msg_interfaces/custom_msg_interfaces/srv/detail/compute_path__type_support.c
[15.249s] -- Installing: /home/ubuntu/ros2_ws/src/Robotics/ros2_ws/install/custom_msg_interfaces/include/custom_msg_interfaces/custom_msg_interfaces/srv/detail/interpolation__rosidl_typesupport_introspection_c.h
[15.250s] -- Installing: /home/ubuntu/ros2_ws/src/Robotics/ros2_ws/install/custom_msg_interfaces/include/custom_msg_interfaces/custom_msg_interfaces/srv/detail/compute_trajectory__type_support.c
[15.250s] -- Installing: /home/ubuntu/ros2_ws/src/Robotics/ros2_ws/install/custom_msg_interfaces/include/custom_msg_interfaces/custom_msg_interfaces/srv/detail/compute_ik__type_support.c
[15.250s] -- Installing: /home/ubuntu/ros2_ws/src/Robotics/ros2_ws/install/custom_msg_interfaces/include/custom_msg_interfaces/custom_msg_interfaces/srv/detail/compute_dir_kin__rosidl_typesupport_introspection_c.h
[15.250s] -- Installing: /home/ubuntu/ros2_ws/src/Robotics/ros2_ws/install/custom_msg_interfaces/include/custom_msg_interfaces/custom_msg_interfaces/srv/detail/compute_ik__rosidl_typesupport_introspection_c.h
[15.250s] -- Installing: /home/ubuntu/ros2_ws/src/Robotics/ros2_ws/install/custom_msg_interfaces/include/custom_msg_interfaces/custom_msg_interfaces/srv/detail/compute_dir_kin__type_support.c
[15.251s] -- Installing: /home/ubuntu/ros2_ws/src/Robotics/ros2_ws/install/custom_msg_interfaces/include/custom_msg_interfaces/custom_msg_interfaces/srv/detail/compute_path__rosidl_typesupport_introspection_c.h
[15.251s] -- Installing: /home/ubuntu/ros2_ws/src/Robotics/ros2_ws/install/custom_msg_interfaces/include/custom_msg_interfaces/custom_msg_interfaces/srv/detail/interpolation__type_support.c
[15.251s] -- Installing: /home/ubuntu/ros2_ws/src/Robotics/ros2_ws/install/custom_msg_interfaces/include/custom_msg_interfaces/custom_msg_interfaces/srv/detail/compute_trajectory__rosidl_typesupport_introspection_c.h
[15.251s] -- Installing: /home/ubuntu/ros2_ws/src/Robotics/ros2_ws/install/custom_msg_interfaces/lib/libcustom_msg_interfaces__rosidl_typesupport_introspection_c.so
[15.251s] -- Set non-toolchain portion of runtime path of "/home/ubuntu/ros2_ws/src/Robotics/ros2_ws/install/custom_msg_interfaces/lib/libcustom_msg_interfaces__rosidl_typesupport_introspection_c.so" to ""
[15.252s] -- Installing: /home/ubuntu/ros2_ws/src/Robotics/ros2_ws/install/custom_msg_interfaces/lib/libcustom_msg_interfaces__rosidl_typesupport_c.so
[15.252s] -- Set non-toolchain portion of runtime path of "/home/ubuntu/ros2_ws/src/Robotics/ros2_ws/install/custom_msg_interfaces/lib/libcustom_msg_interfaces__rosidl_typesupport_c.so" to ""
[15.252s] -- Up-to-date: /home/ubuntu/ros2_ws/src/Robotics/ros2_ws/install/custom_msg_interfaces/include/custom_msg_interfaces/custom_msg_interfaces
[15.252s] -- Up-to-date: /home/ubuntu/ros2_ws/src/Robotics/ros2_ws/install/custom_msg_interfaces/include/custom_msg_interfaces/custom_msg_interfaces/msg
[15.253s] -- Installing: /home/ubuntu/ros2_ws/src/Robotics/ros2_ws/install/custom_msg_interfaces/include/custom_msg_interfaces/custom_msg_interfaces/msg/detection_result.hpp
[15.253s] -- Installing: /home/ubuntu/ros2_ws/src/Robotics/ros2_ws/install/custom_msg_interfaces/include/custom_msg_interfaces/custom_msg_interfaces/msg/rosidl_generator_cpp__visibility_control.hpp
[15.253s] -- Up-to-date: /home/ubuntu/ros2_ws/src/Robotics/ros2_ws/install/custom_msg_interfaces/include/custom_msg_interfaces/custom_msg_interfaces/msg/detail
[15.253s] -- Installing: /home/ubuntu/ros2_ws/src/Robotics/ros2_ws/install/custom_msg_interfaces/include/custom_msg_interfaces/custom_msg_interfaces/msg/detail/detection_result__builder.hpp
[15.253s] -- Installing: /home/ubuntu/ros2_ws/src/Robotics/ros2_ws/install/custom_msg_interfaces/include/custom_msg_interfaces/custom_msg_interfaces/msg/detail/detection_result__traits.hpp
[15.253s] -- Installing: /home/ubuntu/ros2_ws/src/Robotics/ros2_ws/install/custom_msg_interfaces/include/custom_msg_interfaces/custom_msg_interfaces/msg/detail/detection_result__struct.hpp
[15.254s] -- Installing: /home/ubuntu/ros2_ws/src/Robotics/ros2_ws/install/custom_msg_interfaces/include/custom_msg_interfaces/custom_msg_interfaces/msg/detail/detection_result__type_support.hpp
[15.254s] -- Up-to-date: /home/ubuntu/ros2_ws/src/Robotics/ros2_ws/install/custom_msg_interfaces/include/custom_msg_interfaces/custom_msg_interfaces/srv
[15.255s] -- Installing: /home/ubuntu/ros2_ws/src/Robotics/ros2_ws/install/custom_msg_interfaces/include/custom_msg_interfaces/custom_msg_interfaces/srv/compute_path.hpp
[15.255s] -- Up-to-date: /home/ubuntu/ros2_ws/src/Robotics/ros2_ws/install/custom_msg_interfaces/include/custom_msg_interfaces/custom_msg_interfaces/srv/detail
[15.255s] -- Installing: /home/ubuntu/ros2_ws/src/Robotics/ros2_ws/install/custom_msg_interfaces/include/custom_msg_interfaces/custom_msg_interfaces/srv/detail/compute_path__traits.hpp
[15.255s] -- Installing: /home/ubuntu/ros2_ws/src/Robotics/ros2_ws/install/custom_msg_interfaces/include/custom_msg_interfaces/custom_msg_interfaces/srv/detail/compute_dir_kin__builder.hpp
[15.255s] -- Installing: /home/ubuntu/ros2_ws/src/Robotics/ros2_ws/install/custom_msg_interfaces/include/custom_msg_interfaces/custom_msg_interfaces/srv/detail/compute_trajectory__type_support.hpp
[15.255s] -- Installing: /home/ubuntu/ros2_ws/src/Robotics/ros2_ws/install/custom_msg_interfaces/include/custom_msg_interfaces/custom_msg_interfaces/srv/detail/compute_dir_kin__type_support.hpp
[15.256s] -- Installing: /home/ubuntu/ros2_ws/src/Robotics/ros2_ws/install/custom_msg_interfaces/include/custom_msg_interfaces/custom_msg_interfaces/srv/detail/compute_path__struct.hpp
[15.256s] -- Installing: /home/ubuntu/ros2_ws/src/Robotics/ros2_ws/install/custom_msg_interfaces/include/custom_msg_interfaces/custom_msg_interfaces/srv/detail/compute_ik__struct.hpp
[15.256s] -- Installing: /home/ubuntu/ros2_ws/src/Robotics/ros2_ws/install/custom_msg_interfaces/include/custom_msg_interfaces/custom_msg_interfaces/srv/detail/compute_dir_kin__traits.hpp
[15.256s] -- Installing: /home/ubuntu/ros2_ws/src/Robotics/ros2_ws/install/custom_msg_interfaces/include/custom_msg_interfaces/custom_msg_interfaces/srv/detail/interpolation__struct.hpp
[15.256s] -- Installing: /home/ubuntu/ros2_ws/src/Robotics/ros2_ws/install/custom_msg_interfaces/include/custom_msg_interfaces/custom_msg_interfaces/srv/detail/interpolation__traits.hpp
[15.257s] -- Installing: /home/ubuntu/ros2_ws/src/Robotics/ros2_ws/install/custom_msg_interfaces/include/custom_msg_interfaces/custom_msg_interfaces/srv/detail/compute_dir_kin__struct.hpp
[15.257s] -- Installing: /home/ubuntu/ros2_ws/src/Robotics/ros2_ws/install/custom_msg_interfaces/include/custom_msg_interfaces/custom_msg_interfaces/srv/detail/compute_trajectory__struct.hpp
[15.257s] -- Installing: /home/ubuntu/ros2_ws/src/Robotics/ros2_ws/install/custom_msg_interfaces/include/custom_msg_interfaces/custom_msg_interfaces/srv/detail/compute_ik__builder.hpp
[15.257s] -- Installing: /home/ubuntu/ros2_ws/src/Robotics/ros2_ws/install/custom_msg_interfaces/include/custom_msg_interfaces/custom_msg_interfaces/srv/detail/compute_path__type_support.hpp
[15.257s] -- Installing: /home/ubuntu/ros2_ws/src/Robotics/ros2_ws/install/custom_msg_interfaces/include/custom_msg_interfaces/custom_msg_interfaces/srv/detail/compute_ik__type_support.hpp
[15.258s] -- Installing: /home/ubuntu/ros2_ws/src/Robotics/ros2_ws/install/custom_msg_interfaces/include/custom_msg_interfaces/custom_msg_interfaces/srv/detail/interpolation__builder.hpp
[15.258s] -- Installing: /home/ubuntu/ros2_ws/src/Robotics/ros2_ws/install/custom_msg_interfaces/include/custom_msg_interfaces/custom_msg_interfaces/srv/detail/compute_path__builder.hpp
[15.258s] -- Installing: /home/ubuntu/ros2_ws/src/Robotics/ros2_ws/install/custom_msg_interfaces/include/custom_msg_interfaces/custom_msg_interfaces/srv/detail/compute_ik__traits.hpp
[15.258s] -- Installing: /home/ubuntu/ros2_ws/src/Robotics/ros2_ws/install/custom_msg_interfaces/include/custom_msg_interfaces/custom_msg_interfaces/srv/detail/compute_trajectory__builder.hpp
[15.259s] -- Installing: /home/ubuntu/ros2_ws/src/Robotics/ros2_ws/install/custom_msg_interfaces/include/custom_msg_interfaces/custom_msg_interfaces/srv/detail/interpolation__type_support.hpp
[15.259s] -- Installing: /home/ubuntu/ros2_ws/src/Robotics/ros2_ws/install/custom_msg_interfaces/include/custom_msg_interfaces/custom_msg_interfaces/srv/detail/compute_trajectory__traits.hpp
[15.259s] -- Installing: /home/ubuntu/ros2_ws/src/Robotics/ros2_ws/install/custom_msg_interfaces/include/custom_msg_interfaces/custom_msg_interfaces/srv/compute_trajectory.hpp
[15.259s] -- Installing: /home/ubuntu/ros2_ws/src/Robotics/ros2_ws/install/custom_msg_interfaces/include/custom_msg_interfaces/custom_msg_interfaces/srv/compute_dir_kin.hpp
[15.259s] -- Installing: /home/ubuntu/ros2_ws/src/Robotics/ros2_ws/install/custom_msg_interfaces/include/custom_msg_interfaces/custom_msg_interfaces/srv/interpolation.hpp
[15.260s] -- Installing: /home/ubuntu/ros2_ws/src/Robotics/ros2_ws/install/custom_msg_interfaces/include/custom_msg_interfaces/custom_msg_interfaces/srv/compute_ik.hpp
[15.260s] -- Up-to-date: /home/ubuntu/ros2_ws/src/Robotics/ros2_ws/install/custom_msg_interfaces/include/custom_msg_interfaces/custom_msg_interfaces
[15.260s] -- Up-to-date: /home/ubuntu/ros2_ws/src/Robotics/ros2_ws/install/custom_msg_interfaces/include/custom_msg_interfaces/custom_msg_interfaces/msg
[15.260s] -- Up-to-date: /home/ubuntu/ros2_ws/src/Robotics/ros2_ws/install/custom_msg_interfaces/include/custom_msg_interfaces/custom_msg_interfaces/msg/detail
[15.260s] -- Installing: /home/ubuntu/ros2_ws/src/Robotics/ros2_ws/install/custom_msg_interfaces/include/custom_msg_interfaces/custom_msg_interfaces/msg/detail/detection_result__rosidl_typesupport_fastrtps_cpp.hpp
[15.260s] -- Installing: /home/ubuntu/ros2_ws/src/Robotics/ros2_ws/install/custom_msg_interfaces/include/custom_msg_interfaces/custom_msg_interfaces/msg/detail/dds_fastrtps
[15.261s] -- Installing: /home/ubuntu/ros2_ws/src/Robotics/ros2_ws/install/custom_msg_interfaces/include/custom_msg_interfaces/custom_msg_interfaces/msg/rosidl_typesupport_fastrtps_cpp__visibility_control.h
[15.261s] -- Up-to-date: /home/ubuntu/ros2_ws/src/Robotics/ros2_ws/install/custom_msg_interfaces/include/custom_msg_interfaces/custom_msg_interfaces/srv
[15.261s] -- Up-to-date: /home/ubuntu/ros2_ws/src/Robotics/ros2_ws/install/custom_msg_interfaces/include/custom_msg_interfaces/custom_msg_interfaces/srv/detail
[15.261s] -- Installing: /home/ubuntu/ros2_ws/src/Robotics/ros2_ws/install/custom_msg_interfaces/include/custom_msg_interfaces/custom_msg_interfaces/srv/detail/compute_path__rosidl_typesupport_fastrtps_cpp.hpp
[15.261s] -- Installing: /home/ubuntu/ros2_ws/src/Robotics/ros2_ws/install/custom_msg_interfaces/include/custom_msg_interfaces/custom_msg_interfaces/srv/detail/dds_fastrtps
[15.262s] -- Installing: /home/ubuntu/ros2_ws/src/Robotics/ros2_ws/install/custom_msg_interfaces/include/custom_msg_interfaces/custom_msg_interfaces/srv/detail/compute_trajectory__rosidl_typesupport_fastrtps_cpp.hpp
[15.262s] -- Installing: /home/ubuntu/ros2_ws/src/Robotics/ros2_ws/install/custom_msg_interfaces/include/custom_msg_interfaces/custom_msg_interfaces/srv/detail/interpolation__rosidl_typesupport_fastrtps_cpp.hpp
[15.262s] -- Installing: /home/ubuntu/ros2_ws/src/Robotics/ros2_ws/install/custom_msg_interfaces/include/custom_msg_interfaces/custom_msg_interfaces/srv/detail/compute_dir_kin__rosidl_typesupport_fastrtps_cpp.hpp
[15.263s] -- Installing: /home/ubuntu/ros2_ws/src/Robotics/ros2_ws/install/custom_msg_interfaces/include/custom_msg_interfaces/custom_msg_interfaces/srv/detail/compute_ik__rosidl_typesupport_fastrtps_cpp.hpp
[15.263s] -- Installing: /home/ubuntu/ros2_ws/src/Robotics/ros2_ws/install/custom_msg_interfaces/lib/libcustom_msg_interfaces__rosidl_typesupport_fastrtps_cpp.so
[15.263s] -- Set non-toolchain portion of runtime path of "/home/ubuntu/ros2_ws/src/Robotics/ros2_ws/install/custom_msg_interfaces/lib/libcustom_msg_interfaces__rosidl_typesupport_fastrtps_cpp.so" to ""
[15.263s] -- Up-to-date: /home/ubuntu/ros2_ws/src/Robotics/ros2_ws/install/custom_msg_interfaces/include/custom_msg_interfaces/custom_msg_interfaces
[15.263s] -- Up-to-date: /home/ubuntu/ros2_ws/src/Robotics/ros2_ws/install/custom_msg_interfaces/include/custom_msg_interfaces/custom_msg_interfaces/msg
[15.264s] -- Up-to-date: /home/ubuntu/ros2_ws/src/Robotics/ros2_ws/install/custom_msg_interfaces/include/custom_msg_interfaces/custom_msg_interfaces/msg/detail
[15.264s] -- Installing: /home/ubuntu/ros2_ws/src/Robotics/ros2_ws/install/custom_msg_interfaces/include/custom_msg_interfaces/custom_msg_interfaces/msg/detail/detection_result__rosidl_typesupport_introspection_cpp.hpp
[15.264s] -- Installing: /home/ubuntu/ros2_ws/src/Robotics/ros2_ws/install/custom_msg_interfaces/include/custom_msg_interfaces/custom_msg_interfaces/msg/detail/detection_result__type_support.cpp
[15.264s] -- Up-to-date: /home/ubuntu/ros2_ws/src/Robotics/ros2_ws/install/custom_msg_interfaces/include/custom_msg_interfaces/custom_msg_interfaces/srv
[15.264s] -- Up-to-date: /home/ubuntu/ros2_ws/src/Robotics/ros2_ws/install/custom_msg_interfaces/include/custom_msg_interfaces/custom_msg_interfaces/srv/detail
[15.265s] -- Installing: /home/ubuntu/ros2_ws/src/Robotics/ros2_ws/install/custom_msg_interfaces/include/custom_msg_interfaces/custom_msg_interfaces/srv/detail/compute_ik__rosidl_typesupport_introspection_cpp.hpp
[15.265s] -- Installing: /home/ubuntu/ros2_ws/src/Robotics/ros2_ws/install/custom_msg_interfaces/include/custom_msg_interfaces/custom_msg_interfaces/srv/detail/compute_trajectory__type_support.cpp
[15.265s] -- Installing: /home/ubuntu/ros2_ws/src/Robotics/ros2_ws/install/custom_msg_interfaces/include/custom_msg_interfaces/custom_msg_interfaces/srv/detail/interpolation__type_support.cpp
[15.265s] -- Installing: /home/ubuntu/ros2_ws/src/Robotics/ros2_ws/install/custom_msg_interfaces/include/custom_msg_interfaces/custom_msg_interfaces/srv/detail/compute_dir_kin__type_support.cpp
[15.265s] -- Installing: /home/ubuntu/ros2_ws/src/Robotics/ros2_ws/install/custom_msg_interfaces/include/custom_msg_interfaces/custom_msg_interfaces/srv/detail/compute_ik__type_support.cpp
[15.266s] -- Installing: /home/ubuntu/ros2_ws/src/Robotics/ros2_ws/install/custom_msg_interfaces/include/custom_msg_interfaces/custom_msg_interfaces/srv/detail/compute_trajectory__rosidl_typesupport_introspection_cpp.hpp
[15.266s] -- Installing: /home/ubuntu/ros2_ws/src/Robotics/ros2_ws/install/custom_msg_interfaces/include/custom_msg_interfaces/custom_msg_interfaces/srv/detail/compute_dir_kin__rosidl_typesupport_introspection_cpp.hpp
[15.266s] -- Installing: /home/ubuntu/ros2_ws/src/Robotics/ros2_ws/install/custom_msg_interfaces/include/custom_msg_interfaces/custom_msg_interfaces/srv/detail/compute_path__rosidl_typesupport_introspection_cpp.hpp
[15.266s] -- Installing: /home/ubuntu/ros2_ws/src/Robotics/ros2_ws/install/custom_msg_interfaces/include/custom_msg_interfaces/custom_msg_interfaces/srv/detail/interpolation__rosidl_typesupport_introspection_cpp.hpp
[15.266s] -- Installing: /home/ubuntu/ros2_ws/src/Robotics/ros2_ws/install/custom_msg_interfaces/include/custom_msg_interfaces/custom_msg_interfaces/srv/detail/compute_path__type_support.cpp
[15.267s] -- Installing: /home/ubuntu/ros2_ws/src/Robotics/ros2_ws/install/custom_msg_interfaces/lib/libcustom_msg_interfaces__rosidl_typesupport_introspection_cpp.so
[15.267s] -- Set non-toolchain portion of runtime path of "/home/ubuntu/ros2_ws/src/Robotics/ros2_ws/install/custom_msg_interfaces/lib/libcustom_msg_interfaces__rosidl_typesupport_introspection_cpp.so" to ""
[15.267s] -- Installing: /home/ubuntu/ros2_ws/src/Robotics/ros2_ws/install/custom_msg_interfaces/lib/libcustom_msg_interfaces__rosidl_typesupport_cpp.so
[15.267s] -- Set non-toolchain portion of runtime path of "/home/ubuntu/ros2_ws/src/Robotics/ros2_ws/install/custom_msg_interfaces/lib/libcustom_msg_interfaces__rosidl_typesupport_cpp.so" to ""
[15.267s] -- Installing: /home/ubuntu/ros2_ws/src/Robotics/ros2_ws/install/custom_msg_interfaces/share/custom_msg_interfaces/environment/pythonpath.sh
[15.268s] -- Installing: /home/ubuntu/ros2_ws/src/Robotics/ros2_ws/install/custom_msg_interfaces/share/custom_msg_interfaces/environment/pythonpath.dsv
[15.268s] -- Installing: /home/ubuntu/ros2_ws/src/Robotics/ros2_ws/install/custom_msg_interfaces/lib/python3.12/site-packages/custom_msg_interfaces-0.0.0-py3.12.egg-info
[15.269s] -- Installing: /home/ubuntu/ros2_ws/src/Robotics/ros2_ws/install/custom_msg_interfaces/lib/python3.12/site-packages/custom_msg_interfaces-0.0.0-py3.12.egg-info/SOURCES.txt
[15.270s] -- Installing: /home/ubuntu/ros2_ws/src/Robotics/ros2_ws/install/custom_msg_interfaces/lib/python3.12/site-packages/custom_msg_interfaces-0.0.0-py3.12.egg-info/PKG-INFO
[15.270s] -- Installing: /home/ubuntu/ros2_ws/src/Robotics/ros2_ws/install/custom_msg_interfaces/lib/python3.12/site-packages/custom_msg_interfaces-0.0.0-py3.12.egg-info/top_level.txt
[15.270s] -- Installing: /home/ubuntu/ros2_ws/src/Robotics/ros2_ws/install/custom_msg_interfaces/lib/python3.12/site-packages/custom_msg_interfaces-0.0.0-py3.12.egg-info/dependency_links.txt
[15.270s] -- Installing: /home/ubuntu/ros2_ws/src/Robotics/ros2_ws/install/custom_msg_interfaces/lib/python3.12/site-packages/custom_msg_interfaces
[15.271s] -- Installing: /home/ubuntu/ros2_ws/src/Robotics/ros2_ws/install/custom_msg_interfaces/lib/python3.12/site-packages/custom_msg_interfaces/msg
[15.271s] -- Installing: /home/ubuntu/ros2_ws/src/Robotics/ros2_ws/install/custom_msg_interfaces/lib/python3.12/site-packages/custom_msg_interfaces/msg/__init__.py
[15.272s] -- Installing: /home/ubuntu/ros2_ws/src/Robotics/ros2_ws/install/custom_msg_interfaces/lib/python3.12/site-packages/custom_msg_interfaces/msg/_detection_result.py
[15.272s] -- Installing: /home/ubuntu/ros2_ws/src/Robotics/ros2_ws/install/custom_msg_interfaces/lib/python3.12/site-packages/custom_msg_interfaces/msg/_detection_result_s.c
[15.272s] -- Installing: /home/ubuntu/ros2_ws/src/Robotics/ros2_ws/install/custom_msg_interfaces/lib/python3.12/site-packages/custom_msg_interfaces/_custom_msg_interfaces_s.ep.rosidl_typesupport_c.c
[15.272s] -- Installing: /home/ubuntu/ros2_ws/src/Robotics/ros2_ws/install/custom_msg_interfaces/lib/python3.12/site-packages/custom_msg_interfaces/__init__.py
[15.272s] -- Installing: /home/ubuntu/ros2_ws/src/Robotics/ros2_ws/install/custom_msg_interfaces/lib/python3.12/site-packages/custom_msg_interfaces/_custom_msg_interfaces_s.ep.rosidl_typesupport_fastrtps_c.c
[15.272s] -- Installing: /home/ubuntu/ros2_ws/src/Robotics/ros2_ws/install/custom_msg_interfaces/lib/python3.12/site-packages/custom_msg_interfaces/custom_msg_interfaces_s__rosidl_typesupport_c.so
[15.273s] -- Installing: /home/ubuntu/ros2_ws/src/Robotics/ros2_ws/install/custom_msg_interfaces/lib/python3.12/site-packages/custom_msg_interfaces/custom_msg_interfaces_s__rosidl_typesupport_introspection_c.so
[15.274s] -- Installing: /home/ubuntu/ros2_ws/src/Robotics/ros2_ws/install/custom_msg_interfaces/lib/python3.12/site-packages/custom_msg_interfaces/_custom_msg_interfaces_s.ep.rosidl_typesupport_introspection_c.c
[15.274s] -- Installing: /home/ubuntu/ros2_ws/src/Robotics/ros2_ws/install/custom_msg_interfaces/lib/python3.12/site-packages/custom_msg_interfaces/srv
[15.274s] -- Installing: /home/ubuntu/ros2_ws/src/Robotics/ros2_ws/install/custom_msg_interfaces/lib/python3.12/site-packages/custom_msg_interfaces/srv/_compute_trajectory.py
[15.274s] -- Installing: /home/ubuntu/ros2_ws/src/Robotics/ros2_ws/install/custom_msg_interfaces/lib/python3.12/site-packages/custom_msg_interfaces/srv/_compute_path_s.c
[15.275s] -- Installing: /home/ubuntu/ros2_ws/src/Robotics/ros2_ws/install/custom_msg_interfaces/lib/python3.12/site-packages/custom_msg_interfaces/srv/_interpolation_s.c
[15.275s] -- Installing: /home/ubuntu/ros2_ws/src/Robotics/ros2_ws/install/custom_msg_interfaces/lib/python3.12/site-packages/custom_msg_interfaces/srv/__init__.py
[15.275s] -- Installing: /home/ubuntu/ros2_ws/src/Robotics/ros2_ws/install/custom_msg_interfaces/lib/python3.12/site-packages/custom_msg_interfaces/srv/_interpolation.py
[15.275s] -- Installing: /home/ubuntu/ros2_ws/src/Robotics/ros2_ws/install/custom_msg_interfaces/lib/python3.12/site-packages/custom_msg_interfaces/srv/_compute_path.py
[15.275s] -- Installing: /home/ubuntu/ros2_ws/src/Robotics/ros2_ws/install/custom_msg_interfaces/lib/python3.12/site-packages/custom_msg_interfaces/srv/_compute_ik.py
[15.276s] -- Installing: /home/ubuntu/ros2_ws/src/Robotics/ros2_ws/install/custom_msg_interfaces/lib/python3.12/site-packages/custom_msg_interfaces/srv/_compute_trajectory_s.c
[15.276s] -- Installing: /home/ubuntu/ros2_ws/src/Robotics/ros2_ws/install/custom_msg_interfaces/lib/python3.12/site-packages/custom_msg_interfaces/srv/_compute_ik_s.c
[15.276s] -- Installing: /home/ubuntu/ros2_ws/src/Robotics/ros2_ws/install/custom_msg_interfaces/lib/python3.12/site-packages/custom_msg_interfaces/srv/_compute_dir_kin_s.c
[15.276s] -- Installing: /home/ubuntu/ros2_ws/src/Robotics/ros2_ws/install/custom_msg_interfaces/lib/python3.12/site-packages/custom_msg_interfaces/srv/_compute_dir_kin.py
[15.276s] -- Installing: /home/ubuntu/ros2_ws/src/Robotics/ros2_ws/install/custom_msg_interfaces/lib/python3.12/site-packages/custom_msg_interfaces/custom_msg_interfaces_s__rosidl_typesupport_fastrtps_c.so
[15.363s] Listing '/home/ubuntu/ros2_ws/src/Robotics/ros2_ws/install/custom_msg_interfaces/lib/python3.12/site-packages/custom_msg_interfaces'...
[15.363s] Compiling '/home/ubuntu/ros2_ws/src/Robotics/ros2_ws/install/custom_msg_interfaces/lib/python3.12/site-packages/custom_msg_interfaces/__init__.py'...
[15.363s] Listing '/home/ubuntu/ros2_ws/src/Robotics/ros2_ws/install/custom_msg_interfaces/lib/python3.12/site-packages/custom_msg_interfaces/msg'...
[15.364s] Compiling '/home/ubuntu/ros2_ws/src/Robotics/ros2_ws/install/custom_msg_interfaces/lib/python3.12/site-packages/custom_msg_interfaces/msg/__init__.py'...
[15.364s] Compiling '/home/ubuntu/ros2_ws/src/Robotics/ros2_ws/install/custom_msg_interfaces/lib/python3.12/site-packages/custom_msg_interfaces/msg/_detection_result.py'...
[15.364s] Listing '/home/ubuntu/ros2_ws/src/Robotics/ros2_ws/install/custom_msg_interfaces/lib/python3.12/site-packages/custom_msg_interfaces/srv'...
[15.364s] Compiling '/home/ubuntu/ros2_ws/src/Robotics/ros2_ws/install/custom_msg_interfaces/lib/python3.12/site-packages/custom_msg_interfaces/srv/__init__.py'...
[15.364s] Compiling '/home/ubuntu/ros2_ws/src/Robotics/ros2_ws/install/custom_msg_interfaces/lib/python3.12/site-packages/custom_msg_interfaces/srv/_compute_dir_kin.py'...
[15.364s] Compiling '/home/ubuntu/ros2_ws/src/Robotics/ros2_ws/install/custom_msg_interfaces/lib/python3.12/site-packages/custom_msg_interfaces/srv/_compute_ik.py'...
[15.364s] Compiling '/home/ubuntu/ros2_ws/src/Robotics/ros2_ws/install/custom_msg_interfaces/lib/python3.12/site-packages/custom_msg_interfaces/srv/_compute_path.py'...
[15.364s] Compiling '/home/ubuntu/ros2_ws/src/Robotics/ros2_ws/install/custom_msg_interfaces/lib/python3.12/site-packages/custom_msg_interfaces/srv/_compute_trajectory.py'...
[15.364s] Compiling '/home/ubuntu/ros2_ws/src/Robotics/ros2_ws/install/custom_msg_interfaces/lib/python3.12/site-packages/custom_msg_interfaces/srv/_interpolation.py'...
[15.373s] -- Installing: /home/ubuntu/ros2_ws/src/Robotics/ros2_ws/install/custom_msg_interfaces/lib/python3.12/site-packages/custom_msg_interfaces/custom_msg_interfaces_s__rosidl_typesupport_fastrtps_c.so
[15.374s] -- Set non-toolchain portion of runtime path of "/home/ubuntu/ros2_ws/src/Robotics/ros2_ws/install/custom_msg_interfaces/lib/python3.12/site-packages/custom_msg_interfaces/custom_msg_interfaces_s__rosidl_typesupport_fastrtps_c.so" to ""
[15.375s] -- Installing: /home/ubuntu/ros2_ws/src/Robotics/ros2_ws/install/custom_msg_interfaces/lib/python3.12/site-packages/custom_msg_interfaces/custom_msg_interfaces_s__rosidl_typesupport_introspection_c.so
[15.375s] -- Set non-toolchain portion of runtime path of "/home/ubuntu/ros2_ws/src/Robotics/ros2_ws/install/custom_msg_interfaces/lib/python3.12/site-packages/custom_msg_interfaces/custom_msg_interfaces_s__rosidl_typesupport_introspection_c.so" to ""
[15.375s] -- Installing: /home/ubuntu/ros2_ws/src/Robotics/ros2_ws/install/custom_msg_interfaces/lib/python3.12/site-packages/custom_msg_interfaces/custom_msg_interfaces_s__rosidl_typesupport_c.so
[15.376s] -- Set non-toolchain portion of runtime path of "/home/ubuntu/ros2_ws/src/Robotics/ros2_ws/install/custom_msg_interfaces/lib/python3.12/site-packages/custom_msg_interfaces/custom_msg_interfaces_s__rosidl_typesupport_c.so" to ""
[15.376s] -- Installing: /home/ubuntu/ros2_ws/src/Robotics/ros2_ws/install/custom_msg_interfaces/lib/libcustom_msg_interfaces__rosidl_generator_py.so
[15.376s] -- Set non-toolchain portion of runtime path of "/home/ubuntu/ros2_ws/src/Robotics/ros2_ws/install/custom_msg_interfaces/lib/libcustom_msg_interfaces__rosidl_generator_py.so" to ""
[15.377s] -- Installing: /home/ubuntu/ros2_ws/src/Robotics/ros2_ws/install/custom_msg_interfaces/share/custom_msg_interfaces/msg/DetectionResult.idl
[15.377s] -- Installing: /home/ubuntu/ros2_ws/src/Robotics/ros2_ws/install/custom_msg_interfaces/share/custom_msg_interfaces/srv/ComputeIK.idl
[15.378s] -- Installing: /home/ubuntu/ros2_ws/src/Robotics/ros2_ws/install/custom_msg_interfaces/share/custom_msg_interfaces/srv/ComputeDirKin.idl
[15.378s] -- Installing: /home/ubuntu/ros2_ws/src/Robotics/ros2_ws/install/custom_msg_interfaces/share/custom_msg_interfaces/srv/ComputePath.idl
[15.378s] -- Installing: /home/ubuntu/ros2_ws/src/Robotics/ros2_ws/install/custom_msg_interfaces/share/custom_msg_interfaces/srv/ComputeTrajectory.idl
[15.378s] -- Installing: /home/ubuntu/ros2_ws/src/Robotics/ros2_ws/install/custom_msg_interfaces/share/custom_msg_interfaces/srv/Interpolation.idl
[15.378s] -- Installing: /home/ubuntu/ros2_ws/src/Robotics/ros2_ws/install/custom_msg_interfaces/share/custom_msg_interfaces/msg/DetectionResult.msg
[15.378s] -- Installing: /home/ubuntu/ros2_ws/src/Robotics/ros2_ws/install/custom_msg_interfaces/share/custom_msg_interfaces/srv/ComputeIK.srv
[15.379s] -- Installing: /home/ubuntu/ros2_ws/src/Robotics/ros2_ws/install/custom_msg_interfaces/share/custom_msg_interfaces/srv/ComputeDirKin.srv
[15.379s] -- Installing: /home/ubuntu/ros2_ws/src/Robotics/ros2_ws/install/custom_msg_interfaces/share/custom_msg_interfaces/srv/ComputePath.srv
[15.379s] -- Installing: /home/ubuntu/ros2_ws/src/Robotics/ros2_ws/install/custom_msg_interfaces/share/custom_msg_interfaces/srv/ComputeTrajectory.srv
[15.379s] -- Installing: /home/ubuntu/ros2_ws/src/Robotics/ros2_ws/install/custom_msg_interfaces/share/custom_msg_interfaces/srv/Interpolation.srv
[15.379s] -- Installing: /home/ubuntu/ros2_ws/src/Robotics/ros2_ws/install/custom_msg_interfaces/share/ament_index/resource_index/package_run_dependencies/custom_msg_interfaces
[15.379s] -- Installing: /home/ubuntu/ros2_ws/src/Robotics/ros2_ws/install/custom_msg_interfaces/share/ament_index/resource_index/parent_prefix_path/custom_msg_interfaces
[15.380s] -- Installing: /home/ubuntu/ros2_ws/src/Robotics/ros2_ws/install/custom_msg_interfaces/share/custom_msg_interfaces/environment/ament_prefix_path.sh
[15.380s] -- Installing: /home/ubuntu/ros2_ws/src/Robotics/ros2_ws/install/custom_msg_interfaces/share/custom_msg_interfaces/environment/ament_prefix_path.dsv
[15.380s] -- Installing: /home/ubuntu/ros2_ws/src/Robotics/ros2_ws/install/custom_msg_interfaces/share/custom_msg_interfaces/environment/path.sh
[15.381s] -- Installing: /home/ubuntu/ros2_ws/src/Robotics/ros2_ws/install/custom_msg_interfaces/share/custom_msg_interfaces/environment/path.dsv
[15.381s] -- Installing: /home/ubuntu/ros2_ws/src/Robotics/ros2_ws/install/custom_msg_interfaces/share/custom_msg_interfaces/local_setup.bash
[15.381s] -- Installing: /home/ubuntu/ros2_ws/src/Robotics/ros2_ws/install/custom_msg_interfaces/share/custom_msg_interfaces/local_setup.sh
[15.382s] -- Installing: /home/ubuntu/ros2_ws/src/Robotics/ros2_ws/install/custom_msg_interfaces/share/custom_msg_interfaces/local_setup.zsh
[15.382s] -- Installing: /home/ubuntu/ros2_ws/src/Robotics/ros2_ws/install/custom_msg_interfaces/share/custom_msg_interfaces/local_setup.dsv
[15.382s] -- Installing: /home/ubuntu/ros2_ws/src/Robotics/ros2_ws/install/custom_msg_interfaces/share/custom_msg_interfaces/package.dsv
[15.382s] -- Installing: /home/ubuntu/ros2_ws/src/Robotics/ros2_ws/install/custom_msg_interfaces/share/ament_index/resource_index/packages/custom_msg_interfaces
[15.383s] -- Installing: /home/ubuntu/ros2_ws/src/Robotics/ros2_ws/install/custom_msg_interfaces/share/custom_msg_interfaces/cmake/export_custom_msg_interfaces__rosidl_generator_cExport.cmake
[15.383s] -- Installing: /home/ubuntu/ros2_ws/src/Robotics/ros2_ws/install/custom_msg_interfaces/share/custom_msg_interfaces/cmake/export_custom_msg_interfaces__rosidl_generator_cExport-noconfig.cmake
[15.383s] -- Installing: /home/ubuntu/ros2_ws/src/Robotics/ros2_ws/install/custom_msg_interfaces/share/custom_msg_interfaces/cmake/export_custom_msg_interfaces__rosidl_typesupport_fastrtps_cExport.cmake
[15.383s] -- Installing: /home/ubuntu/ros2_ws/src/Robotics/ros2_ws/install/custom_msg_interfaces/share/custom_msg_interfaces/cmake/export_custom_msg_interfaces__rosidl_typesupport_fastrtps_cExport-noconfig.cmake
[15.384s] -- Installing: /home/ubuntu/ros2_ws/src/Robotics/ros2_ws/install/custom_msg_interfaces/share/custom_msg_interfaces/cmake/custom_msg_interfaces__rosidl_typesupport_introspection_cExport.cmake
[15.384s] -- Installing: /home/ubuntu/ros2_ws/src/Robotics/ros2_ws/install/custom_msg_interfaces/share/custom_msg_interfaces/cmake/custom_msg_interfaces__rosidl_typesupport_introspection_cExport-noconfig.cmake
[15.384s] -- Installing: /home/ubuntu/ros2_ws/src/Robotics/ros2_ws/install/custom_msg_interfaces/share/custom_msg_interfaces/cmake/custom_msg_interfaces__rosidl_typesupport_cExport.cmake
[15.385s] -- Installing: /home/ubuntu/ros2_ws/src/Robotics/ros2_ws/install/custom_msg_interfaces/share/custom_msg_interfaces/cmake/custom_msg_interfaces__rosidl_typesupport_cExport-noconfig.cmake
[15.385s] -- Installing: /home/ubuntu/ros2_ws/src/Robotics/ros2_ws/install/custom_msg_interfaces/share/custom_msg_interfaces/cmake/export_custom_msg_interfaces__rosidl_generator_cppExport.cmake
[15.385s] -- Installing: /home/ubuntu/ros2_ws/src/Robotics/ros2_ws/install/custom_msg_interfaces/share/custom_msg_interfaces/cmake/export_custom_msg_interfaces__rosidl_typesupport_fastrtps_cppExport.cmake
[15.385s] -- Installing: /home/ubuntu/ros2_ws/src/Robotics/ros2_ws/install/custom_msg_interfaces/share/custom_msg_interfaces/cmake/export_custom_msg_interfaces__rosidl_typesupport_fastrtps_cppExport-noconfig.cmake
[15.386s] -- Installing: /home/ubuntu/ros2_ws/src/Robotics/ros2_ws/install/custom_msg_interfaces/share/custom_msg_interfaces/cmake/custom_msg_interfaces__rosidl_typesupport_introspection_cppExport.cmake
[15.386s] -- Installing: /home/ubuntu/ros2_ws/src/Robotics/ros2_ws/install/custom_msg_interfaces/share/custom_msg_interfaces/cmake/custom_msg_interfaces__rosidl_typesupport_introspection_cppExport-noconfig.cmake
[15.386s] -- Installing: /home/ubuntu/ros2_ws/src/Robotics/ros2_ws/install/custom_msg_interfaces/share/custom_msg_interfaces/cmake/custom_msg_interfaces__rosidl_typesupport_cppExport.cmake
[15.386s] -- Installing: /home/ubuntu/ros2_ws/src/Robotics/ros2_ws/install/custom_msg_interfaces/share/custom_msg_interfaces/cmake/custom_msg_interfaces__rosidl_typesupport_cppExport-noconfig.cmake
[15.387s] -- Installing: /home/ubuntu/ros2_ws/src/Robotics/ros2_ws/install/custom_msg_interfaces/share/custom_msg_interfaces/cmake/export_custom_msg_interfaces__rosidl_generator_pyExport.cmake
[15.387s] -- Installing: /home/ubuntu/ros2_ws/src/Robotics/ros2_ws/install/custom_msg_interfaces/share/custom_msg_interfaces/cmake/export_custom_msg_interfaces__rosidl_generator_pyExport-noconfig.cmake
[15.387s] -- Installing: /home/ubuntu/ros2_ws/src/Robotics/ros2_ws/install/custom_msg_interfaces/share/custom_msg_interfaces/cmake/rosidl_cmake-extras.cmake
[15.387s] -- Installing: /home/ubuntu/ros2_ws/src/Robotics/ros2_ws/install/custom_msg_interfaces/share/custom_msg_interfaces/cmake/ament_cmake_export_dependencies-extras.cmake
[15.388s] -- Installing: /home/ubuntu/ros2_ws/src/Robotics/ros2_ws/install/custom_msg_interfaces/share/custom_msg_interfaces/cmake/ament_cmake_export_include_directories-extras.cmake
[15.388s] -- Installing: /home/ubuntu/ros2_ws/src/Robotics/ros2_ws/install/custom_msg_interfaces/share/custom_msg_interfaces/cmake/ament_cmake_export_libraries-extras.cmake
[15.388s] -- Installing: /home/ubuntu/ros2_ws/src/Robotics/ros2_ws/install/custom_msg_interfaces/share/custom_msg_interfaces/cmake/ament_cmake_export_targets-extras.cmake
[15.389s] -- Installing: /home/ubuntu/ros2_ws/src/Robotics/ros2_ws/install/custom_msg_interfaces/share/custom_msg_interfaces/cmake/rosidl_cmake_export_typesupport_targets-extras.cmake
[15.389s] -- Installing: /home/ubuntu/ros2_ws/src/Robotics/ros2_ws/install/custom_msg_interfaces/share/custom_msg_interfaces/cmake/rosidl_cmake_export_typesupport_libraries-extras.cmake
[15.389s] -- Installing: /home/ubuntu/ros2_ws/src/Robotics/ros2_ws/install/custom_msg_interfaces/share/custom_msg_interfaces/cmake/custom_msg_interfacesConfig.cmake
[15.389s] -- Installing: /home/ubuntu/ros2_ws/src/Robotics/ros2_ws/install/custom_msg_interfaces/share/custom_msg_interfaces/cmake/custom_msg_interfacesConfig-version.cmake
[15.390s] -- Installing: /home/ubuntu/ros2_ws/src/Robotics/ros2_ws/install/custom_msg_interfaces/share/custom_msg_interfaces/package.xml
[15.394s] Invoked command in '/home/ubuntu/ros2_ws/src/Robotics/ros2_ws/build/custom_msg_interfaces' returned '0': CMAKE_PREFIX_PATH=${CMAKE_PREFIX_PATH}:/opt/ros/jazzy /usr/bin/cmake --install /home/ubuntu/ros2_ws/src/Robotics/ros2_ws/build/custom_msg_interfaces
