[ 20%] Built target table_avoidance_node
[ 40%] Built target direct_kin_server
[ 60%] Built target compute_path_service
[ 80%] Built target compute_trajectory_service
[100%] Built target inverse_kin_server_node
-- Install configuration: ""
-- Up-to-date: /home/ubuntu/ros2_ws/Robotics/ros2_ws/install/motion/share/motion/launch
-- Up-to-date: /home/ubuntu/ros2_ws/Robotics/ros2_ws/install/motion/share/motion/launch/motion.launch.py
-- Up-to-date: /home/ubuntu/ros2_ws/Robotics/ros2_ws/install/motion/lib/motion/table_avoidance_node
-- Up-to-date: /home/ubuntu/ros2_ws/Robotics/ros2_ws/install/motion/lib/motion/inverse_kin_server_node
-- Up-to-date: /home/ubuntu/ros2_ws/Robotics/ros2_ws/install/motion/lib/motion/direct_kin_server
-- Up-to-date: /home/ubuntu/ros2_ws/Robotics/ros2_ws/install/motion/lib/motion/compute_trajectory_service
-- Up-to-date: /home/ubuntu/ros2_ws/Robotics/ros2_ws/install/motion/lib/motion/compute_path_service
-- Up-to-date: /home/ubuntu/ros2_ws/Robotics/ros2_ws/install/motion/share/ament_index/resource_index/package_run_dependencies/motion
-- Up-to-date: /home/ubuntu/ros2_ws/Robotics/ros2_ws/install/motion/share/ament_index/resource_index/parent_prefix_path/motion
-- Up-to-date: /home/ubuntu/ros2_ws/Robotics/ros2_ws/install/motion/share/motion/environment/ament_prefix_path.sh
-- Up-to-date: /home/ubuntu/ros2_ws/Robotics/ros2_ws/install/motion/share/motion/environment/ament_prefix_path.dsv
-- Up-to-date: /home/ubuntu/ros2_ws/Robotics/ros2_ws/install/motion/share/motion/environment/path.sh
-- Up-to-date: /home/ubuntu/ros2_ws/Robotics/ros2_ws/install/motion/share/motion/environment/path.dsv
-- Up-to-date: /home/ubuntu/ros2_ws/Robotics/ros2_ws/install/motion/share/motion/local_setup.bash
-- Up-to-date: /home/ubuntu/ros2_ws/Robotics/ros2_ws/install/motion/share/motion/local_setup.sh
-- Up-to-date: /home/ubuntu/ros2_ws/Robotics/ros2_ws/install/motion/share/motion/local_setup.zsh
-- Up-to-date: /home/ubuntu/ros2_ws/Robotics/ros2_ws/install/motion/share/motion/local_setup.dsv
-- Installing: /home/ubuntu/ros2_ws/Robotics/ros2_ws/install/motion/share/motion/package.dsv
-- Up-to-date: /home/ubuntu/ros2_ws/Robotics/ros2_ws/install/motion/share/ament_index/resource_index/packages/motion
-- Up-to-date: /home/ubuntu/ros2_ws/Robotics/ros2_ws/install/motion/share/motion/cmake/motionConfig.cmake
-- Up-to-date: /home/ubuntu/ros2_ws/Robotics/ros2_ws/install/motion/share/motion/cmake/motionConfig-version.cmake
-- Up-to-date: /home/ubuntu/ros2_ws/Robotics/ros2_ws/install/motion/share/motion/package.xml
