[0.936s] Invoking command in '/home/ubuntu/ros2_ws/Robotics/ros2_ws/src/vision': CMAKE_PREFIX_PATH=/home/ubuntu/ros2_ws/Robotics/ros2_ws/install/custom_msg_interfaces:/home/ubuntu/ros2_ws/Robotics/ros2_ws/install/ros2_ur5_interface:/home/ubuntu/ros2_ws/Robotics/ros2_ws/install/motion:/opt/ros/jazzy/opt/gz_sim_vendor:/opt/ros/jazzy/opt/gz_sensors_vendor:/opt/ros/jazzy/opt/gz_physics_vendor:/opt/ros/jazzy/opt/sdformat_vendor:/opt/ros/jazzy/opt/gz_gui_vendor:/opt/ros/jazzy/opt/gz_transport_vendor:/opt/ros/jazzy/opt/gz_rendering_vendor:/opt/ros/jazzy/opt/gz_plugin_vendor:/opt/ros/jazzy/opt/gz_fuel_tools_vendor:/opt/ros/jazzy/opt/gz_msgs_vendor:/opt/ros/jazzy/opt/gz_common_vendor:/opt/ros/jazzy/opt/gz_math_vendor:/opt/ros/jazzy/opt/gz_utils_vendor:/opt/ros/jazzy/opt/gz_tools_vendor:/opt/ros/jazzy/opt/gz_ogre_next_vendor:/opt/ros/jazzy/opt/gz_dartsim_vendor:/opt/ros/jazzy/opt/gz_cmake_vendor PYTHONPATH=/home/ubuntu/ros2_ws/Robotics/ros2_ws/build/vision/prefix_override:/usr/lib/python3/dist-packages/colcon_core/task/python/colcon_distutils_commands:/home/ubuntu/ros2_ws/Robotics/ros2_ws/install/vision/lib/python3.12/site-packages:/home/ubuntu/ros2_ws/Robotics/ros2_ws/install/custom_msg_interfaces/lib/python3.12/site-packages:/home/ubuntu/ros2_ws/Robotics/ros2_ws/install/vision/lib/python3.12/site-packages:/home/ubuntu/ros2_ws/Robotics/ros2_ws/install/start_simulation/lib/python3.12/site-packages:/home/ubuntu/ros2_ws/Robotics/ros2_ws/install/planning_pkg/lib/python3.12/site-packages:/opt/ros/jazzy/lib/python3.12/site-packages /usr/bin/python3 -W ignore:setup.py install is deprecated -W ignore:easy_install command is deprecated setup.py egg_info --egg-base ../../build/vision build --build-base /home/ubuntu/ros2_ws/Robotics/ros2_ws/build/vision/build install --record /home/ubuntu/ros2_ws/Robotics/ros2_ws/build/vision/install.log --single-version-externally-managed install_data
[1.172s] running egg_info
[1.189s] writing ../../build/vision/vision.egg-info/PKG-INFO
[1.189s] writing dependency_links to ../../build/vision/vision.egg-info/dependency_links.txt
[1.190s] writing entry points to ../../build/vision/vision.egg-info/entry_points.txt
[1.190s] writing requirements to ../../build/vision/vision.egg-info/requires.txt
[1.190s] writing top-level names to ../../build/vision/vision.egg-info/top_level.txt
[1.223s] reading manifest file '../../build/vision/vision.egg-info/SOURCES.txt'
[1.223s] writing manifest file '../../build/vision/vision.egg-info/SOURCES.txt'
[1.224s] running build
[1.224s] running build_py
[1.224s] running install
[1.230s] running install_lib
[1.248s] running install_data
[1.248s] running install_egg_info
[1.269s] removing '/home/ubuntu/ros2_ws/Robotics/ros2_ws/install/vision/lib/python3.12/site-packages/vision-0.0.0-py3.12.egg-info' (and everything under it)
[1.269s] Copying ../../build/vision/vision.egg-info to /home/ubuntu/ros2_ws/Robotics/ros2_ws/install/vision/lib/python3.12/site-packages/vision-0.0.0-py3.12.egg-info
[1.270s] running install_scripts
[1.379s] Installing detection_result_republisher script to /home/ubuntu/ros2_ws/Robotics/ros2_ws/install/vision/lib/vision
[1.379s] Installing icp_vision_node script to /home/ubuntu/ros2_ws/Robotics/ros2_ws/install/vision/lib/vision
[1.379s] Installing pt_inference_node script to /home/ubuntu/ros2_ws/Robotics/ros2_ws/install/vision/lib/vision
[1.379s] Installing vision_node script to /home/ubuntu/ros2_ws/Robotics/ros2_ws/install/vision/lib/vision
[1.379s] Installing visualization_node script to /home/ubuntu/ros2_ws/Robotics/ros2_ws/install/vision/lib/vision
[1.380s] writing list of installed files to '/home/ubuntu/ros2_ws/Robotics/ros2_ws/build/vision/install.log'
[1.405s] Invoked command in '/home/ubuntu/ros2_ws/Robotics/ros2_ws/src/vision' returned '0': CMAKE_PREFIX_PATH=/home/ubuntu/ros2_ws/Robotics/ros2_ws/install/custom_msg_interfaces:/home/ubuntu/ros2_ws/Robotics/ros2_ws/install/ros2_ur5_interface:/home/ubuntu/ros2_ws/Robotics/ros2_ws/install/motion:/opt/ros/jazzy/opt/gz_sim_vendor:/opt/ros/jazzy/opt/gz_sensors_vendor:/opt/ros/jazzy/opt/gz_physics_vendor:/opt/ros/jazzy/opt/sdformat_vendor:/opt/ros/jazzy/opt/gz_gui_vendor:/opt/ros/jazzy/opt/gz_transport_vendor:/opt/ros/jazzy/opt/gz_rendering_vendor:/opt/ros/jazzy/opt/gz_plugin_vendor:/opt/ros/jazzy/opt/gz_fuel_tools_vendor:/opt/ros/jazzy/opt/gz_msgs_vendor:/opt/ros/jazzy/opt/gz_common_vendor:/opt/ros/jazzy/opt/gz_math_vendor:/opt/ros/jazzy/opt/gz_utils_vendor:/opt/ros/jazzy/opt/gz_tools_vendor:/opt/ros/jazzy/opt/gz_ogre_next_vendor:/opt/ros/jazzy/opt/gz_dartsim_vendor:/opt/ros/jazzy/opt/gz_cmake_vendor PYTHONPATH=/home/ubuntu/ros2_ws/Robotics/ros2_ws/build/vision/prefix_override:/usr/lib/python3/dist-packages/colcon_core/task/python/colcon_distutils_commands:/home/ubuntu/ros2_ws/Robotics/ros2_ws/install/vision/lib/python3.12/site-packages:/home/ubuntu/ros2_ws/Robotics/ros2_ws/install/custom_msg_interfaces/lib/python3.12/site-packages:/home/ubuntu/ros2_ws/Robotics/ros2_ws/install/vision/lib/python3.12/site-packages:/home/ubuntu/ros2_ws/Robotics/ros2_ws/install/start_simulation/lib/python3.12/site-packages:/home/ubuntu/ros2_ws/Robotics/ros2_ws/install/planning_pkg/lib/python3.12/site-packages:/opt/ros/jazzy/lib/python3.12/site-packages /usr/bin/python3 -W ignore:setup.py install is deprecated -W ignore:easy_install command is deprecated setup.py egg_info --egg-base ../../build/vision build --build-base /home/ubuntu/ros2_ws/Robotics/ros2_ws/build/vision/build install --record /home/ubuntu/ros2_ws/Robotics/ros2_ws/build/vision/install.log --single-version-externally-managed install_data
