-- The C compiler identification is GNU 13.2.0
-- The CXX compiler identification is GNU 13.2.0
-- Detecting C compiler ABI info
-- Detecting C compiler ABI info - done
-- Check for working C compiler: /usr/bin/cc - skipped
-- Detecting C compile features
-- Detecting C compile features - done
-- Detecting CXX compiler ABI info
-- Detecting CXX compiler ABI info - done
-- Check for working CXX compiler: /usr/bin/c++ - skipped
-- Detecting CXX compile features
-- Detecting CXX compile features - done
-- Found ament_cmake: 2.5.2 (/opt/ros/jazzy/share/ament_cmake/cmake)
-- Found Python3: /usr/bin/python3 (found version "3.12.3") found components: Interpreter 
-- Found rclcpp: 28.1.5 (/opt/ros/jazzy/share/rclcpp/cmake)
-- Found rosidl_generator_c: 4.6.4 (/opt/ros/jazzy/share/rosidl_generator_c/cmake)
-- Found rosidl_generator_cpp: 4.6.4 (/opt/ros/jazzy/share/rosidl_generator_cpp/cmake)
-- Using all available rosidl_typesupport_c: rosidl_typesupport_fastrtps_c;rosidl_typesupport_introspection_c
-- Using all available rosidl_typesupport_cpp: rosidl_typesupport_fastrtps_cpp;rosidl_typesupport_introspection_cpp
-- Found rmw_implementation_cmake: 7.3.1 (/opt/ros/jazzy/share/rmw_implementation_cmake/cmake)
-- Found rmw_fastrtps_cpp: 8.4.1 (/opt/ros/jazzy/share/rmw_fastrtps_cpp/cmake)
-- Found OpenSSL: /usr/lib/x86_64-linux-gnu/libcrypto.so (found version "3.0.13")  
-- Found FastRTPS: /opt/ros/jazzy/include (Required is at least version "2.13") 
-- Using RMW implementation 'rmw_fastrtps_cpp' as default
-- Found custom_msg_interfaces: 0.0.0 (/home/ubuntu/ros2_ws/ros2_ws/install/custom_msg_interfaces/share/custom_msg_interfaces/cmake)
-- Found control_msgs: 5.3.0 (/opt/ros/jazzy/share/control_msgs/cmake)
-- Found rclcpp_action: 28.1.5 (/opt/ros/jazzy/share/rclcpp_action/cmake)
-- Found std_srvs: 5.3.5 (/opt/ros/jazzy/share/std_srvs/cmake)
-- Found visualization_msgs: 5.3.5 (/opt/ros/jazzy/share/visualization_msgs/cmake)
-- Found tf2: 0.36.4 (/opt/ros/jazzy/share/tf2/cmake)
-- Found tf2_geometry_msgs: 0.36.4 (/opt/ros/jazzy/share/tf2_geometry_msgs/cmake)
-- Found eigen3_cmake_module: 0.3.0 (/opt/ros/jazzy/share/eigen3_cmake_module/cmake)
-- Found Eigen3: TRUE (found version "3.4.0") 
-- Ensuring Eigen3 include directory is part of orocos-kdl CMake target
-- Configuring done (1.4s)
-- Generating done (0.0s)
-- Build files have been written to: /home/ubuntu/ros2_ws/ros2_ws/build/motion_pkg
[ 12%] [32mBuilding CXX object CMakeFiles/compute_path_service.dir/src/compute_path_service.cpp.o[0m
[ 25%] [32mBuilding CXX object CMakeFiles/inverse_kin_server_node.dir/src/inverse_kin_server.cpp.o[0m
[ 37%] [32mBuilding CXX object CMakeFiles/direct_kin_server.dir/src/direct_kin_server.cpp.o[0m
[ 50%] [32mBuilding CXX object CMakeFiles/compute_trajectory_service.dir/src/compute_trajectory_service.cpp.o[0m
[ 62%] [32m[1mLinking CXX executable direct_kin_server[0m
[ 75%] [32m[1mLinking CXX executable compute_path_service[0m
[ 75%] Built target direct_kin_server
[ 75%] Built target compute_path_service
[ 87%] [32m[1mLinking CXX executable inverse_kin_server_node[0m
[ 87%] Built target inverse_kin_server_node
[100%] [32m[1mLinking CXX executable compute_trajectory_service[0m
[100%] Built target compute_trajectory_service
-- Install configuration: ""
-- Installing: /home/ubuntu/ros2_ws/ros2_ws/install/motion_pkg/share/motion_pkg/launch
-- Installing: /home/ubuntu/ros2_ws/ros2_ws/install/motion_pkg/share/motion_pkg/launch/motion_launch.py
-- Installing: /home/ubuntu/ros2_ws/ros2_ws/install/motion_pkg/lib/motion_pkg/inverse_kin_server_node
-- Set non-toolchain portion of runtime path of "/home/ubuntu/ros2_ws/ros2_ws/install/motion_pkg/lib/motion_pkg/inverse_kin_server_node" to ""
-- Installing: /home/ubuntu/ros2_ws/ros2_ws/install/motion_pkg/lib/motion_pkg/direct_kin_server
-- Set non-toolchain portion of runtime path of "/home/ubuntu/ros2_ws/ros2_ws/install/motion_pkg/lib/motion_pkg/direct_kin_server" to ""
-- Installing: /home/ubuntu/ros2_ws/ros2_ws/install/motion_pkg/lib/motion_pkg/compute_trajectory_service
-- Set non-toolchain portion of runtime path of "/home/ubuntu/ros2_ws/ros2_ws/install/motion_pkg/lib/motion_pkg/compute_trajectory_service" to ""
-- Installing: /home/ubuntu/ros2_ws/ros2_ws/install/motion_pkg/lib/motion_pkg/compute_path_service
-- Set non-toolchain portion of runtime path of "/home/ubuntu/ros2_ws/ros2_ws/install/motion_pkg/lib/motion_pkg/compute_path_service" to ""
-- Installing: /home/ubuntu/ros2_ws/ros2_ws/install/motion_pkg/share/ament_index/resource_index/package_run_dependencies/motion_pkg
-- Installing: /home/ubuntu/ros2_ws/ros2_ws/install/motion_pkg/share/ament_index/resource_index/parent_prefix_path/motion_pkg
-- Installing: /home/ubuntu/ros2_ws/ros2_ws/install/motion_pkg/share/motion_pkg/environment/ament_prefix_path.sh
-- Installing: /home/ubuntu/ros2_ws/ros2_ws/install/motion_pkg/share/motion_pkg/environment/ament_prefix_path.dsv
-- Installing: /home/ubuntu/ros2_ws/ros2_ws/install/motion_pkg/share/motion_pkg/environment/path.sh
-- Installing: /home/ubuntu/ros2_ws/ros2_ws/install/motion_pkg/share/motion_pkg/environment/path.dsv
-- Installing: /home/ubuntu/ros2_ws/ros2_ws/install/motion_pkg/share/motion_pkg/local_setup.bash
-- Installing: /home/ubuntu/ros2_ws/ros2_ws/install/motion_pkg/share/motion_pkg/local_setup.sh
-- Installing: /home/ubuntu/ros2_ws/ros2_ws/install/motion_pkg/share/motion_pkg/local_setup.zsh
-- Installing: /home/ubuntu/ros2_ws/ros2_ws/install/motion_pkg/share/motion_pkg/local_setup.dsv
-- Installing: /home/ubuntu/ros2_ws/ros2_ws/install/motion_pkg/share/motion_pkg/package.dsv
-- Installing: /home/ubuntu/ros2_ws/ros2_ws/install/motion_pkg/share/ament_index/resource_index/packages/motion_pkg
-- Installing: /home/ubuntu/ros2_ws/ros2_ws/install/motion_pkg/share/motion_pkg/cmake/motion_pkgConfig.cmake
-- Installing: /home/ubuntu/ros2_ws/ros2_ws/install/motion_pkg/share/motion_pkg/cmake/motion_pkgConfig-version.cmake
-- Installing: /home/ubuntu/ros2_ws/ros2_ws/install/motion_pkg/share/motion_pkg/package.xml
