[0.015s] Invoking command in '/home/ubuntu/ros2_ws/ros2_ws/build/motion_pkg': AMENT_PREFIX_PATH=/home/ubuntu/ros2_ws/ros2_ws/install/custom_msg_interfaces:${AMENT_PREFIX_PATH} CMAKE_PREFIX_PATH=/home/ubuntu/ros2_ws/ros2_ws/install/custom_msg_interfaces:/home/ubuntu/ros2_ws/install/ros2_ur5_interface:/opt/ros/jazzy/opt/gz_sim_vendor:/opt/ros/jazzy/opt/gz_sensors_vendor:/opt/ros/jazzy/opt/gz_physics_vendor:/opt/ros/jazzy/opt/sdformat_vendor:/opt/ros/jazzy/opt/gz_gui_vendor:/opt/ros/jazzy/opt/gz_transport_vendor:/opt/ros/jazzy/opt/gz_rendering_vendor:/opt/ros/jazzy/opt/gz_plugin_vendor:/opt/ros/jazzy/opt/gz_fuel_tools_vendor:/opt/ros/jazzy/opt/gz_msgs_vendor:/opt/ros/jazzy/opt/gz_common_vendor:/opt/ros/jazzy/opt/gz_math_vendor:/opt/ros/jazzy/opt/gz_utils_vendor:/opt/ros/jazzy/opt/gz_tools_vendor:/opt/ros/jazzy/opt/gz_ogre_next_vendor:/opt/ros/jazzy/opt/gz_dartsim_vendor:/opt/ros/jazzy/opt/gz_cmake_vendor:/opt/ros/jazzy LD_LIBRARY_PATH=/home/ubuntu/ros2_ws/ros2_ws/install/custom_msg_interfaces/lib:${LD_LIBRARY_PATH} PYTHONPATH=/home/ubuntu/ros2_ws/ros2_ws/install/custom_msg_interfaces/lib/python3.12/site-packages:${PYTHONPATH} /usr/bin/cmake /home/ubuntu/ros2_ws/ros2_ws/ros2_ws/src/motion_pkg -DCMAKE_INSTALL_PREFIX=/home/ubuntu/ros2_ws/ros2_ws/install/motion_pkg
[0.225s] -- The C compiler identification is GNU 13.2.0
[0.225s] -- The CXX compiler identification is GNU 13.2.0
[0.226s] -- Detecting C compiler ABI info
[0.226s] -- Detecting C compiler ABI info - done
[0.226s] -- Check for working C compiler: /usr/bin/cc - skipped
[0.226s] -- Detecting C compile features
[0.226s] -- Detecting C compile features - done
[0.227s] -- Detecting CXX compiler ABI info
[0.295s] -- Detecting CXX compiler ABI info - done
[0.301s] -- Check for working CXX compiler: /usr/bin/c++ - skipped
[0.301s] -- Detecting CXX compile features
[0.302s] -- Detecting CXX compile features - done
[0.305s] -- Found ament_cmake: 2.5.2 (/opt/ros/jazzy/share/ament_cmake/cmake)
[0.446s] -- Found Python3: /usr/bin/python3 (found version "3.12.3") found components: Interpreter 
[0.555s] -- Found rclcpp: 28.1.5 (/opt/ros/jazzy/share/rclcpp/cmake)
[0.604s] -- Found rosidl_generator_c: 4.6.4 (/opt/ros/jazzy/share/rosidl_generator_c/cmake)
[0.624s] -- Found rosidl_generator_cpp: 4.6.4 (/opt/ros/jazzy/share/rosidl_generator_cpp/cmake)
[0.643s] -- Using all available rosidl_typesupport_c: rosidl_typesupport_fastrtps_c;rosidl_typesupport_introspection_c
[0.662s] -- Using all available rosidl_typesupport_cpp: rosidl_typesupport_fastrtps_cpp;rosidl_typesupport_introspection_cpp
[0.744s] -- Found rmw_implementation_cmake: 7.3.1 (/opt/ros/jazzy/share/rmw_implementation_cmake/cmake)
[0.747s] -- Found rmw_fastrtps_cpp: 8.4.1 (/opt/ros/jazzy/share/rmw_fastrtps_cpp/cmake)
[0.822s] -- Found OpenSSL: /usr/lib/x86_64-linux-gnu/libcrypto.so (found version "3.0.13")  
[0.842s] -- Found FastRTPS: /opt/ros/jazzy/include (Required is at least version "2.13") 
[0.866s] -- Using RMW implementation 'rmw_fastrtps_cpp' as default
[0.958s] -- Found custom_msg_interfaces: 0.0.0 (/home/ubuntu/ros2_ws/ros2_ws/install/custom_msg_interfaces/share/custom_msg_interfaces/cmake)
[1.053s] -- Found control_msgs: 5.3.0 (/opt/ros/jazzy/share/control_msgs/cmake)
[1.156s] -- Found rclcpp_action: 28.1.5 (/opt/ros/jazzy/share/rclcpp_action/cmake)
[1.170s] -- Found std_srvs: 5.3.5 (/opt/ros/jazzy/share/std_srvs/cmake)
[1.190s] -- Found visualization_msgs: 5.3.5 (/opt/ros/jazzy/share/visualization_msgs/cmake)
[1.227s] -- Found tf2: 0.36.4 (/opt/ros/jazzy/share/tf2/cmake)
[1.233s] -- Found tf2_geometry_msgs: 0.36.4 (/opt/ros/jazzy/share/tf2_geometry_msgs/cmake)
[1.247s] -- Found eigen3_cmake_module: 0.3.0 (/opt/ros/jazzy/share/eigen3_cmake_module/cmake)
[1.249s] -- Found Eigen3: TRUE (found version "3.4.0") 
[1.249s] -- Ensuring Eigen3 include directory is part of orocos-kdl CMake target
[1.440s] -- Configuring done (1.4s)
[1.472s] -- Generating done (0.0s)
[1.481s] -- Build files have been written to: /home/ubuntu/ros2_ws/ros2_ws/build/motion_pkg
[1.492s] Invoked command in '/home/ubuntu/ros2_ws/ros2_ws/build/motion_pkg' returned '0': AMENT_PREFIX_PATH=/home/ubuntu/ros2_ws/ros2_ws/install/custom_msg_interfaces:${AMENT_PREFIX_PATH} CMAKE_PREFIX_PATH=/home/ubuntu/ros2_ws/ros2_ws/install/custom_msg_interfaces:/home/ubuntu/ros2_ws/install/ros2_ur5_interface:/opt/ros/jazzy/opt/gz_sim_vendor:/opt/ros/jazzy/opt/gz_sensors_vendor:/opt/ros/jazzy/opt/gz_physics_vendor:/opt/ros/jazzy/opt/sdformat_vendor:/opt/ros/jazzy/opt/gz_gui_vendor:/opt/ros/jazzy/opt/gz_transport_vendor:/opt/ros/jazzy/opt/gz_rendering_vendor:/opt/ros/jazzy/opt/gz_plugin_vendor:/opt/ros/jazzy/opt/gz_fuel_tools_vendor:/opt/ros/jazzy/opt/gz_msgs_vendor:/opt/ros/jazzy/opt/gz_common_vendor:/opt/ros/jazzy/opt/gz_math_vendor:/opt/ros/jazzy/opt/gz_utils_vendor:/opt/ros/jazzy/opt/gz_tools_vendor:/opt/ros/jazzy/opt/gz_ogre_next_vendor:/opt/ros/jazzy/opt/gz_dartsim_vendor:/opt/ros/jazzy/opt/gz_cmake_vendor:/opt/ros/jazzy LD_LIBRARY_PATH=/home/ubuntu/ros2_ws/ros2_ws/install/custom_msg_interfaces/lib:${LD_LIBRARY_PATH} PYTHONPATH=/home/ubuntu/ros2_ws/ros2_ws/install/custom_msg_interfaces/lib/python3.12/site-packages:${PYTHONPATH} /usr/bin/cmake /home/ubuntu/ros2_ws/ros2_ws/ros2_ws/src/motion_pkg -DCMAKE_INSTALL_PREFIX=/home/ubuntu/ros2_ws/ros2_ws/install/motion_pkg
[1.493s] Invoking command in '/home/ubuntu/ros2_ws/ros2_ws/build/motion_pkg': AMENT_PREFIX_PATH=/home/ubuntu/ros2_ws/ros2_ws/install/custom_msg_interfaces:${AMENT_PREFIX_PATH} CMAKE_PREFIX_PATH=/home/ubuntu/ros2_ws/ros2_ws/install/custom_msg_interfaces:/home/ubuntu/ros2_ws/install/ros2_ur5_interface:/opt/ros/jazzy/opt/gz_sim_vendor:/opt/ros/jazzy/opt/gz_sensors_vendor:/opt/ros/jazzy/opt/gz_physics_vendor:/opt/ros/jazzy/opt/sdformat_vendor:/opt/ros/jazzy/opt/gz_gui_vendor:/opt/ros/jazzy/opt/gz_transport_vendor:/opt/ros/jazzy/opt/gz_rendering_vendor:/opt/ros/jazzy/opt/gz_plugin_vendor:/opt/ros/jazzy/opt/gz_fuel_tools_vendor:/opt/ros/jazzy/opt/gz_msgs_vendor:/opt/ros/jazzy/opt/gz_common_vendor:/opt/ros/jazzy/opt/gz_math_vendor:/opt/ros/jazzy/opt/gz_utils_vendor:/opt/ros/jazzy/opt/gz_tools_vendor:/opt/ros/jazzy/opt/gz_ogre_next_vendor:/opt/ros/jazzy/opt/gz_dartsim_vendor:/opt/ros/jazzy/opt/gz_cmake_vendor:/opt/ros/jazzy LD_LIBRARY_PATH=/home/ubuntu/ros2_ws/ros2_ws/install/custom_msg_interfaces/lib:${LD_LIBRARY_PATH} PYTHONPATH=/home/ubuntu/ros2_ws/ros2_ws/install/custom_msg_interfaces/lib/python3.12/site-packages:${PYTHONPATH} /usr/bin/cmake --build /home/ubuntu/ros2_ws/ros2_ws/build/motion_pkg -- -j16 -l16
[1.539s] [ 12%] [32mBuilding CXX object CMakeFiles/compute_path_service.dir/src/compute_path_service.cpp.o[0m
[1.542s] [ 25%] [32mBuilding CXX object CMakeFiles/inverse_kin_server_node.dir/src/inverse_kin_server.cpp.o[0m
[1.544s] [ 37%] [32mBuilding CXX object CMakeFiles/direct_kin_server.dir/src/direct_kin_server.cpp.o[0m
[1.544s] [ 50%] [32mBuilding CXX object CMakeFiles/compute_trajectory_service.dir/src/compute_trajectory_service.cpp.o[0m
[7.284s] [ 62%] [32m[1mLinking CXX executable direct_kin_server[0m
[7.384s] [ 75%] [32m[1mLinking CXX executable compute_path_service[0m
[7.416s] [ 75%] Built target direct_kin_server
[7.552s] [ 75%] Built target compute_path_service
[7.908s] [ 87%] [32m[1mLinking CXX executable inverse_kin_server_node[0m
[8.061s] [ 87%] Built target inverse_kin_server_node
[12.717s] [100%] [32m[1mLinking CXX executable compute_trajectory_service[0m
[13.057s] [100%] Built target compute_trajectory_service
[13.065s] Invoked command in '/home/ubuntu/ros2_ws/ros2_ws/build/motion_pkg' returned '0': AMENT_PREFIX_PATH=/home/ubuntu/ros2_ws/ros2_ws/install/custom_msg_interfaces:${AMENT_PREFIX_PATH} CMAKE_PREFIX_PATH=/home/ubuntu/ros2_ws/ros2_ws/install/custom_msg_interfaces:/home/ubuntu/ros2_ws/install/ros2_ur5_interface:/opt/ros/jazzy/opt/gz_sim_vendor:/opt/ros/jazzy/opt/gz_sensors_vendor:/opt/ros/jazzy/opt/gz_physics_vendor:/opt/ros/jazzy/opt/sdformat_vendor:/opt/ros/jazzy/opt/gz_gui_vendor:/opt/ros/jazzy/opt/gz_transport_vendor:/opt/ros/jazzy/opt/gz_rendering_vendor:/opt/ros/jazzy/opt/gz_plugin_vendor:/opt/ros/jazzy/opt/gz_fuel_tools_vendor:/opt/ros/jazzy/opt/gz_msgs_vendor:/opt/ros/jazzy/opt/gz_common_vendor:/opt/ros/jazzy/opt/gz_math_vendor:/opt/ros/jazzy/opt/gz_utils_vendor:/opt/ros/jazzy/opt/gz_tools_vendor:/opt/ros/jazzy/opt/gz_ogre_next_vendor:/opt/ros/jazzy/opt/gz_dartsim_vendor:/opt/ros/jazzy/opt/gz_cmake_vendor:/opt/ros/jazzy LD_LIBRARY_PATH=/home/ubuntu/ros2_ws/ros2_ws/install/custom_msg_interfaces/lib:${LD_LIBRARY_PATH} PYTHONPATH=/home/ubuntu/ros2_ws/ros2_ws/install/custom_msg_interfaces/lib/python3.12/site-packages:${PYTHONPATH} /usr/bin/cmake --build /home/ubuntu/ros2_ws/ros2_ws/build/motion_pkg -- -j16 -l16
[13.066s] Invoking command in '/home/ubuntu/ros2_ws/ros2_ws/build/motion_pkg': AMENT_PREFIX_PATH=/home/ubuntu/ros2_ws/ros2_ws/install/custom_msg_interfaces:${AMENT_PREFIX_PATH} CMAKE_PREFIX_PATH=/home/ubuntu/ros2_ws/ros2_ws/install/custom_msg_interfaces:/home/ubuntu/ros2_ws/install/ros2_ur5_interface:/opt/ros/jazzy/opt/gz_sim_vendor:/opt/ros/jazzy/opt/gz_sensors_vendor:/opt/ros/jazzy/opt/gz_physics_vendor:/opt/ros/jazzy/opt/sdformat_vendor:/opt/ros/jazzy/opt/gz_gui_vendor:/opt/ros/jazzy/opt/gz_transport_vendor:/opt/ros/jazzy/opt/gz_rendering_vendor:/opt/ros/jazzy/opt/gz_plugin_vendor:/opt/ros/jazzy/opt/gz_fuel_tools_vendor:/opt/ros/jazzy/opt/gz_msgs_vendor:/opt/ros/jazzy/opt/gz_common_vendor:/opt/ros/jazzy/opt/gz_math_vendor:/opt/ros/jazzy/opt/gz_utils_vendor:/opt/ros/jazzy/opt/gz_tools_vendor:/opt/ros/jazzy/opt/gz_ogre_next_vendor:/opt/ros/jazzy/opt/gz_dartsim_vendor:/opt/ros/jazzy/opt/gz_cmake_vendor:/opt/ros/jazzy LD_LIBRARY_PATH=/home/ubuntu/ros2_ws/ros2_ws/install/custom_msg_interfaces/lib:${LD_LIBRARY_PATH} PYTHONPATH=/home/ubuntu/ros2_ws/ros2_ws/install/custom_msg_interfaces/lib/python3.12/site-packages:${PYTHONPATH} /usr/bin/cmake --install /home/ubuntu/ros2_ws/ros2_ws/build/motion_pkg
[13.072s] -- Install configuration: ""
[13.072s] -- Installing: /home/ubuntu/ros2_ws/ros2_ws/install/motion_pkg/share/motion_pkg/launch
[13.072s] -- Installing: /home/ubuntu/ros2_ws/ros2_ws/install/motion_pkg/share/motion_pkg/launch/motion_launch.py
[13.073s] -- Installing: /home/ubuntu/ros2_ws/ros2_ws/install/motion_pkg/lib/motion_pkg/inverse_kin_server_node
[13.074s] -- Set non-toolchain portion of runtime path of "/home/ubuntu/ros2_ws/ros2_ws/install/motion_pkg/lib/motion_pkg/inverse_kin_server_node" to ""
[13.074s] -- Installing: /home/ubuntu/ros2_ws/ros2_ws/install/motion_pkg/lib/motion_pkg/direct_kin_server
[13.075s] -- Set non-toolchain portion of runtime path of "/home/ubuntu/ros2_ws/ros2_ws/install/motion_pkg/lib/motion_pkg/direct_kin_server" to ""
[13.075s] -- Installing: /home/ubuntu/ros2_ws/ros2_ws/install/motion_pkg/lib/motion_pkg/compute_trajectory_service
[13.079s] -- Set non-toolchain portion of runtime path of "/home/ubuntu/ros2_ws/ros2_ws/install/motion_pkg/lib/motion_pkg/compute_trajectory_service" to ""
[13.079s] -- Installing: /home/ubuntu/ros2_ws/ros2_ws/install/motion_pkg/lib/motion_pkg/compute_path_service
[13.080s] -- Set non-toolchain portion of runtime path of "/home/ubuntu/ros2_ws/ros2_ws/install/motion_pkg/lib/motion_pkg/compute_path_service" to ""
[13.081s] -- Installing: /home/ubuntu/ros2_ws/ros2_ws/install/motion_pkg/share/ament_index/resource_index/package_run_dependencies/motion_pkg
[13.081s] -- Installing: /home/ubuntu/ros2_ws/ros2_ws/install/motion_pkg/share/ament_index/resource_index/parent_prefix_path/motion_pkg
[13.081s] -- Installing: /home/ubuntu/ros2_ws/ros2_ws/install/motion_pkg/share/motion_pkg/environment/ament_prefix_path.sh
[13.082s] -- Installing: /home/ubuntu/ros2_ws/ros2_ws/install/motion_pkg/share/motion_pkg/environment/ament_prefix_path.dsv
[13.082s] -- Installing: /home/ubuntu/ros2_ws/ros2_ws/install/motion_pkg/share/motion_pkg/environment/path.sh
[13.082s] -- Installing: /home/ubuntu/ros2_ws/ros2_ws/install/motion_pkg/share/motion_pkg/environment/path.dsv
[13.082s] -- Installing: /home/ubuntu/ros2_ws/ros2_ws/install/motion_pkg/share/motion_pkg/local_setup.bash
[13.082s] -- Installing: /home/ubuntu/ros2_ws/ros2_ws/install/motion_pkg/share/motion_pkg/local_setup.sh
[13.082s] -- Installing: /home/ubuntu/ros2_ws/ros2_ws/install/motion_pkg/share/motion_pkg/local_setup.zsh
[13.083s] -- Installing: /home/ubuntu/ros2_ws/ros2_ws/install/motion_pkg/share/motion_pkg/local_setup.dsv
[13.083s] -- Installing: /home/ubuntu/ros2_ws/ros2_ws/install/motion_pkg/share/motion_pkg/package.dsv
[13.083s] -- Installing: /home/ubuntu/ros2_ws/ros2_ws/install/motion_pkg/share/ament_index/resource_index/packages/motion_pkg
[13.083s] -- Installing: /home/ubuntu/ros2_ws/ros2_ws/install/motion_pkg/share/motion_pkg/cmake/motion_pkgConfig.cmake
[13.083s] -- Installing: /home/ubuntu/ros2_ws/ros2_ws/install/motion_pkg/share/motion_pkg/cmake/motion_pkgConfig-version.cmake
[13.083s] -- Installing: /home/ubuntu/ros2_ws/ros2_ws/install/motion_pkg/share/motion_pkg/package.xml
[13.084s] Invoked command in '/home/ubuntu/ros2_ws/ros2_ws/build/motion_pkg' returned '0': AMENT_PREFIX_PATH=/home/ubuntu/ros2_ws/ros2_ws/install/custom_msg_interfaces:${AMENT_PREFIX_PATH} CMAKE_PREFIX_PATH=/home/ubuntu/ros2_ws/ros2_ws/install/custom_msg_interfaces:/home/ubuntu/ros2_ws/install/ros2_ur5_interface:/opt/ros/jazzy/opt/gz_sim_vendor:/opt/ros/jazzy/opt/gz_sensors_vendor:/opt/ros/jazzy/opt/gz_physics_vendor:/opt/ros/jazzy/opt/sdformat_vendor:/opt/ros/jazzy/opt/gz_gui_vendor:/opt/ros/jazzy/opt/gz_transport_vendor:/opt/ros/jazzy/opt/gz_rendering_vendor:/opt/ros/jazzy/opt/gz_plugin_vendor:/opt/ros/jazzy/opt/gz_fuel_tools_vendor:/opt/ros/jazzy/opt/gz_msgs_vendor:/opt/ros/jazzy/opt/gz_common_vendor:/opt/ros/jazzy/opt/gz_math_vendor:/opt/ros/jazzy/opt/gz_utils_vendor:/opt/ros/jazzy/opt/gz_tools_vendor:/opt/ros/jazzy/opt/gz_ogre_next_vendor:/opt/ros/jazzy/opt/gz_dartsim_vendor:/opt/ros/jazzy/opt/gz_cmake_vendor:/opt/ros/jazzy LD_LIBRARY_PATH=/home/ubuntu/ros2_ws/ros2_ws/install/custom_msg_interfaces/lib:${LD_LIBRARY_PATH} PYTHONPATH=/home/ubuntu/ros2_ws/ros2_ws/install/custom_msg_interfaces/lib/python3.12/site-packages:${PYTHONPATH} /usr/bin/cmake --install /home/ubuntu/ros2_ws/ros2_ws/build/motion_pkg
