running egg_info
creating ../../build/planning_pkg/planning_pkg.egg-info
writing ../../build/planning_pkg/planning_pkg.egg-info/PKG-INFO
writing dependency_links to ../../build/planning_pkg/planning_pkg.egg-info/dependency_links.txt
writing requirements to ../../build/planning_pkg/planning_pkg.egg-info/requires.txt
writing top-level names to ../../build/planning_pkg/planning_pkg.egg-info/top_level.txt
writing manifest file '../../build/planning_pkg/planning_pkg.egg-info/SOURCES.txt'
reading manifest file '../../build/planning_pkg/planning_pkg.egg-info/SOURCES.txt'
writing manifest file '../../build/planning_pkg/planning_pkg.egg-info/SOURCES.txt'
running build
running build_py
creating /home/ubuntu/ros2_ws/build/planning_pkg/build
creating /home/ubuntu/ros2_ws/build/planning_pkg/build/lib
creating /home/ubuntu/ros2_ws/build/planning_pkg/build/lib/planning_pkg
copying planning_pkg/planning.py -> /home/ubuntu/ros2_ws/build/planning_pkg/build/lib/planning_pkg
copying planning_pkg/__init__.py -> /home/ubuntu/ros2_ws/build/planning_pkg/build/lib/planning_pkg
running install
running install_lib
creating /home/ubuntu/ros2_ws/install/planning_pkg/lib/python3.12/site-packages/planning_pkg
copying /home/ubuntu/ros2_ws/build/planning_pkg/build/lib/planning_pkg/planning.py -> /home/ubuntu/ros2_ws/install/planning_pkg/lib/python3.12/site-packages/planning_pkg
copying /home/ubuntu/ros2_ws/build/planning_pkg/build/lib/planning_pkg/__init__.py -> /home/ubuntu/ros2_ws/install/planning_pkg/lib/python3.12/site-packages/planning_pkg
byte-compiling /home/ubuntu/ros2_ws/install/planning_pkg/lib/python3.12/site-packages/planning_pkg/planning.py to planning.cpython-312.pyc
byte-compiling /home/ubuntu/ros2_ws/install/planning_pkg/lib/python3.12/site-packages/planning_pkg/__init__.py to __init__.cpython-312.pyc
running install_data
creating /home/ubuntu/ros2_ws/install/planning_pkg/share/ament_index
creating /home/ubuntu/ros2_ws/install/planning_pkg/share/ament_index/resource_index
creating /home/ubuntu/ros2_ws/install/planning_pkg/share/ament_index/resource_index/packages
copying resource/planning_pkg -> /home/ubuntu/ros2_ws/install/planning_pkg/share/ament_index/resource_index/packages
copying package.xml -> /home/ubuntu/ros2_ws/install/planning_pkg/share/planning_pkg
running install_egg_info
Copying ../../build/planning_pkg/planning_pkg.egg-info to /home/ubuntu/ros2_ws/install/planning_pkg/lib/python3.12/site-packages/planning_pkg-0.0.0-py3.12.egg-info
running install_scripts
writing list of installed files to '/home/ubuntu/ros2_ws/build/planning_pkg/install.log'
