[1.414s] Invoking command in '/home/ubuntu/ros2_ws/ros2_ws/ros2_ws/src/vision': CMAKE_PREFIX_PATH=/home/ubuntu/ros2_ws/ros2_ws/install/custom_msg_interfaces:/home/ubuntu/ros2_ws/ros2_ws/install/motion:/home/ubuntu/ros2_ws/ros2_ws/install/ros2_ur5_interface:/home/ubuntu/ros2_ws/ros2_ws/install/motion_pkg:/home/ubuntu/ros2_ws/ros2_ws/install/collision_detection_pkg:/opt/ros/jazzy/opt/gz_sim_vendor:/opt/ros/jazzy/opt/gz_sensors_vendor:/opt/ros/jazzy/opt/gz_physics_vendor:/opt/ros/jazzy/opt/sdformat_vendor:/opt/ros/jazzy/opt/gz_gui_vendor:/opt/ros/jazzy/opt/gz_transport_vendor:/opt/ros/jazzy/opt/gz_rendering_vendor:/opt/ros/jazzy/opt/gz_plugin_vendor:/opt/ros/jazzy/opt/gz_fuel_tools_vendor:/opt/ros/jazzy/opt/gz_msgs_vendor:/opt/ros/jazzy/opt/gz_common_vendor:/opt/ros/jazzy/opt/gz_math_vendor:/opt/ros/jazzy/opt/gz_utils_vendor:/opt/ros/jazzy/opt/gz_tools_vendor:/opt/ros/jazzy/opt/gz_ogre_next_vendor:/opt/ros/jazzy/opt/gz_dartsim_vendor:/opt/ros/jazzy/opt/gz_cmake_vendor PYTHONPATH=/home/ubuntu/ros2_ws/ros2_ws/build/vision/prefix_override:/usr/lib/python3/dist-packages/colcon_core/task/python/colcon_distutils_commands:/home/ubuntu/ros2_ws/ros2_ws/install/vision/lib/python3.12/site-packages:/home/ubuntu/ros2_ws/ros2_ws/install/custom_msg_interfaces/lib/python3.12/site-packages:/home/ubuntu/ros2_ws/ros2_ws/install/start_simulation/lib/python3.12/site-packages:/home/ubuntu/ros2_ws/ros2_ws/install/arm_bringup/lib/python3.12/site-packages:/home/ubuntu/ros2_ws/ros2_ws/install/pose_estimator_pkg/lib/python3.12/site-packages:/home/ubuntu/ros2_ws/ros2_ws/install/planning_pkg/lib/python3.12/site-packages:/opt/ros/jazzy/lib/python3.12/site-packages /usr/bin/python3 -W ignore:setup.py install is deprecated -W ignore:easy_install command is deprecated setup.py egg_info --egg-base ../../../build/vision build --build-base /home/ubuntu/ros2_ws/ros2_ws/build/vision/build install --record /home/ubuntu/ros2_ws/ros2_ws/build/vision/install.log --single-version-externally-managed install_data
[1.762s] running egg_info
[1.763s] creating ../../../build/vision/vision.egg-info
[1.789s] writing ../../../build/vision/vision.egg-info/PKG-INFO
[1.789s] writing dependency_links to ../../../build/vision/vision.egg-info/dependency_links.txt
[1.789s] writing entry points to ../../../build/vision/vision.egg-info/entry_points.txt
[1.790s] writing requirements to ../../../build/vision/vision.egg-info/requires.txt
[1.790s] writing top-level names to ../../../build/vision/vision.egg-info/top_level.txt
[1.790s] writing manifest file '../../../build/vision/vision.egg-info/SOURCES.txt'
[1.841s] reading manifest file '../../../build/vision/vision.egg-info/SOURCES.txt'
[1.842s] writing manifest file '../../../build/vision/vision.egg-info/SOURCES.txt'
[1.842s] running build
[1.842s] running build_py
[1.843s] creating /home/ubuntu/ros2_ws/ros2_ws/build/vision/build
[1.843s] creating /home/ubuntu/ros2_ws/ros2_ws/build/vision/build/lib
[1.843s] creating /home/ubuntu/ros2_ws/ros2_ws/build/vision/build/lib/vision
[1.844s] copying vision/detection_result_republisher.py -> /home/ubuntu/ros2_ws/ros2_ws/build/vision/build/lib/vision
[1.845s] copying vision/icp_pose_estimator.py -> /home/ubuntu/ros2_ws/ros2_ws/build/vision/build/lib/vision
[1.845s] copying vision/__init__.py -> /home/ubuntu/ros2_ws/ros2_ws/build/vision/build/lib/vision
[1.846s] copying vision/test_pointcloude.py -> /home/ubuntu/ros2_ws/ros2_ws/build/vision/build/lib/vision
[1.846s] copying vision/pt_inference_node.py -> /home/ubuntu/ros2_ws/ros2_ws/build/vision/build/lib/vision
[1.848s] copying vision/pose_estimator.py -> /home/ubuntu/ros2_ws/ros2_ws/build/vision/build/lib/vision
[1.849s] copying vision/visualization_node.py -> /home/ubuntu/ros2_ws/ros2_ws/build/vision/build/lib/vision
[1.849s] running install
[1.858s] running install_lib
[1.884s] creating /home/ubuntu/ros2_ws/ros2_ws/install/vision/lib/python3.12/site-packages/vision
[1.885s] copying /home/ubuntu/ros2_ws/ros2_ws/build/vision/build/lib/vision/detection_result_republisher.py -> /home/ubuntu/ros2_ws/ros2_ws/install/vision/lib/python3.12/site-packages/vision
[1.885s] copying /home/ubuntu/ros2_ws/ros2_ws/build/vision/build/lib/vision/icp_pose_estimator.py -> /home/ubuntu/ros2_ws/ros2_ws/install/vision/lib/python3.12/site-packages/vision
[1.885s] copying /home/ubuntu/ros2_ws/ros2_ws/build/vision/build/lib/vision/__init__.py -> /home/ubuntu/ros2_ws/ros2_ws/install/vision/lib/python3.12/site-packages/vision
[1.885s] copying /home/ubuntu/ros2_ws/ros2_ws/build/vision/build/lib/vision/test_pointcloude.py -> /home/ubuntu/ros2_ws/ros2_ws/install/vision/lib/python3.12/site-packages/vision
[1.885s] copying /home/ubuntu/ros2_ws/ros2_ws/build/vision/build/lib/vision/pt_inference_node.py -> /home/ubuntu/ros2_ws/ros2_ws/install/vision/lib/python3.12/site-packages/vision
[1.886s] copying /home/ubuntu/ros2_ws/ros2_ws/build/vision/build/lib/vision/pose_estimator.py -> /home/ubuntu/ros2_ws/ros2_ws/install/vision/lib/python3.12/site-packages/vision
[1.886s] copying /home/ubuntu/ros2_ws/ros2_ws/build/vision/build/lib/vision/visualization_node.py -> /home/ubuntu/ros2_ws/ros2_ws/install/vision/lib/python3.12/site-packages/vision
[1.886s] byte-compiling /home/ubuntu/ros2_ws/ros2_ws/install/vision/lib/python3.12/site-packages/vision/detection_result_republisher.py to detection_result_republisher.cpython-312.pyc
[1.887s] byte-compiling /home/ubuntu/ros2_ws/ros2_ws/install/vision/lib/python3.12/site-packages/vision/icp_pose_estimator.py to icp_pose_estimator.cpython-312.pyc
[1.889s] byte-compiling /home/ubuntu/ros2_ws/ros2_ws/install/vision/lib/python3.12/site-packages/vision/__init__.py to __init__.cpython-312.pyc
[1.890s] byte-compiling /home/ubuntu/ros2_ws/ros2_ws/install/vision/lib/python3.12/site-packages/vision/test_pointcloude.py to test_pointcloude.cpython-312.pyc
[1.891s] byte-compiling /home/ubuntu/ros2_ws/ros2_ws/install/vision/lib/python3.12/site-packages/vision/pt_inference_node.py to pt_inference_node.cpython-312.pyc
[1.892s] byte-compiling /home/ubuntu/ros2_ws/ros2_ws/install/vision/lib/python3.12/site-packages/vision/pose_estimator.py to pose_estimator.cpython-312.pyc
[1.894s] byte-compiling /home/ubuntu/ros2_ws/ros2_ws/install/vision/lib/python3.12/site-packages/vision/visualization_node.py to visualization_node.cpython-312.pyc
[1.895s] running install_data
[1.895s] creating /home/ubuntu/ros2_ws/ros2_ws/install/vision/share/ament_index
[1.896s] creating /home/ubuntu/ros2_ws/ros2_ws/install/vision/share/ament_index/resource_index
[1.896s] creating /home/ubuntu/ros2_ws/ros2_ws/install/vision/share/ament_index/resource_index/packages
[1.897s] copying resource/vision -> /home/ubuntu/ros2_ws/ros2_ws/install/vision/share/ament_index/resource_index/packages
[1.897s] copying package.xml -> /home/ubuntu/ros2_ws/ros2_ws/install/vision/share/vision
[1.897s] creating /home/ubuntu/ros2_ws/ros2_ws/install/vision/share/vision/launch
[1.897s] copying launch/vision.launch.py -> /home/ubuntu/ros2_ws/ros2_ws/install/vision/share/vision/launch
[1.898s] creating /home/ubuntu/ros2_ws/ros2_ws/install/vision/share/vision/msg
[1.898s] copying msg/DetectionResult.msg -> /home/ubuntu/ros2_ws/ros2_ws/install/vision/share/vision/msg
[1.899s] running install_egg_info
[1.925s] Copying ../../../build/vision/vision.egg-info to /home/ubuntu/ros2_ws/ros2_ws/install/vision/lib/python3.12/site-packages/vision-0.0.0-py3.12.egg-info
[1.926s] running install_scripts
[2.091s] Installing detection_result_republisher script to /home/ubuntu/ros2_ws/ros2_ws/install/vision/lib/pose_estimator_pkg
[2.093s] Installing icp_vision_node script to /home/ubuntu/ros2_ws/ros2_ws/install/vision/lib/pose_estimator_pkg
[2.093s] Installing pt_inference_node script to /home/ubuntu/ros2_ws/ros2_ws/install/vision/lib/pose_estimator_pkg
[2.093s] Installing vision_node script to /home/ubuntu/ros2_ws/ros2_ws/install/vision/lib/pose_estimator_pkg
[2.093s] Installing visualization_node script to /home/ubuntu/ros2_ws/ros2_ws/install/vision/lib/pose_estimator_pkg
[2.093s] writing list of installed files to '/home/ubuntu/ros2_ws/ros2_ws/build/vision/install.log'
[2.130s] Invoked command in '/home/ubuntu/ros2_ws/ros2_ws/ros2_ws/src/vision' returned '0': CMAKE_PREFIX_PATH=/home/ubuntu/ros2_ws/ros2_ws/install/custom_msg_interfaces:/home/ubuntu/ros2_ws/ros2_ws/install/motion:/home/ubuntu/ros2_ws/ros2_ws/install/ros2_ur5_interface:/home/ubuntu/ros2_ws/ros2_ws/install/motion_pkg:/home/ubuntu/ros2_ws/ros2_ws/install/collision_detection_pkg:/opt/ros/jazzy/opt/gz_sim_vendor:/opt/ros/jazzy/opt/gz_sensors_vendor:/opt/ros/jazzy/opt/gz_physics_vendor:/opt/ros/jazzy/opt/sdformat_vendor:/opt/ros/jazzy/opt/gz_gui_vendor:/opt/ros/jazzy/opt/gz_transport_vendor:/opt/ros/jazzy/opt/gz_rendering_vendor:/opt/ros/jazzy/opt/gz_plugin_vendor:/opt/ros/jazzy/opt/gz_fuel_tools_vendor:/opt/ros/jazzy/opt/gz_msgs_vendor:/opt/ros/jazzy/opt/gz_common_vendor:/opt/ros/jazzy/opt/gz_math_vendor:/opt/ros/jazzy/opt/gz_utils_vendor:/opt/ros/jazzy/opt/gz_tools_vendor:/opt/ros/jazzy/opt/gz_ogre_next_vendor:/opt/ros/jazzy/opt/gz_dartsim_vendor:/opt/ros/jazzy/opt/gz_cmake_vendor PYTHONPATH=/home/ubuntu/ros2_ws/ros2_ws/build/vision/prefix_override:/usr/lib/python3/dist-packages/colcon_core/task/python/colcon_distutils_commands:/home/ubuntu/ros2_ws/ros2_ws/install/vision/lib/python3.12/site-packages:/home/ubuntu/ros2_ws/ros2_ws/install/custom_msg_interfaces/lib/python3.12/site-packages:/home/ubuntu/ros2_ws/ros2_ws/install/start_simulation/lib/python3.12/site-packages:/home/ubuntu/ros2_ws/ros2_ws/install/arm_bringup/lib/python3.12/site-packages:/home/ubuntu/ros2_ws/ros2_ws/install/pose_estimator_pkg/lib/python3.12/site-packages:/home/ubuntu/ros2_ws/ros2_ws/install/planning_pkg/lib/python3.12/site-packages:/opt/ros/jazzy/lib/python3.12/site-packages /usr/bin/python3 -W ignore:setup.py install is deprecated -W ignore:easy_install command is deprecated setup.py egg_info --egg-base ../../../build/vision build --build-base /home/ubuntu/ros2_ws/ros2_ws/build/vision/build install --record /home/ubuntu/ros2_ws/ros2_ws/build/vision/install.log --single-version-externally-managed install_data
