[  1%] Built target custom_msg_interfaces__rosidl_generator_type_description
[  1%] Built target ament_cmake_python_copy_custom_msg_interfaces
[  2%] Built target custom_msg_interfaces__cpp
[ 26%] Built target custom_msg_interfaces__rosidl_generator_c
[ 35%] Built target custom_msg_interfaces__rosidl_typesupport_c
[ 45%] Built target custom_msg_interfaces__rosidl_typesupport_introspection_c
[ 54%] Built target custom_msg_interfaces__rosidl_typesupport_introspection_cpp
[ 70%] Built target custom_msg_interfaces__rosidl_typesupport_fastrtps_cpp
[ 78%] Built target custom_msg_interfaces__rosidl_typesupport_cpp
[ 83%] Built target custom_msg_interfaces__rosidl_typesupport_fastrtps_c
[ 83%] Built target custom_msg_interfaces
[ 84%] Built target custom_msg_interfaces__py
[ 92%] Built target custom_msg_interfaces__rosidl_generator_py
[ 96%] Built target custom_msg_interfaces_s__rosidl_typesupport_introspection_c
[ 97%] Built target custom_msg_interfaces_s__rosidl_typesupport_fastrtps_c
[100%] Built target custom_msg_interfaces_s__rosidl_typesupport_c
running egg_info
writing custom_msg_interfaces.egg-info/PKG-INFO
writing dependency_links to custom_msg_interfaces.egg-info/dependency_links.txt
writing top-level names to custom_msg_interfaces.egg-info/top_level.txt
reading manifest file 'custom_msg_interfaces.egg-info/SOURCES.txt'
writing manifest file 'custom_msg_interfaces.egg-info/SOURCES.txt'
[100%] Built target ament_cmake_python_build_custom_msg_interfaces_egg
-- Install configuration: ""
-- Up-to-date: /home/ubuntu/ros2_ws/ros2_ws/install/custom_msg_interfaces/share/ament_index/resource_index/rosidl_interfaces/custom_msg_interfaces
-- Up-to-date: /home/ubuntu/ros2_ws/ros2_ws/install/custom_msg_interfaces/share/custom_msg_interfaces/msg/DetectionResult.json
-- Up-to-date: /home/ubuntu/ros2_ws/ros2_ws/install/custom_msg_interfaces/share/custom_msg_interfaces/srv/ComputeIK.json
-- Up-to-date: /home/ubuntu/ros2_ws/ros2_ws/install/custom_msg_interfaces/share/custom_msg_interfaces/srv/ComputeDirKin.json
-- Up-to-date: /home/ubuntu/ros2_ws/ros2_ws/install/custom_msg_interfaces/share/custom_msg_interfaces/srv/ComputePath.json
-- Up-to-date: /home/ubuntu/ros2_ws/ros2_ws/install/custom_msg_interfaces/share/custom_msg_interfaces/srv/ComputeTrajectory.json
-- Up-to-date: /home/ubuntu/ros2_ws/ros2_ws/install/custom_msg_interfaces/share/custom_msg_interfaces/srv/MoveAB.json
-- Up-to-date: /home/ubuntu/ros2_ws/ros2_ws/install/custom_msg_interfaces/include/custom_msg_interfaces/custom_msg_interfaces
-- Up-to-date: /home/ubuntu/ros2_ws/ros2_ws/install/custom_msg_interfaces/include/custom_msg_interfaces/custom_msg_interfaces/msg
-- Up-to-date: /home/ubuntu/ros2_ws/ros2_ws/install/custom_msg_interfaces/include/custom_msg_interfaces/custom_msg_interfaces/msg/detection_result.h
-- Up-to-date: /home/ubuntu/ros2_ws/ros2_ws/install/custom_msg_interfaces/include/custom_msg_interfaces/custom_msg_interfaces/msg/rosidl_generator_c__visibility_control.h
-- Up-to-date: /home/ubuntu/ros2_ws/ros2_ws/install/custom_msg_interfaces/include/custom_msg_interfaces/custom_msg_interfaces/msg/detail
-- Up-to-date: /home/ubuntu/ros2_ws/ros2_ws/install/custom_msg_interfaces/include/custom_msg_interfaces/custom_msg_interfaces/msg/detail/detection_result__type_support.h
-- Up-to-date: /home/ubuntu/ros2_ws/ros2_ws/install/custom_msg_interfaces/include/custom_msg_interfaces/custom_msg_interfaces/msg/detail/detection_result__functions.c
-- Up-to-date: /home/ubuntu/ros2_ws/ros2_ws/install/custom_msg_interfaces/include/custom_msg_interfaces/custom_msg_interfaces/msg/detail/detection_result__description.c
-- Up-to-date: /home/ubuntu/ros2_ws/ros2_ws/install/custom_msg_interfaces/include/custom_msg_interfaces/custom_msg_interfaces/msg/detail/detection_result__functions.h
-- Up-to-date: /home/ubuntu/ros2_ws/ros2_ws/install/custom_msg_interfaces/include/custom_msg_interfaces/custom_msg_interfaces/msg/detail/detection_result__type_support.c
-- Up-to-date: /home/ubuntu/ros2_ws/ros2_ws/install/custom_msg_interfaces/include/custom_msg_interfaces/custom_msg_interfaces/msg/detail/detection_result__struct.h
-- Up-to-date: /home/ubuntu/ros2_ws/ros2_ws/install/custom_msg_interfaces/include/custom_msg_interfaces/custom_msg_interfaces/srv
-- Up-to-date: /home/ubuntu/ros2_ws/ros2_ws/install/custom_msg_interfaces/include/custom_msg_interfaces/custom_msg_interfaces/srv/compute_dir_kin.h
-- Up-to-date: /home/ubuntu/ros2_ws/ros2_ws/install/custom_msg_interfaces/include/custom_msg_interfaces/custom_msg_interfaces/srv/move_ab.h
-- Up-to-date: /home/ubuntu/ros2_ws/ros2_ws/install/custom_msg_interfaces/include/custom_msg_interfaces/custom_msg_interfaces/srv/detail
-- Up-to-date: /home/ubuntu/ros2_ws/ros2_ws/install/custom_msg_interfaces/include/custom_msg_interfaces/custom_msg_interfaces/srv/detail/compute_ik__struct.h
-- Up-to-date: /home/ubuntu/ros2_ws/ros2_ws/install/custom_msg_interfaces/include/custom_msg_interfaces/custom_msg_interfaces/srv/detail/compute_path__type_support.c
-- Up-to-date: /home/ubuntu/ros2_ws/ros2_ws/install/custom_msg_interfaces/include/custom_msg_interfaces/custom_msg_interfaces/srv/detail/compute_dir_kin__functions.c
-- Up-to-date: /home/ubuntu/ros2_ws/ros2_ws/install/custom_msg_interfaces/include/custom_msg_interfaces/custom_msg_interfaces/srv/detail/move_ab__functions.h
-- Up-to-date: /home/ubuntu/ros2_ws/ros2_ws/install/custom_msg_interfaces/include/custom_msg_interfaces/custom_msg_interfaces/srv/detail/compute_ik__description.c
-- Up-to-date: /home/ubuntu/ros2_ws/ros2_ws/install/custom_msg_interfaces/include/custom_msg_interfaces/custom_msg_interfaces/srv/detail/move_ab__type_support.c
-- Up-to-date: /home/ubuntu/ros2_ws/ros2_ws/install/custom_msg_interfaces/include/custom_msg_interfaces/custom_msg_interfaces/srv/detail/compute_path__struct.h
-- Up-to-date: /home/ubuntu/ros2_ws/ros2_ws/install/custom_msg_interfaces/include/custom_msg_interfaces/custom_msg_interfaces/srv/detail/compute_trajectory__type_support.c
-- Up-to-date: /home/ubuntu/ros2_ws/ros2_ws/install/custom_msg_interfaces/include/custom_msg_interfaces/custom_msg_interfaces/srv/detail/compute_path__type_support.h
-- Up-to-date: /home/ubuntu/ros2_ws/ros2_ws/install/custom_msg_interfaces/include/custom_msg_interfaces/custom_msg_interfaces/srv/detail/compute_ik__functions.h
-- Up-to-date: /home/ubuntu/ros2_ws/ros2_ws/install/custom_msg_interfaces/include/custom_msg_interfaces/custom_msg_interfaces/srv/detail/compute_dir_kin__description.c
-- Up-to-date: /home/ubuntu/ros2_ws/ros2_ws/install/custom_msg_interfaces/include/custom_msg_interfaces/custom_msg_interfaces/srv/detail/move_ab__struct.h
-- Up-to-date: /home/ubuntu/ros2_ws/ros2_ws/install/custom_msg_interfaces/include/custom_msg_interfaces/custom_msg_interfaces/srv/detail/compute_dir_kin__functions.h
-- Up-to-date: /home/ubuntu/ros2_ws/ros2_ws/install/custom_msg_interfaces/include/custom_msg_interfaces/custom_msg_interfaces/srv/detail/compute_trajectory__type_support.h
-- Up-to-date: /home/ubuntu/ros2_ws/ros2_ws/install/custom_msg_interfaces/include/custom_msg_interfaces/custom_msg_interfaces/srv/detail/compute_path__functions.c
-- Up-to-date: /home/ubuntu/ros2_ws/ros2_ws/install/custom_msg_interfaces/include/custom_msg_interfaces/custom_msg_interfaces/srv/detail/compute_ik__functions.c
-- Up-to-date: /home/ubuntu/ros2_ws/ros2_ws/install/custom_msg_interfaces/include/custom_msg_interfaces/custom_msg_interfaces/srv/detail/compute_ik__type_support.c
-- Up-to-date: /home/ubuntu/ros2_ws/ros2_ws/install/custom_msg_interfaces/include/custom_msg_interfaces/custom_msg_interfaces/srv/detail/compute_dir_kin__type_support.h
-- Up-to-date: /home/ubuntu/ros2_ws/ros2_ws/install/custom_msg_interfaces/include/custom_msg_interfaces/custom_msg_interfaces/srv/detail/compute_ik__type_support.h
-- Up-to-date: /home/ubuntu/ros2_ws/ros2_ws/install/custom_msg_interfaces/include/custom_msg_interfaces/custom_msg_interfaces/srv/detail/compute_trajectory__description.c
-- Up-to-date: /home/ubuntu/ros2_ws/ros2_ws/install/custom_msg_interfaces/include/custom_msg_interfaces/custom_msg_interfaces/srv/detail/compute_trajectory__functions.h
-- Up-to-date: /home/ubuntu/ros2_ws/ros2_ws/install/custom_msg_interfaces/include/custom_msg_interfaces/custom_msg_interfaces/srv/detail/move_ab__type_support.h
-- Up-to-date: /home/ubuntu/ros2_ws/ros2_ws/install/custom_msg_interfaces/include/custom_msg_interfaces/custom_msg_interfaces/srv/detail/compute_trajectory__struct.h
-- Up-to-date: /home/ubuntu/ros2_ws/ros2_ws/install/custom_msg_interfaces/include/custom_msg_interfaces/custom_msg_interfaces/srv/detail/compute_dir_kin__type_support.c
-- Up-to-date: /home/ubuntu/ros2_ws/ros2_ws/install/custom_msg_interfaces/include/custom_msg_interfaces/custom_msg_interfaces/srv/detail/move_ab__functions.c
-- Up-to-date: /home/ubuntu/ros2_ws/ros2_ws/install/custom_msg_interfaces/include/custom_msg_interfaces/custom_msg_interfaces/srv/detail/compute_path__functions.h
-- Up-to-date: /home/ubuntu/ros2_ws/ros2_ws/install/custom_msg_interfaces/include/custom_msg_interfaces/custom_msg_interfaces/srv/detail/move_ab__description.c
-- Up-to-date: /home/ubuntu/ros2_ws/ros2_ws/install/custom_msg_interfaces/include/custom_msg_interfaces/custom_msg_interfaces/srv/detail/compute_dir_kin__struct.h
-- Up-to-date: /home/ubuntu/ros2_ws/ros2_ws/install/custom_msg_interfaces/include/custom_msg_interfaces/custom_msg_interfaces/srv/detail/compute_trajectory__functions.c
-- Up-to-date: /home/ubuntu/ros2_ws/ros2_ws/install/custom_msg_interfaces/include/custom_msg_interfaces/custom_msg_interfaces/srv/detail/compute_path__description.c
-- Up-to-date: /home/ubuntu/ros2_ws/ros2_ws/install/custom_msg_interfaces/include/custom_msg_interfaces/custom_msg_interfaces/srv/compute_trajectory.h
-- Up-to-date: /home/ubuntu/ros2_ws/ros2_ws/install/custom_msg_interfaces/include/custom_msg_interfaces/custom_msg_interfaces/srv/compute_path.h
-- Up-to-date: /home/ubuntu/ros2_ws/ros2_ws/install/custom_msg_interfaces/include/custom_msg_interfaces/custom_msg_interfaces/srv/compute_ik.h
-- Up-to-date: /home/ubuntu/ros2_ws/ros2_ws/install/custom_msg_interfaces/share/custom_msg_interfaces/environment/library_path.sh
-- Up-to-date: /home/ubuntu/ros2_ws/ros2_ws/install/custom_msg_interfaces/share/custom_msg_interfaces/environment/library_path.dsv
-- Up-to-date: /home/ubuntu/ros2_ws/ros2_ws/install/custom_msg_interfaces/lib/libcustom_msg_interfaces__rosidl_generator_c.so
-- Up-to-date: /home/ubuntu/ros2_ws/ros2_ws/install/custom_msg_interfaces/include/custom_msg_interfaces/custom_msg_interfaces
-- Up-to-date: /home/ubuntu/ros2_ws/ros2_ws/install/custom_msg_interfaces/include/custom_msg_interfaces/custom_msg_interfaces/msg
-- Up-to-date: /home/ubuntu/ros2_ws/ros2_ws/install/custom_msg_interfaces/include/custom_msg_interfaces/custom_msg_interfaces/msg/detail
-- Up-to-date: /home/ubuntu/ros2_ws/ros2_ws/install/custom_msg_interfaces/include/custom_msg_interfaces/custom_msg_interfaces/msg/detail/detection_result__rosidl_typesupport_fastrtps_c.h
-- Up-to-date: /home/ubuntu/ros2_ws/ros2_ws/install/custom_msg_interfaces/include/custom_msg_interfaces/custom_msg_interfaces/msg/rosidl_typesupport_fastrtps_c__visibility_control.h
-- Up-to-date: /home/ubuntu/ros2_ws/ros2_ws/install/custom_msg_interfaces/include/custom_msg_interfaces/custom_msg_interfaces/srv
-- Up-to-date: /home/ubuntu/ros2_ws/ros2_ws/install/custom_msg_interfaces/include/custom_msg_interfaces/custom_msg_interfaces/srv/detail
-- Up-to-date: /home/ubuntu/ros2_ws/ros2_ws/install/custom_msg_interfaces/include/custom_msg_interfaces/custom_msg_interfaces/srv/detail/compute_ik__rosidl_typesupport_fastrtps_c.h
-- Up-to-date: /home/ubuntu/ros2_ws/ros2_ws/install/custom_msg_interfaces/include/custom_msg_interfaces/custom_msg_interfaces/srv/detail/compute_dir_kin__rosidl_typesupport_fastrtps_c.h
-- Up-to-date: /home/ubuntu/ros2_ws/ros2_ws/install/custom_msg_interfaces/include/custom_msg_interfaces/custom_msg_interfaces/srv/detail/move_ab__rosidl_typesupport_fastrtps_c.h
-- Up-to-date: /home/ubuntu/ros2_ws/ros2_ws/install/custom_msg_interfaces/include/custom_msg_interfaces/custom_msg_interfaces/srv/detail/compute_trajectory__rosidl_typesupport_fastrtps_c.h
-- Up-to-date: /home/ubuntu/ros2_ws/ros2_ws/install/custom_msg_interfaces/include/custom_msg_interfaces/custom_msg_interfaces/srv/detail/compute_path__rosidl_typesupport_fastrtps_c.h
-- Up-to-date: /home/ubuntu/ros2_ws/ros2_ws/install/custom_msg_interfaces/lib/libcustom_msg_interfaces__rosidl_typesupport_fastrtps_c.so
-- Up-to-date: /home/ubuntu/ros2_ws/ros2_ws/install/custom_msg_interfaces/include/custom_msg_interfaces/custom_msg_interfaces
-- Up-to-date: /home/ubuntu/ros2_ws/ros2_ws/install/custom_msg_interfaces/include/custom_msg_interfaces/custom_msg_interfaces/msg
-- Up-to-date: /home/ubuntu/ros2_ws/ros2_ws/install/custom_msg_interfaces/include/custom_msg_interfaces/custom_msg_interfaces/msg/rosidl_typesupport_introspection_c__visibility_control.h
-- Up-to-date: /home/ubuntu/ros2_ws/ros2_ws/install/custom_msg_interfaces/include/custom_msg_interfaces/custom_msg_interfaces/msg/detail
-- Up-to-date: /home/ubuntu/ros2_ws/ros2_ws/install/custom_msg_interfaces/include/custom_msg_interfaces/custom_msg_interfaces/msg/detail/detection_result__type_support.c
-- Up-to-date: /home/ubuntu/ros2_ws/ros2_ws/install/custom_msg_interfaces/include/custom_msg_interfaces/custom_msg_interfaces/msg/detail/detection_result__rosidl_typesupport_introspection_c.h
-- Up-to-date: /home/ubuntu/ros2_ws/ros2_ws/install/custom_msg_interfaces/include/custom_msg_interfaces/custom_msg_interfaces/srv
-- Up-to-date: /home/ubuntu/ros2_ws/ros2_ws/install/custom_msg_interfaces/include/custom_msg_interfaces/custom_msg_interfaces/srv/detail
-- Up-to-date: /home/ubuntu/ros2_ws/ros2_ws/install/custom_msg_interfaces/include/custom_msg_interfaces/custom_msg_interfaces/srv/detail/compute_path__type_support.c
-- Up-to-date: /home/ubuntu/ros2_ws/ros2_ws/install/custom_msg_interfaces/include/custom_msg_interfaces/custom_msg_interfaces/srv/detail/move_ab__rosidl_typesupport_introspection_c.h
-- Up-to-date: /home/ubuntu/ros2_ws/ros2_ws/install/custom_msg_interfaces/include/custom_msg_interfaces/custom_msg_interfaces/srv/detail/move_ab__type_support.c
-- Up-to-date: /home/ubuntu/ros2_ws/ros2_ws/install/custom_msg_interfaces/include/custom_msg_interfaces/custom_msg_interfaces/srv/detail/compute_trajectory__type_support.c
-- Up-to-date: /home/ubuntu/ros2_ws/ros2_ws/install/custom_msg_interfaces/include/custom_msg_interfaces/custom_msg_interfaces/srv/detail/compute_ik__type_support.c
-- Up-to-date: /home/ubuntu/ros2_ws/ros2_ws/install/custom_msg_interfaces/include/custom_msg_interfaces/custom_msg_interfaces/srv/detail/compute_dir_kin__rosidl_typesupport_introspection_c.h
-- Up-to-date: /home/ubuntu/ros2_ws/ros2_ws/install/custom_msg_interfaces/include/custom_msg_interfaces/custom_msg_interfaces/srv/detail/compute_ik__rosidl_typesupport_introspection_c.h
-- Up-to-date: /home/ubuntu/ros2_ws/ros2_ws/install/custom_msg_interfaces/include/custom_msg_interfaces/custom_msg_interfaces/srv/detail/compute_dir_kin__type_support.c
-- Up-to-date: /home/ubuntu/ros2_ws/ros2_ws/install/custom_msg_interfaces/include/custom_msg_interfaces/custom_msg_interfaces/srv/detail/compute_path__rosidl_typesupport_introspection_c.h
-- Up-to-date: /home/ubuntu/ros2_ws/ros2_ws/install/custom_msg_interfaces/include/custom_msg_interfaces/custom_msg_interfaces/srv/detail/compute_trajectory__rosidl_typesupport_introspection_c.h
-- Up-to-date: /home/ubuntu/ros2_ws/ros2_ws/install/custom_msg_interfaces/lib/libcustom_msg_interfaces__rosidl_typesupport_introspection_c.so
-- Up-to-date: /home/ubuntu/ros2_ws/ros2_ws/install/custom_msg_interfaces/lib/libcustom_msg_interfaces__rosidl_typesupport_c.so
-- Up-to-date: /home/ubuntu/ros2_ws/ros2_ws/install/custom_msg_interfaces/include/custom_msg_interfaces/custom_msg_interfaces
-- Up-to-date: /home/ubuntu/ros2_ws/ros2_ws/install/custom_msg_interfaces/include/custom_msg_interfaces/custom_msg_interfaces/msg
-- Up-to-date: /home/ubuntu/ros2_ws/ros2_ws/install/custom_msg_interfaces/include/custom_msg_interfaces/custom_msg_interfaces/msg/detection_result.hpp
-- Up-to-date: /home/ubuntu/ros2_ws/ros2_ws/install/custom_msg_interfaces/include/custom_msg_interfaces/custom_msg_interfaces/msg/rosidl_generator_cpp__visibility_control.hpp
-- Up-to-date: /home/ubuntu/ros2_ws/ros2_ws/install/custom_msg_interfaces/include/custom_msg_interfaces/custom_msg_interfaces/msg/detail
-- Up-to-date: /home/ubuntu/ros2_ws/ros2_ws/install/custom_msg_interfaces/include/custom_msg_interfaces/custom_msg_interfaces/msg/detail/detection_result__builder.hpp
-- Up-to-date: /home/ubuntu/ros2_ws/ros2_ws/install/custom_msg_interfaces/include/custom_msg_interfaces/custom_msg_interfaces/msg/detail/detection_result__traits.hpp
-- Up-to-date: /home/ubuntu/ros2_ws/ros2_ws/install/custom_msg_interfaces/include/custom_msg_interfaces/custom_msg_interfaces/msg/detail/detection_result__struct.hpp
-- Up-to-date: /home/ubuntu/ros2_ws/ros2_ws/install/custom_msg_interfaces/include/custom_msg_interfaces/custom_msg_interfaces/msg/detail/detection_result__type_support.hpp
-- Up-to-date: /home/ubuntu/ros2_ws/ros2_ws/install/custom_msg_interfaces/include/custom_msg_interfaces/custom_msg_interfaces/srv
-- Up-to-date: /home/ubuntu/ros2_ws/ros2_ws/install/custom_msg_interfaces/include/custom_msg_interfaces/custom_msg_interfaces/srv/compute_path.hpp
-- Up-to-date: /home/ubuntu/ros2_ws/ros2_ws/install/custom_msg_interfaces/include/custom_msg_interfaces/custom_msg_interfaces/srv/detail
-- Up-to-date: /home/ubuntu/ros2_ws/ros2_ws/install/custom_msg_interfaces/include/custom_msg_interfaces/custom_msg_interfaces/srv/detail/compute_path__traits.hpp
-- Up-to-date: /home/ubuntu/ros2_ws/ros2_ws/install/custom_msg_interfaces/include/custom_msg_interfaces/custom_msg_interfaces/srv/detail/compute_dir_kin__builder.hpp
-- Up-to-date: /home/ubuntu/ros2_ws/ros2_ws/install/custom_msg_interfaces/include/custom_msg_interfaces/custom_msg_interfaces/srv/detail/move_ab__builder.hpp
-- Up-to-date: /home/ubuntu/ros2_ws/ros2_ws/install/custom_msg_interfaces/include/custom_msg_interfaces/custom_msg_interfaces/srv/detail/compute_trajectory__type_support.hpp
-- Up-to-date: /home/ubuntu/ros2_ws/ros2_ws/install/custom_msg_interfaces/include/custom_msg_interfaces/custom_msg_interfaces/srv/detail/compute_dir_kin__type_support.hpp
-- Up-to-date: /home/ubuntu/ros2_ws/ros2_ws/install/custom_msg_interfaces/include/custom_msg_interfaces/custom_msg_interfaces/srv/detail/compute_path__struct.hpp
-- Up-to-date: /home/ubuntu/ros2_ws/ros2_ws/install/custom_msg_interfaces/include/custom_msg_interfaces/custom_msg_interfaces/srv/detail/move_ab__traits.hpp
-- Up-to-date: /home/ubuntu/ros2_ws/ros2_ws/install/custom_msg_interfaces/include/custom_msg_interfaces/custom_msg_interfaces/srv/detail/compute_ik__struct.hpp
-- Up-to-date: /home/ubuntu/ros2_ws/ros2_ws/install/custom_msg_interfaces/include/custom_msg_interfaces/custom_msg_interfaces/srv/detail/move_ab__type_support.hpp
-- Up-to-date: /home/ubuntu/ros2_ws/ros2_ws/install/custom_msg_interfaces/include/custom_msg_interfaces/custom_msg_interfaces/srv/detail/compute_dir_kin__traits.hpp
-- Up-to-date: /home/ubuntu/ros2_ws/ros2_ws/install/custom_msg_interfaces/include/custom_msg_interfaces/custom_msg_interfaces/srv/detail/compute_dir_kin__struct.hpp
-- Up-to-date: /home/ubuntu/ros2_ws/ros2_ws/install/custom_msg_interfaces/include/custom_msg_interfaces/custom_msg_interfaces/srv/detail/compute_trajectory__struct.hpp
-- Up-to-date: /home/ubuntu/ros2_ws/ros2_ws/install/custom_msg_interfaces/include/custom_msg_interfaces/custom_msg_interfaces/srv/detail/compute_ik__builder.hpp
-- Up-to-date: /home/ubuntu/ros2_ws/ros2_ws/install/custom_msg_interfaces/include/custom_msg_interfaces/custom_msg_interfaces/srv/detail/move_ab__struct.hpp
-- Up-to-date: /home/ubuntu/ros2_ws/ros2_ws/install/custom_msg_interfaces/include/custom_msg_interfaces/custom_msg_interfaces/srv/detail/compute_path__type_support.hpp
-- Up-to-date: /home/ubuntu/ros2_ws/ros2_ws/install/custom_msg_interfaces/include/custom_msg_interfaces/custom_msg_interfaces/srv/detail/compute_ik__type_support.hpp
-- Up-to-date: /home/ubuntu/ros2_ws/ros2_ws/install/custom_msg_interfaces/include/custom_msg_interfaces/custom_msg_interfaces/srv/detail/compute_path__builder.hpp
-- Up-to-date: /home/ubuntu/ros2_ws/ros2_ws/install/custom_msg_interfaces/include/custom_msg_interfaces/custom_msg_interfaces/srv/detail/compute_ik__traits.hpp
-- Up-to-date: /home/ubuntu/ros2_ws/ros2_ws/install/custom_msg_interfaces/include/custom_msg_interfaces/custom_msg_interfaces/srv/detail/compute_trajectory__builder.hpp
-- Up-to-date: /home/ubuntu/ros2_ws/ros2_ws/install/custom_msg_interfaces/include/custom_msg_interfaces/custom_msg_interfaces/srv/detail/compute_trajectory__traits.hpp
-- Up-to-date: /home/ubuntu/ros2_ws/ros2_ws/install/custom_msg_interfaces/include/custom_msg_interfaces/custom_msg_interfaces/srv/compute_trajectory.hpp
-- Up-to-date: /home/ubuntu/ros2_ws/ros2_ws/install/custom_msg_interfaces/include/custom_msg_interfaces/custom_msg_interfaces/srv/move_ab.hpp
-- Up-to-date: /home/ubuntu/ros2_ws/ros2_ws/install/custom_msg_interfaces/include/custom_msg_interfaces/custom_msg_interfaces/srv/compute_dir_kin.hpp
-- Up-to-date: /home/ubuntu/ros2_ws/ros2_ws/install/custom_msg_interfaces/include/custom_msg_interfaces/custom_msg_interfaces/srv/compute_ik.hpp
-- Up-to-date: /home/ubuntu/ros2_ws/ros2_ws/install/custom_msg_interfaces/include/custom_msg_interfaces/custom_msg_interfaces
-- Up-to-date: /home/ubuntu/ros2_ws/ros2_ws/install/custom_msg_interfaces/include/custom_msg_interfaces/custom_msg_interfaces/msg
-- Up-to-date: /home/ubuntu/ros2_ws/ros2_ws/install/custom_msg_interfaces/include/custom_msg_interfaces/custom_msg_interfaces/msg/detail
-- Up-to-date: /home/ubuntu/ros2_ws/ros2_ws/install/custom_msg_interfaces/include/custom_msg_interfaces/custom_msg_interfaces/msg/detail/detection_result__rosidl_typesupport_fastrtps_cpp.hpp
-- Up-to-date: /home/ubuntu/ros2_ws/ros2_ws/install/custom_msg_interfaces/include/custom_msg_interfaces/custom_msg_interfaces/msg/detail/dds_fastrtps
-- Up-to-date: /home/ubuntu/ros2_ws/ros2_ws/install/custom_msg_interfaces/include/custom_msg_interfaces/custom_msg_interfaces/msg/rosidl_typesupport_fastrtps_cpp__visibility_control.h
-- Up-to-date: /home/ubuntu/ros2_ws/ros2_ws/install/custom_msg_interfaces/include/custom_msg_interfaces/custom_msg_interfaces/srv
-- Up-to-date: /home/ubuntu/ros2_ws/ros2_ws/install/custom_msg_interfaces/include/custom_msg_interfaces/custom_msg_interfaces/srv/detail
-- Up-to-date: /home/ubuntu/ros2_ws/ros2_ws/install/custom_msg_interfaces/include/custom_msg_interfaces/custom_msg_interfaces/srv/detail/compute_path__rosidl_typesupport_fastrtps_cpp.hpp
-- Up-to-date: /home/ubuntu/ros2_ws/ros2_ws/install/custom_msg_interfaces/include/custom_msg_interfaces/custom_msg_interfaces/srv/detail/dds_fastrtps
-- Up-to-date: /home/ubuntu/ros2_ws/ros2_ws/install/custom_msg_interfaces/include/custom_msg_interfaces/custom_msg_interfaces/srv/detail/move_ab__rosidl_typesupport_fastrtps_cpp.hpp
-- Up-to-date: /home/ubuntu/ros2_ws/ros2_ws/install/custom_msg_interfaces/include/custom_msg_interfaces/custom_msg_interfaces/srv/detail/compute_trajectory__rosidl_typesupport_fastrtps_cpp.hpp
-- Up-to-date: /home/ubuntu/ros2_ws/ros2_ws/install/custom_msg_interfaces/include/custom_msg_interfaces/custom_msg_interfaces/srv/detail/compute_dir_kin__rosidl_typesupport_fastrtps_cpp.hpp
-- Up-to-date: /home/ubuntu/ros2_ws/ros2_ws/install/custom_msg_interfaces/include/custom_msg_interfaces/custom_msg_interfaces/srv/detail/compute_ik__rosidl_typesupport_fastrtps_cpp.hpp
-- Up-to-date: /home/ubuntu/ros2_ws/ros2_ws/install/custom_msg_interfaces/lib/libcustom_msg_interfaces__rosidl_typesupport_fastrtps_cpp.so
-- Up-to-date: /home/ubuntu/ros2_ws/ros2_ws/install/custom_msg_interfaces/include/custom_msg_interfaces/custom_msg_interfaces
-- Up-to-date: /home/ubuntu/ros2_ws/ros2_ws/install/custom_msg_interfaces/include/custom_msg_interfaces/custom_msg_interfaces/msg
-- Up-to-date: /home/ubuntu/ros2_ws/ros2_ws/install/custom_msg_interfaces/include/custom_msg_interfaces/custom_msg_interfaces/msg/detail
-- Up-to-date: /home/ubuntu/ros2_ws/ros2_ws/install/custom_msg_interfaces/include/custom_msg_interfaces/custom_msg_interfaces/msg/detail/detection_result__rosidl_typesupport_introspection_cpp.hpp
-- Up-to-date: /home/ubuntu/ros2_ws/ros2_ws/install/custom_msg_interfaces/include/custom_msg_interfaces/custom_msg_interfaces/msg/detail/detection_result__type_support.cpp
-- Up-to-date: /home/ubuntu/ros2_ws/ros2_ws/install/custom_msg_interfaces/include/custom_msg_interfaces/custom_msg_interfaces/srv
-- Up-to-date: /home/ubuntu/ros2_ws/ros2_ws/install/custom_msg_interfaces/include/custom_msg_interfaces/custom_msg_interfaces/srv/detail
-- Up-to-date: /home/ubuntu/ros2_ws/ros2_ws/install/custom_msg_interfaces/include/custom_msg_interfaces/custom_msg_interfaces/srv/detail/compute_ik__rosidl_typesupport_introspection_cpp.hpp
-- Up-to-date: /home/ubuntu/ros2_ws/ros2_ws/install/custom_msg_interfaces/include/custom_msg_interfaces/custom_msg_interfaces/srv/detail/compute_trajectory__type_support.cpp
-- Up-to-date: /home/ubuntu/ros2_ws/ros2_ws/install/custom_msg_interfaces/include/custom_msg_interfaces/custom_msg_interfaces/srv/detail/compute_dir_kin__type_support.cpp
-- Up-to-date: /home/ubuntu/ros2_ws/ros2_ws/install/custom_msg_interfaces/include/custom_msg_interfaces/custom_msg_interfaces/srv/detail/compute_ik__type_support.cpp
-- Up-to-date: /home/ubuntu/ros2_ws/ros2_ws/install/custom_msg_interfaces/include/custom_msg_interfaces/custom_msg_interfaces/srv/detail/compute_trajectory__rosidl_typesupport_introspection_cpp.hpp
-- Up-to-date: /home/ubuntu/ros2_ws/ros2_ws/install/custom_msg_interfaces/include/custom_msg_interfaces/custom_msg_interfaces/srv/detail/move_ab__type_support.cpp
-- Up-to-date: /home/ubuntu/ros2_ws/ros2_ws/install/custom_msg_interfaces/include/custom_msg_interfaces/custom_msg_interfaces/srv/detail/compute_dir_kin__rosidl_typesupport_introspection_cpp.hpp
-- Up-to-date: /home/ubuntu/ros2_ws/ros2_ws/install/custom_msg_interfaces/include/custom_msg_interfaces/custom_msg_interfaces/srv/detail/compute_path__rosidl_typesupport_introspection_cpp.hpp
-- Up-to-date: /home/ubuntu/ros2_ws/ros2_ws/install/custom_msg_interfaces/include/custom_msg_interfaces/custom_msg_interfaces/srv/detail/move_ab__rosidl_typesupport_introspection_cpp.hpp
-- Up-to-date: /home/ubuntu/ros2_ws/ros2_ws/install/custom_msg_interfaces/include/custom_msg_interfaces/custom_msg_interfaces/srv/detail/compute_path__type_support.cpp
-- Up-to-date: /home/ubuntu/ros2_ws/ros2_ws/install/custom_msg_interfaces/lib/libcustom_msg_interfaces__rosidl_typesupport_introspection_cpp.so
-- Up-to-date: /home/ubuntu/ros2_ws/ros2_ws/install/custom_msg_interfaces/lib/libcustom_msg_interfaces__rosidl_typesupport_cpp.so
-- Up-to-date: /home/ubuntu/ros2_ws/ros2_ws/install/custom_msg_interfaces/share/custom_msg_interfaces/environment/pythonpath.sh
-- Up-to-date: /home/ubuntu/ros2_ws/ros2_ws/install/custom_msg_interfaces/share/custom_msg_interfaces/environment/pythonpath.dsv
-- Up-to-date: /home/ubuntu/ros2_ws/ros2_ws/install/custom_msg_interfaces/lib/python3.12/site-packages/custom_msg_interfaces-0.0.0-py3.12.egg-info
-- Installing: /home/ubuntu/ros2_ws/ros2_ws/install/custom_msg_interfaces/lib/python3.12/site-packages/custom_msg_interfaces-0.0.0-py3.12.egg-info/SOURCES.txt
-- Installing: /home/ubuntu/ros2_ws/ros2_ws/install/custom_msg_interfaces/lib/python3.12/site-packages/custom_msg_interfaces-0.0.0-py3.12.egg-info/PKG-INFO
-- Installing: /home/ubuntu/ros2_ws/ros2_ws/install/custom_msg_interfaces/lib/python3.12/site-packages/custom_msg_interfaces-0.0.0-py3.12.egg-info/top_level.txt
-- Installing: /home/ubuntu/ros2_ws/ros2_ws/install/custom_msg_interfaces/lib/python3.12/site-packages/custom_msg_interfaces-0.0.0-py3.12.egg-info/dependency_links.txt
-- Up-to-date: /home/ubuntu/ros2_ws/ros2_ws/install/custom_msg_interfaces/lib/python3.12/site-packages/custom_msg_interfaces
-- Up-to-date: /home/ubuntu/ros2_ws/ros2_ws/install/custom_msg_interfaces/lib/python3.12/site-packages/custom_msg_interfaces/msg
-- Up-to-date: /home/ubuntu/ros2_ws/ros2_ws/install/custom_msg_interfaces/lib/python3.12/site-packages/custom_msg_interfaces/msg/__init__.py
-- Up-to-date: /home/ubuntu/ros2_ws/ros2_ws/install/custom_msg_interfaces/lib/python3.12/site-packages/custom_msg_interfaces/msg/_detection_result.py
-- Up-to-date: /home/ubuntu/ros2_ws/ros2_ws/install/custom_msg_interfaces/lib/python3.12/site-packages/custom_msg_interfaces/msg/_detection_result_s.c
-- Up-to-date: /home/ubuntu/ros2_ws/ros2_ws/install/custom_msg_interfaces/lib/python3.12/site-packages/custom_msg_interfaces/_custom_msg_interfaces_s.ep.rosidl_typesupport_c.c
-- Up-to-date: /home/ubuntu/ros2_ws/ros2_ws/install/custom_msg_interfaces/lib/python3.12/site-packages/custom_msg_interfaces/__init__.py
-- Up-to-date: /home/ubuntu/ros2_ws/ros2_ws/install/custom_msg_interfaces/lib/python3.12/site-packages/custom_msg_interfaces/_custom_msg_interfaces_s.ep.rosidl_typesupport_fastrtps_c.c
-- Up-to-date: /home/ubuntu/ros2_ws/ros2_ws/install/custom_msg_interfaces/lib/python3.12/site-packages/custom_msg_interfaces/custom_msg_interfaces_s__rosidl_typesupport_c.so
-- Up-to-date: /home/ubuntu/ros2_ws/ros2_ws/install/custom_msg_interfaces/lib/python3.12/site-packages/custom_msg_interfaces/custom_msg_interfaces_s__rosidl_typesupport_introspection_c.so
-- Up-to-date: /home/ubuntu/ros2_ws/ros2_ws/install/custom_msg_interfaces/lib/python3.12/site-packages/custom_msg_interfaces/_custom_msg_interfaces_s.ep.rosidl_typesupport_introspection_c.c
-- Up-to-date: /home/ubuntu/ros2_ws/ros2_ws/install/custom_msg_interfaces/lib/python3.12/site-packages/custom_msg_interfaces/srv
-- Up-to-date: /home/ubuntu/ros2_ws/ros2_ws/install/custom_msg_interfaces/lib/python3.12/site-packages/custom_msg_interfaces/srv/_move_ab_s.c
-- Up-to-date: /home/ubuntu/ros2_ws/ros2_ws/install/custom_msg_interfaces/lib/python3.12/site-packages/custom_msg_interfaces/srv/_compute_trajectory.py
-- Up-to-date: /home/ubuntu/ros2_ws/ros2_ws/install/custom_msg_interfaces/lib/python3.12/site-packages/custom_msg_interfaces/srv/_compute_path_s.c
-- Up-to-date: /home/ubuntu/ros2_ws/ros2_ws/install/custom_msg_interfaces/lib/python3.12/site-packages/custom_msg_interfaces/srv/__init__.py
-- Up-to-date: /home/ubuntu/ros2_ws/ros2_ws/install/custom_msg_interfaces/lib/python3.12/site-packages/custom_msg_interfaces/srv/_compute_path.py
-- Up-to-date: /home/ubuntu/ros2_ws/ros2_ws/install/custom_msg_interfaces/lib/python3.12/site-packages/custom_msg_interfaces/srv/_compute_ik.py
-- Up-to-date: /home/ubuntu/ros2_ws/ros2_ws/install/custom_msg_interfaces/lib/python3.12/site-packages/custom_msg_interfaces/srv/_move_ab.py
-- Up-to-date: /home/ubuntu/ros2_ws/ros2_ws/install/custom_msg_interfaces/lib/python3.12/site-packages/custom_msg_interfaces/srv/_compute_trajectory_s.c
-- Up-to-date: /home/ubuntu/ros2_ws/ros2_ws/install/custom_msg_interfaces/lib/python3.12/site-packages/custom_msg_interfaces/srv/_compute_ik_s.c
-- Up-to-date: /home/ubuntu/ros2_ws/ros2_ws/install/custom_msg_interfaces/lib/python3.12/site-packages/custom_msg_interfaces/srv/_compute_dir_kin_s.c
-- Up-to-date: /home/ubuntu/ros2_ws/ros2_ws/install/custom_msg_interfaces/lib/python3.12/site-packages/custom_msg_interfaces/srv/_compute_dir_kin.py
-- Up-to-date: /home/ubuntu/ros2_ws/ros2_ws/install/custom_msg_interfaces/lib/python3.12/site-packages/custom_msg_interfaces/custom_msg_interfaces_s__rosidl_typesupport_fastrtps_c.so
Listing '/home/ubuntu/ros2_ws/ros2_ws/install/custom_msg_interfaces/lib/python3.12/site-packages/custom_msg_interfaces'...
Listing '/home/ubuntu/ros2_ws/ros2_ws/install/custom_msg_interfaces/lib/python3.12/site-packages/custom_msg_interfaces/msg'...
Listing '/home/ubuntu/ros2_ws/ros2_ws/install/custom_msg_interfaces/lib/python3.12/site-packages/custom_msg_interfaces/srv'...
-- Up-to-date: /home/ubuntu/ros2_ws/ros2_ws/install/custom_msg_interfaces/lib/python3.12/site-packages/custom_msg_interfaces/custom_msg_interfaces_s__rosidl_typesupport_fastrtps_c.so
-- Up-to-date: /home/ubuntu/ros2_ws/ros2_ws/install/custom_msg_interfaces/lib/python3.12/site-packages/custom_msg_interfaces/custom_msg_interfaces_s__rosidl_typesupport_introspection_c.so
-- Up-to-date: /home/ubuntu/ros2_ws/ros2_ws/install/custom_msg_interfaces/lib/python3.12/site-packages/custom_msg_interfaces/custom_msg_interfaces_s__rosidl_typesupport_c.so
-- Up-to-date: /home/ubuntu/ros2_ws/ros2_ws/install/custom_msg_interfaces/lib/libcustom_msg_interfaces__rosidl_generator_py.so
-- Up-to-date: /home/ubuntu/ros2_ws/ros2_ws/install/custom_msg_interfaces/share/custom_msg_interfaces/msg/DetectionResult.idl
-- Up-to-date: /home/ubuntu/ros2_ws/ros2_ws/install/custom_msg_interfaces/share/custom_msg_interfaces/srv/ComputeIK.idl
-- Up-to-date: /home/ubuntu/ros2_ws/ros2_ws/install/custom_msg_interfaces/share/custom_msg_interfaces/srv/ComputeDirKin.idl
-- Up-to-date: /home/ubuntu/ros2_ws/ros2_ws/install/custom_msg_interfaces/share/custom_msg_interfaces/srv/ComputePath.idl
-- Up-to-date: /home/ubuntu/ros2_ws/ros2_ws/install/custom_msg_interfaces/share/custom_msg_interfaces/srv/ComputeTrajectory.idl
-- Up-to-date: /home/ubuntu/ros2_ws/ros2_ws/install/custom_msg_interfaces/share/custom_msg_interfaces/srv/MoveAB.idl
-- Up-to-date: /home/ubuntu/ros2_ws/ros2_ws/install/custom_msg_interfaces/share/custom_msg_interfaces/msg/DetectionResult.msg
-- Up-to-date: /home/ubuntu/ros2_ws/ros2_ws/install/custom_msg_interfaces/share/custom_msg_interfaces/srv/ComputeIK.srv
-- Up-to-date: /home/ubuntu/ros2_ws/ros2_ws/install/custom_msg_interfaces/share/custom_msg_interfaces/srv/ComputeDirKin.srv
-- Up-to-date: /home/ubuntu/ros2_ws/ros2_ws/install/custom_msg_interfaces/share/custom_msg_interfaces/srv/ComputePath.srv
-- Up-to-date: /home/ubuntu/ros2_ws/ros2_ws/install/custom_msg_interfaces/share/custom_msg_interfaces/srv/ComputeTrajectory.srv
-- Up-to-date: /home/ubuntu/ros2_ws/ros2_ws/install/custom_msg_interfaces/share/custom_msg_interfaces/srv/MoveAB.srv
-- Up-to-date: /home/ubuntu/ros2_ws/ros2_ws/install/custom_msg_interfaces/share/ament_index/resource_index/package_run_dependencies/custom_msg_interfaces
-- Up-to-date: /home/ubuntu/ros2_ws/ros2_ws/install/custom_msg_interfaces/share/ament_index/resource_index/parent_prefix_path/custom_msg_interfaces
-- Up-to-date: /home/ubuntu/ros2_ws/ros2_ws/install/custom_msg_interfaces/share/custom_msg_interfaces/environment/ament_prefix_path.sh
-- Up-to-date: /home/ubuntu/ros2_ws/ros2_ws/install/custom_msg_interfaces/share/custom_msg_interfaces/environment/ament_prefix_path.dsv
-- Up-to-date: /home/ubuntu/ros2_ws/ros2_ws/install/custom_msg_interfaces/share/custom_msg_interfaces/environment/path.sh
-- Up-to-date: /home/ubuntu/ros2_ws/ros2_ws/install/custom_msg_interfaces/share/custom_msg_interfaces/environment/path.dsv
-- Up-to-date: /home/ubuntu/ros2_ws/ros2_ws/install/custom_msg_interfaces/share/custom_msg_interfaces/local_setup.bash
-- Up-to-date: /home/ubuntu/ros2_ws/ros2_ws/install/custom_msg_interfaces/share/custom_msg_interfaces/local_setup.sh
-- Up-to-date: /home/ubuntu/ros2_ws/ros2_ws/install/custom_msg_interfaces/share/custom_msg_interfaces/local_setup.zsh
-- Up-to-date: /home/ubuntu/ros2_ws/ros2_ws/install/custom_msg_interfaces/share/custom_msg_interfaces/local_setup.dsv
-- Installing: /home/ubuntu/ros2_ws/ros2_ws/install/custom_msg_interfaces/share/custom_msg_interfaces/package.dsv
-- Up-to-date: /home/ubuntu/ros2_ws/ros2_ws/install/custom_msg_interfaces/share/ament_index/resource_index/packages/custom_msg_interfaces
-- Up-to-date: /home/ubuntu/ros2_ws/ros2_ws/install/custom_msg_interfaces/share/custom_msg_interfaces/cmake/export_custom_msg_interfaces__rosidl_generator_cExport.cmake
-- Up-to-date: /home/ubuntu/ros2_ws/ros2_ws/install/custom_msg_interfaces/share/custom_msg_interfaces/cmake/export_custom_msg_interfaces__rosidl_generator_cExport-noconfig.cmake
-- Up-to-date: /home/ubuntu/ros2_ws/ros2_ws/install/custom_msg_interfaces/share/custom_msg_interfaces/cmake/export_custom_msg_interfaces__rosidl_typesupport_fastrtps_cExport.cmake
-- Up-to-date: /home/ubuntu/ros2_ws/ros2_ws/install/custom_msg_interfaces/share/custom_msg_interfaces/cmake/export_custom_msg_interfaces__rosidl_typesupport_fastrtps_cExport-noconfig.cmake
-- Up-to-date: /home/ubuntu/ros2_ws/ros2_ws/install/custom_msg_interfaces/share/custom_msg_interfaces/cmake/custom_msg_interfaces__rosidl_typesupport_introspection_cExport.cmake
-- Up-to-date: /home/ubuntu/ros2_ws/ros2_ws/install/custom_msg_interfaces/share/custom_msg_interfaces/cmake/custom_msg_interfaces__rosidl_typesupport_introspection_cExport-noconfig.cmake
-- Up-to-date: /home/ubuntu/ros2_ws/ros2_ws/install/custom_msg_interfaces/share/custom_msg_interfaces/cmake/custom_msg_interfaces__rosidl_typesupport_cExport.cmake
-- Up-to-date: /home/ubuntu/ros2_ws/ros2_ws/install/custom_msg_interfaces/share/custom_msg_interfaces/cmake/custom_msg_interfaces__rosidl_typesupport_cExport-noconfig.cmake
-- Up-to-date: /home/ubuntu/ros2_ws/ros2_ws/install/custom_msg_interfaces/share/custom_msg_interfaces/cmake/export_custom_msg_interfaces__rosidl_generator_cppExport.cmake
-- Up-to-date: /home/ubuntu/ros2_ws/ros2_ws/install/custom_msg_interfaces/share/custom_msg_interfaces/cmake/export_custom_msg_interfaces__rosidl_typesupport_fastrtps_cppExport.cmake
-- Up-to-date: /home/ubuntu/ros2_ws/ros2_ws/install/custom_msg_interfaces/share/custom_msg_interfaces/cmake/export_custom_msg_interfaces__rosidl_typesupport_fastrtps_cppExport-noconfig.cmake
-- Up-to-date: /home/ubuntu/ros2_ws/ros2_ws/install/custom_msg_interfaces/share/custom_msg_interfaces/cmake/custom_msg_interfaces__rosidl_typesupport_introspection_cppExport.cmake
-- Up-to-date: /home/ubuntu/ros2_ws/ros2_ws/install/custom_msg_interfaces/share/custom_msg_interfaces/cmake/custom_msg_interfaces__rosidl_typesupport_introspection_cppExport-noconfig.cmake
-- Up-to-date: /home/ubuntu/ros2_ws/ros2_ws/install/custom_msg_interfaces/share/custom_msg_interfaces/cmake/custom_msg_interfaces__rosidl_typesupport_cppExport.cmake
-- Up-to-date: /home/ubuntu/ros2_ws/ros2_ws/install/custom_msg_interfaces/share/custom_msg_interfaces/cmake/custom_msg_interfaces__rosidl_typesupport_cppExport-noconfig.cmake
-- Up-to-date: /home/ubuntu/ros2_ws/ros2_ws/install/custom_msg_interfaces/share/custom_msg_interfaces/cmake/export_custom_msg_interfaces__rosidl_generator_pyExport.cmake
-- Up-to-date: /home/ubuntu/ros2_ws/ros2_ws/install/custom_msg_interfaces/share/custom_msg_interfaces/cmake/export_custom_msg_interfaces__rosidl_generator_pyExport-noconfig.cmake
-- Up-to-date: /home/ubuntu/ros2_ws/ros2_ws/install/custom_msg_interfaces/share/custom_msg_interfaces/cmake/rosidl_cmake-extras.cmake
-- Up-to-date: /home/ubuntu/ros2_ws/ros2_ws/install/custom_msg_interfaces/share/custom_msg_interfaces/cmake/ament_cmake_export_dependencies-extras.cmake
-- Up-to-date: /home/ubuntu/ros2_ws/ros2_ws/install/custom_msg_interfaces/share/custom_msg_interfaces/cmake/ament_cmake_export_include_directories-extras.cmake
-- Up-to-date: /home/ubuntu/ros2_ws/ros2_ws/install/custom_msg_interfaces/share/custom_msg_interfaces/cmake/ament_cmake_export_libraries-extras.cmake
-- Up-to-date: /home/ubuntu/ros2_ws/ros2_ws/install/custom_msg_interfaces/share/custom_msg_interfaces/cmake/ament_cmake_export_targets-extras.cmake
-- Up-to-date: /home/ubuntu/ros2_ws/ros2_ws/install/custom_msg_interfaces/share/custom_msg_interfaces/cmake/rosidl_cmake_export_typesupport_targets-extras.cmake
-- Up-to-date: /home/ubuntu/ros2_ws/ros2_ws/install/custom_msg_interfaces/share/custom_msg_interfaces/cmake/rosidl_cmake_export_typesupport_libraries-extras.cmake
-- Up-to-date: /home/ubuntu/ros2_ws/ros2_ws/install/custom_msg_interfaces/share/custom_msg_interfaces/cmake/custom_msg_interfacesConfig.cmake
-- Up-to-date: /home/ubuntu/ros2_ws/ros2_ws/install/custom_msg_interfaces/share/custom_msg_interfaces/cmake/custom_msg_interfacesConfig-version.cmake
-- Up-to-date: /home/ubuntu/ros2_ws/ros2_ws/install/custom_msg_interfaces/share/custom_msg_interfaces/package.xml
