[0.014s] Invoking command in '/home/ubuntu/ros2_ws/Robotics/ros2_ws/build/motion': CMAKE_PREFIX_PATH=/home/ubuntu/ros2_ws/Robotics/ros2_ws/install/custom_msg_interfaces:/home/ubuntu/ros2_ws/Robotics/ros2_ws/install/ros2_ur5_interface:/home/ubuntu/ros2_ws/Robotics/ros2_ws/install/motion:/opt/ros/jazzy/opt/gz_sim_vendor:/opt/ros/jazzy/opt/gz_sensors_vendor:/opt/ros/jazzy/opt/gz_physics_vendor:/opt/ros/jazzy/opt/sdformat_vendor:/opt/ros/jazzy/opt/gz_gui_vendor:/opt/ros/jazzy/opt/gz_transport_vendor:/opt/ros/jazzy/opt/gz_rendering_vendor:/opt/ros/jazzy/opt/gz_plugin_vendor:/opt/ros/jazzy/opt/gz_fuel_tools_vendor:/opt/ros/jazzy/opt/gz_msgs_vendor:/opt/ros/jazzy/opt/gz_common_vendor:/opt/ros/jazzy/opt/gz_math_vendor:/opt/ros/jazzy/opt/gz_utils_vendor:/opt/ros/jazzy/opt/gz_tools_vendor:/opt/ros/jazzy/opt/gz_ogre_next_vendor:/opt/ros/jazzy/opt/gz_dartsim_vendor:/opt/ros/jazzy/opt/gz_cmake_vendor:/home/ubuntu/ros2_ws/Robotics/ros2_ws/install/vision:/home/ubuntu/ros2_ws/Robotics/ros2_ws/install/start_simulation:/home/ubuntu/ros2_ws/Robotics/ros2_ws/install/planning_pkg:/opt/ros/jazzy PYTHONPATH=/home/ubuntu/ros2_ws/Robotics/ros2_ws/install/custom_msg_interfaces/lib/python3.12/site-packages:/home/ubuntu/ros2_ws/Robotics/ros2_ws/install/vision/lib/python3.12/site-packages:/home/ubuntu/ros2_ws/Robotics/ros2_ws/install/start_simulation/lib/python3.12/site-packages:/home/ubuntu/ros2_ws/Robotics/ros2_ws/install/planning_pkg/lib/python3.12/site-packages:/opt/ros/jazzy/lib/python3.12/site-packages /usr/bin/cmake --build /home/ubuntu/ros2_ws/Robotics/ros2_ws/build/motion -- -j16 -l16
[0.222s] [ 20%] Built target table_avoidance_node
[0.223s] [ 40%] Built target compute_path_service
[0.223s] [ 60%] Built target direct_kin_server
[0.223s] [ 80%] Built target inverse_kin_server_node
[0.223s] [100%] Built target compute_trajectory_service
[0.398s] Invoked command in '/home/ubuntu/ros2_ws/Robotics/ros2_ws/build/motion' returned '0': CMAKE_PREFIX_PATH=/home/ubuntu/ros2_ws/Robotics/ros2_ws/install/custom_msg_interfaces:/home/ubuntu/ros2_ws/Robotics/ros2_ws/install/ros2_ur5_interface:/home/ubuntu/ros2_ws/Robotics/ros2_ws/install/motion:/opt/ros/jazzy/opt/gz_sim_vendor:/opt/ros/jazzy/opt/gz_sensors_vendor:/opt/ros/jazzy/opt/gz_physics_vendor:/opt/ros/jazzy/opt/sdformat_vendor:/opt/ros/jazzy/opt/gz_gui_vendor:/opt/ros/jazzy/opt/gz_transport_vendor:/opt/ros/jazzy/opt/gz_rendering_vendor:/opt/ros/jazzy/opt/gz_plugin_vendor:/opt/ros/jazzy/opt/gz_fuel_tools_vendor:/opt/ros/jazzy/opt/gz_msgs_vendor:/opt/ros/jazzy/opt/gz_common_vendor:/opt/ros/jazzy/opt/gz_math_vendor:/opt/ros/jazzy/opt/gz_utils_vendor:/opt/ros/jazzy/opt/gz_tools_vendor:/opt/ros/jazzy/opt/gz_ogre_next_vendor:/opt/ros/jazzy/opt/gz_dartsim_vendor:/opt/ros/jazzy/opt/gz_cmake_vendor:/home/ubuntu/ros2_ws/Robotics/ros2_ws/install/vision:/home/ubuntu/ros2_ws/Robotics/ros2_ws/install/start_simulation:/home/ubuntu/ros2_ws/Robotics/ros2_ws/install/planning_pkg:/opt/ros/jazzy PYTHONPATH=/home/ubuntu/ros2_ws/Robotics/ros2_ws/install/custom_msg_interfaces/lib/python3.12/site-packages:/home/ubuntu/ros2_ws/Robotics/ros2_ws/install/vision/lib/python3.12/site-packages:/home/ubuntu/ros2_ws/Robotics/ros2_ws/install/start_simulation/lib/python3.12/site-packages:/home/ubuntu/ros2_ws/Robotics/ros2_ws/install/planning_pkg/lib/python3.12/site-packages:/opt/ros/jazzy/lib/python3.12/site-packages /usr/bin/cmake --build /home/ubuntu/ros2_ws/Robotics/ros2_ws/build/motion -- -j16 -l16
[0.399s] Invoking command in '/home/ubuntu/ros2_ws/Robotics/ros2_ws/build/motion': CMAKE_PREFIX_PATH=/home/ubuntu/ros2_ws/Robotics/ros2_ws/install/custom_msg_interfaces:/home/ubuntu/ros2_ws/Robotics/ros2_ws/install/ros2_ur5_interface:/home/ubuntu/ros2_ws/Robotics/ros2_ws/install/motion:/opt/ros/jazzy/opt/gz_sim_vendor:/opt/ros/jazzy/opt/gz_sensors_vendor:/opt/ros/jazzy/opt/gz_physics_vendor:/opt/ros/jazzy/opt/sdformat_vendor:/opt/ros/jazzy/opt/gz_gui_vendor:/opt/ros/jazzy/opt/gz_transport_vendor:/opt/ros/jazzy/opt/gz_rendering_vendor:/opt/ros/jazzy/opt/gz_plugin_vendor:/opt/ros/jazzy/opt/gz_fuel_tools_vendor:/opt/ros/jazzy/opt/gz_msgs_vendor:/opt/ros/jazzy/opt/gz_common_vendor:/opt/ros/jazzy/opt/gz_math_vendor:/opt/ros/jazzy/opt/gz_utils_vendor:/opt/ros/jazzy/opt/gz_tools_vendor:/opt/ros/jazzy/opt/gz_ogre_next_vendor:/opt/ros/jazzy/opt/gz_dartsim_vendor:/opt/ros/jazzy/opt/gz_cmake_vendor:/home/ubuntu/ros2_ws/Robotics/ros2_ws/install/vision:/home/ubuntu/ros2_ws/Robotics/ros2_ws/install/start_simulation:/home/ubuntu/ros2_ws/Robotics/ros2_ws/install/planning_pkg:/opt/ros/jazzy PYTHONPATH=/home/ubuntu/ros2_ws/Robotics/ros2_ws/install/custom_msg_interfaces/lib/python3.12/site-packages:/home/ubuntu/ros2_ws/Robotics/ros2_ws/install/vision/lib/python3.12/site-packages:/home/ubuntu/ros2_ws/Robotics/ros2_ws/install/start_simulation/lib/python3.12/site-packages:/home/ubuntu/ros2_ws/Robotics/ros2_ws/install/planning_pkg/lib/python3.12/site-packages:/opt/ros/jazzy/lib/python3.12/site-packages /usr/bin/cmake --install /home/ubuntu/ros2_ws/Robotics/ros2_ws/build/motion
[0.405s] -- Install configuration: ""
[0.405s] -- Up-to-date: /home/ubuntu/ros2_ws/Robotics/ros2_ws/install/motion/share/motion/launch
[0.405s] -- Up-to-date: /home/ubuntu/ros2_ws/Robotics/ros2_ws/install/motion/share/motion/launch/motion.launch.py
[0.405s] -- Up-to-date: /home/ubuntu/ros2_ws/Robotics/ros2_ws/install/motion/lib/motion/table_avoidance_node
[0.406s] -- Up-to-date: /home/ubuntu/ros2_ws/Robotics/ros2_ws/install/motion/lib/motion/inverse_kin_server_node
[0.406s] -- Up-to-date: /home/ubuntu/ros2_ws/Robotics/ros2_ws/install/motion/lib/motion/direct_kin_server
[0.406s] -- Up-to-date: /home/ubuntu/ros2_ws/Robotics/ros2_ws/install/motion/lib/motion/compute_trajectory_service
[0.406s] -- Up-to-date: /home/ubuntu/ros2_ws/Robotics/ros2_ws/install/motion/lib/motion/compute_path_service
[0.406s] -- Up-to-date: /home/ubuntu/ros2_ws/Robotics/ros2_ws/install/motion/share/ament_index/resource_index/package_run_dependencies/motion
[0.406s] -- Up-to-date: /home/ubuntu/ros2_ws/Robotics/ros2_ws/install/motion/share/ament_index/resource_index/parent_prefix_path/motion
[0.406s] -- Up-to-date: /home/ubuntu/ros2_ws/Robotics/ros2_ws/install/motion/share/motion/environment/ament_prefix_path.sh
[0.407s] -- Up-to-date: /home/ubuntu/ros2_ws/Robotics/ros2_ws/install/motion/share/motion/environment/ament_prefix_path.dsv
[0.407s] -- Up-to-date: /home/ubuntu/ros2_ws/Robotics/ros2_ws/install/motion/share/motion/environment/path.sh
[0.407s] -- Up-to-date: /home/ubuntu/ros2_ws/Robotics/ros2_ws/install/motion/share/motion/environment/path.dsv
[0.407s] -- Up-to-date: /home/ubuntu/ros2_ws/Robotics/ros2_ws/install/motion/share/motion/local_setup.bash
[0.407s] -- Up-to-date: /home/ubuntu/ros2_ws/Robotics/ros2_ws/install/motion/share/motion/local_setup.sh
[0.407s] -- Up-to-date: /home/ubuntu/ros2_ws/Robotics/ros2_ws/install/motion/share/motion/local_setup.zsh
[0.407s] -- Up-to-date: /home/ubuntu/ros2_ws/Robotics/ros2_ws/install/motion/share/motion/local_setup.dsv
[0.407s] -- Installing: /home/ubuntu/ros2_ws/Robotics/ros2_ws/install/motion/share/motion/package.dsv
[0.407s] -- Up-to-date: /home/ubuntu/ros2_ws/Robotics/ros2_ws/install/motion/share/ament_index/resource_index/packages/motion
[0.407s] -- Up-to-date: /home/ubuntu/ros2_ws/Robotics/ros2_ws/install/motion/share/motion/cmake/motionConfig.cmake
[0.408s] -- Up-to-date: /home/ubuntu/ros2_ws/Robotics/ros2_ws/install/motion/share/motion/cmake/motionConfig-version.cmake
[0.408s] -- Up-to-date: /home/ubuntu/ros2_ws/Robotics/ros2_ws/install/motion/share/motion/package.xml
[0.409s] Invoked command in '/home/ubuntu/ros2_ws/Robotics/ros2_ws/build/motion' returned '0': CMAKE_PREFIX_PATH=/home/ubuntu/ros2_ws/Robotics/ros2_ws/install/custom_msg_interfaces:/home/ubuntu/ros2_ws/Robotics/ros2_ws/install/ros2_ur5_interface:/home/ubuntu/ros2_ws/Robotics/ros2_ws/install/motion:/opt/ros/jazzy/opt/gz_sim_vendor:/opt/ros/jazzy/opt/gz_sensors_vendor:/opt/ros/jazzy/opt/gz_physics_vendor:/opt/ros/jazzy/opt/sdformat_vendor:/opt/ros/jazzy/opt/gz_gui_vendor:/opt/ros/jazzy/opt/gz_transport_vendor:/opt/ros/jazzy/opt/gz_rendering_vendor:/opt/ros/jazzy/opt/gz_plugin_vendor:/opt/ros/jazzy/opt/gz_fuel_tools_vendor:/opt/ros/jazzy/opt/gz_msgs_vendor:/opt/ros/jazzy/opt/gz_common_vendor:/opt/ros/jazzy/opt/gz_math_vendor:/opt/ros/jazzy/opt/gz_utils_vendor:/opt/ros/jazzy/opt/gz_tools_vendor:/opt/ros/jazzy/opt/gz_ogre_next_vendor:/opt/ros/jazzy/opt/gz_dartsim_vendor:/opt/ros/jazzy/opt/gz_cmake_vendor:/home/ubuntu/ros2_ws/Robotics/ros2_ws/install/vision:/home/ubuntu/ros2_ws/Robotics/ros2_ws/install/start_simulation:/home/ubuntu/ros2_ws/Robotics/ros2_ws/install/planning_pkg:/opt/ros/jazzy PYTHONPATH=/home/ubuntu/ros2_ws/Robotics/ros2_ws/install/custom_msg_interfaces/lib/python3.12/site-packages:/home/ubuntu/ros2_ws/Robotics/ros2_ws/install/vision/lib/python3.12/site-packages:/home/ubuntu/ros2_ws/Robotics/ros2_ws/install/start_simulation/lib/python3.12/site-packages:/home/ubuntu/ros2_ws/Robotics/ros2_ws/install/planning_pkg/lib/python3.12/site-packages:/opt/ros/jazzy/lib/python3.12/site-packages /usr/bin/cmake --install /home/ubuntu/ros2_ws/Robotics/ros2_ws/build/motion
