[0.932s] Invoking command in '/home/ubuntu/ros2_ws/src/pose_estimator_pkg': CMAKE_PREFIX_PATH=/home/ubuntu/ros2_ws/install/custom_msg_interfaces:/home/ubuntu/ros2_ws/install/ros2_ur5_interface:/opt/ros/jazzy/opt/gz_sim_vendor:/opt/ros/jazzy/opt/gz_sensors_vendor:/opt/ros/jazzy/opt/gz_physics_vendor:/opt/ros/jazzy/opt/sdformat_vendor:/opt/ros/jazzy/opt/gz_gui_vendor:/opt/ros/jazzy/opt/gz_transport_vendor:/opt/ros/jazzy/opt/gz_rendering_vendor:/opt/ros/jazzy/opt/gz_plugin_vendor:/opt/ros/jazzy/opt/gz_fuel_tools_vendor:/opt/ros/jazzy/opt/gz_msgs_vendor:/opt/ros/jazzy/opt/gz_common_vendor:/opt/ros/jazzy/opt/gz_math_vendor:/opt/ros/jazzy/opt/gz_utils_vendor:/opt/ros/jazzy/opt/gz_tools_vendor:/opt/ros/jazzy/opt/gz_ogre_next_vendor:/opt/ros/jazzy/opt/gz_dartsim_vendor:/opt/ros/jazzy/opt/gz_cmake_vendor PYTHONPATH=/home/ubuntu/ros2_ws/build/pose_estimator_pkg/prefix_override:/usr/lib/python3/dist-packages/colcon_core/task/python/colcon_distutils_commands:/home/ubuntu/ros2_ws/install/pose_estimator_pkg/lib/python3.12/site-packages:/home/ubuntu/ros2_ws/install/custom_msg_interfaces/lib/python3.12/site-packages:/home/ubuntu/ros2_ws/install/pose_estimator_pkg/lib/python3.12/site-packages:/home/ubuntu/ros2_ws/install/motion_planning/lib/python3.12/site-packages:/opt/ros/jazzy/lib/python3.12/site-packages /usr/bin/python3 -W ignore:setup.py install is deprecated -W ignore:easy_install command is deprecated setup.py egg_info --egg-base ../../build/pose_estimator_pkg build --build-base /home/ubuntu/ros2_ws/build/pose_estimator_pkg/build install --record /home/ubuntu/ros2_ws/build/pose_estimator_pkg/install.log --single-version-externally-managed install_data
[1.242s] running egg_info
[1.242s] creating ../../build/pose_estimator_pkg/pose_estimator_pkg.egg-info
[1.264s] writing ../../build/pose_estimator_pkg/pose_estimator_pkg.egg-info/PKG-INFO
[1.265s] writing dependency_links to ../../build/pose_estimator_pkg/pose_estimator_pkg.egg-info/dependency_links.txt
[1.265s] writing entry points to ../../build/pose_estimator_pkg/pose_estimator_pkg.egg-info/entry_points.txt
[1.265s] writing requirements to ../../build/pose_estimator_pkg/pose_estimator_pkg.egg-info/requires.txt
[1.265s] writing top-level names to ../../build/pose_estimator_pkg/pose_estimator_pkg.egg-info/top_level.txt
[1.265s] writing manifest file '../../build/pose_estimator_pkg/pose_estimator_pkg.egg-info/SOURCES.txt'
[1.307s] reading manifest file '../../build/pose_estimator_pkg/pose_estimator_pkg.egg-info/SOURCES.txt'
[1.308s] writing manifest file '../../build/pose_estimator_pkg/pose_estimator_pkg.egg-info/SOURCES.txt'
[1.308s] running build
[1.308s] running build_py
[1.308s] creating /home/ubuntu/ros2_ws/build/pose_estimator_pkg/build
[1.308s] creating /home/ubuntu/ros2_ws/build/pose_estimator_pkg/build/lib
[1.308s] creating /home/ubuntu/ros2_ws/build/pose_estimator_pkg/build/lib/pose_estimator_pkg
[1.308s] copying pose_estimator_pkg/detection_result_republisher.py -> /home/ubuntu/ros2_ws/build/pose_estimator_pkg/build/lib/pose_estimator_pkg
[1.308s] copying pose_estimator_pkg/pt_inference_node.py -> /home/ubuntu/ros2_ws/build/pose_estimator_pkg/build/lib/pose_estimator_pkg
[1.308s] copying pose_estimator_pkg/visualization_node.py -> /home/ubuntu/ros2_ws/build/pose_estimator_pkg/build/lib/pose_estimator_pkg
[1.309s] copying pose_estimator_pkg/icp_pose_estimator.py -> /home/ubuntu/ros2_ws/build/pose_estimator_pkg/build/lib/pose_estimator_pkg
[1.309s] copying pose_estimator_pkg/__init__.py -> /home/ubuntu/ros2_ws/build/pose_estimator_pkg/build/lib/pose_estimator_pkg
[1.309s] copying pose_estimator_pkg/test_pointcloude.py -> /home/ubuntu/ros2_ws/build/pose_estimator_pkg/build/lib/pose_estimator_pkg
[1.309s] running install
[1.315s] running install_lib
[1.341s] creating /home/ubuntu/ros2_ws/install/pose_estimator_pkg/lib/python3.12/site-packages/pose_estimator_pkg
[1.341s] copying /home/ubuntu/ros2_ws/build/pose_estimator_pkg/build/lib/pose_estimator_pkg/detection_result_republisher.py -> /home/ubuntu/ros2_ws/install/pose_estimator_pkg/lib/python3.12/site-packages/pose_estimator_pkg
[1.342s] copying /home/ubuntu/ros2_ws/build/pose_estimator_pkg/build/lib/pose_estimator_pkg/pt_inference_node.py -> /home/ubuntu/ros2_ws/install/pose_estimator_pkg/lib/python3.12/site-packages/pose_estimator_pkg
[1.342s] copying /home/ubuntu/ros2_ws/build/pose_estimator_pkg/build/lib/pose_estimator_pkg/visualization_node.py -> /home/ubuntu/ros2_ws/install/pose_estimator_pkg/lib/python3.12/site-packages/pose_estimator_pkg
[1.342s] copying /home/ubuntu/ros2_ws/build/pose_estimator_pkg/build/lib/pose_estimator_pkg/icp_pose_estimator.py -> /home/ubuntu/ros2_ws/install/pose_estimator_pkg/lib/python3.12/site-packages/pose_estimator_pkg
[1.342s] copying /home/ubuntu/ros2_ws/build/pose_estimator_pkg/build/lib/pose_estimator_pkg/__init__.py -> /home/ubuntu/ros2_ws/install/pose_estimator_pkg/lib/python3.12/site-packages/pose_estimator_pkg
[1.342s] copying /home/ubuntu/ros2_ws/build/pose_estimator_pkg/build/lib/pose_estimator_pkg/test_pointcloude.py -> /home/ubuntu/ros2_ws/install/pose_estimator_pkg/lib/python3.12/site-packages/pose_estimator_pkg
[1.342s] byte-compiling /home/ubuntu/ros2_ws/install/pose_estimator_pkg/lib/python3.12/site-packages/pose_estimator_pkg/detection_result_republisher.py to detection_result_republisher.cpython-312.pyc
[1.343s] byte-compiling /home/ubuntu/ros2_ws/install/pose_estimator_pkg/lib/python3.12/site-packages/pose_estimator_pkg/pt_inference_node.py to pt_inference_node.cpython-312.pyc
[1.344s] byte-compiling /home/ubuntu/ros2_ws/install/pose_estimator_pkg/lib/python3.12/site-packages/pose_estimator_pkg/visualization_node.py to visualization_node.cpython-312.pyc
[1.344s] byte-compiling /home/ubuntu/ros2_ws/install/pose_estimator_pkg/lib/python3.12/site-packages/pose_estimator_pkg/icp_pose_estimator.py to icp_pose_estimator.cpython-312.pyc
[1.345s] byte-compiling /home/ubuntu/ros2_ws/install/pose_estimator_pkg/lib/python3.12/site-packages/pose_estimator_pkg/__init__.py to __init__.cpython-312.pyc
[1.345s] byte-compiling /home/ubuntu/ros2_ws/install/pose_estimator_pkg/lib/python3.12/site-packages/pose_estimator_pkg/test_pointcloude.py to test_pointcloude.cpython-312.pyc
[1.346s] running install_data
[1.346s] creating /home/ubuntu/ros2_ws/install/pose_estimator_pkg/share/ament_index
[1.346s] creating /home/ubuntu/ros2_ws/install/pose_estimator_pkg/share/ament_index/resource_index
[1.346s] creating /home/ubuntu/ros2_ws/install/pose_estimator_pkg/share/ament_index/resource_index/packages
[1.346s] copying resource/pose_estimator_pkg -> /home/ubuntu/ros2_ws/install/pose_estimator_pkg/share/ament_index/resource_index/packages
[1.346s] copying package.xml -> /home/ubuntu/ros2_ws/install/pose_estimator_pkg/share/pose_estimator_pkg
[1.346s] creating /home/ubuntu/ros2_ws/install/pose_estimator_pkg/share/pose_estimator_pkg/launch
[1.346s] copying launch/vision_launch.py -> /home/ubuntu/ros2_ws/install/pose_estimator_pkg/share/pose_estimator_pkg/launch
[1.347s] creating /home/ubuntu/ros2_ws/install/pose_estimator_pkg/share/pose_estimator_pkg/msg
[1.347s] copying msg/DetectionResult.msg -> /home/ubuntu/ros2_ws/install/pose_estimator_pkg/share/pose_estimator_pkg/msg
[1.347s] running install_egg_info
[1.367s] Copying ../../build/pose_estimator_pkg/pose_estimator_pkg.egg-info to /home/ubuntu/ros2_ws/install/pose_estimator_pkg/lib/python3.12/site-packages/pose_estimator_pkg-0.0.0-py3.12.egg-info
[1.368s] running install_scripts
[1.518s] Installing detection_result_republisher script to /home/ubuntu/ros2_ws/install/pose_estimator_pkg/lib/pose_estimator_pkg
[1.519s] Installing icp_pose_estimator_node script to /home/ubuntu/ros2_ws/install/pose_estimator_pkg/lib/pose_estimator_pkg
[1.519s] Installing pt_inference_node script to /home/ubuntu/ros2_ws/install/pose_estimator_pkg/lib/pose_estimator_pkg
[1.519s] Installing visualization_node script to /home/ubuntu/ros2_ws/install/pose_estimator_pkg/lib/pose_estimator_pkg
[1.519s] writing list of installed files to '/home/ubuntu/ros2_ws/build/pose_estimator_pkg/install.log'
[1.559s] Invoked command in '/home/ubuntu/ros2_ws/src/pose_estimator_pkg' returned '0': CMAKE_PREFIX_PATH=/home/ubuntu/ros2_ws/install/custom_msg_interfaces:/home/ubuntu/ros2_ws/install/ros2_ur5_interface:/opt/ros/jazzy/opt/gz_sim_vendor:/opt/ros/jazzy/opt/gz_sensors_vendor:/opt/ros/jazzy/opt/gz_physics_vendor:/opt/ros/jazzy/opt/sdformat_vendor:/opt/ros/jazzy/opt/gz_gui_vendor:/opt/ros/jazzy/opt/gz_transport_vendor:/opt/ros/jazzy/opt/gz_rendering_vendor:/opt/ros/jazzy/opt/gz_plugin_vendor:/opt/ros/jazzy/opt/gz_fuel_tools_vendor:/opt/ros/jazzy/opt/gz_msgs_vendor:/opt/ros/jazzy/opt/gz_common_vendor:/opt/ros/jazzy/opt/gz_math_vendor:/opt/ros/jazzy/opt/gz_utils_vendor:/opt/ros/jazzy/opt/gz_tools_vendor:/opt/ros/jazzy/opt/gz_ogre_next_vendor:/opt/ros/jazzy/opt/gz_dartsim_vendor:/opt/ros/jazzy/opt/gz_cmake_vendor PYTHONPATH=/home/ubuntu/ros2_ws/build/pose_estimator_pkg/prefix_override:/usr/lib/python3/dist-packages/colcon_core/task/python/colcon_distutils_commands:/home/ubuntu/ros2_ws/install/pose_estimator_pkg/lib/python3.12/site-packages:/home/ubuntu/ros2_ws/install/custom_msg_interfaces/lib/python3.12/site-packages:/home/ubuntu/ros2_ws/install/pose_estimator_pkg/lib/python3.12/site-packages:/home/ubuntu/ros2_ws/install/motion_planning/lib/python3.12/site-packages:/opt/ros/jazzy/lib/python3.12/site-packages /usr/bin/python3 -W ignore:setup.py install is deprecated -W ignore:easy_install command is deprecated setup.py egg_info --egg-base ../../build/pose_estimator_pkg build --build-base /home/ubuntu/ros2_ws/build/pose_estimator_pkg/build install --record /home/ubuntu/ros2_ws/build/pose_estimator_pkg/install.log --single-version-externally-managed install_data
