[0.336s] Invoking command in '/home/ubuntu/ros2_ws/build/ros2_ur5_interface': CMAKE_PREFIX_PATH=${CMAKE_PREFIX_PATH}:/opt/ros/jazzy /usr/bin/cmake --build /home/ubuntu/ros2_ws/build/ros2_ur5_interface -- -j20 -l20
[0.413s] [ 50%] Built target publish_trajectory_node
[0.423s] [100%] Built target gripper_service
[0.439s] Invoked command in '/home/ubuntu/ros2_ws/build/ros2_ur5_interface' returned '0': CMAKE_PREFIX_PATH=${CMAKE_PREFIX_PATH}:/opt/ros/jazzy /usr/bin/cmake --build /home/ubuntu/ros2_ws/build/ros2_ur5_interface -- -j20 -l20
[0.442s] Invoking command in '/home/ubuntu/ros2_ws/build/ros2_ur5_interface': CMAKE_PREFIX_PATH=${CMAKE_PREFIX_PATH}:/opt/ros/jazzy /usr/bin/cmake --install /home/ubuntu/ros2_ws/build/ros2_ur5_interface
[0.451s] -- Install configuration: ""
[0.452s] -- Up-to-date: /home/ubuntu/ros2_ws/install/ros2_ur5_interface/lib/ros2_ur5_interface/publish_trajectory_node
[0.453s] -- Up-to-date: /home/ubuntu/ros2_ws/install/ros2_ur5_interface/lib/ros2_ur5_interface/gripper_service
[0.453s] -- Up-to-date: /home/ubuntu/ros2_ws/install/ros2_ur5_interface/share/ros2_ur5_interface/launch
[0.453s] -- Up-to-date: /home/ubuntu/ros2_ws/install/ros2_ur5_interface/share/ros2_ur5_interface/launch/interface.launch.py
[0.453s] -- Up-to-date: /home/ubuntu/ros2_ws/install/ros2_ur5_interface/share/ros2_ur5_interface/launch/sim.launch.py
[0.453s] -- Up-to-date: /home/ubuntu/ros2_ws/install/ros2_ur5_interface/share/ros2_ur5_interface/config
[0.453s] -- Up-to-date: /home/ubuntu/ros2_ws/install/ros2_ur5_interface/share/ros2_ur5_interface/config/ur_controllers.yaml
[0.453s] -- Up-to-date: /home/ubuntu/ros2_ws/install/ros2_ur5_interface/share/ros2_ur5_interface/params
[0.454s] -- Up-to-date: /home/ubuntu/ros2_ws/install/ros2_ur5_interface/share/ros2_ur5_interface/params/ur5_bridge.yaml
[0.454s] -- Up-to-date: /home/ubuntu/ros2_ws/install/ros2_ur5_interface/share/ros2_ur5_interface/gripper
[0.454s] -- Up-to-date: /home/ubuntu/ros2_ws/install/ros2_ur5_interface/share/ros2_ur5_interface/gripper/close.script
[0.454s] -- Up-to-date: /home/ubuntu/ros2_ws/install/ros2_ur5_interface/share/ros2_ur5_interface/gripper/neutral_from_closed.script
[0.454s] -- Up-to-date: /home/ubuntu/ros2_ws/install/ros2_ur5_interface/share/ros2_ur5_interface/gripper/open.script
[0.454s] -- Up-to-date: /home/ubuntu/ros2_ws/install/ros2_ur5_interface/share/ros2_ur5_interface/gripper/neutral_from_open.script
[0.454s] -- Up-to-date: /home/ubuntu/ros2_ws/install/ros2_ur5_interface/share/ros2_ur5_interface/worlds
[0.454s] -- Up-to-date: /home/ubuntu/ros2_ws/install/ros2_ur5_interface/share/ros2_ur5_interface/worlds/empty.world
[0.455s] -- Up-to-date: /home/ubuntu/ros2_ws/install/ros2_ur5_interface/share/ros2_ur5_interface/models
[0.455s] -- Up-to-date: /home/ubuntu/ros2_ws/install/ros2_ur5_interface/share/ros2_ur5_interface/models/block.urdf.xacro
[0.455s] -- Up-to-date: /home/ubuntu/ros2_ws/install/ros2_ur5_interface/share/ros2_ur5_interface/models/camera.sdf
[0.455s] -- Up-to-date: /home/ubuntu/ros2_ws/install/ros2_ur5_interface/share/ros2_ur5_interface/models/meshes
[0.455s] -- Up-to-date: /home/ubuntu/ros2_ws/install/ros2_ur5_interface/share/ros2_ur5_interface/models/meshes/X2-Y2-Z2.stl
[0.455s] -- Up-to-date: /home/ubuntu/ros2_ws/install/ros2_ur5_interface/share/ros2_ur5_interface/models/meshes/X1-Y3-Z2.stl
[0.455s] -- Up-to-date: /home/ubuntu/ros2_ws/install/ros2_ur5_interface/share/ros2_ur5_interface/models/meshes/X1-Y2-Z2-CHAMFER.stl
[0.455s] -- Up-to-date: /home/ubuntu/ros2_ws/install/ros2_ur5_interface/share/ros2_ur5_interface/models/meshes/X1-Y4-Z1.stl
[0.455s] -- Up-to-date: /home/ubuntu/ros2_ws/install/ros2_ur5_interface/share/ros2_ur5_interface/models/meshes/link1.stl
[0.456s] -- Up-to-date: /home/ubuntu/ros2_ws/install/ros2_ur5_interface/share/ros2_ur5_interface/models/meshes/X1-Y1-Z2.stl
[0.457s] -- Up-to-date: /home/ubuntu/ros2_ws/install/ros2_ur5_interface/share/ros2_ur5_interface/models/meshes/X1-Y4-Z2.stl
[0.457s] -- Up-to-date: /home/ubuntu/ros2_ws/install/ros2_ur5_interface/share/ros2_ur5_interface/models/meshes/X1-Y2-Z2-TWINFILLET.stl
[0.457s] -- Up-to-date: /home/ubuntu/ros2_ws/install/ros2_ur5_interface/share/ros2_ur5_interface/models/meshes/X1-Y3-Z2-FILLET.stl
[0.457s] -- Up-to-date: /home/ubuntu/ros2_ws/install/ros2_ur5_interface/share/ros2_ur5_interface/models/meshes/X1-Y2-Z1.stl
[0.457s] -- Up-to-date: /home/ubuntu/ros2_ws/install/ros2_ur5_interface/share/ros2_ur5_interface/models/meshes/desk.stl
[0.457s] -- Up-to-date: /home/ubuntu/ros2_ws/install/ros2_ur5_interface/share/ros2_ur5_interface/models/meshes/link2.stl
[0.458s] -- Up-to-date: /home/ubuntu/ros2_ws/install/ros2_ur5_interface/share/ros2_ur5_interface/models/meshes/X2-Y2-Z2-FILLET.stl
[0.458s] -- Up-to-date: /home/ubuntu/ros2_ws/install/ros2_ur5_interface/share/ros2_ur5_interface/models/meshes/base.stl
[0.458s] -- Up-to-date: /home/ubuntu/ros2_ws/install/ros2_ur5_interface/share/ros2_ur5_interface/models/meshes/X1-Y2-Z2.stl
[0.458s] -- Up-to-date: /home/ubuntu/ros2_ws/install/ros2_ur5_interface/share/ros2_ur5_interface/models/desk.urdf.xacro
[0.458s] -- Up-to-date: /home/ubuntu/ros2_ws/install/ros2_ur5_interface/share/ros2_ur5_interface/models/desk.config
[0.458s] -- Up-to-date: /home/ubuntu/ros2_ws/install/ros2_ur5_interface/share/ros2_ur5_interface/models/ur_gz.urdf.xacro
[0.458s] -- Up-to-date: /home/ubuntu/ros2_ws/install/ros2_ur5_interface/share/ros2_ur5_interface/models/ur_gz.ros2_control.xacro
[0.458s] -- Up-to-date: /home/ubuntu/ros2_ws/install/ros2_ur5_interface/share/ros2_ur5_interface/models/soft_robotics_gripper.xacro
[0.458s] -- Up-to-date: /home/ubuntu/ros2_ws/install/ros2_ur5_interface/share/ros2_ur5_interface/models/block.config
[0.458s] -- Up-to-date: /home/ubuntu/ros2_ws/install/ros2_ur5_interface/share/ros2_ur5_interface/rviz
[0.458s] -- Up-to-date: /home/ubuntu/ros2_ws/install/ros2_ur5_interface/share/ros2_ur5_interface/rviz/ur5.rviz
[0.458s] -- Up-to-date: /home/ubuntu/ros2_ws/install/ros2_ur5_interface/share/ament_index/resource_index/package_run_dependencies/ros2_ur5_interface
[0.459s] -- Up-to-date: /home/ubuntu/ros2_ws/install/ros2_ur5_interface/share/ament_index/resource_index/parent_prefix_path/ros2_ur5_interface
[0.459s] -- Up-to-date: /home/ubuntu/ros2_ws/install/ros2_ur5_interface/share/ros2_ur5_interface/environment/ament_prefix_path.sh
[0.459s] -- Up-to-date: /home/ubuntu/ros2_ws/install/ros2_ur5_interface/share/ros2_ur5_interface/environment/ament_prefix_path.dsv
[0.459s] -- Up-to-date: /home/ubuntu/ros2_ws/install/ros2_ur5_interface/share/ros2_ur5_interface/environment/path.sh
[0.459s] -- Up-to-date: /home/ubuntu/ros2_ws/install/ros2_ur5_interface/share/ros2_ur5_interface/environment/path.dsv
[0.459s] -- Up-to-date: /home/ubuntu/ros2_ws/install/ros2_ur5_interface/share/ros2_ur5_interface/local_setup.bash
[0.459s] -- Up-to-date: /home/ubuntu/ros2_ws/install/ros2_ur5_interface/share/ros2_ur5_interface/local_setup.sh
[0.459s] -- Up-to-date: /home/ubuntu/ros2_ws/install/ros2_ur5_interface/share/ros2_ur5_interface/local_setup.zsh
[0.459s] -- Up-to-date: /home/ubuntu/ros2_ws/install/ros2_ur5_interface/share/ros2_ur5_interface/local_setup.dsv
[0.459s] -- Installing: /home/ubuntu/ros2_ws/install/ros2_ur5_interface/share/ros2_ur5_interface/package.dsv
[0.459s] -- Up-to-date: /home/ubuntu/ros2_ws/install/ros2_ur5_interface/share/ament_index/resource_index/packages/ros2_ur5_interface
[0.459s] -- Up-to-date: /home/ubuntu/ros2_ws/install/ros2_ur5_interface/share/ros2_ur5_interface/cmake/ros2_ur5_interfaceConfig.cmake
[0.459s] -- Up-to-date: /home/ubuntu/ros2_ws/install/ros2_ur5_interface/share/ros2_ur5_interface/cmake/ros2_ur5_interfaceConfig-version.cmake
[0.459s] -- Up-to-date: /home/ubuntu/ros2_ws/install/ros2_ur5_interface/share/ros2_ur5_interface/package.xml
[0.460s] Invoked command in '/home/ubuntu/ros2_ws/build/ros2_ur5_interface' returned '0': CMAKE_PREFIX_PATH=${CMAKE_PREFIX_PATH}:/opt/ros/jazzy /usr/bin/cmake --install /home/ubuntu/ros2_ws/build/ros2_ur5_interface
