[0.011s] Invoking command in '/home/ubuntu/ros2_ws/ros2_ws/build/collision_detection_pkg': CMAKE_PREFIX_PATH=${CMAKE_PREFIX_PATH}:/opt/ros/jazzy /usr/bin/cmake /home/ubuntu/ros2_ws/ros2_ws/ros2_ws/src/collision_detection_pkg -DCMAKE_INSTALL_PREFIX=/home/ubuntu/ros2_ws/ros2_ws/install/collision_detection_pkg
[0.054s] -- The C compiler identification is GNU 13.2.0
[0.095s] -- The CXX compiler identification is GNU 13.2.0
[0.106s] -- Detecting C compiler ABI info
[0.169s] -- Detecting C compiler ABI info - done
[0.176s] -- Check for working C compiler: /usr/bin/cc - skipped
[0.176s] -- Detecting C compile features
[0.176s] -- Detecting C compile features - done
[0.183s] -- Detecting CXX compiler ABI info
[0.255s] -- Detecting CXX compiler ABI info - done
[0.261s] -- Check for working CXX compiler: /usr/bin/c++ - skipped
[0.262s] -- Detecting CXX compile features
[0.262s] -- Detecting CXX compile features - done
[0.265s] -- Found ament_cmake: 2.5.2 (/opt/ros/jazzy/share/ament_cmake/cmake)
[0.389s] -- Found Python3: /usr/bin/python3 (found version "3.12.3") found components: Interpreter 
[0.483s] -- Found rclcpp: 28.1.5 (/opt/ros/jazzy/share/rclcpp/cmake)
[0.527s] -- Found rosidl_generator_c: 4.6.4 (/opt/ros/jazzy/share/rosidl_generator_c/cmake)
[0.540s] -- Found rosidl_generator_cpp: 4.6.4 (/opt/ros/jazzy/share/rosidl_generator_cpp/cmake)
[0.556s] -- Using all available rosidl_typesupport_c: rosidl_typesupport_fastrtps_c;rosidl_typesupport_introspection_c
[0.573s] -- Using all available rosidl_typesupport_cpp: rosidl_typesupport_fastrtps_cpp;rosidl_typesupport_introspection_cpp
[0.646s] -- Found rmw_implementation_cmake: 7.3.1 (/opt/ros/jazzy/share/rmw_implementation_cmake/cmake)
[0.649s] -- Found rmw_fastrtps_cpp: 8.4.1 (/opt/ros/jazzy/share/rmw_fastrtps_cpp/cmake)
[0.713s] -- Found OpenSSL: /usr/lib/x86_64-linux-gnu/libcrypto.so (found version "3.0.13")  
[0.729s] -- Found FastRTPS: /opt/ros/jazzy/include (Required is at least version "2.13") 
[0.749s] -- Using RMW implementation 'rmw_fastrtps_cpp' as default
[0.814s] -- Found std_msgs: 5.3.5 (/opt/ros/jazzy/share/std_msgs/cmake)
[0.834s] -- Found tf2: 0.36.4 (/opt/ros/jazzy/share/tf2/cmake)
[0.852s] -- Found tf2_ros: 0.36.4 (/opt/ros/jazzy/share/tf2_ros/cmake)
[1.040s] -- Configuring done (1.0s)
[1.051s] -- Generating done (0.0s)
[1.055s] -- Build files have been written to: /home/ubuntu/ros2_ws/ros2_ws/build/collision_detection_pkg
[1.064s] Invoked command in '/home/ubuntu/ros2_ws/ros2_ws/build/collision_detection_pkg' returned '0': CMAKE_PREFIX_PATH=${CMAKE_PREFIX_PATH}:/opt/ros/jazzy /usr/bin/cmake /home/ubuntu/ros2_ws/ros2_ws/ros2_ws/src/collision_detection_pkg -DCMAKE_INSTALL_PREFIX=/home/ubuntu/ros2_ws/ros2_ws/install/collision_detection_pkg
[1.065s] Invoking command in '/home/ubuntu/ros2_ws/ros2_ws/build/collision_detection_pkg': CMAKE_PREFIX_PATH=${CMAKE_PREFIX_PATH}:/opt/ros/jazzy /usr/bin/cmake --build /home/ubuntu/ros2_ws/ros2_ws/build/collision_detection_pkg -- -j16 -l16
[1.099s] [ 50%] [32mBuilding CXX object CMakeFiles/table_avoidance_node.dir/src/table_avoidance_node.cpp.o[0m
[7.862s] [100%] [32m[1mLinking CXX executable table_avoidance_node[0m
[8.021s] [100%] Built target table_avoidance_node
[8.031s] Invoked command in '/home/ubuntu/ros2_ws/ros2_ws/build/collision_detection_pkg' returned '0': CMAKE_PREFIX_PATH=${CMAKE_PREFIX_PATH}:/opt/ros/jazzy /usr/bin/cmake --build /home/ubuntu/ros2_ws/ros2_ws/build/collision_detection_pkg -- -j16 -l16
[8.039s] Invoking command in '/home/ubuntu/ros2_ws/ros2_ws/build/collision_detection_pkg': CMAKE_PREFIX_PATH=${CMAKE_PREFIX_PATH}:/opt/ros/jazzy /usr/bin/cmake --install /home/ubuntu/ros2_ws/ros2_ws/build/collision_detection_pkg
[8.046s] -- Install configuration: ""
[8.046s] -- Installing: /home/ubuntu/ros2_ws/ros2_ws/install/collision_detection_pkg/lib/collision_detection_pkg/table_avoidance_node
[8.047s] -- Set non-toolchain portion of runtime path of "/home/ubuntu/ros2_ws/ros2_ws/install/collision_detection_pkg/lib/collision_detection_pkg/table_avoidance_node" to ""
[8.047s] -- Installing: /home/ubuntu/ros2_ws/ros2_ws/install/collision_detection_pkg/share/ament_index/resource_index/package_run_dependencies/collision_detection_pkg
[8.048s] -- Installing: /home/ubuntu/ros2_ws/ros2_ws/install/collision_detection_pkg/share/ament_index/resource_index/parent_prefix_path/collision_detection_pkg
[8.048s] -- Installing: /home/ubuntu/ros2_ws/ros2_ws/install/collision_detection_pkg/share/collision_detection_pkg/environment/ament_prefix_path.sh
[8.048s] -- Installing: /home/ubuntu/ros2_ws/ros2_ws/install/collision_detection_pkg/share/collision_detection_pkg/environment/ament_prefix_path.dsv
[8.048s] -- Installing: /home/ubuntu/ros2_ws/ros2_ws/install/collision_detection_pkg/share/collision_detection_pkg/environment/path.sh
[8.048s] -- Installing: /home/ubuntu/ros2_ws/ros2_ws/install/collision_detection_pkg/share/collision_detection_pkg/environment/path.dsv
[8.049s] -- Installing: /home/ubuntu/ros2_ws/ros2_ws/install/collision_detection_pkg/share/collision_detection_pkg/local_setup.bash
[8.049s] -- Installing: /home/ubuntu/ros2_ws/ros2_ws/install/collision_detection_pkg/share/collision_detection_pkg/local_setup.sh
[8.049s] -- Installing: /home/ubuntu/ros2_ws/ros2_ws/install/collision_detection_pkg/share/collision_detection_pkg/local_setup.zsh
[8.049s] -- Installing: /home/ubuntu/ros2_ws/ros2_ws/install/collision_detection_pkg/share/collision_detection_pkg/local_setup.dsv
[8.049s] -- Installing: /home/ubuntu/ros2_ws/ros2_ws/install/collision_detection_pkg/share/collision_detection_pkg/package.dsv
[8.050s] -- Installing: /home/ubuntu/ros2_ws/ros2_ws/install/collision_detection_pkg/share/ament_index/resource_index/packages/collision_detection_pkg
[8.050s] -- Installing: /home/ubuntu/ros2_ws/ros2_ws/install/collision_detection_pkg/share/collision_detection_pkg/cmake/collision_detection_pkgConfig.cmake
[8.050s] -- Installing: /home/ubuntu/ros2_ws/ros2_ws/install/collision_detection_pkg/share/collision_detection_pkg/cmake/collision_detection_pkgConfig-version.cmake
[8.050s] -- Installing: /home/ubuntu/ros2_ws/ros2_ws/install/collision_detection_pkg/share/collision_detection_pkg/package.xml
[8.051s] Invoked command in '/home/ubuntu/ros2_ws/ros2_ws/build/collision_detection_pkg' returned '0': CMAKE_PREFIX_PATH=${CMAKE_PREFIX_PATH}:/opt/ros/jazzy /usr/bin/cmake --install /home/ubuntu/ros2_ws/ros2_ws/build/collision_detection_pkg
