[1.193s] Invoking command in '/home/ubuntu/ros2_ws/ros2_ws/ros2_ws/src/planning_pkg': AMENT_PREFIX_PATH=/home/ubuntu/ros2_ws/ros2_ws/install/custom_msg_interfaces:${AMENT_PREFIX_PATH} CMAKE_PREFIX_PATH=/home/ubuntu/ros2_ws/ros2_ws/install/custom_msg_interfaces:${CMAKE_PREFIX_PATH} LD_LIBRARY_PATH=/home/ubuntu/ros2_ws/ros2_ws/install/custom_msg_interfaces/lib:${LD_LIBRARY_PATH} PYTHONPATH=/home/ubuntu/ros2_ws/ros2_ws/build/planning_pkg/prefix_override:/usr/lib/python3/dist-packages/colcon_core/task/python/colcon_distutils_commands:/home/ubuntu/ros2_ws/ros2_ws/install/planning_pkg/lib/python3.12/site-packages:/home/ubuntu/ros2_ws/ros2_ws/install/custom_msg_interfaces/lib/python3.12/site-packages:${PYTHONPATH} /usr/bin/python3 -W ignore:setup.py install is deprecated -W ignore:easy_install command is deprecated setup.py egg_info --egg-base ../../../build/planning_pkg build --build-base /home/ubuntu/ros2_ws/ros2_ws/build/planning_pkg/build install --record /home/ubuntu/ros2_ws/ros2_ws/build/planning_pkg/install.log --single-version-externally-managed install_data
[1.479s] running egg_info
[1.501s] writing ../../../build/planning_pkg/planning_pkg.egg-info/PKG-INFO
[1.501s] writing dependency_links to ../../../build/planning_pkg/planning_pkg.egg-info/dependency_links.txt
[1.501s] writing entry points to ../../../build/planning_pkg/planning_pkg.egg-info/entry_points.txt
[1.502s] writing requirements to ../../../build/planning_pkg/planning_pkg.egg-info/requires.txt
[1.502s] writing top-level names to ../../../build/planning_pkg/planning_pkg.egg-info/top_level.txt
[1.549s] reading manifest file '../../../build/planning_pkg/planning_pkg.egg-info/SOURCES.txt'
[1.550s] writing manifest file '../../../build/planning_pkg/planning_pkg.egg-info/SOURCES.txt'
[1.551s] running build
[1.551s] running build_py
[1.551s] running install
[1.559s] running install_lib
[1.581s] running install_data
[1.581s] running install_egg_info
[1.604s] removing '/home/ubuntu/ros2_ws/ros2_ws/install/planning_pkg/lib/python3.12/site-packages/planning_pkg-0.0.0-py3.12.egg-info' (and everything under it)
[1.604s] Copying ../../../build/planning_pkg/planning_pkg.egg-info to /home/ubuntu/ros2_ws/ros2_ws/install/planning_pkg/lib/python3.12/site-packages/planning_pkg-0.0.0-py3.12.egg-info
[1.605s] running install_scripts
[1.759s] Installing block_frame_publisher script to /home/ubuntu/ros2_ws/ros2_ws/install/planning_pkg/lib/planning_pkg
[1.759s] Installing move_a_to_b_server script to /home/ubuntu/ros2_ws/ros2_ws/install/planning_pkg/lib/planning_pkg
[1.759s] Installing planning_node script to /home/ubuntu/ros2_ws/ros2_ws/install/planning_pkg/lib/planning_pkg
[1.759s] writing list of installed files to '/home/ubuntu/ros2_ws/ros2_ws/build/planning_pkg/install.log'
[1.798s] Invoked command in '/home/ubuntu/ros2_ws/ros2_ws/ros2_ws/src/planning_pkg' returned '0': AMENT_PREFIX_PATH=/home/ubuntu/ros2_ws/ros2_ws/install/custom_msg_interfaces:${AMENT_PREFIX_PATH} CMAKE_PREFIX_PATH=/home/ubuntu/ros2_ws/ros2_ws/install/custom_msg_interfaces:${CMAKE_PREFIX_PATH} LD_LIBRARY_PATH=/home/ubuntu/ros2_ws/ros2_ws/install/custom_msg_interfaces/lib:${LD_LIBRARY_PATH} PYTHONPATH=/home/ubuntu/ros2_ws/ros2_ws/build/planning_pkg/prefix_override:/usr/lib/python3/dist-packages/colcon_core/task/python/colcon_distutils_commands:/home/ubuntu/ros2_ws/ros2_ws/install/planning_pkg/lib/python3.12/site-packages:/home/ubuntu/ros2_ws/ros2_ws/install/custom_msg_interfaces/lib/python3.12/site-packages:${PYTHONPATH} /usr/bin/python3 -W ignore:setup.py install is deprecated -W ignore:easy_install command is deprecated setup.py egg_info --egg-base ../../../build/planning_pkg build --build-base /home/ubuntu/ros2_ws/ros2_ws/build/planning_pkg/build install --record /home/ubuntu/ros2_ws/ros2_ws/build/planning_pkg/install.log --single-version-externally-managed install_data
