[0.017s] Invoking command in '/home/ubuntu/ros2_ws/ros2_ws/build/ros2_ur5_interface': CMAKE_PREFIX_PATH=${CMAKE_PREFIX_PATH}:/opt/ros/jazzy /usr/bin/cmake /home/ubuntu/ros2_ws/ros2_ws/ros2_ws/src/ros2_ur5_interface -DCMAKE_INSTALL_PREFIX=/home/ubuntu/ros2_ws/ros2_ws/install/ros2_ur5_interface
[0.058s] -- The C compiler identification is GNU 13.2.0
[0.100s] -- The CXX compiler identification is GNU 13.2.0
[0.111s] -- Detecting C compiler ABI info
[0.174s] -- Detecting C compiler ABI info - done
[0.181s] -- Check for working C compiler: /usr/bin/cc - skipped
[0.181s] -- Detecting C compile features
[0.181s] -- Detecting C compile features - done
[0.187s] -- Detecting CXX compiler ABI info
[0.254s] -- Detecting CXX compiler ABI info - done
[0.261s] -- Check for working CXX compiler: /usr/bin/c++ - skipped
[0.262s] -- Detecting CXX compile features
[0.262s] -- Detecting CXX compile features - done
[0.265s] -- Found ament_cmake: 2.5.2 (/opt/ros/jazzy/share/ament_cmake/cmake)
[0.386s] -- Found Python3: /usr/bin/python3 (found version "3.12.3") found components: Interpreter 
[0.482s] -- Found ament_index_cpp: 1.8.1 (/opt/ros/jazzy/share/ament_index_cpp/cmake)
[0.485s] -- Found rclcpp: 28.1.5 (/opt/ros/jazzy/share/rclcpp/cmake)
[0.525s] -- Found rosidl_generator_c: 4.6.4 (/opt/ros/jazzy/share/rosidl_generator_c/cmake)
[0.537s] -- Found rosidl_generator_cpp: 4.6.4 (/opt/ros/jazzy/share/rosidl_generator_cpp/cmake)
[0.553s] -- Using all available rosidl_typesupport_c: rosidl_typesupport_fastrtps_c;rosidl_typesupport_introspection_c
[0.570s] -- Using all available rosidl_typesupport_cpp: rosidl_typesupport_fastrtps_cpp;rosidl_typesupport_introspection_cpp
[0.643s] -- Found rmw_implementation_cmake: 7.3.1 (/opt/ros/jazzy/share/rmw_implementation_cmake/cmake)
[0.646s] -- Found rmw_fastrtps_cpp: 8.4.1 (/opt/ros/jazzy/share/rmw_fastrtps_cpp/cmake)
[0.708s] -- Found OpenSSL: /usr/lib/x86_64-linux-gnu/libcrypto.so (found version "3.0.13")  
[0.726s] -- Found FastRTPS: /opt/ros/jazzy/include (Required is at least version "2.13") 
[0.745s] -- Using RMW implementation 'rmw_fastrtps_cpp' as default
[0.807s] -- Found trajectory_msgs: 5.3.5 (/opt/ros/jazzy/share/trajectory_msgs/cmake)
[0.855s] -- Found sensor_msgs: 5.3.5 (/opt/ros/jazzy/share/sensor_msgs/cmake)
[0.877s] -- Found control_msgs: 5.3.0 (/opt/ros/jazzy/share/control_msgs/cmake)
[0.944s] -- Found rclcpp_action: 28.1.5 (/opt/ros/jazzy/share/rclcpp_action/cmake)
[0.955s] -- Found std_srvs: 5.3.5 (/opt/ros/jazzy/share/std_srvs/cmake)
[1.041s] -- Configuring done (1.0s)
[1.057s] -- Generating done (0.0s)
[1.062s] -- Build files have been written to: /home/ubuntu/ros2_ws/ros2_ws/build/ros2_ur5_interface
[1.072s] Invoked command in '/home/ubuntu/ros2_ws/ros2_ws/build/ros2_ur5_interface' returned '0': CMAKE_PREFIX_PATH=${CMAKE_PREFIX_PATH}:/opt/ros/jazzy /usr/bin/cmake /home/ubuntu/ros2_ws/ros2_ws/ros2_ws/src/ros2_ur5_interface -DCMAKE_INSTALL_PREFIX=/home/ubuntu/ros2_ws/ros2_ws/install/ros2_ur5_interface
[1.073s] Invoking command in '/home/ubuntu/ros2_ws/ros2_ws/build/ros2_ur5_interface': CMAKE_PREFIX_PATH=${CMAKE_PREFIX_PATH}:/opt/ros/jazzy /usr/bin/cmake --build /home/ubuntu/ros2_ws/ros2_ws/build/ros2_ur5_interface -- -j16 -l16
[1.107s] [ 50%] [32mBuilding CXX object CMakeFiles/gripper_service.dir/src/gripper_service.cpp.o[0m
[1.107s] [ 50%] [32mBuilding CXX object CMakeFiles/publish_trajectory_node.dir/src/publish_trajectory_node.cpp.o[0m
[12.389s] [ 75%] [32m[1mLinking CXX executable publish_trajectory_node[0m
[12.745s] [ 75%] Built target publish_trajectory_node
[15.639s] [100%] [32m[1mLinking CXX executable gripper_service[0m
[16.001s] [100%] Built target gripper_service
[16.011s] Invoked command in '/home/ubuntu/ros2_ws/ros2_ws/build/ros2_ur5_interface' returned '0': CMAKE_PREFIX_PATH=${CMAKE_PREFIX_PATH}:/opt/ros/jazzy /usr/bin/cmake --build /home/ubuntu/ros2_ws/ros2_ws/build/ros2_ur5_interface -- -j16 -l16
[16.012s] Invoking command in '/home/ubuntu/ros2_ws/ros2_ws/build/ros2_ur5_interface': CMAKE_PREFIX_PATH=${CMAKE_PREFIX_PATH}:/opt/ros/jazzy /usr/bin/cmake --install /home/ubuntu/ros2_ws/ros2_ws/build/ros2_ur5_interface
[16.020s] -- Install configuration: ""
[16.021s] -- Installing: /home/ubuntu/ros2_ws/ros2_ws/install/ros2_ur5_interface/lib/ros2_ur5_interface/publish_trajectory_node
[16.026s] -- Set non-toolchain portion of runtime path of "/home/ubuntu/ros2_ws/ros2_ws/install/ros2_ur5_interface/lib/ros2_ur5_interface/publish_trajectory_node" to ""
[16.026s] -- Installing: /home/ubuntu/ros2_ws/ros2_ws/install/ros2_ur5_interface/lib/ros2_ur5_interface/gripper_service
[16.035s] -- Set non-toolchain portion of runtime path of "/home/ubuntu/ros2_ws/ros2_ws/install/ros2_ur5_interface/lib/ros2_ur5_interface/gripper_service" to ""
[16.035s] -- Installing: /home/ubuntu/ros2_ws/ros2_ws/install/ros2_ur5_interface/share/ros2_ur5_interface/launch
[16.036s] -- Installing: /home/ubuntu/ros2_ws/ros2_ws/install/ros2_ur5_interface/share/ros2_ur5_interface/launch/interface.launch.py
[16.036s] -- Installing: /home/ubuntu/ros2_ws/ros2_ws/install/ros2_ur5_interface/share/ros2_ur5_interface/launch/sim.launch.py
[16.036s] -- Installing: /home/ubuntu/ros2_ws/ros2_ws/install/ros2_ur5_interface/share/ros2_ur5_interface/config
[16.037s] -- Installing: /home/ubuntu/ros2_ws/ros2_ws/install/ros2_ur5_interface/share/ros2_ur5_interface/config/ur_controllers.yaml
[16.037s] -- Installing: /home/ubuntu/ros2_ws/ros2_ws/install/ros2_ur5_interface/share/ros2_ur5_interface/params
[16.037s] -- Installing: /home/ubuntu/ros2_ws/ros2_ws/install/ros2_ur5_interface/share/ros2_ur5_interface/params/ur5_bridge.yaml
[16.037s] -- Installing: /home/ubuntu/ros2_ws/ros2_ws/install/ros2_ur5_interface/share/ros2_ur5_interface/gripper
[16.038s] -- Installing: /home/ubuntu/ros2_ws/ros2_ws/install/ros2_ur5_interface/share/ros2_ur5_interface/gripper/neutral_from_closed.script
[16.038s] -- Installing: /home/ubuntu/ros2_ws/ros2_ws/install/ros2_ur5_interface/share/ros2_ur5_interface/gripper/neutral_from_open.script
[16.038s] -- Installing: /home/ubuntu/ros2_ws/ros2_ws/install/ros2_ur5_interface/share/ros2_ur5_interface/gripper/open.script
[16.038s] -- Installing: /home/ubuntu/ros2_ws/ros2_ws/install/ros2_ur5_interface/share/ros2_ur5_interface/gripper/close.script
[16.038s] -- Installing: /home/ubuntu/ros2_ws/ros2_ws/install/ros2_ur5_interface/share/ros2_ur5_interface/worlds
[16.038s] -- Installing: /home/ubuntu/ros2_ws/ros2_ws/install/ros2_ur5_interface/share/ros2_ur5_interface/worlds/empty.world
[16.039s] -- Installing: /home/ubuntu/ros2_ws/ros2_ws/install/ros2_ur5_interface/share/ros2_ur5_interface/models
[16.039s] -- Installing: /home/ubuntu/ros2_ws/ros2_ws/install/ros2_ur5_interface/share/ros2_ur5_interface/models/ur_gz.ros2_control.xacro
[16.040s] -- Installing: /home/ubuntu/ros2_ws/ros2_ws/install/ros2_ur5_interface/share/ros2_ur5_interface/models/block.urdf.xacro
[16.040s] -- Installing: /home/ubuntu/ros2_ws/ros2_ws/install/ros2_ur5_interface/share/ros2_ur5_interface/models/camera.sdf
[16.040s] -- Installing: /home/ubuntu/ros2_ws/ros2_ws/install/ros2_ur5_interface/share/ros2_ur5_interface/models/desk.config
[16.040s] -- Installing: /home/ubuntu/ros2_ws/ros2_ws/install/ros2_ur5_interface/share/ros2_ur5_interface/models/block.config
[16.040s] -- Installing: /home/ubuntu/ros2_ws/ros2_ws/install/ros2_ur5_interface/share/ros2_ur5_interface/models/desk.urdf.xacro
[16.040s] -- Installing: /home/ubuntu/ros2_ws/ros2_ws/install/ros2_ur5_interface/share/ros2_ur5_interface/models/ur_gz.urdf.xacro
[16.041s] -- Installing: /home/ubuntu/ros2_ws/ros2_ws/install/ros2_ur5_interface/share/ros2_ur5_interface/models/soft_robotics_gripper.xacro
[16.041s] -- Installing: /home/ubuntu/ros2_ws/ros2_ws/install/ros2_ur5_interface/share/ros2_ur5_interface/models/meshes
[16.041s] -- Installing: /home/ubuntu/ros2_ws/ros2_ws/install/ros2_ur5_interface/share/ros2_ur5_interface/models/meshes/X2-Y2-Z2.stl
[16.041s] -- Installing: /home/ubuntu/ros2_ws/ros2_ws/install/ros2_ur5_interface/share/ros2_ur5_interface/models/meshes/X1-Y3-Z2.stl
[16.041s] -- Installing: /home/ubuntu/ros2_ws/ros2_ws/install/ros2_ur5_interface/share/ros2_ur5_interface/models/meshes/X1-Y4-Z1.stl
[16.042s] -- Installing: /home/ubuntu/ros2_ws/ros2_ws/install/ros2_ur5_interface/share/ros2_ur5_interface/models/meshes/link2.stl
[16.042s] -- Installing: /home/ubuntu/ros2_ws/ros2_ws/install/ros2_ur5_interface/share/ros2_ur5_interface/models/meshes/X1-Y2-Z2-TWINFILLET.stl
[16.042s] -- Installing: /home/ubuntu/ros2_ws/ros2_ws/install/ros2_ur5_interface/share/ros2_ur5_interface/models/meshes/X1-Y4-Z2.stl
[16.043s] -- Installing: /home/ubuntu/ros2_ws/ros2_ws/install/ros2_ur5_interface/share/ros2_ur5_interface/models/meshes/X2-Y2-Z2-FILLET.stl
[16.043s] -- Installing: /home/ubuntu/ros2_ws/ros2_ws/install/ros2_ur5_interface/share/ros2_ur5_interface/models/meshes/X1-Y1-Z2.stl
[16.043s] -- Installing: /home/ubuntu/ros2_ws/ros2_ws/install/ros2_ur5_interface/share/ros2_ur5_interface/models/meshes/X1-Y2-Z2.stl
[16.044s] -- Installing: /home/ubuntu/ros2_ws/ros2_ws/install/ros2_ur5_interface/share/ros2_ur5_interface/models/meshes/link1.stl
[16.044s] -- Installing: /home/ubuntu/ros2_ws/ros2_ws/install/ros2_ur5_interface/share/ros2_ur5_interface/models/meshes/X1-Y2-Z1.stl
[16.044s] -- Installing: /home/ubuntu/ros2_ws/ros2_ws/install/ros2_ur5_interface/share/ros2_ur5_interface/models/meshes/X1-Y3-Z2-FILLET.stl
[16.045s] -- Installing: /home/ubuntu/ros2_ws/ros2_ws/install/ros2_ur5_interface/share/ros2_ur5_interface/models/meshes/desk.stl
[16.045s] -- Installing: /home/ubuntu/ros2_ws/ros2_ws/install/ros2_ur5_interface/share/ros2_ur5_interface/models/meshes/X1-Y2-Z2-CHAMFER.stl
[16.045s] -- Installing: /home/ubuntu/ros2_ws/ros2_ws/install/ros2_ur5_interface/share/ros2_ur5_interface/models/meshes/base.stl
[16.046s] -- Installing: /home/ubuntu/ros2_ws/ros2_ws/install/ros2_ur5_interface/share/ros2_ur5_interface/rviz
[16.046s] -- Installing: /home/ubuntu/ros2_ws/ros2_ws/install/ros2_ur5_interface/share/ros2_ur5_interface/rviz/ur5.rviz
[16.046s] -- Installing: /home/ubuntu/ros2_ws/ros2_ws/install/ros2_ur5_interface/share/ament_index/resource_index/package_run_dependencies/ros2_ur5_interface
[16.047s] -- Installing: /home/ubuntu/ros2_ws/ros2_ws/install/ros2_ur5_interface/share/ament_index/resource_index/parent_prefix_path/ros2_ur5_interface
[16.047s] -- Installing: /home/ubuntu/ros2_ws/ros2_ws/install/ros2_ur5_interface/share/ros2_ur5_interface/environment/ament_prefix_path.sh
[16.047s] -- Installing: /home/ubuntu/ros2_ws/ros2_ws/install/ros2_ur5_interface/share/ros2_ur5_interface/environment/ament_prefix_path.dsv
[16.047s] -- Installing: /home/ubuntu/ros2_ws/ros2_ws/install/ros2_ur5_interface/share/ros2_ur5_interface/environment/path.sh
[16.047s] -- Installing: /home/ubuntu/ros2_ws/ros2_ws/install/ros2_ur5_interface/share/ros2_ur5_interface/environment/path.dsv
[16.048s] -- Installing: /home/ubuntu/ros2_ws/ros2_ws/install/ros2_ur5_interface/share/ros2_ur5_interface/local_setup.bash
[16.048s] -- Installing: /home/ubuntu/ros2_ws/ros2_ws/install/ros2_ur5_interface/share/ros2_ur5_interface/local_setup.sh
[16.048s] -- Installing: /home/ubuntu/ros2_ws/ros2_ws/install/ros2_ur5_interface/share/ros2_ur5_interface/local_setup.zsh
[16.048s] -- Installing: /home/ubuntu/ros2_ws/ros2_ws/install/ros2_ur5_interface/share/ros2_ur5_interface/local_setup.dsv
[16.048s] -- Installing: /home/ubuntu/ros2_ws/ros2_ws/install/ros2_ur5_interface/share/ros2_ur5_interface/package.dsv
[16.049s] -- Installing: /home/ubuntu/ros2_ws/ros2_ws/install/ros2_ur5_interface/share/ament_index/resource_index/packages/ros2_ur5_interface
[16.049s] -- Installing: /home/ubuntu/ros2_ws/ros2_ws/install/ros2_ur5_interface/share/ros2_ur5_interface/cmake/ros2_ur5_interfaceConfig.cmake
[16.049s] -- Installing: /home/ubuntu/ros2_ws/ros2_ws/install/ros2_ur5_interface/share/ros2_ur5_interface/cmake/ros2_ur5_interfaceConfig-version.cmake
[16.050s] -- Installing: /home/ubuntu/ros2_ws/ros2_ws/install/ros2_ur5_interface/share/ros2_ur5_interface/package.xml
[16.052s] Invoked command in '/home/ubuntu/ros2_ws/ros2_ws/build/ros2_ur5_interface' returned '0': CMAKE_PREFIX_PATH=${CMAKE_PREFIX_PATH}:/opt/ros/jazzy /usr/bin/cmake --install /home/ubuntu/ros2_ws/ros2_ws/build/ros2_ur5_interface
