[0.966s] Invoking command in '/home/ubuntu/ros2_ws/src/planning_pkg': PYTHONPATH=/home/ubuntu/ros2_ws/build/planning_pkg/prefix_override:/usr/lib/python3/dist-packages/colcon_core/task/python/colcon_distutils_commands:/home/ubuntu/ros2_ws/install/planning_pkg/lib/python3.12/site-packages:${PYTHONPATH} /usr/bin/python3 -W ignore:setup.py install is deprecated -W ignore:easy_install command is deprecated setup.py egg_info --egg-base ../../build/planning_pkg build --build-base /home/ubuntu/ros2_ws/build/planning_pkg/build install --record /home/ubuntu/ros2_ws/build/planning_pkg/install.log --single-version-externally-managed install_data
[1.294s] running egg_info
[1.315s] writing ../../build/planning_pkg/planning_pkg.egg-info/PKG-INFO
[1.315s] writing dependency_links to ../../build/planning_pkg/planning_pkg.egg-info/dependency_links.txt
[1.315s] writing entry points to ../../build/planning_pkg/planning_pkg.egg-info/entry_points.txt
[1.315s] writing requirements to ../../build/planning_pkg/planning_pkg.egg-info/requires.txt
[1.315s] writing top-level names to ../../build/planning_pkg/planning_pkg.egg-info/top_level.txt
[1.361s] reading manifest file '../../build/planning_pkg/planning_pkg.egg-info/SOURCES.txt'
[1.362s] writing manifest file '../../build/planning_pkg/planning_pkg.egg-info/SOURCES.txt'
[1.362s] running build
[1.362s] running build_py
[1.362s] running install
[1.368s] running install_lib
[1.389s] running install_data
[1.389s] running install_egg_info
[1.414s] removing '/home/ubuntu/ros2_ws/install/planning_pkg/lib/python3.12/site-packages/planning_pkg-0.0.0-py3.12.egg-info' (and everything under it)
[1.414s] Copying ../../build/planning_pkg/planning_pkg.egg-info to /home/ubuntu/ros2_ws/install/planning_pkg/lib/python3.12/site-packages/planning_pkg-0.0.0-py3.12.egg-info
[1.415s] running install_scripts
[1.559s] Installing planning_node script to /home/ubuntu/ros2_ws/install/planning_pkg/lib/planning_pkg
[1.560s] writing list of installed files to '/home/ubuntu/ros2_ws/build/planning_pkg/install.log'
[1.598s] Invoked command in '/home/ubuntu/ros2_ws/src/planning_pkg' returned '0': PYTHONPATH=/home/ubuntu/ros2_ws/build/planning_pkg/prefix_override:/usr/lib/python3/dist-packages/colcon_core/task/python/colcon_distutils_commands:/home/ubuntu/ros2_ws/install/planning_pkg/lib/python3.12/site-packages:${PYTHONPATH} /usr/bin/python3 -W ignore:setup.py install is deprecated -W ignore:easy_install command is deprecated setup.py egg_info --egg-base ../../build/planning_pkg build --build-base /home/ubuntu/ros2_ws/build/planning_pkg/build install --record /home/ubuntu/ros2_ws/build/planning_pkg/install.log --single-version-externally-managed install_data
