[1.022s] Invoking command in '/home/ubuntu/ros2_ws/src/pose_estimator_pkg': AMENT_PREFIX_PATH=/home/ubuntu/ros2_ws/install/custom_msg_interfaces:${AMENT_PREFIX_PATH} CMAKE_PREFIX_PATH=/home/ubuntu/ros2_ws/install/custom_msg_interfaces:${CMAKE_PREFIX_PATH} LD_LIBRARY_PATH=/home/ubuntu/ros2_ws/install/custom_msg_interfaces/lib:${LD_LIBRARY_PATH} PYTHONPATH=/home/ubuntu/ros2_ws/build/pose_estimator_pkg/prefix_override:/usr/lib/python3/dist-packages/colcon_core/task/python/colcon_distutils_commands:/home/ubuntu/ros2_ws/install/pose_estimator_pkg/lib/python3.12/site-packages:/home/ubuntu/ros2_ws/install/custom_msg_interfaces/lib/python3.12/site-packages:${PYTHONPATH} /usr/bin/python3 -W ignore:setup.py install is deprecated -W ignore:easy_install command is deprecated setup.py egg_info --egg-base ../../build/pose_estimator_pkg build --build-base /home/ubuntu/ros2_ws/build/pose_estimator_pkg/build install --record /home/ubuntu/ros2_ws/build/pose_estimator_pkg/install.log --single-version-externally-managed install_data
[1.318s] running egg_info
[1.341s] writing ../../build/pose_estimator_pkg/pose_estimator_pkg.egg-info/PKG-INFO
[1.341s] writing dependency_links to ../../build/pose_estimator_pkg/pose_estimator_pkg.egg-info/dependency_links.txt
[1.342s] writing entry points to ../../build/pose_estimator_pkg/pose_estimator_pkg.egg-info/entry_points.txt
[1.342s] writing requirements to ../../build/pose_estimator_pkg/pose_estimator_pkg.egg-info/requires.txt
[1.342s] writing top-level names to ../../build/pose_estimator_pkg/pose_estimator_pkg.egg-info/top_level.txt
[1.393s] reading manifest file '../../build/pose_estimator_pkg/pose_estimator_pkg.egg-info/SOURCES.txt'
[1.394s] writing manifest file '../../build/pose_estimator_pkg/pose_estimator_pkg.egg-info/SOURCES.txt'
[1.395s] running build
[1.395s] running build_py
[1.395s] running install
[1.403s] running install_lib
[1.434s] running install_data
[1.434s] running install_egg_info
[1.469s] removing '/home/ubuntu/ros2_ws/install/pose_estimator_pkg/lib/python3.12/site-packages/pose_estimator_pkg-0.0.0-py3.12.egg-info' (and everything under it)
[1.469s] Copying ../../build/pose_estimator_pkg/pose_estimator_pkg.egg-info to /home/ubuntu/ros2_ws/install/pose_estimator_pkg/lib/python3.12/site-packages/pose_estimator_pkg-0.0.0-py3.12.egg-info
[1.471s] running install_scripts
[1.626s] Installing detection_result_republisher script to /home/ubuntu/ros2_ws/install/pose_estimator_pkg/lib/pose_estimator_pkg
[1.626s] Installing icp_pose_estimator_node script to /home/ubuntu/ros2_ws/install/pose_estimator_pkg/lib/pose_estimator_pkg
[1.626s] Installing pt_inference_node script to /home/ubuntu/ros2_ws/install/pose_estimator_pkg/lib/pose_estimator_pkg
[1.626s] Installing visualization_node script to /home/ubuntu/ros2_ws/install/pose_estimator_pkg/lib/pose_estimator_pkg
[1.626s] writing list of installed files to '/home/ubuntu/ros2_ws/build/pose_estimator_pkg/install.log'
[1.665s] Invoked command in '/home/ubuntu/ros2_ws/src/pose_estimator_pkg' returned '0': AMENT_PREFIX_PATH=/home/ubuntu/ros2_ws/install/custom_msg_interfaces:${AMENT_PREFIX_PATH} CMAKE_PREFIX_PATH=/home/ubuntu/ros2_ws/install/custom_msg_interfaces:${CMAKE_PREFIX_PATH} LD_LIBRARY_PATH=/home/ubuntu/ros2_ws/install/custom_msg_interfaces/lib:${LD_LIBRARY_PATH} PYTHONPATH=/home/ubuntu/ros2_ws/build/pose_estimator_pkg/prefix_override:/usr/lib/python3/dist-packages/colcon_core/task/python/colcon_distutils_commands:/home/ubuntu/ros2_ws/install/pose_estimator_pkg/lib/python3.12/site-packages:/home/ubuntu/ros2_ws/install/custom_msg_interfaces/lib/python3.12/site-packages:${PYTHONPATH} /usr/bin/python3 -W ignore:setup.py install is deprecated -W ignore:easy_install command is deprecated setup.py egg_info --egg-base ../../build/pose_estimator_pkg build --build-base /home/ubuntu/ros2_ws/build/pose_estimator_pkg/build install --record /home/ubuntu/ros2_ws/build/pose_estimator_pkg/install.log --single-version-externally-managed install_data
