[0.202s] DEBUG:colcon:Command line arguments: ['/usr/bin/colcon', 'build']
[0.202s] DEBUG:colcon:Parsed command line arguments: Namespace(log_base=None, log_level=None, verb_name='build', build_base='build', install_base='install', merge_install=False, symlink_install=False, test_result_base=None, continue_on_error=False, executor='parallel', parallel_workers=16, event_handlers=None, ignore_user_meta=False, metas=['./colcon.meta'], base_paths=['.'], packages_ignore=None, packages_ignore_regex=None, paths=None, packages_up_to=None, packages_up_to_regex=None, packages_above=None, packages_above_and_dependencies=None, packages_above_depth=None, packages_select_by_dep=None, packages_skip_by_dep=None, packages_skip_up_to=None, packages_select_build_failed=False, packages_skip_build_finished=False, packages_select_test_failures=False, packages_skip_test_passed=False, packages_select=None, packages_skip=None, packages_select_regex=None, packages_skip_regex=None, packages_start=None, packages_end=None, allow_overriding=[], cmake_args=None, cmake_target=None, cmake_target_skip_unavailable=False, cmake_clean_cache=False, cmake_clean_first=False, cmake_force_configure=False, ament_cmake_args=None, catkin_cmake_args=None, catkin_skip_building_tests=False, verb_parser=<colcon_defaults.argument_parser.defaults.DefaultArgumentsDecorator object at 0x7f3a9e483e60>, verb_extension=<colcon_core.verb.build.BuildVerb object at 0x7f3a9e429ac0>, main=<bound method BuildVerb.main of <colcon_core.verb.build.BuildVerb object at 0x7f3a9e429ac0>>)
[0.296s] Level 1:colcon.colcon_core.package_discovery:discover_packages(colcon_meta) check parameters
[0.296s] Level 1:colcon.colcon_core.package_discovery:discover_packages(recursive) check parameters
[0.297s] Level 1:colcon.colcon_core.package_discovery:discover_packages(ignore) check parameters
[0.297s] Level 1:colcon.colcon_core.package_discovery:discover_packages(path) check parameters
[0.297s] Level 1:colcon.colcon_core.package_discovery:discover_packages(colcon_meta) discover
[0.297s] Level 1:colcon.colcon_core.package_discovery:discover_packages(recursive) discover
[0.297s] INFO:colcon.colcon_core.package_discovery:Crawling recursively for packages in '/home/ubuntu/ros2_ws/ros2_ws'
[0.297s] Level 1:colcon.colcon_core.package_identification:_identify(.) by extensions ['ignore', 'ignore_ament_install']
[0.297s] Level 1:colcon.colcon_core.package_identification:_identify(.) by extension 'ignore'
[0.297s] Level 1:colcon.colcon_core.package_identification:_identify(.) by extension 'ignore_ament_install'
[0.297s] Level 1:colcon.colcon_core.package_identification:_identify(.) by extensions ['colcon_pkg']
[0.297s] Level 1:colcon.colcon_core.package_identification:_identify(.) by extension 'colcon_pkg'
[0.298s] Level 1:colcon.colcon_core.package_identification:_identify(.) by extensions ['colcon_meta']
[0.298s] Level 1:colcon.colcon_core.package_identification:_identify(.) by extension 'colcon_meta'
[0.298s] Level 1:colcon.colcon_core.package_identification:_identify(.) by extensions ['ros']
[0.298s] Level 1:colcon.colcon_core.package_identification:_identify(.) by extension 'ros'
[0.343s] Level 1:colcon.colcon_core.package_identification:_identify(.) by extensions ['cmake', 'python']
[0.343s] Level 1:colcon.colcon_core.package_identification:_identify(.) by extension 'cmake'
[0.344s] Level 1:colcon.colcon_core.package_identification:_identify(.) by extension 'python'
[0.344s] Level 1:colcon.colcon_core.package_identification:_identify(.) by extensions ['python_setup_py']
[0.344s] Level 1:colcon.colcon_core.package_identification:_identify(.) by extension 'python_setup_py'
[0.344s] Level 1:colcon.colcon_core.package_identification:_identify(build) by extensions ['ignore', 'ignore_ament_install']
[0.345s] Level 1:colcon.colcon_core.package_identification:_identify(build) by extension 'ignore'
[0.345s] Level 1:colcon.colcon_core.package_identification:_identify(build) ignored
[0.345s] Level 1:colcon.colcon_core.package_identification:_identify(docs) by extensions ['ignore', 'ignore_ament_install']
[0.345s] Level 1:colcon.colcon_core.package_identification:_identify(docs) by extension 'ignore'
[0.346s] Level 1:colcon.colcon_core.package_identification:_identify(docs) by extension 'ignore_ament_install'
[0.346s] Level 1:colcon.colcon_core.package_identification:_identify(docs) by extensions ['colcon_pkg']
[0.346s] Level 1:colcon.colcon_core.package_identification:_identify(docs) by extension 'colcon_pkg'
[0.346s] Level 1:colcon.colcon_core.package_identification:_identify(docs) by extensions ['colcon_meta']
[0.346s] Level 1:colcon.colcon_core.package_identification:_identify(docs) by extension 'colcon_meta'
[0.346s] Level 1:colcon.colcon_core.package_identification:_identify(docs) by extensions ['ros']
[0.346s] Level 1:colcon.colcon_core.package_identification:_identify(docs) by extension 'ros'
[0.346s] Level 1:colcon.colcon_core.package_identification:_identify(docs) by extensions ['cmake', 'python']
[0.346s] Level 1:colcon.colcon_core.package_identification:_identify(docs) by extension 'cmake'
[0.346s] Level 1:colcon.colcon_core.package_identification:_identify(docs) by extension 'python'
[0.346s] Level 1:colcon.colcon_core.package_identification:_identify(docs) by extensions ['python_setup_py']
[0.346s] Level 1:colcon.colcon_core.package_identification:_identify(docs) by extension 'python_setup_py'
[0.347s] Level 1:colcon.colcon_core.package_identification:_identify(docs/html) by extensions ['ignore', 'ignore_ament_install']
[0.347s] Level 1:colcon.colcon_core.package_identification:_identify(docs/html) by extension 'ignore'
[0.347s] Level 1:colcon.colcon_core.package_identification:_identify(docs/html) by extension 'ignore_ament_install'
[0.347s] Level 1:colcon.colcon_core.package_identification:_identify(docs/html) by extensions ['colcon_pkg']
[0.347s] Level 1:colcon.colcon_core.package_identification:_identify(docs/html) by extension 'colcon_pkg'
[0.347s] Level 1:colcon.colcon_core.package_identification:_identify(docs/html) by extensions ['colcon_meta']
[0.347s] Level 1:colcon.colcon_core.package_identification:_identify(docs/html) by extension 'colcon_meta'
[0.347s] Level 1:colcon.colcon_core.package_identification:_identify(docs/html) by extensions ['ros']
[0.347s] Level 1:colcon.colcon_core.package_identification:_identify(docs/html) by extension 'ros'
[0.347s] Level 1:colcon.colcon_core.package_identification:_identify(docs/html) by extensions ['cmake', 'python']
[0.347s] Level 1:colcon.colcon_core.package_identification:_identify(docs/html) by extension 'cmake'
[0.347s] Level 1:colcon.colcon_core.package_identification:_identify(docs/html) by extension 'python'
[0.347s] Level 1:colcon.colcon_core.package_identification:_identify(docs/html) by extensions ['python_setup_py']
[0.347s] Level 1:colcon.colcon_core.package_identification:_identify(docs/html) by extension 'python_setup_py'
[0.348s] Level 1:colcon.colcon_core.package_identification:_identify(docs/html/search) by extensions ['ignore', 'ignore_ament_install']
[0.348s] Level 1:colcon.colcon_core.package_identification:_identify(docs/html/search) by extension 'ignore'
[0.348s] Level 1:colcon.colcon_core.package_identification:_identify(docs/html/search) by extension 'ignore_ament_install'
[0.348s] Level 1:colcon.colcon_core.package_identification:_identify(docs/html/search) by extensions ['colcon_pkg']
[0.348s] Level 1:colcon.colcon_core.package_identification:_identify(docs/html/search) by extension 'colcon_pkg'
[0.348s] Level 1:colcon.colcon_core.package_identification:_identify(docs/html/search) by extensions ['colcon_meta']
[0.348s] Level 1:colcon.colcon_core.package_identification:_identify(docs/html/search) by extension 'colcon_meta'
[0.348s] Level 1:colcon.colcon_core.package_identification:_identify(docs/html/search) by extensions ['ros']
[0.348s] Level 1:colcon.colcon_core.package_identification:_identify(docs/html/search) by extension 'ros'
[0.348s] Level 1:colcon.colcon_core.package_identification:_identify(docs/html/search) by extensions ['cmake', 'python']
[0.348s] Level 1:colcon.colcon_core.package_identification:_identify(docs/html/search) by extension 'cmake'
[0.348s] Level 1:colcon.colcon_core.package_identification:_identify(docs/html/search) by extension 'python'
[0.348s] Level 1:colcon.colcon_core.package_identification:_identify(docs/html/search) by extensions ['python_setup_py']
[0.348s] Level 1:colcon.colcon_core.package_identification:_identify(docs/html/search) by extension 'python_setup_py'
[0.348s] Level 1:colcon.colcon_core.package_identification:_identify(install) by extensions ['ignore', 'ignore_ament_install']
[0.349s] Level 1:colcon.colcon_core.package_identification:_identify(install) by extension 'ignore'
[0.349s] Level 1:colcon.colcon_core.package_identification:_identify(install) ignored
[0.349s] Level 1:colcon.colcon_core.package_identification:_identify(log) by extensions ['ignore', 'ignore_ament_install']
[0.349s] Level 1:colcon.colcon_core.package_identification:_identify(log) by extension 'ignore'
[0.349s] Level 1:colcon.colcon_core.package_identification:_identify(log) ignored
[0.349s] Level 1:colcon.colcon_core.package_identification:_identify(ros2_ws) by extensions ['ignore', 'ignore_ament_install']
[0.349s] Level 1:colcon.colcon_core.package_identification:_identify(ros2_ws) by extension 'ignore'
[0.349s] Level 1:colcon.colcon_core.package_identification:_identify(ros2_ws) by extension 'ignore_ament_install'
[0.349s] Level 1:colcon.colcon_core.package_identification:_identify(ros2_ws) by extensions ['colcon_pkg']
[0.349s] Level 1:colcon.colcon_core.package_identification:_identify(ros2_ws) by extension 'colcon_pkg'
[0.349s] Level 1:colcon.colcon_core.package_identification:_identify(ros2_ws) by extensions ['colcon_meta']
[0.349s] Level 1:colcon.colcon_core.package_identification:_identify(ros2_ws) by extension 'colcon_meta'
[0.349s] Level 1:colcon.colcon_core.package_identification:_identify(ros2_ws) by extensions ['ros']
[0.349s] Level 1:colcon.colcon_core.package_identification:_identify(ros2_ws) by extension 'ros'
[0.349s] Level 1:colcon.colcon_core.package_identification:_identify(ros2_ws) by extensions ['cmake', 'python']
[0.349s] Level 1:colcon.colcon_core.package_identification:_identify(ros2_ws) by extension 'cmake'
[0.349s] Level 1:colcon.colcon_core.package_identification:_identify(ros2_ws) by extension 'python'
[0.349s] Level 1:colcon.colcon_core.package_identification:_identify(ros2_ws) by extensions ['python_setup_py']
[0.349s] Level 1:colcon.colcon_core.package_identification:_identify(ros2_ws) by extension 'python_setup_py'
[0.350s] Level 1:colcon.colcon_core.package_identification:_identify(ros2_ws/build) by extensions ['ignore', 'ignore_ament_install']
[0.350s] Level 1:colcon.colcon_core.package_identification:_identify(ros2_ws/build) by extension 'ignore'
[0.350s] Level 1:colcon.colcon_core.package_identification:_identify(ros2_ws/build) ignored
[0.350s] Level 1:colcon.colcon_core.package_identification:_identify(ros2_ws/install) by extensions ['ignore', 'ignore_ament_install']
[0.350s] Level 1:colcon.colcon_core.package_identification:_identify(ros2_ws/install) by extension 'ignore'
[0.350s] Level 1:colcon.colcon_core.package_identification:_identify(ros2_ws/install) ignored
[0.350s] Level 1:colcon.colcon_core.package_identification:_identify(ros2_ws/log) by extensions ['ignore', 'ignore_ament_install']
[0.350s] Level 1:colcon.colcon_core.package_identification:_identify(ros2_ws/log) by extension 'ignore'
[0.350s] Level 1:colcon.colcon_core.package_identification:_identify(ros2_ws/log) ignored
[0.350s] Level 1:colcon.colcon_core.package_identification:_identify(ros2_ws/src) by extensions ['ignore', 'ignore_ament_install']
[0.350s] Level 1:colcon.colcon_core.package_identification:_identify(ros2_ws/src) by extension 'ignore'
[0.350s] Level 1:colcon.colcon_core.package_identification:_identify(ros2_ws/src) by extension 'ignore_ament_install'
[0.350s] Level 1:colcon.colcon_core.package_identification:_identify(ros2_ws/src) by extensions ['colcon_pkg']
[0.350s] Level 1:colcon.colcon_core.package_identification:_identify(ros2_ws/src) by extension 'colcon_pkg'
[0.350s] Level 1:colcon.colcon_core.package_identification:_identify(ros2_ws/src) by extensions ['colcon_meta']
[0.350s] Level 1:colcon.colcon_core.package_identification:_identify(ros2_ws/src) by extension 'colcon_meta'
[0.350s] Level 1:colcon.colcon_core.package_identification:_identify(ros2_ws/src) by extensions ['ros']
[0.351s] Level 1:colcon.colcon_core.package_identification:_identify(ros2_ws/src) by extension 'ros'
[0.351s] Level 1:colcon.colcon_core.package_identification:_identify(ros2_ws/src) by extensions ['cmake', 'python']
[0.351s] Level 1:colcon.colcon_core.package_identification:_identify(ros2_ws/src) by extension 'cmake'
[0.351s] Level 1:colcon.colcon_core.package_identification:_identify(ros2_ws/src) by extension 'python'
[0.351s] Level 1:colcon.colcon_core.package_identification:_identify(ros2_ws/src) by extensions ['python_setup_py']
[0.351s] Level 1:colcon.colcon_core.package_identification:_identify(ros2_ws/src) by extension 'python_setup_py'
[0.351s] Level 1:colcon.colcon_core.package_identification:_identify(ros2_ws/src/collision_detection_pkg) by extensions ['ignore', 'ignore_ament_install']
[0.351s] Level 1:colcon.colcon_core.package_identification:_identify(ros2_ws/src/collision_detection_pkg) by extension 'ignore'
[0.351s] Level 1:colcon.colcon_core.package_identification:_identify(ros2_ws/src/collision_detection_pkg) by extension 'ignore_ament_install'
[0.351s] Level 1:colcon.colcon_core.package_identification:_identify(ros2_ws/src/collision_detection_pkg) by extensions ['colcon_pkg']
[0.351s] Level 1:colcon.colcon_core.package_identification:_identify(ros2_ws/src/collision_detection_pkg) by extension 'colcon_pkg'
[0.351s] Level 1:colcon.colcon_core.package_identification:_identify(ros2_ws/src/collision_detection_pkg) by extensions ['colcon_meta']
[0.351s] Level 1:colcon.colcon_core.package_identification:_identify(ros2_ws/src/collision_detection_pkg) by extension 'colcon_meta'
[0.351s] Level 1:colcon.colcon_core.package_identification:_identify(ros2_ws/src/collision_detection_pkg) by extensions ['ros']
[0.351s] Level 1:colcon.colcon_core.package_identification:_identify(ros2_ws/src/collision_detection_pkg) by extension 'ros'
[0.357s] DEBUG:colcon.colcon_core.package_identification:Package 'ros2_ws/src/collision_detection_pkg' with type 'ros.ament_cmake' and name 'collision_detection_pkg'
[0.357s] Level 1:colcon.colcon_core.package_identification:_identify(ros2_ws/src/custom_msg_interfaces) by extensions ['ignore', 'ignore_ament_install']
[0.358s] Level 1:colcon.colcon_core.package_identification:_identify(ros2_ws/src/custom_msg_interfaces) by extension 'ignore'
[0.358s] Level 1:colcon.colcon_core.package_identification:_identify(ros2_ws/src/custom_msg_interfaces) by extension 'ignore_ament_install'
[0.358s] Level 1:colcon.colcon_core.package_identification:_identify(ros2_ws/src/custom_msg_interfaces) by extensions ['colcon_pkg']
[0.358s] Level 1:colcon.colcon_core.package_identification:_identify(ros2_ws/src/custom_msg_interfaces) by extension 'colcon_pkg'
[0.358s] Level 1:colcon.colcon_core.package_identification:_identify(ros2_ws/src/custom_msg_interfaces) by extensions ['colcon_meta']
[0.358s] Level 1:colcon.colcon_core.package_identification:_identify(ros2_ws/src/custom_msg_interfaces) by extension 'colcon_meta'
[0.358s] Level 1:colcon.colcon_core.package_identification:_identify(ros2_ws/src/custom_msg_interfaces) by extensions ['ros']
[0.358s] Level 1:colcon.colcon_core.package_identification:_identify(ros2_ws/src/custom_msg_interfaces) by extension 'ros'
[0.359s] DEBUG:colcon.colcon_core.package_identification:Package 'ros2_ws/src/custom_msg_interfaces' with type 'ros.ament_cmake' and name 'custom_msg_interfaces'
[0.359s] Level 1:colcon.colcon_core.package_identification:_identify(ros2_ws/src/motion) by extensions ['ignore', 'ignore_ament_install']
[0.359s] Level 1:colcon.colcon_core.package_identification:_identify(ros2_ws/src/motion) by extension 'ignore'
[0.359s] Level 1:colcon.colcon_core.package_identification:_identify(ros2_ws/src/motion) by extension 'ignore_ament_install'
[0.359s] Level 1:colcon.colcon_core.package_identification:_identify(ros2_ws/src/motion) by extensions ['colcon_pkg']
[0.359s] Level 1:colcon.colcon_core.package_identification:_identify(ros2_ws/src/motion) by extension 'colcon_pkg'
[0.359s] Level 1:colcon.colcon_core.package_identification:_identify(ros2_ws/src/motion) by extensions ['colcon_meta']
[0.359s] Level 1:colcon.colcon_core.package_identification:_identify(ros2_ws/src/motion) by extension 'colcon_meta'
[0.359s] Level 1:colcon.colcon_core.package_identification:_identify(ros2_ws/src/motion) by extensions ['ros']
[0.360s] Level 1:colcon.colcon_core.package_identification:_identify(ros2_ws/src/motion) by extension 'ros'
[0.361s] DEBUG:colcon.colcon_core.package_identification:Package 'ros2_ws/src/motion' with type 'ros.ament_cmake' and name 'motion'
[0.362s] Level 1:colcon.colcon_core.package_identification:_identify(ros2_ws/src/planning_pkg) by extensions ['ignore', 'ignore_ament_install']
[0.362s] Level 1:colcon.colcon_core.package_identification:_identify(ros2_ws/src/planning_pkg) by extension 'ignore'
[0.363s] Level 1:colcon.colcon_core.package_identification:_identify(ros2_ws/src/planning_pkg) by extension 'ignore_ament_install'
[0.363s] Level 1:colcon.colcon_core.package_identification:_identify(ros2_ws/src/planning_pkg) by extensions ['colcon_pkg']
[0.363s] Level 1:colcon.colcon_core.package_identification:_identify(ros2_ws/src/planning_pkg) by extension 'colcon_pkg'
[0.363s] Level 1:colcon.colcon_core.package_identification:_identify(ros2_ws/src/planning_pkg) by extensions ['colcon_meta']
[0.363s] Level 1:colcon.colcon_core.package_identification:_identify(ros2_ws/src/planning_pkg) by extension 'colcon_meta'
[0.363s] Level 1:colcon.colcon_core.package_identification:_identify(ros2_ws/src/planning_pkg) by extensions ['ros']
[0.363s] Level 1:colcon.colcon_core.package_identification:_identify(ros2_ws/src/planning_pkg) by extension 'ros'
[0.364s] DEBUG:colcon.colcon_core.package_identification:Package 'ros2_ws/src/planning_pkg' with type 'ros.ament_python' and name 'planning_pkg'
[0.365s] Level 1:colcon.colcon_core.package_identification:_identify(ros2_ws/src/pose_estimator_pkg) by extensions ['ignore', 'ignore_ament_install']
[0.365s] Level 1:colcon.colcon_core.package_identification:_identify(ros2_ws/src/pose_estimator_pkg) by extension 'ignore'
[0.365s] Level 1:colcon.colcon_core.package_identification:_identify(ros2_ws/src/pose_estimator_pkg) by extension 'ignore_ament_install'
[0.365s] Level 1:colcon.colcon_core.package_identification:_identify(ros2_ws/src/pose_estimator_pkg) by extensions ['colcon_pkg']
[0.365s] Level 1:colcon.colcon_core.package_identification:_identify(ros2_ws/src/pose_estimator_pkg) by extension 'colcon_pkg'
[0.365s] Level 1:colcon.colcon_core.package_identification:_identify(ros2_ws/src/pose_estimator_pkg) by extensions ['colcon_meta']
[0.365s] Level 1:colcon.colcon_core.package_identification:_identify(ros2_ws/src/pose_estimator_pkg) by extension 'colcon_meta'
[0.365s] Level 1:colcon.colcon_core.package_identification:_identify(ros2_ws/src/pose_estimator_pkg) by extensions ['ros']
[0.365s] Level 1:colcon.colcon_core.package_identification:_identify(ros2_ws/src/pose_estimator_pkg) by extension 'ros'
[0.366s] DEBUG:colcon.colcon_core.package_identification:Package 'ros2_ws/src/pose_estimator_pkg' with type 'ros.ament_python' and name 'pose_estimator_pkg'
[0.366s] Level 1:colcon.colcon_core.package_identification:_identify(ros2_ws/src/ros2_ur5_interface) by extensions ['ignore', 'ignore_ament_install']
[0.366s] Level 1:colcon.colcon_core.package_identification:_identify(ros2_ws/src/ros2_ur5_interface) by extension 'ignore'
[0.366s] Level 1:colcon.colcon_core.package_identification:_identify(ros2_ws/src/ros2_ur5_interface) by extension 'ignore_ament_install'
[0.366s] Level 1:colcon.colcon_core.package_identification:_identify(ros2_ws/src/ros2_ur5_interface) by extensions ['colcon_pkg']
[0.366s] Level 1:colcon.colcon_core.package_identification:_identify(ros2_ws/src/ros2_ur5_interface) by extension 'colcon_pkg'
[0.366s] Level 1:colcon.colcon_core.package_identification:_identify(ros2_ws/src/ros2_ur5_interface) by extensions ['colcon_meta']
[0.366s] Level 1:colcon.colcon_core.package_identification:_identify(ros2_ws/src/ros2_ur5_interface) by extension 'colcon_meta'
[0.366s] Level 1:colcon.colcon_core.package_identification:_identify(ros2_ws/src/ros2_ur5_interface) by extensions ['ros']
[0.366s] Level 1:colcon.colcon_core.package_identification:_identify(ros2_ws/src/ros2_ur5_interface) by extension 'ros'
[0.367s] DEBUG:colcon.colcon_core.package_identification:Package 'ros2_ws/src/ros2_ur5_interface' with type 'ros.ament_cmake' and name 'ros2_ur5_interface'
[0.367s] Level 1:colcon.colcon_core.package_identification:_identify(ros2_ws/src/start_simulation) by extensions ['ignore', 'ignore_ament_install']
[0.367s] Level 1:colcon.colcon_core.package_identification:_identify(ros2_ws/src/start_simulation) by extension 'ignore'
[0.368s] Level 1:colcon.colcon_core.package_identification:_identify(ros2_ws/src/start_simulation) by extension 'ignore_ament_install'
[0.368s] Level 1:colcon.colcon_core.package_identification:_identify(ros2_ws/src/start_simulation) by extensions ['colcon_pkg']
[0.368s] Level 1:colcon.colcon_core.package_identification:_identify(ros2_ws/src/start_simulation) by extension 'colcon_pkg'
[0.368s] Level 1:colcon.colcon_core.package_identification:_identify(ros2_ws/src/start_simulation) by extensions ['colcon_meta']
[0.368s] Level 1:colcon.colcon_core.package_identification:_identify(ros2_ws/src/start_simulation) by extension 'colcon_meta'
[0.368s] Level 1:colcon.colcon_core.package_identification:_identify(ros2_ws/src/start_simulation) by extensions ['ros']
[0.368s] Level 1:colcon.colcon_core.package_identification:_identify(ros2_ws/src/start_simulation) by extension 'ros'
[0.369s] DEBUG:colcon.colcon_core.package_identification:Package 'ros2_ws/src/start_simulation' with type 'ros.ament_python' and name 'start_simulation'
[0.369s] Level 1:colcon.colcon_core.package_discovery:discover_packages(recursive) using defaults
[0.369s] Level 1:colcon.colcon_core.package_discovery:discover_packages(ignore) discover
[0.369s] Level 1:colcon.colcon_core.package_discovery:discover_packages(ignore) using defaults
[0.369s] Level 1:colcon.colcon_core.package_discovery:discover_packages(path) discover
[0.369s] Level 1:colcon.colcon_core.package_discovery:discover_packages(path) using defaults
[0.403s] Level 1:colcon.colcon_core.package_discovery:discover_packages(prefix_path) check parameters
[0.403s] Level 1:colcon.colcon_core.package_discovery:discover_packages(prefix_path) discover
[0.406s] DEBUG:colcon.colcon_installed_package_information.package_discovery:Found 9 installed packages in /home/ubuntu/ros2_ws/ros2_ws/install
[0.408s] DEBUG:colcon.colcon_installed_package_information.package_discovery:Found 364 installed packages in /opt/ros/jazzy
[0.410s] Level 1:colcon.colcon_core.package_discovery:discover_packages(prefix_path) using defaults
[0.476s] WARNING:colcon.colcon_core.package_selection:Some selected packages are already built in one or more underlay workspaces:
	'collision_detection_pkg' is in: /home/ubuntu/ros2_ws/ros2_ws/install/collision_detection_pkg
	'planning_pkg' is in: /home/ubuntu/ros2_ws/ros2_ws/install/planning_pkg
	'ros2_ur5_interface' is in: /home/ubuntu/ros2_ws/ros2_ws/install/ros2_ur5_interface
	'custom_msg_interfaces' is in: /home/ubuntu/ros2_ws/ros2_ws/install/custom_msg_interfaces
	'pose_estimator_pkg' is in: /home/ubuntu/ros2_ws/ros2_ws/install/pose_estimator_pkg
If a package in a merged underlay workspace is overridden and it installs headers, then all packages in the overlay must sort their include directories by workspace order. Failure to do so may result in build failures or undefined behavior at run time.
If the overridden package is used by another package in any underlay, then the overriding package in the overlay must be API and ABI compatible or undefined behavior at run time may occur.

If you understand the risks and want to override a package anyways, add the following to the command line:
	--allow-overriding collision_detection_pkg custom_msg_interfaces planning_pkg pose_estimator_pkg ros2_ur5_interface

This may be promoted to an error in a future release of colcon-override-check.
[0.477s] Level 5:colcon.colcon_core.verb:set package 'collision_detection_pkg' build argument 'cmake_args' from command line to 'None'
[0.477s] Level 5:colcon.colcon_core.verb:set package 'collision_detection_pkg' build argument 'cmake_target' from command line to 'None'
[0.477s] Level 5:colcon.colcon_core.verb:set package 'collision_detection_pkg' build argument 'cmake_target_skip_unavailable' from command line to 'False'
[0.477s] Level 5:colcon.colcon_core.verb:set package 'collision_detection_pkg' build argument 'cmake_clean_cache' from command line to 'False'
[0.478s] Level 5:colcon.colcon_core.verb:set package 'collision_detection_pkg' build argument 'cmake_clean_first' from command line to 'False'
[0.478s] Level 5:colcon.colcon_core.verb:set package 'collision_detection_pkg' build argument 'cmake_force_configure' from command line to 'False'
[0.478s] Level 5:colcon.colcon_core.verb:set package 'collision_detection_pkg' build argument 'ament_cmake_args' from command line to 'None'
[0.478s] Level 5:colcon.colcon_core.verb:set package 'collision_detection_pkg' build argument 'catkin_cmake_args' from command line to 'None'
[0.478s] Level 5:colcon.colcon_core.verb:set package 'collision_detection_pkg' build argument 'catkin_skip_building_tests' from command line to 'False'
[0.478s] DEBUG:colcon.colcon_core.verb:Building package 'collision_detection_pkg' with the following arguments: {'ament_cmake_args': None, 'build_base': '/home/ubuntu/ros2_ws/ros2_ws/build/collision_detection_pkg', 'catkin_cmake_args': None, 'catkin_skip_building_tests': False, 'cmake_args': None, 'cmake_clean_cache': False, 'cmake_clean_first': False, 'cmake_force_configure': False, 'cmake_target': None, 'cmake_target_skip_unavailable': False, 'install_base': '/home/ubuntu/ros2_ws/ros2_ws/install/collision_detection_pkg', 'merge_install': False, 'path': '/home/ubuntu/ros2_ws/ros2_ws/ros2_ws/src/collision_detection_pkg', 'symlink_install': False, 'test_result_base': None}
[0.478s] Level 5:colcon.colcon_core.verb:set package 'custom_msg_interfaces' build argument 'cmake_args' from command line to 'None'
[0.478s] Level 5:colcon.colcon_core.verb:set package 'custom_msg_interfaces' build argument 'cmake_target' from command line to 'None'
[0.478s] Level 5:colcon.colcon_core.verb:set package 'custom_msg_interfaces' build argument 'cmake_target_skip_unavailable' from command line to 'False'
[0.478s] Level 5:colcon.colcon_core.verb:set package 'custom_msg_interfaces' build argument 'cmake_clean_cache' from command line to 'False'
[0.478s] Level 5:colcon.colcon_core.verb:set package 'custom_msg_interfaces' build argument 'cmake_clean_first' from command line to 'False'
[0.478s] Level 5:colcon.colcon_core.verb:set package 'custom_msg_interfaces' build argument 'cmake_force_configure' from command line to 'False'
[0.478s] Level 5:colcon.colcon_core.verb:set package 'custom_msg_interfaces' build argument 'ament_cmake_args' from command line to 'None'
[0.478s] Level 5:colcon.colcon_core.verb:set package 'custom_msg_interfaces' build argument 'catkin_cmake_args' from command line to 'None'
[0.478s] Level 5:colcon.colcon_core.verb:set package 'custom_msg_interfaces' build argument 'catkin_skip_building_tests' from command line to 'False'
[0.478s] DEBUG:colcon.colcon_core.verb:Building package 'custom_msg_interfaces' with the following arguments: {'ament_cmake_args': None, 'build_base': '/home/ubuntu/ros2_ws/ros2_ws/build/custom_msg_interfaces', 'catkin_cmake_args': None, 'catkin_skip_building_tests': False, 'cmake_args': None, 'cmake_clean_cache': False, 'cmake_clean_first': False, 'cmake_force_configure': False, 'cmake_target': None, 'cmake_target_skip_unavailable': False, 'install_base': '/home/ubuntu/ros2_ws/ros2_ws/install/custom_msg_interfaces', 'merge_install': False, 'path': '/home/ubuntu/ros2_ws/ros2_ws/ros2_ws/src/custom_msg_interfaces', 'symlink_install': False, 'test_result_base': None}
[0.478s] Level 5:colcon.colcon_core.verb:set package 'ros2_ur5_interface' build argument 'cmake_args' from command line to 'None'
[0.479s] Level 5:colcon.colcon_core.verb:set package 'ros2_ur5_interface' build argument 'cmake_target' from command line to 'None'
[0.479s] Level 5:colcon.colcon_core.verb:set package 'ros2_ur5_interface' build argument 'cmake_target_skip_unavailable' from command line to 'False'
[0.479s] Level 5:colcon.colcon_core.verb:set package 'ros2_ur5_interface' build argument 'cmake_clean_cache' from command line to 'False'
[0.479s] Level 5:colcon.colcon_core.verb:set package 'ros2_ur5_interface' build argument 'cmake_clean_first' from command line to 'False'
[0.479s] Level 5:colcon.colcon_core.verb:set package 'ros2_ur5_interface' build argument 'cmake_force_configure' from command line to 'False'
[0.479s] Level 5:colcon.colcon_core.verb:set package 'ros2_ur5_interface' build argument 'ament_cmake_args' from command line to 'None'
[0.479s] Level 5:colcon.colcon_core.verb:set package 'ros2_ur5_interface' build argument 'catkin_cmake_args' from command line to 'None'
[0.479s] Level 5:colcon.colcon_core.verb:set package 'ros2_ur5_interface' build argument 'catkin_skip_building_tests' from command line to 'False'
[0.479s] DEBUG:colcon.colcon_core.verb:Building package 'ros2_ur5_interface' with the following arguments: {'ament_cmake_args': None, 'build_base': '/home/ubuntu/ros2_ws/ros2_ws/build/ros2_ur5_interface', 'catkin_cmake_args': None, 'catkin_skip_building_tests': False, 'cmake_args': None, 'cmake_clean_cache': False, 'cmake_clean_first': False, 'cmake_force_configure': False, 'cmake_target': None, 'cmake_target_skip_unavailable': False, 'install_base': '/home/ubuntu/ros2_ws/ros2_ws/install/ros2_ur5_interface', 'merge_install': False, 'path': '/home/ubuntu/ros2_ws/ros2_ws/ros2_ws/src/ros2_ur5_interface', 'symlink_install': False, 'test_result_base': None}
[0.479s] Level 5:colcon.colcon_core.verb:set package 'motion' build argument 'cmake_args' from command line to 'None'
[0.479s] Level 5:colcon.colcon_core.verb:set package 'motion' build argument 'cmake_target' from command line to 'None'
[0.479s] Level 5:colcon.colcon_core.verb:set package 'motion' build argument 'cmake_target_skip_unavailable' from command line to 'False'
[0.479s] Level 5:colcon.colcon_core.verb:set package 'motion' build argument 'cmake_clean_cache' from command line to 'False'
[0.479s] Level 5:colcon.colcon_core.verb:set package 'motion' build argument 'cmake_clean_first' from command line to 'False'
[0.479s] Level 5:colcon.colcon_core.verb:set package 'motion' build argument 'cmake_force_configure' from command line to 'False'
[0.479s] Level 5:colcon.colcon_core.verb:set package 'motion' build argument 'ament_cmake_args' from command line to 'None'
[0.479s] Level 5:colcon.colcon_core.verb:set package 'motion' build argument 'catkin_cmake_args' from command line to 'None'
[0.479s] Level 5:colcon.colcon_core.verb:set package 'motion' build argument 'catkin_skip_building_tests' from command line to 'False'
[0.479s] DEBUG:colcon.colcon_core.verb:Building package 'motion' with the following arguments: {'ament_cmake_args': None, 'build_base': '/home/ubuntu/ros2_ws/ros2_ws/build/motion', 'catkin_cmake_args': None, 'catkin_skip_building_tests': False, 'cmake_args': None, 'cmake_clean_cache': False, 'cmake_clean_first': False, 'cmake_force_configure': False, 'cmake_target': None, 'cmake_target_skip_unavailable': False, 'install_base': '/home/ubuntu/ros2_ws/ros2_ws/install/motion', 'merge_install': False, 'path': '/home/ubuntu/ros2_ws/ros2_ws/ros2_ws/src/motion', 'symlink_install': False, 'test_result_base': None}
[0.479s] Level 5:colcon.colcon_core.verb:set package 'planning_pkg' build argument 'cmake_args' from command line to 'None'
[0.479s] Level 5:colcon.colcon_core.verb:set package 'planning_pkg' build argument 'cmake_target' from command line to 'None'
[0.479s] Level 5:colcon.colcon_core.verb:set package 'planning_pkg' build argument 'cmake_target_skip_unavailable' from command line to 'False'
[0.479s] Level 5:colcon.colcon_core.verb:set package 'planning_pkg' build argument 'cmake_clean_cache' from command line to 'False'
[0.480s] Level 5:colcon.colcon_core.verb:set package 'planning_pkg' build argument 'cmake_clean_first' from command line to 'False'
[0.480s] Level 5:colcon.colcon_core.verb:set package 'planning_pkg' build argument 'cmake_force_configure' from command line to 'False'
[0.480s] Level 5:colcon.colcon_core.verb:set package 'planning_pkg' build argument 'ament_cmake_args' from command line to 'None'
[0.480s] Level 5:colcon.colcon_core.verb:set package 'planning_pkg' build argument 'catkin_cmake_args' from command line to 'None'
[0.480s] Level 5:colcon.colcon_core.verb:set package 'planning_pkg' build argument 'catkin_skip_building_tests' from command line to 'False'
[0.480s] DEBUG:colcon.colcon_core.verb:Building package 'planning_pkg' with the following arguments: {'ament_cmake_args': None, 'build_base': '/home/ubuntu/ros2_ws/ros2_ws/build/planning_pkg', 'catkin_cmake_args': None, 'catkin_skip_building_tests': False, 'cmake_args': None, 'cmake_clean_cache': False, 'cmake_clean_first': False, 'cmake_force_configure': False, 'cmake_target': None, 'cmake_target_skip_unavailable': False, 'install_base': '/home/ubuntu/ros2_ws/ros2_ws/install/planning_pkg', 'merge_install': False, 'path': '/home/ubuntu/ros2_ws/ros2_ws/ros2_ws/src/planning_pkg', 'symlink_install': False, 'test_result_base': None}
[0.480s] Level 5:colcon.colcon_core.verb:set package 'pose_estimator_pkg' build argument 'cmake_args' from command line to 'None'
[0.480s] Level 5:colcon.colcon_core.verb:set package 'pose_estimator_pkg' build argument 'cmake_target' from command line to 'None'
[0.480s] Level 5:colcon.colcon_core.verb:set package 'pose_estimator_pkg' build argument 'cmake_target_skip_unavailable' from command line to 'False'
[0.480s] Level 5:colcon.colcon_core.verb:set package 'pose_estimator_pkg' build argument 'cmake_clean_cache' from command line to 'False'
[0.480s] Level 5:colcon.colcon_core.verb:set package 'pose_estimator_pkg' build argument 'cmake_clean_first' from command line to 'False'
[0.480s] Level 5:colcon.colcon_core.verb:set package 'pose_estimator_pkg' build argument 'cmake_force_configure' from command line to 'False'
[0.480s] Level 5:colcon.colcon_core.verb:set package 'pose_estimator_pkg' build argument 'ament_cmake_args' from command line to 'None'
[0.480s] Level 5:colcon.colcon_core.verb:set package 'pose_estimator_pkg' build argument 'catkin_cmake_args' from command line to 'None'
[0.480s] Level 5:colcon.colcon_core.verb:set package 'pose_estimator_pkg' build argument 'catkin_skip_building_tests' from command line to 'False'
[0.480s] DEBUG:colcon.colcon_core.verb:Building package 'pose_estimator_pkg' with the following arguments: {'ament_cmake_args': None, 'build_base': '/home/ubuntu/ros2_ws/ros2_ws/build/pose_estimator_pkg', 'catkin_cmake_args': None, 'catkin_skip_building_tests': False, 'cmake_args': None, 'cmake_clean_cache': False, 'cmake_clean_first': False, 'cmake_force_configure': False, 'cmake_target': None, 'cmake_target_skip_unavailable': False, 'install_base': '/home/ubuntu/ros2_ws/ros2_ws/install/pose_estimator_pkg', 'merge_install': False, 'path': '/home/ubuntu/ros2_ws/ros2_ws/ros2_ws/src/pose_estimator_pkg', 'symlink_install': False, 'test_result_base': None}
[0.481s] Level 5:colcon.colcon_core.verb:set package 'start_simulation' build argument 'cmake_args' from command line to 'None'
[0.481s] Level 5:colcon.colcon_core.verb:set package 'start_simulation' build argument 'cmake_target' from command line to 'None'
[0.481s] Level 5:colcon.colcon_core.verb:set package 'start_simulation' build argument 'cmake_target_skip_unavailable' from command line to 'False'
[0.481s] Level 5:colcon.colcon_core.verb:set package 'start_simulation' build argument 'cmake_clean_cache' from command line to 'False'
[0.481s] Level 5:colcon.colcon_core.verb:set package 'start_simulation' build argument 'cmake_clean_first' from command line to 'False'
[0.481s] Level 5:colcon.colcon_core.verb:set package 'start_simulation' build argument 'cmake_force_configure' from command line to 'False'
[0.481s] Level 5:colcon.colcon_core.verb:set package 'start_simulation' build argument 'ament_cmake_args' from command line to 'None'
[0.481s] Level 5:colcon.colcon_core.verb:set package 'start_simulation' build argument 'catkin_cmake_args' from command line to 'None'
[0.481s] Level 5:colcon.colcon_core.verb:set package 'start_simulation' build argument 'catkin_skip_building_tests' from command line to 'False'
[0.481s] DEBUG:colcon.colcon_core.verb:Building package 'start_simulation' with the following arguments: {'ament_cmake_args': None, 'build_base': '/home/ubuntu/ros2_ws/ros2_ws/build/start_simulation', 'catkin_cmake_args': None, 'catkin_skip_building_tests': False, 'cmake_args': None, 'cmake_clean_cache': False, 'cmake_clean_first': False, 'cmake_force_configure': False, 'cmake_target': None, 'cmake_target_skip_unavailable': False, 'install_base': '/home/ubuntu/ros2_ws/ros2_ws/install/start_simulation', 'merge_install': False, 'path': '/home/ubuntu/ros2_ws/ros2_ws/ros2_ws/src/start_simulation', 'symlink_install': False, 'test_result_base': None}
[0.481s] INFO:colcon.colcon_core.executor:Executing jobs using 'parallel' executor
[0.483s] DEBUG:colcon.colcon_parallel_executor.executor.parallel:run_until_complete
[0.483s] INFO:colcon.colcon_ros.task.ament_cmake.build:Building ROS package in '/home/ubuntu/ros2_ws/ros2_ws/ros2_ws/src/custom_msg_interfaces' with build type 'ament_cmake'
[0.483s] INFO:colcon.colcon_cmake.task.cmake.build:Building CMake package in '/home/ubuntu/ros2_ws/ros2_ws/ros2_ws/src/custom_msg_interfaces'
[0.488s] INFO:colcon.colcon_core.plugin_system:Skipping extension 'colcon_core.shell.bat': Not used on non-Windows systems
[0.489s] INFO:colcon.colcon_core.shell:Skip shell extension 'powershell' for command environment: Not usable outside of PowerShell
[0.489s] DEBUG:colcon.colcon_core.shell:Skip shell extension 'dsv' for command environment
[0.497s] INFO:colcon.colcon_ros.task.ament_cmake.build:Building ROS package in '/home/ubuntu/ros2_ws/ros2_ws/ros2_ws/src/collision_detection_pkg' with build type 'ament_cmake'
[0.497s] INFO:colcon.colcon_cmake.task.cmake.build:Building CMake package in '/home/ubuntu/ros2_ws/ros2_ws/ros2_ws/src/collision_detection_pkg'
[0.498s] INFO:colcon.colcon_core.shell:Skip shell extension 'powershell' for command environment: Not usable outside of PowerShell
[0.498s] DEBUG:colcon.colcon_core.shell:Skip shell extension 'dsv' for command environment
[0.504s] INFO:colcon.colcon_ros.task.ament_cmake.build:Building ROS package in '/home/ubuntu/ros2_ws/ros2_ws/ros2_ws/src/ros2_ur5_interface' with build type 'ament_cmake'
[0.504s] INFO:colcon.colcon_cmake.task.cmake.build:Building CMake package in '/home/ubuntu/ros2_ws/ros2_ws/ros2_ws/src/ros2_ur5_interface'
[0.504s] INFO:colcon.colcon_core.shell:Skip shell extension 'powershell' for command environment: Not usable outside of PowerShell
[0.505s] DEBUG:colcon.colcon_core.shell:Skip shell extension 'dsv' for command environment
[0.523s] DEBUG:colcon.colcon_core.event_handler.log_command:Invoking command in '/home/ubuntu/ros2_ws/ros2_ws/build/custom_msg_interfaces': CMAKE_PREFIX_PATH=${CMAKE_PREFIX_PATH}:/home/ubuntu/ros2_ws/ros2_ws/install/start_simulation:/home/ubuntu/ros2_ws/ros2_ws/install/arm_bringup:/home/ubuntu/ros2_ws/ros2_ws/install/pose_estimator_pkg:/home/ubuntu/ros2_ws/ros2_ws/install/planning_pkg:/opt/ros/jazzy /usr/bin/cmake --build /home/ubuntu/ros2_ws/ros2_ws/build/custom_msg_interfaces -- -j16 -l16
[0.531s] DEBUG:colcon.colcon_core.event_handler.log_command:Invoking command in '/home/ubuntu/ros2_ws/ros2_ws/build/collision_detection_pkg': CMAKE_PREFIX_PATH=${CMAKE_PREFIX_PATH}:/home/ubuntu/ros2_ws/ros2_ws/install/start_simulation:/home/ubuntu/ros2_ws/ros2_ws/install/arm_bringup:/home/ubuntu/ros2_ws/ros2_ws/install/pose_estimator_pkg:/home/ubuntu/ros2_ws/ros2_ws/install/planning_pkg:/opt/ros/jazzy /usr/bin/cmake --build /home/ubuntu/ros2_ws/ros2_ws/build/collision_detection_pkg -- -j16 -l16
[0.538s] DEBUG:colcon.colcon_core.event_handler.log_command:Invoking command in '/home/ubuntu/ros2_ws/ros2_ws/build/ros2_ur5_interface': CMAKE_PREFIX_PATH=${CMAKE_PREFIX_PATH}:/home/ubuntu/ros2_ws/ros2_ws/install/start_simulation:/home/ubuntu/ros2_ws/ros2_ws/install/arm_bringup:/home/ubuntu/ros2_ws/ros2_ws/install/pose_estimator_pkg:/home/ubuntu/ros2_ws/ros2_ws/install/planning_pkg:/opt/ros/jazzy /usr/bin/cmake --build /home/ubuntu/ros2_ws/ros2_ws/build/ros2_ur5_interface -- -j16 -l16
[0.643s] DEBUG:colcon.colcon_core.event_handler.log_command:Invoked command in '/home/ubuntu/ros2_ws/ros2_ws/build/collision_detection_pkg' returned '0': CMAKE_PREFIX_PATH=${CMAKE_PREFIX_PATH}:/home/ubuntu/ros2_ws/ros2_ws/install/start_simulation:/home/ubuntu/ros2_ws/ros2_ws/install/arm_bringup:/home/ubuntu/ros2_ws/ros2_ws/install/pose_estimator_pkg:/home/ubuntu/ros2_ws/ros2_ws/install/planning_pkg:/opt/ros/jazzy /usr/bin/cmake --build /home/ubuntu/ros2_ws/ros2_ws/build/collision_detection_pkg -- -j16 -l16
[0.657s] DEBUG:colcon.colcon_core.event_handler.log_command:Invoking command in '/home/ubuntu/ros2_ws/ros2_ws/build/collision_detection_pkg': CMAKE_PREFIX_PATH=${CMAKE_PREFIX_PATH}:/home/ubuntu/ros2_ws/ros2_ws/install/start_simulation:/home/ubuntu/ros2_ws/ros2_ws/install/arm_bringup:/home/ubuntu/ros2_ws/ros2_ws/install/pose_estimator_pkg:/home/ubuntu/ros2_ws/ros2_ws/install/planning_pkg:/opt/ros/jazzy /usr/bin/cmake --install /home/ubuntu/ros2_ws/ros2_ws/build/collision_detection_pkg
[0.659s] DEBUG:colcon.colcon_core.event_handler.log_command:Invoked command in '/home/ubuntu/ros2_ws/ros2_ws/build/ros2_ur5_interface' returned '0': CMAKE_PREFIX_PATH=${CMAKE_PREFIX_PATH}:/home/ubuntu/ros2_ws/ros2_ws/install/start_simulation:/home/ubuntu/ros2_ws/ros2_ws/install/arm_bringup:/home/ubuntu/ros2_ws/ros2_ws/install/pose_estimator_pkg:/home/ubuntu/ros2_ws/ros2_ws/install/planning_pkg:/opt/ros/jazzy /usr/bin/cmake --build /home/ubuntu/ros2_ws/ros2_ws/build/ros2_ur5_interface -- -j16 -l16
[0.661s] DEBUG:colcon.colcon_core.event_handler.log_command:Invoking command in '/home/ubuntu/ros2_ws/ros2_ws/build/ros2_ur5_interface': CMAKE_PREFIX_PATH=${CMAKE_PREFIX_PATH}:/home/ubuntu/ros2_ws/ros2_ws/install/start_simulation:/home/ubuntu/ros2_ws/ros2_ws/install/arm_bringup:/home/ubuntu/ros2_ws/ros2_ws/install/pose_estimator_pkg:/home/ubuntu/ros2_ws/ros2_ws/install/planning_pkg:/opt/ros/jazzy /usr/bin/cmake --install /home/ubuntu/ros2_ws/ros2_ws/build/ros2_ur5_interface
[0.677s] Level 1:colcon.colcon_core.environment:create_environment_scripts_only(collision_detection_pkg)
[0.678s] DEBUG:colcon.colcon_core.event_handler.log_command:Invoked command in '/home/ubuntu/ros2_ws/ros2_ws/build/collision_detection_pkg' returned '0': CMAKE_PREFIX_PATH=${CMAKE_PREFIX_PATH}:/home/ubuntu/ros2_ws/ros2_ws/install/start_simulation:/home/ubuntu/ros2_ws/ros2_ws/install/arm_bringup:/home/ubuntu/ros2_ws/ros2_ws/install/pose_estimator_pkg:/home/ubuntu/ros2_ws/ros2_ws/install/planning_pkg:/opt/ros/jazzy /usr/bin/cmake --install /home/ubuntu/ros2_ws/ros2_ws/build/collision_detection_pkg
[0.695s] Level 1:colcon.colcon_core.environment:checking '/home/ubuntu/ros2_ws/ros2_ws/install/collision_detection_pkg' for CMake module files
[0.696s] Level 1:colcon.colcon_core.environment:checking '/home/ubuntu/ros2_ws/ros2_ws/install/collision_detection_pkg' for CMake config files
[0.697s] Level 1:colcon.colcon_core.shell:create_environment_hook('collision_detection_pkg', 'cmake_prefix_path')
[0.697s] INFO:colcon.colcon_core.shell:Creating environment hook '/home/ubuntu/ros2_ws/ros2_ws/install/collision_detection_pkg/share/collision_detection_pkg/hook/cmake_prefix_path.ps1'
[0.698s] INFO:colcon.colcon_core.shell:Creating environment descriptor '/home/ubuntu/ros2_ws/ros2_ws/install/collision_detection_pkg/share/collision_detection_pkg/hook/cmake_prefix_path.dsv'
[0.699s] INFO:colcon.colcon_core.shell:Creating environment hook '/home/ubuntu/ros2_ws/ros2_ws/install/collision_detection_pkg/share/collision_detection_pkg/hook/cmake_prefix_path.sh'
[0.701s] Level 1:colcon.colcon_core.environment:checking '/home/ubuntu/ros2_ws/ros2_ws/install/collision_detection_pkg/lib'
[0.701s] Level 1:colcon.colcon_core.environment:checking '/home/ubuntu/ros2_ws/ros2_ws/install/collision_detection_pkg/bin'
[0.702s] Level 1:colcon.colcon_core.environment:checking '/home/ubuntu/ros2_ws/ros2_ws/install/collision_detection_pkg/lib/pkgconfig/collision_detection_pkg.pc'
[0.702s] Level 1:colcon.colcon_core.environment:checking '/home/ubuntu/ros2_ws/ros2_ws/install/collision_detection_pkg/lib/python3.12/site-packages'
[0.704s] Level 1:colcon.colcon_core.environment:checking '/home/ubuntu/ros2_ws/ros2_ws/install/collision_detection_pkg/bin'
[0.705s] INFO:colcon.colcon_core.shell:Creating package script '/home/ubuntu/ros2_ws/ros2_ws/install/collision_detection_pkg/share/collision_detection_pkg/package.ps1'
[0.708s] INFO:colcon.colcon_core.shell:Creating package descriptor '/home/ubuntu/ros2_ws/ros2_ws/install/collision_detection_pkg/share/collision_detection_pkg/package.dsv'
[0.708s] INFO:colcon.colcon_core.shell:Creating package script '/home/ubuntu/ros2_ws/ros2_ws/install/collision_detection_pkg/share/collision_detection_pkg/package.sh'
[0.709s] INFO:colcon.colcon_core.shell:Creating package script '/home/ubuntu/ros2_ws/ros2_ws/install/collision_detection_pkg/share/collision_detection_pkg/package.bash'
[0.710s] INFO:colcon.colcon_core.shell:Creating package script '/home/ubuntu/ros2_ws/ros2_ws/install/collision_detection_pkg/share/collision_detection_pkg/package.zsh'
[0.712s] Level 1:colcon.colcon_core.environment:create_file_with_runtime_dependencies(/home/ubuntu/ros2_ws/ros2_ws/install/collision_detection_pkg/share/colcon-core/packages/collision_detection_pkg)
[0.713s] Level 1:colcon.colcon_core.environment:create_environment_scripts_only(collision_detection_pkg)
[0.713s] Level 1:colcon.colcon_core.environment:checking '/home/ubuntu/ros2_ws/ros2_ws/install/collision_detection_pkg' for CMake module files
[0.714s] Level 1:colcon.colcon_core.environment:checking '/home/ubuntu/ros2_ws/ros2_ws/install/collision_detection_pkg' for CMake config files
[0.714s] Level 1:colcon.colcon_core.shell:create_environment_hook('collision_detection_pkg', 'cmake_prefix_path')
[0.715s] INFO:colcon.colcon_core.shell:Creating environment hook '/home/ubuntu/ros2_ws/ros2_ws/install/collision_detection_pkg/share/collision_detection_pkg/hook/cmake_prefix_path.ps1'
[0.715s] INFO:colcon.colcon_core.shell:Creating environment descriptor '/home/ubuntu/ros2_ws/ros2_ws/install/collision_detection_pkg/share/collision_detection_pkg/hook/cmake_prefix_path.dsv'
[0.716s] INFO:colcon.colcon_core.shell:Creating environment hook '/home/ubuntu/ros2_ws/ros2_ws/install/collision_detection_pkg/share/collision_detection_pkg/hook/cmake_prefix_path.sh'
[0.717s] Level 1:colcon.colcon_core.environment:checking '/home/ubuntu/ros2_ws/ros2_ws/install/collision_detection_pkg/lib'
[0.717s] Level 1:colcon.colcon_core.environment:checking '/home/ubuntu/ros2_ws/ros2_ws/install/collision_detection_pkg/bin'
[0.717s] Level 1:colcon.colcon_core.environment:checking '/home/ubuntu/ros2_ws/ros2_ws/install/collision_detection_pkg/lib/pkgconfig/collision_detection_pkg.pc'
[0.717s] Level 1:colcon.colcon_core.environment:checking '/home/ubuntu/ros2_ws/ros2_ws/install/collision_detection_pkg/lib/python3.12/site-packages'
[0.718s] Level 1:colcon.colcon_core.environment:checking '/home/ubuntu/ros2_ws/ros2_ws/install/collision_detection_pkg/bin'
[0.718s] INFO:colcon.colcon_core.shell:Creating package script '/home/ubuntu/ros2_ws/ros2_ws/install/collision_detection_pkg/share/collision_detection_pkg/package.ps1'
[0.719s] INFO:colcon.colcon_core.shell:Creating package descriptor '/home/ubuntu/ros2_ws/ros2_ws/install/collision_detection_pkg/share/collision_detection_pkg/package.dsv'
[0.720s] INFO:colcon.colcon_core.shell:Creating package script '/home/ubuntu/ros2_ws/ros2_ws/install/collision_detection_pkg/share/collision_detection_pkg/package.sh'
[0.720s] INFO:colcon.colcon_core.shell:Creating package script '/home/ubuntu/ros2_ws/ros2_ws/install/collision_detection_pkg/share/collision_detection_pkg/package.bash'
[0.721s] INFO:colcon.colcon_core.shell:Creating package script '/home/ubuntu/ros2_ws/ros2_ws/install/collision_detection_pkg/share/collision_detection_pkg/package.zsh'
[0.721s] Level 1:colcon.colcon_core.environment:create_file_with_runtime_dependencies(/home/ubuntu/ros2_ws/ros2_ws/install/collision_detection_pkg/share/colcon-core/packages/collision_detection_pkg)
[0.724s] Level 1:colcon.colcon_core.environment:create_environment_scripts_only(ros2_ur5_interface)
[0.724s] Level 1:colcon.colcon_core.environment:checking '/home/ubuntu/ros2_ws/ros2_ws/install/ros2_ur5_interface' for CMake module files
[0.725s] DEBUG:colcon.colcon_core.event_handler.log_command:Invoked command in '/home/ubuntu/ros2_ws/ros2_ws/build/ros2_ur5_interface' returned '0': CMAKE_PREFIX_PATH=${CMAKE_PREFIX_PATH}:/home/ubuntu/ros2_ws/ros2_ws/install/start_simulation:/home/ubuntu/ros2_ws/ros2_ws/install/arm_bringup:/home/ubuntu/ros2_ws/ros2_ws/install/pose_estimator_pkg:/home/ubuntu/ros2_ws/ros2_ws/install/planning_pkg:/opt/ros/jazzy /usr/bin/cmake --install /home/ubuntu/ros2_ws/ros2_ws/build/ros2_ur5_interface
[0.726s] Level 1:colcon.colcon_core.environment:checking '/home/ubuntu/ros2_ws/ros2_ws/install/ros2_ur5_interface' for CMake config files
[0.726s] Level 1:colcon.colcon_core.shell:create_environment_hook('ros2_ur5_interface', 'cmake_prefix_path')
[0.727s] INFO:colcon.colcon_core.shell:Creating environment hook '/home/ubuntu/ros2_ws/ros2_ws/install/ros2_ur5_interface/share/ros2_ur5_interface/hook/cmake_prefix_path.ps1'
[0.727s] INFO:colcon.colcon_core.shell:Creating environment descriptor '/home/ubuntu/ros2_ws/ros2_ws/install/ros2_ur5_interface/share/ros2_ur5_interface/hook/cmake_prefix_path.dsv'
[0.728s] INFO:colcon.colcon_core.shell:Creating environment hook '/home/ubuntu/ros2_ws/ros2_ws/install/ros2_ur5_interface/share/ros2_ur5_interface/hook/cmake_prefix_path.sh'
[0.728s] Level 1:colcon.colcon_core.environment:checking '/home/ubuntu/ros2_ws/ros2_ws/install/ros2_ur5_interface/lib'
[0.728s] Level 1:colcon.colcon_core.environment:checking '/home/ubuntu/ros2_ws/ros2_ws/install/ros2_ur5_interface/bin'
[0.729s] Level 1:colcon.colcon_core.environment:checking '/home/ubuntu/ros2_ws/ros2_ws/install/ros2_ur5_interface/lib/pkgconfig/ros2_ur5_interface.pc'
[0.729s] Level 1:colcon.colcon_core.environment:checking '/home/ubuntu/ros2_ws/ros2_ws/install/ros2_ur5_interface/lib/python3.12/site-packages'
[0.729s] Level 1:colcon.colcon_core.environment:checking '/home/ubuntu/ros2_ws/ros2_ws/install/ros2_ur5_interface/bin'
[0.729s] INFO:colcon.colcon_core.shell:Creating package script '/home/ubuntu/ros2_ws/ros2_ws/install/ros2_ur5_interface/share/ros2_ur5_interface/package.ps1'
[0.730s] INFO:colcon.colcon_core.shell:Creating package descriptor '/home/ubuntu/ros2_ws/ros2_ws/install/ros2_ur5_interface/share/ros2_ur5_interface/package.dsv'
[0.730s] INFO:colcon.colcon_core.shell:Creating package script '/home/ubuntu/ros2_ws/ros2_ws/install/ros2_ur5_interface/share/ros2_ur5_interface/package.sh'
[0.731s] INFO:colcon.colcon_core.shell:Creating package script '/home/ubuntu/ros2_ws/ros2_ws/install/ros2_ur5_interface/share/ros2_ur5_interface/package.bash'
[0.731s] INFO:colcon.colcon_core.shell:Creating package script '/home/ubuntu/ros2_ws/ros2_ws/install/ros2_ur5_interface/share/ros2_ur5_interface/package.zsh'
[0.731s] Level 1:colcon.colcon_core.environment:create_file_with_runtime_dependencies(/home/ubuntu/ros2_ws/ros2_ws/install/ros2_ur5_interface/share/colcon-core/packages/ros2_ur5_interface)
[0.732s] Level 1:colcon.colcon_core.environment:create_environment_scripts_only(ros2_ur5_interface)
[0.732s] Level 1:colcon.colcon_core.environment:checking '/home/ubuntu/ros2_ws/ros2_ws/install/ros2_ur5_interface' for CMake module files
[0.734s] Level 1:colcon.colcon_core.environment:checking '/home/ubuntu/ros2_ws/ros2_ws/install/ros2_ur5_interface' for CMake config files
[0.735s] Level 1:colcon.colcon_core.shell:create_environment_hook('ros2_ur5_interface', 'cmake_prefix_path')
[0.735s] INFO:colcon.colcon_core.shell:Creating environment hook '/home/ubuntu/ros2_ws/ros2_ws/install/ros2_ur5_interface/share/ros2_ur5_interface/hook/cmake_prefix_path.ps1'
[0.736s] INFO:colcon.colcon_core.shell:Creating environment descriptor '/home/ubuntu/ros2_ws/ros2_ws/install/ros2_ur5_interface/share/ros2_ur5_interface/hook/cmake_prefix_path.dsv'
[0.736s] INFO:colcon.colcon_core.shell:Creating environment hook '/home/ubuntu/ros2_ws/ros2_ws/install/ros2_ur5_interface/share/ros2_ur5_interface/hook/cmake_prefix_path.sh'
[0.737s] Level 1:colcon.colcon_core.environment:checking '/home/ubuntu/ros2_ws/ros2_ws/install/ros2_ur5_interface/lib'
[0.737s] Level 1:colcon.colcon_core.environment:checking '/home/ubuntu/ros2_ws/ros2_ws/install/ros2_ur5_interface/bin'
[0.737s] Level 1:colcon.colcon_core.environment:checking '/home/ubuntu/ros2_ws/ros2_ws/install/ros2_ur5_interface/lib/pkgconfig/ros2_ur5_interface.pc'
[0.737s] Level 1:colcon.colcon_core.environment:checking '/home/ubuntu/ros2_ws/ros2_ws/install/ros2_ur5_interface/lib/python3.12/site-packages'
[0.738s] Level 1:colcon.colcon_core.environment:checking '/home/ubuntu/ros2_ws/ros2_ws/install/ros2_ur5_interface/bin'
[0.738s] INFO:colcon.colcon_core.shell:Creating package script '/home/ubuntu/ros2_ws/ros2_ws/install/ros2_ur5_interface/share/ros2_ur5_interface/package.ps1'
[0.739s] INFO:colcon.colcon_core.shell:Creating package descriptor '/home/ubuntu/ros2_ws/ros2_ws/install/ros2_ur5_interface/share/ros2_ur5_interface/package.dsv'
[0.739s] INFO:colcon.colcon_core.shell:Creating package script '/home/ubuntu/ros2_ws/ros2_ws/install/ros2_ur5_interface/share/ros2_ur5_interface/package.sh'
[0.740s] INFO:colcon.colcon_core.shell:Creating package script '/home/ubuntu/ros2_ws/ros2_ws/install/ros2_ur5_interface/share/ros2_ur5_interface/package.bash'
[0.740s] INFO:colcon.colcon_core.shell:Creating package script '/home/ubuntu/ros2_ws/ros2_ws/install/ros2_ur5_interface/share/ros2_ur5_interface/package.zsh'
[0.740s] Level 1:colcon.colcon_core.environment:create_file_with_runtime_dependencies(/home/ubuntu/ros2_ws/ros2_ws/install/ros2_ur5_interface/share/colcon-core/packages/ros2_ur5_interface)
[1.110s] DEBUG:colcon.colcon_core.event_handler.log_command:Invoked command in '/home/ubuntu/ros2_ws/ros2_ws/build/custom_msg_interfaces' returned '0': CMAKE_PREFIX_PATH=${CMAKE_PREFIX_PATH}:/home/ubuntu/ros2_ws/ros2_ws/install/start_simulation:/home/ubuntu/ros2_ws/ros2_ws/install/arm_bringup:/home/ubuntu/ros2_ws/ros2_ws/install/pose_estimator_pkg:/home/ubuntu/ros2_ws/ros2_ws/install/planning_pkg:/opt/ros/jazzy /usr/bin/cmake --build /home/ubuntu/ros2_ws/ros2_ws/build/custom_msg_interfaces -- -j16 -l16
[1.112s] DEBUG:colcon.colcon_core.event_handler.log_command:Invoking command in '/home/ubuntu/ros2_ws/ros2_ws/build/custom_msg_interfaces': CMAKE_PREFIX_PATH=${CMAKE_PREFIX_PATH}:/home/ubuntu/ros2_ws/ros2_ws/install/start_simulation:/home/ubuntu/ros2_ws/ros2_ws/install/arm_bringup:/home/ubuntu/ros2_ws/ros2_ws/install/pose_estimator_pkg:/home/ubuntu/ros2_ws/ros2_ws/install/planning_pkg:/opt/ros/jazzy /usr/bin/cmake --install /home/ubuntu/ros2_ws/ros2_ws/build/custom_msg_interfaces
[1.209s] Level 1:colcon.colcon_core.environment:create_environment_scripts_only(custom_msg_interfaces)
[1.210s] Level 1:colcon.colcon_core.environment:checking '/home/ubuntu/ros2_ws/ros2_ws/install/custom_msg_interfaces' for CMake module files
[1.213s] DEBUG:colcon.colcon_core.event_handler.log_command:Invoked command in '/home/ubuntu/ros2_ws/ros2_ws/build/custom_msg_interfaces' returned '0': CMAKE_PREFIX_PATH=${CMAKE_PREFIX_PATH}:/home/ubuntu/ros2_ws/ros2_ws/install/start_simulation:/home/ubuntu/ros2_ws/ros2_ws/install/arm_bringup:/home/ubuntu/ros2_ws/ros2_ws/install/pose_estimator_pkg:/home/ubuntu/ros2_ws/ros2_ws/install/planning_pkg:/opt/ros/jazzy /usr/bin/cmake --install /home/ubuntu/ros2_ws/ros2_ws/build/custom_msg_interfaces
[1.214s] Level 1:colcon.colcon_core.environment:checking '/home/ubuntu/ros2_ws/ros2_ws/install/custom_msg_interfaces' for CMake config files
[1.215s] Level 1:colcon.colcon_core.shell:create_environment_hook('custom_msg_interfaces', 'cmake_prefix_path')
[1.215s] INFO:colcon.colcon_core.shell:Creating environment hook '/home/ubuntu/ros2_ws/ros2_ws/install/custom_msg_interfaces/share/custom_msg_interfaces/hook/cmake_prefix_path.ps1'
[1.216s] INFO:colcon.colcon_core.shell:Creating environment descriptor '/home/ubuntu/ros2_ws/ros2_ws/install/custom_msg_interfaces/share/custom_msg_interfaces/hook/cmake_prefix_path.dsv'
[1.216s] INFO:colcon.colcon_core.shell:Creating environment hook '/home/ubuntu/ros2_ws/ros2_ws/install/custom_msg_interfaces/share/custom_msg_interfaces/hook/cmake_prefix_path.sh'
[1.217s] Level 1:colcon.colcon_core.environment:checking '/home/ubuntu/ros2_ws/ros2_ws/install/custom_msg_interfaces/lib'
[1.217s] Level 1:colcon.colcon_core.shell:create_environment_hook('custom_msg_interfaces', 'ld_library_path_lib')
[1.217s] INFO:colcon.colcon_core.shell:Creating environment hook '/home/ubuntu/ros2_ws/ros2_ws/install/custom_msg_interfaces/share/custom_msg_interfaces/hook/ld_library_path_lib.ps1'
[1.218s] INFO:colcon.colcon_core.shell:Creating environment descriptor '/home/ubuntu/ros2_ws/ros2_ws/install/custom_msg_interfaces/share/custom_msg_interfaces/hook/ld_library_path_lib.dsv'
[1.218s] INFO:colcon.colcon_core.shell:Creating environment hook '/home/ubuntu/ros2_ws/ros2_ws/install/custom_msg_interfaces/share/custom_msg_interfaces/hook/ld_library_path_lib.sh'
[1.219s] Level 1:colcon.colcon_core.environment:checking '/home/ubuntu/ros2_ws/ros2_ws/install/custom_msg_interfaces/bin'
[1.219s] Level 1:colcon.colcon_core.environment:checking '/home/ubuntu/ros2_ws/ros2_ws/install/custom_msg_interfaces/lib/pkgconfig/custom_msg_interfaces.pc'
[1.219s] Level 1:colcon.colcon_core.environment:checking '/home/ubuntu/ros2_ws/ros2_ws/install/custom_msg_interfaces/lib/python3.12/site-packages'
[1.219s] Level 1:colcon.colcon_core.shell:create_environment_hook('custom_msg_interfaces', 'pythonpath')
[1.219s] INFO:colcon.colcon_core.shell:Creating environment hook '/home/ubuntu/ros2_ws/ros2_ws/install/custom_msg_interfaces/share/custom_msg_interfaces/hook/pythonpath.ps1'
[1.220s] INFO:colcon.colcon_core.shell:Creating environment descriptor '/home/ubuntu/ros2_ws/ros2_ws/install/custom_msg_interfaces/share/custom_msg_interfaces/hook/pythonpath.dsv'
[1.220s] INFO:colcon.colcon_core.shell:Creating environment hook '/home/ubuntu/ros2_ws/ros2_ws/install/custom_msg_interfaces/share/custom_msg_interfaces/hook/pythonpath.sh'
[1.220s] Level 1:colcon.colcon_core.environment:checking '/home/ubuntu/ros2_ws/ros2_ws/install/custom_msg_interfaces/bin'
[1.221s] INFO:colcon.colcon_core.shell:Creating package script '/home/ubuntu/ros2_ws/ros2_ws/install/custom_msg_interfaces/share/custom_msg_interfaces/package.ps1'
[1.222s] INFO:colcon.colcon_core.shell:Creating package descriptor '/home/ubuntu/ros2_ws/ros2_ws/install/custom_msg_interfaces/share/custom_msg_interfaces/package.dsv'
[1.223s] INFO:colcon.colcon_core.shell:Creating package script '/home/ubuntu/ros2_ws/ros2_ws/install/custom_msg_interfaces/share/custom_msg_interfaces/package.sh'
[1.224s] INFO:colcon.colcon_core.shell:Creating package script '/home/ubuntu/ros2_ws/ros2_ws/install/custom_msg_interfaces/share/custom_msg_interfaces/package.bash'
[1.225s] INFO:colcon.colcon_core.shell:Creating package script '/home/ubuntu/ros2_ws/ros2_ws/install/custom_msg_interfaces/share/custom_msg_interfaces/package.zsh'
[1.225s] Level 1:colcon.colcon_core.environment:create_file_with_runtime_dependencies(/home/ubuntu/ros2_ws/ros2_ws/install/custom_msg_interfaces/share/colcon-core/packages/custom_msg_interfaces)
[1.226s] Level 1:colcon.colcon_core.environment:create_environment_scripts_only(custom_msg_interfaces)
[1.226s] Level 1:colcon.colcon_core.environment:checking '/home/ubuntu/ros2_ws/ros2_ws/install/custom_msg_interfaces' for CMake module files
[1.227s] Level 1:colcon.colcon_core.environment:checking '/home/ubuntu/ros2_ws/ros2_ws/install/custom_msg_interfaces' for CMake config files
[1.227s] Level 1:colcon.colcon_core.shell:create_environment_hook('custom_msg_interfaces', 'cmake_prefix_path')
[1.227s] INFO:colcon.colcon_core.shell:Creating environment hook '/home/ubuntu/ros2_ws/ros2_ws/install/custom_msg_interfaces/share/custom_msg_interfaces/hook/cmake_prefix_path.ps1'
[1.228s] INFO:colcon.colcon_core.shell:Creating environment descriptor '/home/ubuntu/ros2_ws/ros2_ws/install/custom_msg_interfaces/share/custom_msg_interfaces/hook/cmake_prefix_path.dsv'
[1.228s] INFO:colcon.colcon_core.shell:Creating environment hook '/home/ubuntu/ros2_ws/ros2_ws/install/custom_msg_interfaces/share/custom_msg_interfaces/hook/cmake_prefix_path.sh'
[1.229s] Level 1:colcon.colcon_core.environment:checking '/home/ubuntu/ros2_ws/ros2_ws/install/custom_msg_interfaces/lib'
[1.229s] Level 1:colcon.colcon_core.shell:create_environment_hook('custom_msg_interfaces', 'ld_library_path_lib')
[1.229s] INFO:colcon.colcon_core.shell:Creating environment hook '/home/ubuntu/ros2_ws/ros2_ws/install/custom_msg_interfaces/share/custom_msg_interfaces/hook/ld_library_path_lib.ps1'
[1.230s] INFO:colcon.colcon_core.shell:Creating environment descriptor '/home/ubuntu/ros2_ws/ros2_ws/install/custom_msg_interfaces/share/custom_msg_interfaces/hook/ld_library_path_lib.dsv'
[1.230s] INFO:colcon.colcon_core.shell:Creating environment hook '/home/ubuntu/ros2_ws/ros2_ws/install/custom_msg_interfaces/share/custom_msg_interfaces/hook/ld_library_path_lib.sh'
[1.230s] Level 1:colcon.colcon_core.environment:checking '/home/ubuntu/ros2_ws/ros2_ws/install/custom_msg_interfaces/bin'
[1.231s] Level 1:colcon.colcon_core.environment:checking '/home/ubuntu/ros2_ws/ros2_ws/install/custom_msg_interfaces/lib/pkgconfig/custom_msg_interfaces.pc'
[1.231s] Level 1:colcon.colcon_core.environment:checking '/home/ubuntu/ros2_ws/ros2_ws/install/custom_msg_interfaces/lib/python3.12/site-packages'
[1.231s] Level 1:colcon.colcon_core.shell:create_environment_hook('custom_msg_interfaces', 'pythonpath')
[1.231s] INFO:colcon.colcon_core.shell:Creating environment hook '/home/ubuntu/ros2_ws/ros2_ws/install/custom_msg_interfaces/share/custom_msg_interfaces/hook/pythonpath.ps1'
[1.232s] INFO:colcon.colcon_core.shell:Creating environment descriptor '/home/ubuntu/ros2_ws/ros2_ws/install/custom_msg_interfaces/share/custom_msg_interfaces/hook/pythonpath.dsv'
[1.232s] INFO:colcon.colcon_core.shell:Creating environment hook '/home/ubuntu/ros2_ws/ros2_ws/install/custom_msg_interfaces/share/custom_msg_interfaces/hook/pythonpath.sh'
[1.233s] Level 1:colcon.colcon_core.environment:checking '/home/ubuntu/ros2_ws/ros2_ws/install/custom_msg_interfaces/bin'
[1.233s] INFO:colcon.colcon_core.shell:Creating package script '/home/ubuntu/ros2_ws/ros2_ws/install/custom_msg_interfaces/share/custom_msg_interfaces/package.ps1'
[1.234s] INFO:colcon.colcon_core.shell:Creating package descriptor '/home/ubuntu/ros2_ws/ros2_ws/install/custom_msg_interfaces/share/custom_msg_interfaces/package.dsv'
[1.234s] INFO:colcon.colcon_core.shell:Creating package script '/home/ubuntu/ros2_ws/ros2_ws/install/custom_msg_interfaces/share/custom_msg_interfaces/package.sh'
[1.235s] INFO:colcon.colcon_core.shell:Creating package script '/home/ubuntu/ros2_ws/ros2_ws/install/custom_msg_interfaces/share/custom_msg_interfaces/package.bash'
[1.235s] INFO:colcon.colcon_core.shell:Creating package script '/home/ubuntu/ros2_ws/ros2_ws/install/custom_msg_interfaces/share/custom_msg_interfaces/package.zsh'
[1.236s] Level 1:colcon.colcon_core.environment:create_file_with_runtime_dependencies(/home/ubuntu/ros2_ws/ros2_ws/install/custom_msg_interfaces/share/colcon-core/packages/custom_msg_interfaces)
[1.236s] INFO:colcon.colcon_ros.task.ament_cmake.build:Building ROS package in '/home/ubuntu/ros2_ws/ros2_ws/ros2_ws/src/motion' with build type 'ament_cmake'
[1.236s] INFO:colcon.colcon_cmake.task.cmake.build:Building CMake package in '/home/ubuntu/ros2_ws/ros2_ws/ros2_ws/src/motion'
[1.237s] INFO:colcon.colcon_core.shell:Skip shell extension 'powershell' for command environment: Not usable outside of PowerShell
[1.237s] DEBUG:colcon.colcon_core.shell:Skip shell extension 'dsv' for command environment
[1.247s] INFO:colcon.colcon_ros.task.ament_python.build:Building ROS package in '/home/ubuntu/ros2_ws/ros2_ws/ros2_ws/src/planning_pkg' with build type 'ament_python'
[1.247s] Level 1:colcon.colcon_core.shell:create_environment_hook('planning_pkg', 'ament_prefix_path')
[1.248s] INFO:colcon.colcon_core.shell:Creating environment hook '/home/ubuntu/ros2_ws/ros2_ws/install/planning_pkg/share/planning_pkg/hook/ament_prefix_path.ps1'
[1.249s] INFO:colcon.colcon_core.shell:Creating environment descriptor '/home/ubuntu/ros2_ws/ros2_ws/install/planning_pkg/share/planning_pkg/hook/ament_prefix_path.dsv'
[1.250s] INFO:colcon.colcon_core.shell:Creating environment hook '/home/ubuntu/ros2_ws/ros2_ws/install/planning_pkg/share/planning_pkg/hook/ament_prefix_path.sh'
[1.250s] INFO:colcon.colcon_core.shell:Skip shell extension 'powershell' for command environment: Not usable outside of PowerShell
[1.250s] DEBUG:colcon.colcon_core.shell:Skip shell extension 'dsv' for command environment
[1.257s] INFO:colcon.colcon_ros.task.ament_python.build:Building ROS package in '/home/ubuntu/ros2_ws/ros2_ws/ros2_ws/src/pose_estimator_pkg' with build type 'ament_python'
[1.257s] Level 1:colcon.colcon_core.shell:create_environment_hook('pose_estimator_pkg', 'ament_prefix_path')
[1.258s] INFO:colcon.colcon_core.shell:Creating environment hook '/home/ubuntu/ros2_ws/ros2_ws/install/pose_estimator_pkg/share/pose_estimator_pkg/hook/ament_prefix_path.ps1'
[1.259s] INFO:colcon.colcon_core.shell:Creating environment descriptor '/home/ubuntu/ros2_ws/ros2_ws/install/pose_estimator_pkg/share/pose_estimator_pkg/hook/ament_prefix_path.dsv'
[1.260s] INFO:colcon.colcon_core.shell:Creating environment hook '/home/ubuntu/ros2_ws/ros2_ws/install/pose_estimator_pkg/share/pose_estimator_pkg/hook/ament_prefix_path.sh'
[1.262s] INFO:colcon.colcon_core.shell:Skip shell extension 'powershell' for command environment: Not usable outside of PowerShell
[1.262s] DEBUG:colcon.colcon_core.shell:Skip shell extension 'dsv' for command environment
[1.276s] DEBUG:colcon.colcon_core.event_handler.log_command:Invoking command in '/home/ubuntu/ros2_ws/ros2_ws/build/motion': CMAKE_PREFIX_PATH=/home/ubuntu/ros2_ws/ros2_ws/install/custom_msg_interfaces:/home/ubuntu/ros2_ws/ros2_ws/install/ros2_ur5_interface:/home/ubuntu/ros2_ws/ros2_ws/install/motion_pkg:/home/ubuntu/ros2_ws/ros2_ws/install/collision_detection_pkg:/opt/ros/jazzy/opt/gz_sim_vendor:/opt/ros/jazzy/opt/gz_sensors_vendor:/opt/ros/jazzy/opt/gz_physics_vendor:/opt/ros/jazzy/opt/sdformat_vendor:/opt/ros/jazzy/opt/gz_gui_vendor:/opt/ros/jazzy/opt/gz_transport_vendor:/opt/ros/jazzy/opt/gz_rendering_vendor:/opt/ros/jazzy/opt/gz_plugin_vendor:/opt/ros/jazzy/opt/gz_fuel_tools_vendor:/opt/ros/jazzy/opt/gz_msgs_vendor:/opt/ros/jazzy/opt/gz_common_vendor:/opt/ros/jazzy/opt/gz_math_vendor:/opt/ros/jazzy/opt/gz_utils_vendor:/opt/ros/jazzy/opt/gz_tools_vendor:/opt/ros/jazzy/opt/gz_ogre_next_vendor:/opt/ros/jazzy/opt/gz_dartsim_vendor:/opt/ros/jazzy/opt/gz_cmake_vendor:/home/ubuntu/ros2_ws/ros2_ws/install/start_simulation:/home/ubuntu/ros2_ws/ros2_ws/install/arm_bringup:/home/ubuntu/ros2_ws/ros2_ws/install/pose_estimator_pkg:/home/ubuntu/ros2_ws/ros2_ws/install/planning_pkg:/opt/ros/jazzy PYTHONPATH=/home/ubuntu/ros2_ws/ros2_ws/install/custom_msg_interfaces/lib/python3.12/site-packages:/home/ubuntu/ros2_ws/ros2_ws/install/start_simulation/lib/python3.12/site-packages:/home/ubuntu/ros2_ws/ros2_ws/install/arm_bringup/lib/python3.12/site-packages:/home/ubuntu/ros2_ws/ros2_ws/install/pose_estimator_pkg/lib/python3.12/site-packages:/home/ubuntu/ros2_ws/ros2_ws/install/planning_pkg/lib/python3.12/site-packages:/opt/ros/jazzy/lib/python3.12/site-packages /usr/bin/cmake --build /home/ubuntu/ros2_ws/ros2_ws/build/motion -- -j16 -l16
[1.607s] INFO:colcon.colcon_core.task.python.build:Building Python package in '/home/ubuntu/ros2_ws/ros2_ws/ros2_ws/src/planning_pkg'
[1.608s] INFO:colcon.colcon_core.shell:Skip shell extension 'powershell' for command environment: Not usable outside of PowerShell
[1.608s] DEBUG:colcon.colcon_core.shell:Skip shell extension 'dsv' for command environment
[1.973s] INFO:colcon.colcon_core.task.python.build:Building Python package in '/home/ubuntu/ros2_ws/ros2_ws/ros2_ws/src/pose_estimator_pkg'
[1.973s] INFO:colcon.colcon_core.shell:Skip shell extension 'powershell' for command environment: Not usable outside of PowerShell
[1.973s] DEBUG:colcon.colcon_core.shell:Skip shell extension 'dsv' for command environment
[2.845s] DEBUG:colcon.colcon_core.event_handler.log_command:Invoking command in '/home/ubuntu/ros2_ws/ros2_ws/ros2_ws/src/pose_estimator_pkg': CMAKE_PREFIX_PATH=/home/ubuntu/ros2_ws/ros2_ws/install/custom_msg_interfaces:/home/ubuntu/ros2_ws/ros2_ws/install/ros2_ur5_interface:/home/ubuntu/ros2_ws/ros2_ws/install/motion_pkg:/home/ubuntu/ros2_ws/ros2_ws/install/collision_detection_pkg:/opt/ros/jazzy/opt/gz_sim_vendor:/opt/ros/jazzy/opt/gz_sensors_vendor:/opt/ros/jazzy/opt/gz_physics_vendor:/opt/ros/jazzy/opt/sdformat_vendor:/opt/ros/jazzy/opt/gz_gui_vendor:/opt/ros/jazzy/opt/gz_transport_vendor:/opt/ros/jazzy/opt/gz_rendering_vendor:/opt/ros/jazzy/opt/gz_plugin_vendor:/opt/ros/jazzy/opt/gz_fuel_tools_vendor:/opt/ros/jazzy/opt/gz_msgs_vendor:/opt/ros/jazzy/opt/gz_common_vendor:/opt/ros/jazzy/opt/gz_math_vendor:/opt/ros/jazzy/opt/gz_utils_vendor:/opt/ros/jazzy/opt/gz_tools_vendor:/opt/ros/jazzy/opt/gz_ogre_next_vendor:/opt/ros/jazzy/opt/gz_dartsim_vendor:/opt/ros/jazzy/opt/gz_cmake_vendor PYTHONPATH=/home/ubuntu/ros2_ws/ros2_ws/build/pose_estimator_pkg/prefix_override:/usr/lib/python3/dist-packages/colcon_core/task/python/colcon_distutils_commands:/home/ubuntu/ros2_ws/ros2_ws/install/pose_estimator_pkg/lib/python3.12/site-packages:/home/ubuntu/ros2_ws/ros2_ws/install/custom_msg_interfaces/lib/python3.12/site-packages:/home/ubuntu/ros2_ws/ros2_ws/install/start_simulation/lib/python3.12/site-packages:/home/ubuntu/ros2_ws/ros2_ws/install/arm_bringup/lib/python3.12/site-packages:/home/ubuntu/ros2_ws/ros2_ws/install/pose_estimator_pkg/lib/python3.12/site-packages:/home/ubuntu/ros2_ws/ros2_ws/install/planning_pkg/lib/python3.12/site-packages:/opt/ros/jazzy/lib/python3.12/site-packages /usr/bin/python3 -W ignore:setup.py install is deprecated -W ignore:easy_install command is deprecated setup.py egg_info --egg-base ../../../build/pose_estimator_pkg build --build-base /home/ubuntu/ros2_ws/ros2_ws/build/pose_estimator_pkg/build install --record /home/ubuntu/ros2_ws/ros2_ws/build/pose_estimator_pkg/install.log --single-version-externally-managed install_data
[2.856s] DEBUG:colcon.colcon_core.event_handler.log_command:Invoking command in '/home/ubuntu/ros2_ws/ros2_ws/ros2_ws/src/planning_pkg': CMAKE_PREFIX_PATH=/home/ubuntu/ros2_ws/ros2_ws/install/custom_msg_interfaces:/home/ubuntu/ros2_ws/ros2_ws/install/ros2_ur5_interface:/home/ubuntu/ros2_ws/ros2_ws/install/motion_pkg:/home/ubuntu/ros2_ws/ros2_ws/install/collision_detection_pkg:/opt/ros/jazzy/opt/gz_sim_vendor:/opt/ros/jazzy/opt/gz_sensors_vendor:/opt/ros/jazzy/opt/gz_physics_vendor:/opt/ros/jazzy/opt/sdformat_vendor:/opt/ros/jazzy/opt/gz_gui_vendor:/opt/ros/jazzy/opt/gz_transport_vendor:/opt/ros/jazzy/opt/gz_rendering_vendor:/opt/ros/jazzy/opt/gz_plugin_vendor:/opt/ros/jazzy/opt/gz_fuel_tools_vendor:/opt/ros/jazzy/opt/gz_msgs_vendor:/opt/ros/jazzy/opt/gz_common_vendor:/opt/ros/jazzy/opt/gz_math_vendor:/opt/ros/jazzy/opt/gz_utils_vendor:/opt/ros/jazzy/opt/gz_tools_vendor:/opt/ros/jazzy/opt/gz_ogre_next_vendor:/opt/ros/jazzy/opt/gz_dartsim_vendor:/opt/ros/jazzy/opt/gz_cmake_vendor PYTHONPATH=/home/ubuntu/ros2_ws/ros2_ws/build/planning_pkg/prefix_override:/usr/lib/python3/dist-packages/colcon_core/task/python/colcon_distutils_commands:/home/ubuntu/ros2_ws/ros2_ws/install/planning_pkg/lib/python3.12/site-packages:/home/ubuntu/ros2_ws/ros2_ws/install/custom_msg_interfaces/lib/python3.12/site-packages:/home/ubuntu/ros2_ws/ros2_ws/install/start_simulation/lib/python3.12/site-packages:/home/ubuntu/ros2_ws/ros2_ws/install/arm_bringup/lib/python3.12/site-packages:/home/ubuntu/ros2_ws/ros2_ws/install/pose_estimator_pkg/lib/python3.12/site-packages:/home/ubuntu/ros2_ws/ros2_ws/install/planning_pkg/lib/python3.12/site-packages:/opt/ros/jazzy/lib/python3.12/site-packages /usr/bin/python3 -W ignore:setup.py install is deprecated -W ignore:easy_install command is deprecated setup.py egg_info --egg-base ../../../build/planning_pkg build --build-base /home/ubuntu/ros2_ws/ros2_ws/build/planning_pkg/build install --record /home/ubuntu/ros2_ws/ros2_ws/build/planning_pkg/install.log --single-version-externally-managed install_data
[3.625s] Level 1:colcon.colcon_core.environment:checking '/home/ubuntu/ros2_ws/ros2_ws/install/planning_pkg' for CMake module files
[3.626s] DEBUG:colcon.colcon_core.event_handler.log_command:Invoked command in '/home/ubuntu/ros2_ws/ros2_ws/ros2_ws/src/planning_pkg' returned '0': CMAKE_PREFIX_PATH=/home/ubuntu/ros2_ws/ros2_ws/install/custom_msg_interfaces:/home/ubuntu/ros2_ws/ros2_ws/install/ros2_ur5_interface:/home/ubuntu/ros2_ws/ros2_ws/install/motion_pkg:/home/ubuntu/ros2_ws/ros2_ws/install/collision_detection_pkg:/opt/ros/jazzy/opt/gz_sim_vendor:/opt/ros/jazzy/opt/gz_sensors_vendor:/opt/ros/jazzy/opt/gz_physics_vendor:/opt/ros/jazzy/opt/sdformat_vendor:/opt/ros/jazzy/opt/gz_gui_vendor:/opt/ros/jazzy/opt/gz_transport_vendor:/opt/ros/jazzy/opt/gz_rendering_vendor:/opt/ros/jazzy/opt/gz_plugin_vendor:/opt/ros/jazzy/opt/gz_fuel_tools_vendor:/opt/ros/jazzy/opt/gz_msgs_vendor:/opt/ros/jazzy/opt/gz_common_vendor:/opt/ros/jazzy/opt/gz_math_vendor:/opt/ros/jazzy/opt/gz_utils_vendor:/opt/ros/jazzy/opt/gz_tools_vendor:/opt/ros/jazzy/opt/gz_ogre_next_vendor:/opt/ros/jazzy/opt/gz_dartsim_vendor:/opt/ros/jazzy/opt/gz_cmake_vendor PYTHONPATH=/home/ubuntu/ros2_ws/ros2_ws/build/planning_pkg/prefix_override:/usr/lib/python3/dist-packages/colcon_core/task/python/colcon_distutils_commands:/home/ubuntu/ros2_ws/ros2_ws/install/planning_pkg/lib/python3.12/site-packages:/home/ubuntu/ros2_ws/ros2_ws/install/custom_msg_interfaces/lib/python3.12/site-packages:/home/ubuntu/ros2_ws/ros2_ws/install/start_simulation/lib/python3.12/site-packages:/home/ubuntu/ros2_ws/ros2_ws/install/arm_bringup/lib/python3.12/site-packages:/home/ubuntu/ros2_ws/ros2_ws/install/pose_estimator_pkg/lib/python3.12/site-packages:/home/ubuntu/ros2_ws/ros2_ws/install/planning_pkg/lib/python3.12/site-packages:/opt/ros/jazzy/lib/python3.12/site-packages /usr/bin/python3 -W ignore:setup.py install is deprecated -W ignore:easy_install command is deprecated setup.py egg_info --egg-base ../../../build/planning_pkg build --build-base /home/ubuntu/ros2_ws/ros2_ws/build/planning_pkg/build install --record /home/ubuntu/ros2_ws/ros2_ws/build/planning_pkg/install.log --single-version-externally-managed install_data
[3.627s] Level 1:colcon.colcon_core.environment:checking '/home/ubuntu/ros2_ws/ros2_ws/install/planning_pkg' for CMake config files
[3.628s] Level 1:colcon.colcon_core.environment:checking '/home/ubuntu/ros2_ws/ros2_ws/install/planning_pkg/lib'
[3.628s] Level 1:colcon.colcon_core.environment:checking '/home/ubuntu/ros2_ws/ros2_ws/install/planning_pkg/bin'
[3.628s] Level 1:colcon.colcon_core.environment:checking '/home/ubuntu/ros2_ws/ros2_ws/install/planning_pkg/lib/pkgconfig/planning_pkg.pc'
[3.628s] Level 1:colcon.colcon_core.environment:checking '/home/ubuntu/ros2_ws/ros2_ws/install/planning_pkg/lib/python3.12/site-packages'
[3.628s] Level 1:colcon.colcon_core.shell:create_environment_hook('planning_pkg', 'pythonpath')
[3.628s] INFO:colcon.colcon_core.shell:Creating environment hook '/home/ubuntu/ros2_ws/ros2_ws/install/planning_pkg/share/planning_pkg/hook/pythonpath.ps1'
[3.629s] INFO:colcon.colcon_core.shell:Creating environment descriptor '/home/ubuntu/ros2_ws/ros2_ws/install/planning_pkg/share/planning_pkg/hook/pythonpath.dsv'
[3.629s] INFO:colcon.colcon_core.shell:Creating environment hook '/home/ubuntu/ros2_ws/ros2_ws/install/planning_pkg/share/planning_pkg/hook/pythonpath.sh'
[3.630s] Level 1:colcon.colcon_core.environment:checking '/home/ubuntu/ros2_ws/ros2_ws/install/planning_pkg/bin'
[3.631s] Level 1:colcon.colcon_core.environment:create_environment_scripts_only(planning_pkg)
[3.631s] INFO:colcon.colcon_core.shell:Creating package script '/home/ubuntu/ros2_ws/ros2_ws/install/planning_pkg/share/planning_pkg/package.ps1'
[3.632s] INFO:colcon.colcon_core.shell:Creating package descriptor '/home/ubuntu/ros2_ws/ros2_ws/install/planning_pkg/share/planning_pkg/package.dsv'
[3.632s] INFO:colcon.colcon_core.shell:Creating package script '/home/ubuntu/ros2_ws/ros2_ws/install/planning_pkg/share/planning_pkg/package.sh'
[3.632s] INFO:colcon.colcon_core.shell:Creating package script '/home/ubuntu/ros2_ws/ros2_ws/install/planning_pkg/share/planning_pkg/package.bash'
[3.633s] INFO:colcon.colcon_core.shell:Creating package script '/home/ubuntu/ros2_ws/ros2_ws/install/planning_pkg/share/planning_pkg/package.zsh'
[3.633s] Level 1:colcon.colcon_core.environment:create_file_with_runtime_dependencies(/home/ubuntu/ros2_ws/ros2_ws/install/planning_pkg/share/colcon-core/packages/planning_pkg)
[3.637s] Level 1:colcon.colcon_core.environment:checking '/home/ubuntu/ros2_ws/ros2_ws/install/pose_estimator_pkg' for CMake module files
[3.638s] DEBUG:colcon.colcon_core.event_handler.log_command:Invoked command in '/home/ubuntu/ros2_ws/ros2_ws/ros2_ws/src/pose_estimator_pkg' returned '0': CMAKE_PREFIX_PATH=/home/ubuntu/ros2_ws/ros2_ws/install/custom_msg_interfaces:/home/ubuntu/ros2_ws/ros2_ws/install/ros2_ur5_interface:/home/ubuntu/ros2_ws/ros2_ws/install/motion_pkg:/home/ubuntu/ros2_ws/ros2_ws/install/collision_detection_pkg:/opt/ros/jazzy/opt/gz_sim_vendor:/opt/ros/jazzy/opt/gz_sensors_vendor:/opt/ros/jazzy/opt/gz_physics_vendor:/opt/ros/jazzy/opt/sdformat_vendor:/opt/ros/jazzy/opt/gz_gui_vendor:/opt/ros/jazzy/opt/gz_transport_vendor:/opt/ros/jazzy/opt/gz_rendering_vendor:/opt/ros/jazzy/opt/gz_plugin_vendor:/opt/ros/jazzy/opt/gz_fuel_tools_vendor:/opt/ros/jazzy/opt/gz_msgs_vendor:/opt/ros/jazzy/opt/gz_common_vendor:/opt/ros/jazzy/opt/gz_math_vendor:/opt/ros/jazzy/opt/gz_utils_vendor:/opt/ros/jazzy/opt/gz_tools_vendor:/opt/ros/jazzy/opt/gz_ogre_next_vendor:/opt/ros/jazzy/opt/gz_dartsim_vendor:/opt/ros/jazzy/opt/gz_cmake_vendor PYTHONPATH=/home/ubuntu/ros2_ws/ros2_ws/build/pose_estimator_pkg/prefix_override:/usr/lib/python3/dist-packages/colcon_core/task/python/colcon_distutils_commands:/home/ubuntu/ros2_ws/ros2_ws/install/pose_estimator_pkg/lib/python3.12/site-packages:/home/ubuntu/ros2_ws/ros2_ws/install/custom_msg_interfaces/lib/python3.12/site-packages:/home/ubuntu/ros2_ws/ros2_ws/install/start_simulation/lib/python3.12/site-packages:/home/ubuntu/ros2_ws/ros2_ws/install/arm_bringup/lib/python3.12/site-packages:/home/ubuntu/ros2_ws/ros2_ws/install/pose_estimator_pkg/lib/python3.12/site-packages:/home/ubuntu/ros2_ws/ros2_ws/install/planning_pkg/lib/python3.12/site-packages:/opt/ros/jazzy/lib/python3.12/site-packages /usr/bin/python3 -W ignore:setup.py install is deprecated -W ignore:easy_install command is deprecated setup.py egg_info --egg-base ../../../build/pose_estimator_pkg build --build-base /home/ubuntu/ros2_ws/ros2_ws/build/pose_estimator_pkg/build install --record /home/ubuntu/ros2_ws/ros2_ws/build/pose_estimator_pkg/install.log --single-version-externally-managed install_data
[3.639s] Level 1:colcon.colcon_core.environment:checking '/home/ubuntu/ros2_ws/ros2_ws/install/pose_estimator_pkg' for CMake config files
[3.639s] Level 1:colcon.colcon_core.environment:checking '/home/ubuntu/ros2_ws/ros2_ws/install/pose_estimator_pkg/lib'
[3.639s] Level 1:colcon.colcon_core.environment:checking '/home/ubuntu/ros2_ws/ros2_ws/install/pose_estimator_pkg/bin'
[3.639s] Level 1:colcon.colcon_core.environment:checking '/home/ubuntu/ros2_ws/ros2_ws/install/pose_estimator_pkg/lib/pkgconfig/pose_estimator_pkg.pc'
[3.640s] Level 1:colcon.colcon_core.environment:checking '/home/ubuntu/ros2_ws/ros2_ws/install/pose_estimator_pkg/lib/python3.12/site-packages'
[3.640s] Level 1:colcon.colcon_core.shell:create_environment_hook('pose_estimator_pkg', 'pythonpath')
[3.640s] INFO:colcon.colcon_core.shell:Creating environment hook '/home/ubuntu/ros2_ws/ros2_ws/install/pose_estimator_pkg/share/pose_estimator_pkg/hook/pythonpath.ps1'
[3.641s] INFO:colcon.colcon_core.shell:Creating environment descriptor '/home/ubuntu/ros2_ws/ros2_ws/install/pose_estimator_pkg/share/pose_estimator_pkg/hook/pythonpath.dsv'
[3.641s] INFO:colcon.colcon_core.shell:Creating environment hook '/home/ubuntu/ros2_ws/ros2_ws/install/pose_estimator_pkg/share/pose_estimator_pkg/hook/pythonpath.sh'
[3.642s] Level 1:colcon.colcon_core.environment:checking '/home/ubuntu/ros2_ws/ros2_ws/install/pose_estimator_pkg/bin'
[3.642s] Level 1:colcon.colcon_core.environment:create_environment_scripts_only(pose_estimator_pkg)
[3.642s] INFO:colcon.colcon_core.shell:Creating package script '/home/ubuntu/ros2_ws/ros2_ws/install/pose_estimator_pkg/share/pose_estimator_pkg/package.ps1'
[3.643s] INFO:colcon.colcon_core.shell:Creating package descriptor '/home/ubuntu/ros2_ws/ros2_ws/install/pose_estimator_pkg/share/pose_estimator_pkg/package.dsv'
[3.643s] INFO:colcon.colcon_core.shell:Creating package script '/home/ubuntu/ros2_ws/ros2_ws/install/pose_estimator_pkg/share/pose_estimator_pkg/package.sh'
[3.643s] INFO:colcon.colcon_core.shell:Creating package script '/home/ubuntu/ros2_ws/ros2_ws/install/pose_estimator_pkg/share/pose_estimator_pkg/package.bash'
[3.644s] INFO:colcon.colcon_core.shell:Creating package script '/home/ubuntu/ros2_ws/ros2_ws/install/pose_estimator_pkg/share/pose_estimator_pkg/package.zsh'
[3.644s] Level 1:colcon.colcon_core.environment:create_file_with_runtime_dependencies(/home/ubuntu/ros2_ws/ros2_ws/install/pose_estimator_pkg/share/colcon-core/packages/pose_estimator_pkg)
[22.549s] Level 1:colcon.colcon_core.environment:create_environment_scripts_only(motion)
[22.549s] DEBUG:colcon.colcon_core.event_handler.log_command:Invoked command in '/home/ubuntu/ros2_ws/ros2_ws/build/motion' returned '2': CMAKE_PREFIX_PATH=/home/ubuntu/ros2_ws/ros2_ws/install/custom_msg_interfaces:/home/ubuntu/ros2_ws/ros2_ws/install/ros2_ur5_interface:/home/ubuntu/ros2_ws/ros2_ws/install/motion_pkg:/home/ubuntu/ros2_ws/ros2_ws/install/collision_detection_pkg:/opt/ros/jazzy/opt/gz_sim_vendor:/opt/ros/jazzy/opt/gz_sensors_vendor:/opt/ros/jazzy/opt/gz_physics_vendor:/opt/ros/jazzy/opt/sdformat_vendor:/opt/ros/jazzy/opt/gz_gui_vendor:/opt/ros/jazzy/opt/gz_transport_vendor:/opt/ros/jazzy/opt/gz_rendering_vendor:/opt/ros/jazzy/opt/gz_plugin_vendor:/opt/ros/jazzy/opt/gz_fuel_tools_vendor:/opt/ros/jazzy/opt/gz_msgs_vendor:/opt/ros/jazzy/opt/gz_common_vendor:/opt/ros/jazzy/opt/gz_math_vendor:/opt/ros/jazzy/opt/gz_utils_vendor:/opt/ros/jazzy/opt/gz_tools_vendor:/opt/ros/jazzy/opt/gz_ogre_next_vendor:/opt/ros/jazzy/opt/gz_dartsim_vendor:/opt/ros/jazzy/opt/gz_cmake_vendor:/home/ubuntu/ros2_ws/ros2_ws/install/start_simulation:/home/ubuntu/ros2_ws/ros2_ws/install/arm_bringup:/home/ubuntu/ros2_ws/ros2_ws/install/pose_estimator_pkg:/home/ubuntu/ros2_ws/ros2_ws/install/planning_pkg:/opt/ros/jazzy PYTHONPATH=/home/ubuntu/ros2_ws/ros2_ws/install/custom_msg_interfaces/lib/python3.12/site-packages:/home/ubuntu/ros2_ws/ros2_ws/install/start_simulation/lib/python3.12/site-packages:/home/ubuntu/ros2_ws/ros2_ws/install/arm_bringup/lib/python3.12/site-packages:/home/ubuntu/ros2_ws/ros2_ws/install/pose_estimator_pkg/lib/python3.12/site-packages:/home/ubuntu/ros2_ws/ros2_ws/install/planning_pkg/lib/python3.12/site-packages:/opt/ros/jazzy/lib/python3.12/site-packages /usr/bin/cmake --build /home/ubuntu/ros2_ws/ros2_ws/build/motion -- -j16 -l16
[22.550s] Level 1:colcon.colcon_core.environment:checking '/home/ubuntu/ros2_ws/ros2_ws/install/motion' for CMake module files
[22.551s] Level 1:colcon.colcon_core.environment:checking '/home/ubuntu/ros2_ws/ros2_ws/install/motion' for CMake config files
[22.552s] Level 1:colcon.colcon_core.environment:checking '/home/ubuntu/ros2_ws/ros2_ws/install/motion/bin'
[22.552s] Level 1:colcon.colcon_core.environment:checking '/home/ubuntu/ros2_ws/ros2_ws/install/motion/lib/pkgconfig/motion.pc'
[22.553s] Level 1:colcon.colcon_core.environment:checking '/home/ubuntu/ros2_ws/ros2_ws/install/motion/lib/python3.12/site-packages'
[22.553s] Level 1:colcon.colcon_core.environment:checking '/home/ubuntu/ros2_ws/ros2_ws/install/motion/bin'
[22.553s] INFO:colcon.colcon_core.shell:Creating package script '/home/ubuntu/ros2_ws/ros2_ws/install/motion/share/motion/package.ps1'
[22.554s] INFO:colcon.colcon_core.shell:Creating package descriptor '/home/ubuntu/ros2_ws/ros2_ws/install/motion/share/motion/package.dsv'
[22.555s] INFO:colcon.colcon_core.shell:Creating package script '/home/ubuntu/ros2_ws/ros2_ws/install/motion/share/motion/package.sh'
[22.555s] INFO:colcon.colcon_core.shell:Creating package script '/home/ubuntu/ros2_ws/ros2_ws/install/motion/share/motion/package.bash'
[22.556s] INFO:colcon.colcon_core.shell:Creating package script '/home/ubuntu/ros2_ws/ros2_ws/install/motion/share/motion/package.zsh'
[22.556s] Level 1:colcon.colcon_core.environment:create_file_with_runtime_dependencies(/home/ubuntu/ros2_ws/ros2_ws/install/motion/share/colcon-core/packages/motion)
[22.567s] DEBUG:colcon.colcon_parallel_executor.executor.parallel:closing loop
[22.567s] DEBUG:colcon.colcon_parallel_executor.executor.parallel:loop closed
[22.568s] DEBUG:colcon.colcon_parallel_executor.executor.parallel:run_until_complete finished with '2'
[22.568s] DEBUG:colcon.colcon_core.event_reactor:joining thread
[22.575s] INFO:colcon.colcon_core.plugin_system:Skipping extension 'colcon_notification.desktop_notification.terminal_notifier': Not used on non-Darwin systems
[22.575s] INFO:colcon.colcon_core.plugin_system:Skipping extension 'colcon_notification.desktop_notification.win32': Not used on non-Windows systems
[22.575s] INFO:colcon.colcon_notification.desktop_notification:Sending desktop notification using 'notify2'
[22.742s] DEBUG:colcon.colcon_core.event_reactor:joined thread
[22.742s] INFO:colcon.colcon_core.shell:Creating prefix script '/home/ubuntu/ros2_ws/ros2_ws/install/local_setup.ps1'
[22.743s] INFO:colcon.colcon_core.shell:Creating prefix util module '/home/ubuntu/ros2_ws/ros2_ws/install/_local_setup_util_ps1.py'
[22.745s] INFO:colcon.colcon_core.shell:Creating prefix chain script '/home/ubuntu/ros2_ws/ros2_ws/install/setup.ps1'
[22.746s] INFO:colcon.colcon_core.shell:Creating prefix script '/home/ubuntu/ros2_ws/ros2_ws/install/local_setup.sh'
[22.746s] INFO:colcon.colcon_core.shell:Creating prefix util module '/home/ubuntu/ros2_ws/ros2_ws/install/_local_setup_util_sh.py'
[22.747s] INFO:colcon.colcon_core.shell:Creating prefix chain script '/home/ubuntu/ros2_ws/ros2_ws/install/setup.sh'
[22.748s] INFO:colcon.colcon_core.shell:Creating prefix script '/home/ubuntu/ros2_ws/ros2_ws/install/local_setup.bash'
[22.749s] INFO:colcon.colcon_core.shell:Creating prefix chain script '/home/ubuntu/ros2_ws/ros2_ws/install/setup.bash'
[22.750s] INFO:colcon.colcon_core.shell:Creating prefix script '/home/ubuntu/ros2_ws/ros2_ws/install/local_setup.zsh'
[22.751s] INFO:colcon.colcon_core.shell:Creating prefix chain script '/home/ubuntu/ros2_ws/ros2_ws/install/setup.zsh'
