running egg_info
creating ../../../build/pose_estimator_pkg/pose_estimator_pkg.egg-info
writing ../../../build/pose_estimator_pkg/pose_estimator_pkg.egg-info/PKG-INFO
writing dependency_links to ../../../build/pose_estimator_pkg/pose_estimator_pkg.egg-info/dependency_links.txt
writing entry points to ../../../build/pose_estimator_pkg/pose_estimator_pkg.egg-info/entry_points.txt
writing requirements to ../../../build/pose_estimator_pkg/pose_estimator_pkg.egg-info/requires.txt
writing top-level names to ../../../build/pose_estimator_pkg/pose_estimator_pkg.egg-info/top_level.txt
writing manifest file '../../../build/pose_estimator_pkg/pose_estimator_pkg.egg-info/SOURCES.txt'
reading manifest file '../../../build/pose_estimator_pkg/pose_estimator_pkg.egg-info/SOURCES.txt'
writing manifest file '../../../build/pose_estimator_pkg/pose_estimator_pkg.egg-info/SOURCES.txt'
running build
running build_py
creating /home/ubuntu/ros2_ws/ros2_ws/build/pose_estimator_pkg/build
creating /home/ubuntu/ros2_ws/ros2_ws/build/pose_estimator_pkg/build/lib
creating /home/ubuntu/ros2_ws/ros2_ws/build/pose_estimator_pkg/build/lib/pose_estimator_pkg
copying pose_estimator_pkg/detection_result_republisher.py -> /home/ubuntu/ros2_ws/ros2_ws/build/pose_estimator_pkg/build/lib/pose_estimator_pkg
copying pose_estimator_pkg/icp_pose_estimator.py -> /home/ubuntu/ros2_ws/ros2_ws/build/pose_estimator_pkg/build/lib/pose_estimator_pkg
copying pose_estimator_pkg/__init__.py -> /home/ubuntu/ros2_ws/ros2_ws/build/pose_estimator_pkg/build/lib/pose_estimator_pkg
copying pose_estimator_pkg/test_pointcloude.py -> /home/ubuntu/ros2_ws/ros2_ws/build/pose_estimator_pkg/build/lib/pose_estimator_pkg
copying pose_estimator_pkg/pt_inference_node.py -> /home/ubuntu/ros2_ws/ros2_ws/build/pose_estimator_pkg/build/lib/pose_estimator_pkg
copying pose_estimator_pkg/pose_estimator.py -> /home/ubuntu/ros2_ws/ros2_ws/build/pose_estimator_pkg/build/lib/pose_estimator_pkg
copying pose_estimator_pkg/visualization_node.py -> /home/ubuntu/ros2_ws/ros2_ws/build/pose_estimator_pkg/build/lib/pose_estimator_pkg
running install
running install_lib
creating /home/ubuntu/ros2_ws/ros2_ws/install/pose_estimator_pkg/lib/python3.12/site-packages/pose_estimator_pkg
copying /home/ubuntu/ros2_ws/ros2_ws/build/pose_estimator_pkg/build/lib/pose_estimator_pkg/detection_result_republisher.py -> /home/ubuntu/ros2_ws/ros2_ws/install/pose_estimator_pkg/lib/python3.12/site-packages/pose_estimator_pkg
copying /home/ubuntu/ros2_ws/ros2_ws/build/pose_estimator_pkg/build/lib/pose_estimator_pkg/icp_pose_estimator.py -> /home/ubuntu/ros2_ws/ros2_ws/install/pose_estimator_pkg/lib/python3.12/site-packages/pose_estimator_pkg
copying /home/ubuntu/ros2_ws/ros2_ws/build/pose_estimator_pkg/build/lib/pose_estimator_pkg/__init__.py -> /home/ubuntu/ros2_ws/ros2_ws/install/pose_estimator_pkg/lib/python3.12/site-packages/pose_estimator_pkg
copying /home/ubuntu/ros2_ws/ros2_ws/build/pose_estimator_pkg/build/lib/pose_estimator_pkg/test_pointcloude.py -> /home/ubuntu/ros2_ws/ros2_ws/install/pose_estimator_pkg/lib/python3.12/site-packages/pose_estimator_pkg
copying /home/ubuntu/ros2_ws/ros2_ws/build/pose_estimator_pkg/build/lib/pose_estimator_pkg/pt_inference_node.py -> /home/ubuntu/ros2_ws/ros2_ws/install/pose_estimator_pkg/lib/python3.12/site-packages/pose_estimator_pkg
copying /home/ubuntu/ros2_ws/ros2_ws/build/pose_estimator_pkg/build/lib/pose_estimator_pkg/pose_estimator.py -> /home/ubuntu/ros2_ws/ros2_ws/install/pose_estimator_pkg/lib/python3.12/site-packages/pose_estimator_pkg
copying /home/ubuntu/ros2_ws/ros2_ws/build/pose_estimator_pkg/build/lib/pose_estimator_pkg/visualization_node.py -> /home/ubuntu/ros2_ws/ros2_ws/install/pose_estimator_pkg/lib/python3.12/site-packages/pose_estimator_pkg
byte-compiling /home/ubuntu/ros2_ws/ros2_ws/install/pose_estimator_pkg/lib/python3.12/site-packages/pose_estimator_pkg/detection_result_republisher.py to detection_result_republisher.cpython-312.pyc
byte-compiling /home/ubuntu/ros2_ws/ros2_ws/install/pose_estimator_pkg/lib/python3.12/site-packages/pose_estimator_pkg/icp_pose_estimator.py to icp_pose_estimator.cpython-312.pyc
byte-compiling /home/ubuntu/ros2_ws/ros2_ws/install/pose_estimator_pkg/lib/python3.12/site-packages/pose_estimator_pkg/__init__.py to __init__.cpython-312.pyc
byte-compiling /home/ubuntu/ros2_ws/ros2_ws/install/pose_estimator_pkg/lib/python3.12/site-packages/pose_estimator_pkg/test_pointcloude.py to test_pointcloude.cpython-312.pyc
byte-compiling /home/ubuntu/ros2_ws/ros2_ws/install/pose_estimator_pkg/lib/python3.12/site-packages/pose_estimator_pkg/pt_inference_node.py to pt_inference_node.cpython-312.pyc
byte-compiling /home/ubuntu/ros2_ws/ros2_ws/install/pose_estimator_pkg/lib/python3.12/site-packages/pose_estimator_pkg/pose_estimator.py to pose_estimator.cpython-312.pyc
byte-compiling /home/ubuntu/ros2_ws/ros2_ws/install/pose_estimator_pkg/lib/python3.12/site-packages/pose_estimator_pkg/visualization_node.py to visualization_node.cpython-312.pyc
running install_data
creating /home/ubuntu/ros2_ws/ros2_ws/install/pose_estimator_pkg/share/ament_index
creating /home/ubuntu/ros2_ws/ros2_ws/install/pose_estimator_pkg/share/ament_index/resource_index
creating /home/ubuntu/ros2_ws/ros2_ws/install/pose_estimator_pkg/share/ament_index/resource_index/packages
copying resource/pose_estimator_pkg -> /home/ubuntu/ros2_ws/ros2_ws/install/pose_estimator_pkg/share/ament_index/resource_index/packages
copying package.xml -> /home/ubuntu/ros2_ws/ros2_ws/install/pose_estimator_pkg/share/pose_estimator_pkg
creating /home/ubuntu/ros2_ws/ros2_ws/install/pose_estimator_pkg/share/pose_estimator_pkg/launch
copying launch/vision_launch.py -> /home/ubuntu/ros2_ws/ros2_ws/install/pose_estimator_pkg/share/pose_estimator_pkg/launch
creating /home/ubuntu/ros2_ws/ros2_ws/install/pose_estimator_pkg/share/pose_estimator_pkg/msg
copying msg/DetectionResult.msg -> /home/ubuntu/ros2_ws/ros2_ws/install/pose_estimator_pkg/share/pose_estimator_pkg/msg
running install_egg_info
Copying ../../../build/pose_estimator_pkg/pose_estimator_pkg.egg-info to /home/ubuntu/ros2_ws/ros2_ws/install/pose_estimator_pkg/lib/python3.12/site-packages/pose_estimator_pkg-0.0.0-py3.12.egg-info
running install_scripts
Installing detection_result_republisher script to /home/ubuntu/ros2_ws/ros2_ws/install/pose_estimator_pkg/lib/pose_estimator_pkg
Installing icp_pose_estimator_node script to /home/ubuntu/ros2_ws/ros2_ws/install/pose_estimator_pkg/lib/pose_estimator_pkg
Installing pose_estimator_node script to /home/ubuntu/ros2_ws/ros2_ws/install/pose_estimator_pkg/lib/pose_estimator_pkg
Installing pt_inference_node script to /home/ubuntu/ros2_ws/ros2_ws/install/pose_estimator_pkg/lib/pose_estimator_pkg
Installing visualization_node script to /home/ubuntu/ros2_ws/ros2_ws/install/pose_estimator_pkg/lib/pose_estimator_pkg
writing list of installed files to '/home/ubuntu/ros2_ws/ros2_ws/build/pose_estimator_pkg/install.log'
