[0.023s] Invoking command in '/home/ubuntu/ros2_ws/build/custom_msg_interfaces': CMAKE_PREFIX_PATH=${CMAKE_PREFIX_PATH}:/home/ubuntu/ros2_ws/install/pose_estimator_pkg:/home/ubuntu/ros2_ws/install/planning_pkg:/opt/ros/jazzy /usr/bin/cmake --build /home/ubuntu/ros2_ws/build/custom_msg_interfaces -- -j20 -l20
[0.280s] [  2%] Built target custom_msg_interfaces__rosidl_generator_type_description
[0.280s] [  2%] Built target ament_cmake_python_copy_custom_msg_interfaces
[0.280s] [ 17%] Built target custom_msg_interfaces__rosidl_generator_c
[0.280s] [ 20%] Built target custom_msg_interfaces__cpp
[0.280s] [ 35%] Built target custom_msg_interfaces__rosidl_typesupport_c
[0.280s] [ 44%] Built target custom_msg_interfaces__rosidl_typesupport_introspection_cpp
[0.281s] [ 52%] Built target custom_msg_interfaces__rosidl_typesupport_fastrtps_c
[0.281s] [ 58%] Built target custom_msg_interfaces__rosidl_typesupport_fastrtps_cpp
[0.281s] [ 64%] Built target custom_msg_interfaces__rosidl_typesupport_introspection_c
[0.281s] [ 73%] Built target custom_msg_interfaces__rosidl_typesupport_cpp
[0.282s] [ 73%] Built target custom_msg_interfaces
[0.282s] [ 76%] Built target custom_msg_interfaces__py
[0.282s] [ 82%] Built target custom_msg_interfaces__rosidl_generator_py
[0.283s] [ 88%] Built target custom_msg_interfaces_s__rosidl_typesupport_fastrtps_c
[0.283s] [ 94%] Built target custom_msg_interfaces_s__rosidl_typesupport_c
[0.287s] [100%] Built target custom_msg_interfaces_s__rosidl_typesupport_introspection_c
[0.347s] running egg_info
[0.372s] writing custom_msg_interfaces.egg-info/PKG-INFO
[0.372s] writing dependency_links to custom_msg_interfaces.egg-info/dependency_links.txt
[0.372s] writing top-level names to custom_msg_interfaces.egg-info/top_level.txt
[0.440s] reading manifest file 'custom_msg_interfaces.egg-info/SOURCES.txt'
[0.441s] writing manifest file 'custom_msg_interfaces.egg-info/SOURCES.txt'
[0.483s] [100%] Built target ament_cmake_python_build_custom_msg_interfaces_egg
