[0.014s] Invoking command in '/home/ubuntu/ros2_ws/ros2_ws/build/collision_detection_pkg': CMAKE_PREFIX_PATH=${CMAKE_PREFIX_PATH}:/home/ubuntu/ros2_ws/ros2_ws/install/arm_bringup:/home/ubuntu/ros2_ws/ros2_ws/install/pose_estimator_pkg:/home/ubuntu/ros2_ws/ros2_ws/install/planning_pkg:/opt/ros/jazzy /usr/bin/cmake --build /home/ubuntu/ros2_ws/ros2_ws/build/collision_detection_pkg -- -j16 -l16
[0.084s] [100%] Built target table_avoidance_node
[0.096s] Invoked command in '/home/ubuntu/ros2_ws/ros2_ws/build/collision_detection_pkg' returned '0': CMAKE_PREFIX_PATH=${CMAKE_PREFIX_PATH}:/home/ubuntu/ros2_ws/ros2_ws/install/arm_bringup:/home/ubuntu/ros2_ws/ros2_ws/install/pose_estimator_pkg:/home/ubuntu/ros2_ws/ros2_ws/install/planning_pkg:/opt/ros/jazzy /usr/bin/cmake --build /home/ubuntu/ros2_ws/ros2_ws/build/collision_detection_pkg -- -j16 -l16
[0.106s] Invoking command in '/home/ubuntu/ros2_ws/ros2_ws/build/collision_detection_pkg': CMAKE_PREFIX_PATH=${CMAKE_PREFIX_PATH}:/home/ubuntu/ros2_ws/ros2_ws/install/arm_bringup:/home/ubuntu/ros2_ws/ros2_ws/install/pose_estimator_pkg:/home/ubuntu/ros2_ws/ros2_ws/install/planning_pkg:/opt/ros/jazzy /usr/bin/cmake --install /home/ubuntu/ros2_ws/ros2_ws/build/collision_detection_pkg
[0.116s] -- Install configuration: ""
[0.117s] -- Up-to-date: /home/ubuntu/ros2_ws/ros2_ws/install/collision_detection_pkg/lib/collision_detection_pkg/table_avoidance_node
[0.118s] -- Up-to-date: /home/ubuntu/ros2_ws/ros2_ws/install/collision_detection_pkg/share/ament_index/resource_index/package_run_dependencies/collision_detection_pkg
[0.118s] -- Up-to-date: /home/ubuntu/ros2_ws/ros2_ws/install/collision_detection_pkg/share/ament_index/resource_index/parent_prefix_path/collision_detection_pkg
[0.118s] -- Up-to-date: /home/ubuntu/ros2_ws/ros2_ws/install/collision_detection_pkg/share/collision_detection_pkg/environment/ament_prefix_path.sh
[0.119s] -- Up-to-date: /home/ubuntu/ros2_ws/ros2_ws/install/collision_detection_pkg/share/collision_detection_pkg/environment/ament_prefix_path.dsv
[0.119s] -- Up-to-date: /home/ubuntu/ros2_ws/ros2_ws/install/collision_detection_pkg/share/collision_detection_pkg/environment/path.sh
[0.119s] -- Up-to-date: /home/ubuntu/ros2_ws/ros2_ws/install/collision_detection_pkg/share/collision_detection_pkg/environment/path.dsv
[0.119s] -- Up-to-date: /home/ubuntu/ros2_ws/ros2_ws/install/collision_detection_pkg/share/collision_detection_pkg/local_setup.bash
[0.120s] -- Up-to-date: /home/ubuntu/ros2_ws/ros2_ws/install/collision_detection_pkg/share/collision_detection_pkg/local_setup.sh
[0.120s] -- Up-to-date: /home/ubuntu/ros2_ws/ros2_ws/install/collision_detection_pkg/share/collision_detection_pkg/local_setup.zsh
[0.120s] -- Up-to-date: /home/ubuntu/ros2_ws/ros2_ws/install/collision_detection_pkg/share/collision_detection_pkg/local_setup.dsv
[0.120s] -- Installing: /home/ubuntu/ros2_ws/ros2_ws/install/collision_detection_pkg/share/collision_detection_pkg/package.dsv
[0.120s] -- Up-to-date: /home/ubuntu/ros2_ws/ros2_ws/install/collision_detection_pkg/share/ament_index/resource_index/packages/collision_detection_pkg
[0.120s] -- Up-to-date: /home/ubuntu/ros2_ws/ros2_ws/install/collision_detection_pkg/share/collision_detection_pkg/cmake/collision_detection_pkgConfig.cmake
[0.120s] -- Up-to-date: /home/ubuntu/ros2_ws/ros2_ws/install/collision_detection_pkg/share/collision_detection_pkg/cmake/collision_detection_pkgConfig-version.cmake
[0.120s] -- Up-to-date: /home/ubuntu/ros2_ws/ros2_ws/install/collision_detection_pkg/share/collision_detection_pkg/package.xml
[0.123s] Invoked command in '/home/ubuntu/ros2_ws/ros2_ws/build/collision_detection_pkg' returned '0': CMAKE_PREFIX_PATH=${CMAKE_PREFIX_PATH}:/home/ubuntu/ros2_ws/ros2_ws/install/arm_bringup:/home/ubuntu/ros2_ws/ros2_ws/install/pose_estimator_pkg:/home/ubuntu/ros2_ws/ros2_ws/install/planning_pkg:/opt/ros/jazzy /usr/bin/cmake --install /home/ubuntu/ros2_ws/ros2_ws/build/collision_detection_pkg
