[1.555s] Invoking command in '/home/ubuntu/ros2_ws/ros2_ws/ros2_ws/src/pose_estimator_pkg': CMAKE_PREFIX_PATH=/home/ubuntu/ros2_ws/ros2_ws/install/custom_msg_interfaces:/home/ubuntu/ros2_ws/ros2_ws/install/ros2_ur5_interface:/home/ubuntu/ros2_ws/ros2_ws/install/motion_pkg:/home/ubuntu/ros2_ws/ros2_ws/install/collision_detection_pkg:/opt/ros/jazzy/opt/gz_sim_vendor:/opt/ros/jazzy/opt/gz_sensors_vendor:/opt/ros/jazzy/opt/gz_physics_vendor:/opt/ros/jazzy/opt/sdformat_vendor:/opt/ros/jazzy/opt/gz_gui_vendor:/opt/ros/jazzy/opt/gz_transport_vendor:/opt/ros/jazzy/opt/gz_rendering_vendor:/opt/ros/jazzy/opt/gz_plugin_vendor:/opt/ros/jazzy/opt/gz_fuel_tools_vendor:/opt/ros/jazzy/opt/gz_msgs_vendor:/opt/ros/jazzy/opt/gz_common_vendor:/opt/ros/jazzy/opt/gz_math_vendor:/opt/ros/jazzy/opt/gz_utils_vendor:/opt/ros/jazzy/opt/gz_tools_vendor:/opt/ros/jazzy/opt/gz_ogre_next_vendor:/opt/ros/jazzy/opt/gz_dartsim_vendor:/opt/ros/jazzy/opt/gz_cmake_vendor PYTHONPATH=/home/ubuntu/ros2_ws/ros2_ws/build/pose_estimator_pkg/prefix_override:/usr/lib/python3/dist-packages/colcon_core/task/python/colcon_distutils_commands:/home/ubuntu/ros2_ws/ros2_ws/install/pose_estimator_pkg/lib/python3.12/site-packages:/home/ubuntu/ros2_ws/ros2_ws/install/custom_msg_interfaces/lib/python3.12/site-packages:/home/ubuntu/ros2_ws/ros2_ws/install/start_simulation/lib/python3.12/site-packages:/home/ubuntu/ros2_ws/ros2_ws/install/arm_bringup/lib/python3.12/site-packages:/home/ubuntu/ros2_ws/ros2_ws/install/pose_estimator_pkg/lib/python3.12/site-packages:/home/ubuntu/ros2_ws/ros2_ws/install/planning_pkg/lib/python3.12/site-packages:/opt/ros/jazzy/lib/python3.12/site-packages /usr/bin/python3 -W ignore:setup.py install is deprecated -W ignore:easy_install command is deprecated setup.py egg_info --egg-base ../../../build/pose_estimator_pkg build --build-base /home/ubuntu/ros2_ws/ros2_ws/build/pose_estimator_pkg/build install --record /home/ubuntu/ros2_ws/ros2_ws/build/pose_estimator_pkg/install.log --single-version-externally-managed install_data
[1.928s] running egg_info
[1.956s] writing ../../../build/pose_estimator_pkg/pose_estimator_pkg.egg-info/PKG-INFO
[1.957s] writing dependency_links to ../../../build/pose_estimator_pkg/pose_estimator_pkg.egg-info/dependency_links.txt
[1.957s] writing entry points to ../../../build/pose_estimator_pkg/pose_estimator_pkg.egg-info/entry_points.txt
[1.958s] writing requirements to ../../../build/pose_estimator_pkg/pose_estimator_pkg.egg-info/requires.txt
[1.958s] writing top-level names to ../../../build/pose_estimator_pkg/pose_estimator_pkg.egg-info/top_level.txt
[2.015s] reading manifest file '../../../build/pose_estimator_pkg/pose_estimator_pkg.egg-info/SOURCES.txt'
[2.016s] writing manifest file '../../../build/pose_estimator_pkg/pose_estimator_pkg.egg-info/SOURCES.txt'
[2.016s] running build
[2.017s] running build_py
[2.017s] running install
[2.028s] running install_lib
[2.054s] running install_data
[2.054s] running install_egg_info
[2.079s] removing '/home/ubuntu/ros2_ws/ros2_ws/install/pose_estimator_pkg/lib/python3.12/site-packages/pose_estimator_pkg-0.0.0-py3.12.egg-info' (and everything under it)
[2.080s] Copying ../../../build/pose_estimator_pkg/pose_estimator_pkg.egg-info to /home/ubuntu/ros2_ws/ros2_ws/install/pose_estimator_pkg/lib/python3.12/site-packages/pose_estimator_pkg-0.0.0-py3.12.egg-info
[2.081s] running install_scripts
[2.284s] Installing detection_result_republisher script to /home/ubuntu/ros2_ws/ros2_ws/install/pose_estimator_pkg/lib/pose_estimator_pkg
[2.285s] Installing icp_pose_estimator_node script to /home/ubuntu/ros2_ws/ros2_ws/install/pose_estimator_pkg/lib/pose_estimator_pkg
[2.285s] Installing pose_estimator_node script to /home/ubuntu/ros2_ws/ros2_ws/install/pose_estimator_pkg/lib/pose_estimator_pkg
[2.286s] Installing pt_inference_node script to /home/ubuntu/ros2_ws/ros2_ws/install/pose_estimator_pkg/lib/pose_estimator_pkg
[2.286s] Installing visualization_node script to /home/ubuntu/ros2_ws/ros2_ws/install/pose_estimator_pkg/lib/pose_estimator_pkg
[2.287s] writing list of installed files to '/home/ubuntu/ros2_ws/ros2_ws/build/pose_estimator_pkg/install.log'
[2.329s] Invoked command in '/home/ubuntu/ros2_ws/ros2_ws/ros2_ws/src/pose_estimator_pkg' returned '0': CMAKE_PREFIX_PATH=/home/ubuntu/ros2_ws/ros2_ws/install/custom_msg_interfaces:/home/ubuntu/ros2_ws/ros2_ws/install/ros2_ur5_interface:/home/ubuntu/ros2_ws/ros2_ws/install/motion_pkg:/home/ubuntu/ros2_ws/ros2_ws/install/collision_detection_pkg:/opt/ros/jazzy/opt/gz_sim_vendor:/opt/ros/jazzy/opt/gz_sensors_vendor:/opt/ros/jazzy/opt/gz_physics_vendor:/opt/ros/jazzy/opt/sdformat_vendor:/opt/ros/jazzy/opt/gz_gui_vendor:/opt/ros/jazzy/opt/gz_transport_vendor:/opt/ros/jazzy/opt/gz_rendering_vendor:/opt/ros/jazzy/opt/gz_plugin_vendor:/opt/ros/jazzy/opt/gz_fuel_tools_vendor:/opt/ros/jazzy/opt/gz_msgs_vendor:/opt/ros/jazzy/opt/gz_common_vendor:/opt/ros/jazzy/opt/gz_math_vendor:/opt/ros/jazzy/opt/gz_utils_vendor:/opt/ros/jazzy/opt/gz_tools_vendor:/opt/ros/jazzy/opt/gz_ogre_next_vendor:/opt/ros/jazzy/opt/gz_dartsim_vendor:/opt/ros/jazzy/opt/gz_cmake_vendor PYTHONPATH=/home/ubuntu/ros2_ws/ros2_ws/build/pose_estimator_pkg/prefix_override:/usr/lib/python3/dist-packages/colcon_core/task/python/colcon_distutils_commands:/home/ubuntu/ros2_ws/ros2_ws/install/pose_estimator_pkg/lib/python3.12/site-packages:/home/ubuntu/ros2_ws/ros2_ws/install/custom_msg_interfaces/lib/python3.12/site-packages:/home/ubuntu/ros2_ws/ros2_ws/install/start_simulation/lib/python3.12/site-packages:/home/ubuntu/ros2_ws/ros2_ws/install/arm_bringup/lib/python3.12/site-packages:/home/ubuntu/ros2_ws/ros2_ws/install/pose_estimator_pkg/lib/python3.12/site-packages:/home/ubuntu/ros2_ws/ros2_ws/install/planning_pkg/lib/python3.12/site-packages:/opt/ros/jazzy/lib/python3.12/site-packages /usr/bin/python3 -W ignore:setup.py install is deprecated -W ignore:easy_install command is deprecated setup.py egg_info --egg-base ../../../build/pose_estimator_pkg build --build-base /home/ubuntu/ros2_ws/ros2_ws/build/pose_estimator_pkg/build install --record /home/ubuntu/ros2_ws/ros2_ws/build/pose_estimator_pkg/install.log --single-version-externally-managed install_data
