[0.026s] Invoking command in '/home/ubuntu/ros2_ws/src/Robotics/ros2_ws/build/ros2_ur5_interface': CMAKE_PREFIX_PATH=${CMAKE_PREFIX_PATH}:/opt/ros/jazzy /usr/bin/cmake /home/ubuntu/ros2_ws/src/Robotics/ros2_ws/src/ros2_ur5_interface -DCMAKE_INSTALL_PREFIX=/home/ubuntu/ros2_ws/src/Robotics/ros2_ws/install/ros2_ur5_interface
[0.146s] -- The C compiler identification is GNU 13.2.0
[0.244s] -- The CXX compiler identification is GNU 13.2.0
[0.267s] -- Detecting C compiler ABI info
[0.400s] -- Detecting C compiler ABI info - done
[0.415s] -- Check for working C compiler: /usr/bin/cc - skipped
[0.415s] -- Detecting C compile features
[0.415s] -- Detecting C compile features - done
[0.427s] -- Detecting CXX compiler ABI info
[0.564s] -- Detecting CXX compiler ABI info - done
[0.578s] -- Check for working CXX compiler: /usr/bin/c++ - skipped
[0.578s] -- Detecting CXX compile features
[0.579s] -- Detecting CXX compile features - done
[0.585s] -- Found ament_cmake: 2.5.2 (/opt/ros/jazzy/share/ament_cmake/cmake)
[0.828s] -- Found Python3: /usr/bin/python3 (found version "3.12.3") found components: Interpreter 
[1.025s] -- Found ament_index_cpp: 1.8.1 (/opt/ros/jazzy/share/ament_index_cpp/cmake)
[1.033s] -- Found rclcpp: 28.1.5 (/opt/ros/jazzy/share/rclcpp/cmake)
[1.116s] -- Found rosidl_generator_c: 4.6.4 (/opt/ros/jazzy/share/rosidl_generator_c/cmake)
[1.140s] -- Found rosidl_generator_cpp: 4.6.4 (/opt/ros/jazzy/share/rosidl_generator_cpp/cmake)
[1.171s] -- Using all available rosidl_typesupport_c: rosidl_typesupport_fastrtps_c;rosidl_typesupport_introspection_c
[1.211s] -- Using all available rosidl_typesupport_cpp: rosidl_typesupport_fastrtps_cpp;rosidl_typesupport_introspection_cpp
[1.353s] -- Found rmw_implementation_cmake: 7.3.1 (/opt/ros/jazzy/share/rmw_implementation_cmake/cmake)
[1.358s] -- Found rmw_fastrtps_cpp: 8.4.1 (/opt/ros/jazzy/share/rmw_fastrtps_cpp/cmake)
[1.487s] -- Found OpenSSL: /usr/lib/x86_64-linux-gnu/libcrypto.so (found version "3.0.13")  
[1.524s] -- Found FastRTPS: /opt/ros/jazzy/include (Required is at least version "2.13") 
[1.561s] -- Using RMW implementation 'rmw_fastrtps_cpp' as default
[1.692s] -- Found trajectory_msgs: 5.3.5 (/opt/ros/jazzy/share/trajectory_msgs/cmake)
[1.786s] -- Found sensor_msgs: 5.3.5 (/opt/ros/jazzy/share/sensor_msgs/cmake)
[1.826s] -- Found control_msgs: 5.3.0 (/opt/ros/jazzy/share/control_msgs/cmake)
[1.948s] -- Found rclcpp_action: 28.1.5 (/opt/ros/jazzy/share/rclcpp_action/cmake)
[1.969s] -- Found std_srvs: 5.3.5 (/opt/ros/jazzy/share/std_srvs/cmake)
[2.135s] -- Configuring done (2.1s)
[2.167s] -- Generating done (0.0s)
[2.177s] -- Build files have been written to: /home/ubuntu/ros2_ws/src/Robotics/ros2_ws/build/ros2_ur5_interface
[2.194s] Invoked command in '/home/ubuntu/ros2_ws/src/Robotics/ros2_ws/build/ros2_ur5_interface' returned '0': CMAKE_PREFIX_PATH=${CMAKE_PREFIX_PATH}:/opt/ros/jazzy /usr/bin/cmake /home/ubuntu/ros2_ws/src/Robotics/ros2_ws/src/ros2_ur5_interface -DCMAKE_INSTALL_PREFIX=/home/ubuntu/ros2_ws/src/Robotics/ros2_ws/install/ros2_ur5_interface
[2.196s] Invoking command in '/home/ubuntu/ros2_ws/src/Robotics/ros2_ws/build/ros2_ur5_interface': CMAKE_PREFIX_PATH=${CMAKE_PREFIX_PATH}:/opt/ros/jazzy /usr/bin/cmake --build /home/ubuntu/ros2_ws/src/Robotics/ros2_ws/build/ros2_ur5_interface -- -j16 -l16
[2.262s] [ 25%] [32mBuilding CXX object CMakeFiles/publish_trajectory_node.dir/src/publish_trajectory_node.cpp.o[0m
[2.262s] [ 50%] [32mBuilding CXX object CMakeFiles/gripper_service.dir/src/gripper_service.cpp.o[0m
[20.986s] [ 75%] [32m[1mLinking CXX executable publish_trajectory_node[0m
[21.987s] [ 75%] Built target publish_trajectory_node
[30.933s] [100%] [32m[1mLinking CXX executable gripper_service[0m
[31.977s] [100%] Built target gripper_service
[32.003s] Invoked command in '/home/ubuntu/ros2_ws/src/Robotics/ros2_ws/build/ros2_ur5_interface' returned '0': CMAKE_PREFIX_PATH=${CMAKE_PREFIX_PATH}:/opt/ros/jazzy /usr/bin/cmake --build /home/ubuntu/ros2_ws/src/Robotics/ros2_ws/build/ros2_ur5_interface -- -j16 -l16
[32.006s] Invoking command in '/home/ubuntu/ros2_ws/src/Robotics/ros2_ws/build/ros2_ur5_interface': CMAKE_PREFIX_PATH=${CMAKE_PREFIX_PATH}:/opt/ros/jazzy /usr/bin/cmake --install /home/ubuntu/ros2_ws/src/Robotics/ros2_ws/build/ros2_ur5_interface
[32.023s] -- Install configuration: ""
[32.025s] -- Installing: /home/ubuntu/ros2_ws/src/Robotics/ros2_ws/install/ros2_ur5_interface/lib/ros2_ur5_interface/publish_trajectory_node
[32.038s] -- Set non-toolchain portion of runtime path of "/home/ubuntu/ros2_ws/src/Robotics/ros2_ws/install/ros2_ur5_interface/lib/ros2_ur5_interface/publish_trajectory_node" to ""
[32.038s] -- Installing: /home/ubuntu/ros2_ws/src/Robotics/ros2_ws/install/ros2_ur5_interface/lib/ros2_ur5_interface/gripper_service
[32.051s] -- Set non-toolchain portion of runtime path of "/home/ubuntu/ros2_ws/src/Robotics/ros2_ws/install/ros2_ur5_interface/lib/ros2_ur5_interface/gripper_service" to ""
[32.051s] -- Installing: /home/ubuntu/ros2_ws/src/Robotics/ros2_ws/install/ros2_ur5_interface/share/ros2_ur5_interface/launch
[32.053s] -- Installing: /home/ubuntu/ros2_ws/src/Robotics/ros2_ws/install/ros2_ur5_interface/share/ros2_ur5_interface/launch/interface.launch.py
[32.054s] -- Installing: /home/ubuntu/ros2_ws/src/Robotics/ros2_ws/install/ros2_ur5_interface/share/ros2_ur5_interface/launch/sim.launch.py
[32.056s] -- Installing: /home/ubuntu/ros2_ws/src/Robotics/ros2_ws/install/ros2_ur5_interface/share/ros2_ur5_interface/config
[32.057s] -- Installing: /home/ubuntu/ros2_ws/src/Robotics/ros2_ws/install/ros2_ur5_interface/share/ros2_ur5_interface/config/ur_controllers.yaml
[32.058s] -- Installing: /home/ubuntu/ros2_ws/src/Robotics/ros2_ws/install/ros2_ur5_interface/share/ros2_ur5_interface/params
[32.059s] -- Installing: /home/ubuntu/ros2_ws/src/Robotics/ros2_ws/install/ros2_ur5_interface/share/ros2_ur5_interface/params/ur5_bridge.yaml
[32.059s] -- Installing: /home/ubuntu/ros2_ws/src/Robotics/ros2_ws/install/ros2_ur5_interface/share/ros2_ur5_interface/gripper
[32.060s] -- Installing: /home/ubuntu/ros2_ws/src/Robotics/ros2_ws/install/ros2_ur5_interface/share/ros2_ur5_interface/gripper/neutral_from_closed.script
[32.061s] -- Installing: /home/ubuntu/ros2_ws/src/Robotics/ros2_ws/install/ros2_ur5_interface/share/ros2_ur5_interface/gripper/neutral_from_open.script
[32.062s] -- Installing: /home/ubuntu/ros2_ws/src/Robotics/ros2_ws/install/ros2_ur5_interface/share/ros2_ur5_interface/gripper/open.script
[32.063s] -- Installing: /home/ubuntu/ros2_ws/src/Robotics/ros2_ws/install/ros2_ur5_interface/share/ros2_ur5_interface/gripper/close.script
[32.065s] -- Installing: /home/ubuntu/ros2_ws/src/Robotics/ros2_ws/install/ros2_ur5_interface/share/ros2_ur5_interface/worlds
[32.065s] -- Installing: /home/ubuntu/ros2_ws/src/Robotics/ros2_ws/install/ros2_ur5_interface/share/ros2_ur5_interface/worlds/empty.world
[32.066s] -- Installing: /home/ubuntu/ros2_ws/src/Robotics/ros2_ws/install/ros2_ur5_interface/share/ros2_ur5_interface/models
[32.067s] -- Installing: /home/ubuntu/ros2_ws/src/Robotics/ros2_ws/install/ros2_ur5_interface/share/ros2_ur5_interface/models/ur_gz.ros2_control.xacro
[32.067s] -- Installing: /home/ubuntu/ros2_ws/src/Robotics/ros2_ws/install/ros2_ur5_interface/share/ros2_ur5_interface/models/block.urdf.xacro
[32.068s] -- Installing: /home/ubuntu/ros2_ws/src/Robotics/ros2_ws/install/ros2_ur5_interface/share/ros2_ur5_interface/models/camera.sdf
[32.068s] -- Installing: /home/ubuntu/ros2_ws/src/Robotics/ros2_ws/install/ros2_ur5_interface/share/ros2_ur5_interface/models/desk.config
[32.069s] -- Installing: /home/ubuntu/ros2_ws/src/Robotics/ros2_ws/install/ros2_ur5_interface/share/ros2_ur5_interface/models/block.config
[32.070s] -- Installing: /home/ubuntu/ros2_ws/src/Robotics/ros2_ws/install/ros2_ur5_interface/share/ros2_ur5_interface/models/desk.urdf.xacro
[32.071s] -- Installing: /home/ubuntu/ros2_ws/src/Robotics/ros2_ws/install/ros2_ur5_interface/share/ros2_ur5_interface/models/ur_gz.urdf.xacro
[32.072s] -- Installing: /home/ubuntu/ros2_ws/src/Robotics/ros2_ws/install/ros2_ur5_interface/share/ros2_ur5_interface/models/soft_robotics_gripper.xacro
[32.074s] -- Installing: /home/ubuntu/ros2_ws/src/Robotics/ros2_ws/install/ros2_ur5_interface/share/ros2_ur5_interface/models/meshes
[32.074s] -- Installing: /home/ubuntu/ros2_ws/src/Robotics/ros2_ws/install/ros2_ur5_interface/share/ros2_ur5_interface/models/meshes/X2-Y2-Z2.stl
[32.077s] -- Installing: /home/ubuntu/ros2_ws/src/Robotics/ros2_ws/install/ros2_ur5_interface/share/ros2_ur5_interface/models/meshes/X1-Y3-Z2.stl
[32.081s] -- Installing: /home/ubuntu/ros2_ws/src/Robotics/ros2_ws/install/ros2_ur5_interface/share/ros2_ur5_interface/models/meshes/X1-Y4-Z1.stl
[32.085s] -- Installing: /home/ubuntu/ros2_ws/src/Robotics/ros2_ws/install/ros2_ur5_interface/share/ros2_ur5_interface/models/meshes/link2.stl
[32.087s] -- Installing: /home/ubuntu/ros2_ws/src/Robotics/ros2_ws/install/ros2_ur5_interface/share/ros2_ur5_interface/models/meshes/X1-Y2-Z2-TWINFILLET.stl
[32.090s] -- Installing: /home/ubuntu/ros2_ws/src/Robotics/ros2_ws/install/ros2_ur5_interface/share/ros2_ur5_interface/models/meshes/X1-Y4-Z2.stl
[32.094s] -- Installing: /home/ubuntu/ros2_ws/src/Robotics/ros2_ws/install/ros2_ur5_interface/share/ros2_ur5_interface/models/meshes/X2-Y2-Z2-FILLET.stl
[32.097s] -- Installing: /home/ubuntu/ros2_ws/src/Robotics/ros2_ws/install/ros2_ur5_interface/share/ros2_ur5_interface/models/meshes/X1-Y1-Z2.stl
[32.100s] -- Installing: /home/ubuntu/ros2_ws/src/Robotics/ros2_ws/install/ros2_ur5_interface/share/ros2_ur5_interface/models/meshes/X1-Y2-Z2.stl
[32.104s] -- Installing: /home/ubuntu/ros2_ws/src/Robotics/ros2_ws/install/ros2_ur5_interface/share/ros2_ur5_interface/models/meshes/link1.stl
[32.107s] -- Installing: /home/ubuntu/ros2_ws/src/Robotics/ros2_ws/install/ros2_ur5_interface/share/ros2_ur5_interface/models/meshes/X1-Y2-Z1.stl
[32.110s] -- Installing: /home/ubuntu/ros2_ws/src/Robotics/ros2_ws/install/ros2_ur5_interface/share/ros2_ur5_interface/models/meshes/X1-Y3-Z2-FILLET.stl
[32.114s] -- Installing: /home/ubuntu/ros2_ws/src/Robotics/ros2_ws/install/ros2_ur5_interface/share/ros2_ur5_interface/models/meshes/desk.stl
[32.116s] -- Installing: /home/ubuntu/ros2_ws/src/Robotics/ros2_ws/install/ros2_ur5_interface/share/ros2_ur5_interface/models/meshes/X1-Y2-Z2-CHAMFER.stl
[32.120s] -- Installing: /home/ubuntu/ros2_ws/src/Robotics/ros2_ws/install/ros2_ur5_interface/share/ros2_ur5_interface/models/meshes/base.stl
[32.125s] -- Installing: /home/ubuntu/ros2_ws/src/Robotics/ros2_ws/install/ros2_ur5_interface/share/ros2_ur5_interface/rviz
[32.126s] -- Installing: /home/ubuntu/ros2_ws/src/Robotics/ros2_ws/install/ros2_ur5_interface/share/ros2_ur5_interface/rviz/ur5.rviz
[32.128s] -- Installing: /home/ubuntu/ros2_ws/src/Robotics/ros2_ws/install/ros2_ur5_interface/share/ament_index/resource_index/package_run_dependencies/ros2_ur5_interface
[32.129s] -- Installing: /home/ubuntu/ros2_ws/src/Robotics/ros2_ws/install/ros2_ur5_interface/share/ament_index/resource_index/parent_prefix_path/ros2_ur5_interface
[32.130s] -- Installing: /home/ubuntu/ros2_ws/src/Robotics/ros2_ws/install/ros2_ur5_interface/share/ros2_ur5_interface/environment/ament_prefix_path.sh
[32.131s] -- Installing: /home/ubuntu/ros2_ws/src/Robotics/ros2_ws/install/ros2_ur5_interface/share/ros2_ur5_interface/environment/ament_prefix_path.dsv
[32.131s] -- Installing: /home/ubuntu/ros2_ws/src/Robotics/ros2_ws/install/ros2_ur5_interface/share/ros2_ur5_interface/environment/path.sh
[32.131s] -- Installing: /home/ubuntu/ros2_ws/src/Robotics/ros2_ws/install/ros2_ur5_interface/share/ros2_ur5_interface/environment/path.dsv
[32.132s] -- Installing: /home/ubuntu/ros2_ws/src/Robotics/ros2_ws/install/ros2_ur5_interface/share/ros2_ur5_interface/local_setup.bash
[32.133s] -- Installing: /home/ubuntu/ros2_ws/src/Robotics/ros2_ws/install/ros2_ur5_interface/share/ros2_ur5_interface/local_setup.sh
[32.134s] -- Installing: /home/ubuntu/ros2_ws/src/Robotics/ros2_ws/install/ros2_ur5_interface/share/ros2_ur5_interface/local_setup.zsh
[32.134s] -- Installing: /home/ubuntu/ros2_ws/src/Robotics/ros2_ws/install/ros2_ur5_interface/share/ros2_ur5_interface/local_setup.dsv
[32.134s] -- Installing: /home/ubuntu/ros2_ws/src/Robotics/ros2_ws/install/ros2_ur5_interface/share/ros2_ur5_interface/package.dsv
[32.135s] -- Installing: /home/ubuntu/ros2_ws/src/Robotics/ros2_ws/install/ros2_ur5_interface/share/ament_index/resource_index/packages/ros2_ur5_interface
[32.135s] -- Installing: /home/ubuntu/ros2_ws/src/Robotics/ros2_ws/install/ros2_ur5_interface/share/ros2_ur5_interface/cmake/ros2_ur5_interfaceConfig.cmake
[32.136s] -- Installing: /home/ubuntu/ros2_ws/src/Robotics/ros2_ws/install/ros2_ur5_interface/share/ros2_ur5_interface/cmake/ros2_ur5_interfaceConfig-version.cmake
[32.136s] -- Installing: /home/ubuntu/ros2_ws/src/Robotics/ros2_ws/install/ros2_ur5_interface/share/ros2_ur5_interface/package.xml
[32.139s] Invoked command in '/home/ubuntu/ros2_ws/src/Robotics/ros2_ws/build/ros2_ur5_interface' returned '0': CMAKE_PREFIX_PATH=${CMAKE_PREFIX_PATH}:/opt/ros/jazzy /usr/bin/cmake --install /home/ubuntu/ros2_ws/src/Robotics/ros2_ws/build/ros2_ur5_interface
