[0.020s] Invoking command in '/home/ubuntu/ros2_ws/build/motion_pkg': CMAKE_PREFIX_PATH=${CMAKE_PREFIX_PATH}:/opt/ros/jazzy /usr/bin/cmake --build /home/ubuntu/ros2_ws/build/motion_pkg -- -j20 -l20
[0.324s] [ 50%] Built target ur5inverse
[0.324s] [100%] Built target invKin
[0.324s] Invoked command in '/home/ubuntu/ros2_ws/build/motion_pkg' returned '0': CMAKE_PREFIX_PATH=${CMAKE_PREFIX_PATH}:/opt/ros/jazzy /usr/bin/cmake --build /home/ubuntu/ros2_ws/build/motion_pkg -- -j20 -l20
[0.337s] Invoking command in '/home/ubuntu/ros2_ws/build/motion_pkg': CMAKE_PREFIX_PATH=${CMAKE_PREFIX_PATH}:/opt/ros/jazzy /usr/bin/cmake --install /home/ubuntu/ros2_ws/build/motion_pkg
[0.348s] -- Install configuration: ""
[0.349s] -- Up-to-date: /home/ubuntu/ros2_ws/install/motion_pkg/lib/motion_pkg/invKin
[0.349s] -- Up-to-date: /home/ubuntu/ros2_ws/install/motion_pkg/lib/motion_pkg/libur5inverse.a
[0.349s] -- Up-to-date: /home/ubuntu/ros2_ws/install/motion_pkg/include/
[0.349s] -- Up-to-date: /home/ubuntu/ros2_ws/install/motion_pkg/include//motion_pkg
[0.349s] -- Up-to-date: /home/ubuntu/ros2_ws/install/motion_pkg/include//motion_pkg/ur5inverse.h
[0.349s] -- Up-to-date: /home/ubuntu/ros2_ws/install/motion_pkg/share/ament_index/resource_index/package_run_dependencies/motion_pkg
[0.350s] -- Up-to-date: /home/ubuntu/ros2_ws/install/motion_pkg/share/ament_index/resource_index/parent_prefix_path/motion_pkg
[0.350s] -- Up-to-date: /home/ubuntu/ros2_ws/install/motion_pkg/share/motion_pkg/environment/ament_prefix_path.sh
[0.350s] -- Up-to-date: /home/ubuntu/ros2_ws/install/motion_pkg/share/motion_pkg/environment/ament_prefix_path.dsv
[0.350s] -- Up-to-date: /home/ubuntu/ros2_ws/install/motion_pkg/share/motion_pkg/environment/path.sh
[0.350s] -- Up-to-date: /home/ubuntu/ros2_ws/install/motion_pkg/share/motion_pkg/environment/path.dsv
[0.350s] -- Up-to-date: /home/ubuntu/ros2_ws/install/motion_pkg/share/motion_pkg/local_setup.bash
[0.350s] -- Up-to-date: /home/ubuntu/ros2_ws/install/motion_pkg/share/motion_pkg/local_setup.sh
[0.350s] -- Up-to-date: /home/ubuntu/ros2_ws/install/motion_pkg/share/motion_pkg/local_setup.zsh
[0.350s] -- Up-to-date: /home/ubuntu/ros2_ws/install/motion_pkg/share/motion_pkg/local_setup.dsv
[0.351s] -- Installing: /home/ubuntu/ros2_ws/install/motion_pkg/share/motion_pkg/package.dsv
[0.351s] -- Up-to-date: /home/ubuntu/ros2_ws/install/motion_pkg/share/ament_index/resource_index/packages/motion_pkg
[0.351s] -- Up-to-date: /home/ubuntu/ros2_ws/install/motion_pkg/share/motion_pkg/cmake/motion_pkgConfig.cmake
[0.351s] -- Up-to-date: /home/ubuntu/ros2_ws/install/motion_pkg/share/motion_pkg/cmake/motion_pkgConfig-version.cmake
[0.351s] -- Up-to-date: /home/ubuntu/ros2_ws/install/motion_pkg/share/motion_pkg/package.xml
[0.353s] Invoked command in '/home/ubuntu/ros2_ws/build/motion_pkg' returned '0': CMAKE_PREFIX_PATH=${CMAKE_PREFIX_PATH}:/opt/ros/jazzy /usr/bin/cmake --install /home/ubuntu/ros2_ws/build/motion_pkg
