[ 25%] Built target inverse_kin_server_node
[ 50%] Built target compute_trajectory_service
[ 75%] Built target direct_kin_server
[100%] Built target compute_path_service
-- Install configuration: ""
-- Up-to-date: /home/ubuntu/ros2_ws/ros2_ws/install/motion_pkg/share/motion_pkg/launch
-- Up-to-date: /home/ubuntu/ros2_ws/ros2_ws/install/motion_pkg/share/motion_pkg/launch/motion_launch.py
-- Up-to-date: /home/ubuntu/ros2_ws/ros2_ws/install/motion_pkg/lib/motion_pkg/inverse_kin_server_node
-- Up-to-date: /home/ubuntu/ros2_ws/ros2_ws/install/motion_pkg/lib/motion_pkg/direct_kin_server
-- Up-to-date: /home/ubuntu/ros2_ws/ros2_ws/install/motion_pkg/lib/motion_pkg/compute_trajectory_service
-- Up-to-date: /home/ubuntu/ros2_ws/ros2_ws/install/motion_pkg/lib/motion_pkg/compute_path_service
-- Up-to-date: /home/ubuntu/ros2_ws/ros2_ws/install/motion_pkg/share/ament_index/resource_index/package_run_dependencies/motion_pkg
-- Up-to-date: /home/ubuntu/ros2_ws/ros2_ws/install/motion_pkg/share/ament_index/resource_index/parent_prefix_path/motion_pkg
-- Up-to-date: /home/ubuntu/ros2_ws/ros2_ws/install/motion_pkg/share/motion_pkg/environment/ament_prefix_path.sh
-- Up-to-date: /home/ubuntu/ros2_ws/ros2_ws/install/motion_pkg/share/motion_pkg/environment/ament_prefix_path.dsv
-- Up-to-date: /home/ubuntu/ros2_ws/ros2_ws/install/motion_pkg/share/motion_pkg/environment/path.sh
-- Up-to-date: /home/ubuntu/ros2_ws/ros2_ws/install/motion_pkg/share/motion_pkg/environment/path.dsv
-- Up-to-date: /home/ubuntu/ros2_ws/ros2_ws/install/motion_pkg/share/motion_pkg/local_setup.bash
-- Up-to-date: /home/ubuntu/ros2_ws/ros2_ws/install/motion_pkg/share/motion_pkg/local_setup.sh
-- Up-to-date: /home/ubuntu/ros2_ws/ros2_ws/install/motion_pkg/share/motion_pkg/local_setup.zsh
-- Up-to-date: /home/ubuntu/ros2_ws/ros2_ws/install/motion_pkg/share/motion_pkg/local_setup.dsv
-- Installing: /home/ubuntu/ros2_ws/ros2_ws/install/motion_pkg/share/motion_pkg/package.dsv
-- Up-to-date: /home/ubuntu/ros2_ws/ros2_ws/install/motion_pkg/share/ament_index/resource_index/packages/motion_pkg
-- Up-to-date: /home/ubuntu/ros2_ws/ros2_ws/install/motion_pkg/share/motion_pkg/cmake/motion_pkgConfig.cmake
-- Up-to-date: /home/ubuntu/ros2_ws/ros2_ws/install/motion_pkg/share/motion_pkg/cmake/motion_pkgConfig-version.cmake
-- Up-to-date: /home/ubuntu/ros2_ws/ros2_ws/install/motion_pkg/share/motion_pkg/package.xml
