-- The C compiler identification is GNU 13.2.0
-- The CXX compiler identification is GNU 13.2.0
-- Detecting C compiler ABI info
-- Detecting C compiler ABI info - done
-- Check for working C compiler: /usr/bin/cc - skipped
-- Detecting C compile features
-- Detecting C compile features - done
-- Detecting CXX compiler ABI info
-- Detecting CXX compiler ABI info - done
-- Check for working CXX compiler: /usr/bin/c++ - skipped
-- Detecting CXX compile features
-- Detecting CXX compile features - done
-- Found ament_cmake: 2.5.2 (/opt/ros/jazzy/share/ament_cmake/cmake)
-- Found Python3: /usr/bin/python3 (found version "3.12.3") found components: Interpreter 
-- Found rosidl_default_generators: 1.6.0 (/opt/ros/jazzy/share/rosidl_default_generators/cmake)
-- Using all available rosidl_typesupport_c: rosidl_typesupport_fastrtps_c;rosidl_typesupport_introspection_c
-- Using all available rosidl_typesupport_cpp: rosidl_typesupport_fastrtps_cpp;rosidl_typesupport_introspection_cpp
-- Found rosidl_adapter: 4.6.4 (/opt/ros/jazzy/share/rosidl_adapter/cmake)
-- Found geometry_msgs: 5.3.5 (/opt/ros/jazzy/share/geometry_msgs/cmake)
-- Found trajectory_msgs: 5.3.5 (/opt/ros/jazzy/share/trajectory_msgs/cmake)
-- Found ament_cmake_ros: 0.12.0 (/opt/ros/jazzy/share/ament_cmake_ros/cmake)
-- Using all available rosidl_typesupport_c: rosidl_typesupport_fastrtps_c;rosidl_typesupport_introspection_c
-- Using all available rosidl_typesupport_cpp: rosidl_typesupport_fastrtps_cpp;rosidl_typesupport_introspection_cpp
-- Found python_cmake_module: 0.11.1 (/opt/ros/jazzy/share/python_cmake_module/cmake)
-- Found PythonExtra: /usr/bin/python3  
-- Found Python3: /usr/bin/python3 (found version "3.12.3") found components: Interpreter Development NumPy Development.Module Development.Embed 
-- Configuring done (2.7s)
-- Generating done (0.0s)
-- Build files have been written to: /home/ubuntu/ros2_ws/Robotics/ros2_ws/build/custom_msg_interfaces
[  1%] [34m[1mGenerating type hashes for ROS interfaces[0m
[  1%] Built target ament_cmake_python_copy_custom_msg_interfaces
running egg_info
creating custom_msg_interfaces.egg-info
writing custom_msg_interfaces.egg-info/PKG-INFO
writing dependency_links to custom_msg_interfaces.egg-info/dependency_links.txt
writing top-level names to custom_msg_interfaces.egg-info/top_level.txt
writing manifest file 'custom_msg_interfaces.egg-info/SOURCES.txt'
reading manifest file 'custom_msg_interfaces.egg-info/SOURCES.txt'
writing manifest file 'custom_msg_interfaces.egg-info/SOURCES.txt'
[  1%] Built target custom_msg_interfaces__rosidl_generator_type_description
[  1%] Built target ament_cmake_python_build_custom_msg_interfaces_egg
[  2%] [34m[1mGenerating C code for ROS interfaces[0m
[  3%] [34m[1mGenerating C++ code for ROS interfaces[0m
[  3%] Built target custom_msg_interfaces__cpp
[  4%] [32mBuilding C object CMakeFiles/custom_msg_interfaces__rosidl_generator_c.dir/rosidl_generator_c/custom_msg_interfaces/msg/detail/detection_result__type_support.c.o[0m
[  7%] [32mBuilding C object CMakeFiles/custom_msg_interfaces__rosidl_generator_c.dir/rosidl_generator_c/custom_msg_interfaces/srv/detail/compute_path__functions.c.o[0m
[  7%] [32mBuilding C object CMakeFiles/custom_msg_interfaces__rosidl_generator_c.dir/rosidl_generator_c/custom_msg_interfaces/msg/detail/detection_result__description.c.o[0m
[  8%] [32mBuilding C object CMakeFiles/custom_msg_interfaces__rosidl_generator_c.dir/rosidl_generator_c/custom_msg_interfaces/srv/detail/compute_ik__functions.c.o[0m
[ 11%] [32mBuilding C object CMakeFiles/custom_msg_interfaces__rosidl_generator_c.dir/rosidl_generator_c/custom_msg_interfaces/srv/detail/compute_path__type_support.c.o[0m
[ 11%] [32mBuilding C object CMakeFiles/custom_msg_interfaces__rosidl_generator_c.dir/rosidl_generator_c/custom_msg_interfaces/srv/detail/compute_ik__type_support.c.o[0m
[ 11%] [32mBuilding C object CMakeFiles/custom_msg_interfaces__rosidl_generator_c.dir/rosidl_generator_c/custom_msg_interfaces/srv/detail/compute_dir_kin__type_support.c.o[0m
[ 13%] [32mBuilding C object CMakeFiles/custom_msg_interfaces__rosidl_generator_c.dir/rosidl_generator_c/custom_msg_interfaces/srv/detail/compute_ik__description.c.o[0m
[ 14%] [32mBuilding C object CMakeFiles/custom_msg_interfaces__rosidl_generator_c.dir/rosidl_generator_c/custom_msg_interfaces/srv/detail/compute_dir_kin__description.c.o[0m
[ 15%] [32mBuilding C object CMakeFiles/custom_msg_interfaces__rosidl_generator_c.dir/rosidl_generator_c/custom_msg_interfaces/msg/detail/detection_result__functions.c.o[0m
[ 16%] [32mBuilding C object CMakeFiles/custom_msg_interfaces__rosidl_generator_c.dir/rosidl_generator_c/custom_msg_interfaces/srv/detail/compute_dir_kin__functions.c.o[0m
[ 17%] [32mBuilding C object CMakeFiles/custom_msg_interfaces__rosidl_generator_c.dir/rosidl_generator_c/custom_msg_interfaces/srv/detail/compute_path__description.c.o[0m
[ 19%] [32mBuilding C object CMakeFiles/custom_msg_interfaces__rosidl_generator_c.dir/rosidl_generator_c/custom_msg_interfaces/srv/detail/compute_trajectory__description.c.o[0m
[ 20%] [32mBuilding C object CMakeFiles/custom_msg_interfaces__rosidl_generator_c.dir/rosidl_generator_c/custom_msg_interfaces/srv/detail/compute_trajectory__functions.c.o[0m
[ 21%] [32mBuilding C object CMakeFiles/custom_msg_interfaces__rosidl_generator_c.dir/rosidl_generator_c/custom_msg_interfaces/srv/detail/compute_trajectory__type_support.c.o[0m
[ 22%] [32mBuilding C object CMakeFiles/custom_msg_interfaces__rosidl_generator_c.dir/rosidl_generator_c/custom_msg_interfaces/srv/detail/move_ab__description.c.o[0m
[ 23%] [32mBuilding C object CMakeFiles/custom_msg_interfaces__rosidl_generator_c.dir/rosidl_generator_c/custom_msg_interfaces/srv/detail/move_ab__functions.c.o[0m
[ 25%] [32mBuilding C object CMakeFiles/custom_msg_interfaces__rosidl_generator_c.dir/rosidl_generator_c/custom_msg_interfaces/srv/detail/move_ab__type_support.c.o[0m
[ 26%] [32m[1mLinking C shared library libcustom_msg_interfaces__rosidl_generator_c.so[0m
[ 26%] Built target custom_msg_interfaces__rosidl_generator_c
[ 27%] [34m[1mGenerating C++ introspection for ROS interfaces[0m
[ 28%] [34m[1mGenerating C++ type support for eProsima Fast-RTPS[0m
[ 29%] [34m[1mGenerating C introspection for ROS interfaces[0m
[ 30%] [34m[1mGenerating C type support for eProsima Fast-RTPS[0m
[ 32%] [34m[1mGenerating C type support dispatch for ROS interfaces[0m
[ 33%] [34m[1mGenerating C++ type support dispatch for ROS interfaces[0m
[ 34%] [32mBuilding CXX object CMakeFiles/custom_msg_interfaces__rosidl_typesupport_cpp.dir/rosidl_typesupport_cpp/custom_msg_interfaces/msg/detection_result__type_support.cpp.o[0m
[ 36%] [32mBuilding CXX object CMakeFiles/custom_msg_interfaces__rosidl_typesupport_cpp.dir/rosidl_typesupport_cpp/custom_msg_interfaces/srv/compute_ik__type_support.cpp.o[0m
[ 36%] [32mBuilding CXX object CMakeFiles/custom_msg_interfaces__rosidl_typesupport_cpp.dir/rosidl_typesupport_cpp/custom_msg_interfaces/srv/compute_dir_kin__type_support.cpp.o[0m
[ 38%] [32mBuilding CXX object CMakeFiles/custom_msg_interfaces__rosidl_typesupport_cpp.dir/rosidl_typesupport_cpp/custom_msg_interfaces/srv/compute_path__type_support.cpp.o[0m
[ 39%] [32mBuilding CXX object CMakeFiles/custom_msg_interfaces__rosidl_typesupport_cpp.dir/rosidl_typesupport_cpp/custom_msg_interfaces/srv/compute_trajectory__type_support.cpp.o[0m
[ 40%] [32mBuilding CXX object CMakeFiles/custom_msg_interfaces__rosidl_typesupport_cpp.dir/rosidl_typesupport_cpp/custom_msg_interfaces/srv/move_ab__type_support.cpp.o[0m
[ 41%] [32mBuilding CXX object CMakeFiles/custom_msg_interfaces__rosidl_typesupport_c.dir/rosidl_typesupport_c/custom_msg_interfaces/srv/compute_ik__type_support.cpp.o[0m
[ 42%] [32mBuilding CXX object CMakeFiles/custom_msg_interfaces__rosidl_typesupport_c.dir/rosidl_typesupport_c/custom_msg_interfaces/srv/compute_dir_kin__type_support.cpp.o[0m
[ 44%] [32mBuilding CXX object CMakeFiles/custom_msg_interfaces__rosidl_typesupport_c.dir/rosidl_typesupport_c/custom_msg_interfaces/srv/compute_trajectory__type_support.cpp.o[0m
[ 45%] [32mBuilding CXX object CMakeFiles/custom_msg_interfaces__rosidl_typesupport_c.dir/rosidl_typesupport_c/custom_msg_interfaces/msg/detection_result__type_support.cpp.o[0m
[ 46%] [32mBuilding CXX object CMakeFiles/custom_msg_interfaces__rosidl_typesupport_c.dir/rosidl_typesupport_c/custom_msg_interfaces/srv/compute_path__type_support.cpp.o[0m
[ 47%] [32mBuilding CXX object CMakeFiles/custom_msg_interfaces__rosidl_typesupport_c.dir/rosidl_typesupport_c/custom_msg_interfaces/srv/move_ab__type_support.cpp.o[0m
[ 48%] [32m[1mLinking CXX shared library libcustom_msg_interfaces__rosidl_typesupport_c.so[0m
[ 51%] [32mBuilding CXX object CMakeFiles/custom_msg_interfaces__rosidl_typesupport_introspection_cpp.dir/rosidl_typesupport_introspection_cpp/custom_msg_interfaces/srv/detail/compute_ik__type_support.cpp.o[0m
[ 51%] [32mBuilding CXX object CMakeFiles/custom_msg_interfaces__rosidl_typesupport_introspection_cpp.dir/rosidl_typesupport_introspection_cpp/custom_msg_interfaces/msg/detail/detection_result__type_support.cpp.o[0m
[ 52%] [32mBuilding CXX object CMakeFiles/custom_msg_interfaces__rosidl_typesupport_introspection_cpp.dir/rosidl_typesupport_introspection_cpp/custom_msg_interfaces/srv/detail/move_ab__type_support.cpp.o[0m
[ 53%] [32mBuilding CXX object CMakeFiles/custom_msg_interfaces__rosidl_typesupport_introspection_cpp.dir/rosidl_typesupport_introspection_cpp/custom_msg_interfaces/srv/detail/compute_path__type_support.cpp.o[0m
[ 54%] [32mBuilding CXX object CMakeFiles/custom_msg_interfaces__rosidl_typesupport_introspection_cpp.dir/rosidl_typesupport_introspection_cpp/custom_msg_interfaces/srv/detail/compute_trajectory__type_support.cpp.o[0m
[ 55%] [32mBuilding CXX object CMakeFiles/custom_msg_interfaces__rosidl_typesupport_introspection_cpp.dir/rosidl_typesupport_introspection_cpp/custom_msg_interfaces/srv/detail/compute_dir_kin__type_support.cpp.o[0m
[ 55%] Built target custom_msg_interfaces__rosidl_typesupport_c
[ 57%] [32mBuilding C object CMakeFiles/custom_msg_interfaces__rosidl_typesupport_introspection_c.dir/rosidl_typesupport_introspection_c/custom_msg_interfaces/msg/detail/detection_result__type_support.c.o[0m
[ 58%] [32mBuilding C object CMakeFiles/custom_msg_interfaces__rosidl_typesupport_introspection_c.dir/rosidl_typesupport_introspection_c/custom_msg_interfaces/srv/detail/compute_ik__type_support.c.o[0m
[ 59%] [32mBuilding C object CMakeFiles/custom_msg_interfaces__rosidl_typesupport_introspection_c.dir/rosidl_typesupport_introspection_c/custom_msg_interfaces/srv/detail/compute_dir_kin__type_support.c.o[0m
[ 60%] [32mBuilding C object CMakeFiles/custom_msg_interfaces__rosidl_typesupport_introspection_c.dir/rosidl_typesupport_introspection_c/custom_msg_interfaces/srv/detail/compute_trajectory__type_support.c.o[0m
[ 61%] [32mBuilding C object CMakeFiles/custom_msg_interfaces__rosidl_typesupport_introspection_c.dir/rosidl_typesupport_introspection_c/custom_msg_interfaces/srv/detail/compute_path__type_support.c.o[0m
[ 63%] [32mBuilding CXX object CMakeFiles/custom_msg_interfaces__rosidl_typesupport_fastrtps_c.dir/rosidl_typesupport_fastrtps_c/custom_msg_interfaces/msg/detail/detection_result__type_support_c.cpp.o[0m
[ 64%] [32mBuilding CXX object CMakeFiles/custom_msg_interfaces__rosidl_typesupport_fastrtps_cpp.dir/rosidl_typesupport_fastrtps_cpp/custom_msg_interfaces/msg/detail/dds_fastrtps/detection_result__type_support.cpp.o[0m
[ 65%] [32mBuilding C object CMakeFiles/custom_msg_interfaces__rosidl_typesupport_introspection_c.dir/rosidl_typesupport_introspection_c/custom_msg_interfaces/srv/detail/move_ab__type_support.c.o[0m
[ 66%] [32mBuilding CXX object CMakeFiles/custom_msg_interfaces__rosidl_typesupport_fastrtps_cpp.dir/rosidl_typesupport_fastrtps_cpp/custom_msg_interfaces/srv/detail/dds_fastrtps/compute_ik__type_support.cpp.o[0m
[ 67%] [32mBuilding CXX object CMakeFiles/custom_msg_interfaces__rosidl_typesupport_fastrtps_cpp.dir/rosidl_typesupport_fastrtps_cpp/custom_msg_interfaces/srv/detail/dds_fastrtps/compute_dir_kin__type_support.cpp.o[0m
[ 69%] [32mBuilding CXX object CMakeFiles/custom_msg_interfaces__rosidl_typesupport_fastrtps_cpp.dir/rosidl_typesupport_fastrtps_cpp/custom_msg_interfaces/srv/detail/dds_fastrtps/compute_path__type_support.cpp.o[0m
[ 70%] [32mBuilding CXX object CMakeFiles/custom_msg_interfaces__rosidl_typesupport_fastrtps_c.dir/rosidl_typesupport_fastrtps_c/custom_msg_interfaces/srv/detail/compute_ik__type_support_c.cpp.o[0m
[ 71%] [32m[1mLinking C shared library libcustom_msg_interfaces__rosidl_typesupport_introspection_c.so[0m
[ 72%] [32mBuilding CXX object CMakeFiles/custom_msg_interfaces__rosidl_typesupport_fastrtps_cpp.dir/rosidl_typesupport_fastrtps_cpp/custom_msg_interfaces/srv/detail/dds_fastrtps/compute_trajectory__type_support.cpp.o[0m
[ 73%] [32m[1mLinking CXX shared library libcustom_msg_interfaces__rosidl_typesupport_cpp.so[0m
[ 75%] [32mBuilding CXX object CMakeFiles/custom_msg_interfaces__rosidl_typesupport_fastrtps_c.dir/rosidl_typesupport_fastrtps_c/custom_msg_interfaces/srv/detail/compute_dir_kin__type_support_c.cpp.o[0m
[ 76%] [32mBuilding CXX object CMakeFiles/custom_msg_interfaces__rosidl_typesupport_fastrtps_cpp.dir/rosidl_typesupport_fastrtps_cpp/custom_msg_interfaces/srv/detail/dds_fastrtps/move_ab__type_support.cpp.o[0m
[ 76%] Built target custom_msg_interfaces__rosidl_typesupport_introspection_c
[ 77%] [32mBuilding CXX object CMakeFiles/custom_msg_interfaces__rosidl_typesupport_fastrtps_c.dir/rosidl_typesupport_fastrtps_c/custom_msg_interfaces/srv/detail/compute_path__type_support_c.cpp.o[0m
[ 78%] [32mBuilding CXX object CMakeFiles/custom_msg_interfaces__rosidl_typesupport_fastrtps_c.dir/rosidl_typesupport_fastrtps_c/custom_msg_interfaces/srv/detail/compute_trajectory__type_support_c.cpp.o[0m
[ 78%] Built target custom_msg_interfaces__rosidl_typesupport_cpp
[ 79%] [32mBuilding CXX object CMakeFiles/custom_msg_interfaces__rosidl_typesupport_fastrtps_c.dir/rosidl_typesupport_fastrtps_c/custom_msg_interfaces/srv/detail/move_ab__type_support_c.cpp.o[0m
[ 80%] [32m[1mLinking CXX shared library libcustom_msg_interfaces__rosidl_typesupport_introspection_cpp.so[0m
[ 80%] Built target custom_msg_interfaces__rosidl_typesupport_introspection_cpp
[ 82%] [32m[1mLinking CXX shared library libcustom_msg_interfaces__rosidl_typesupport_fastrtps_c.so[0m
[ 82%] Built target custom_msg_interfaces__rosidl_typesupport_fastrtps_c
[ 83%] [32m[1mLinking CXX shared library libcustom_msg_interfaces__rosidl_typesupport_fastrtps_cpp.so[0m
[ 83%] Built target custom_msg_interfaces__rosidl_typesupport_fastrtps_cpp
[ 83%] Built target custom_msg_interfaces
[ 84%] [34m[1mGenerating Python code for ROS interfaces[0m
[ 84%] Built target custom_msg_interfaces__py
[ 85%] [32mBuilding C object CMakeFiles/custom_msg_interfaces__rosidl_generator_py.dir/rosidl_generator_py/custom_msg_interfaces/srv/_compute_ik_s.c.o[0m
[ 88%] [32mBuilding C object CMakeFiles/custom_msg_interfaces__rosidl_generator_py.dir/rosidl_generator_py/custom_msg_interfaces/srv/_compute_path_s.c.o[0m
[ 88%] [32mBuilding C object CMakeFiles/custom_msg_interfaces__rosidl_generator_py.dir/rosidl_generator_py/custom_msg_interfaces/srv/_compute_trajectory_s.c.o[0m
[ 89%] [32mBuilding C object CMakeFiles/custom_msg_interfaces__rosidl_generator_py.dir/rosidl_generator_py/custom_msg_interfaces/srv/_move_ab_s.c.o[0m
[ 90%] [32mBuilding C object CMakeFiles/custom_msg_interfaces__rosidl_generator_py.dir/rosidl_generator_py/custom_msg_interfaces/msg/_detection_result_s.c.o[0m
[ 91%] [32mBuilding C object CMakeFiles/custom_msg_interfaces__rosidl_generator_py.dir/rosidl_generator_py/custom_msg_interfaces/srv/_compute_dir_kin_s.c.o[0m
[ 92%] [32m[1mLinking C shared library libcustom_msg_interfaces__rosidl_generator_py.so[0m
[ 92%] Built target custom_msg_interfaces__rosidl_generator_py
[ 96%] [32mBuilding C object CMakeFiles/custom_msg_interfaces_s__rosidl_typesupport_introspection_c.dir/rosidl_generator_py/custom_msg_interfaces/_custom_msg_interfaces_s.ep.rosidl_typesupport_introspection_c.c.o[0m
[ 96%] [32mBuilding C object CMakeFiles/custom_msg_interfaces_s__rosidl_typesupport_fastrtps_c.dir/rosidl_generator_py/custom_msg_interfaces/_custom_msg_interfaces_s.ep.rosidl_typesupport_fastrtps_c.c.o[0m
[ 96%] [32mBuilding C object CMakeFiles/custom_msg_interfaces_s__rosidl_typesupport_c.dir/rosidl_generator_py/custom_msg_interfaces/_custom_msg_interfaces_s.ep.rosidl_typesupport_c.c.o[0m
[ 97%] [32m[1mLinking C shared module rosidl_generator_py/custom_msg_interfaces/custom_msg_interfaces_s__rosidl_typesupport_c.so[0m
[ 98%] [32m[1mLinking C shared module rosidl_generator_py/custom_msg_interfaces/custom_msg_interfaces_s__rosidl_typesupport_introspection_c.so[0m
[100%] [32m[1mLinking C shared module rosidl_generator_py/custom_msg_interfaces/custom_msg_interfaces_s__rosidl_typesupport_fastrtps_c.so[0m
[100%] Built target custom_msg_interfaces_s__rosidl_typesupport_c
[100%] Built target custom_msg_interfaces_s__rosidl_typesupport_introspection_c
[100%] Built target custom_msg_interfaces_s__rosidl_typesupport_fastrtps_c
-- Install configuration: ""
-- Installing: /home/ubuntu/ros2_ws/Robotics/ros2_ws/install/custom_msg_interfaces/share/ament_index/resource_index/rosidl_interfaces/custom_msg_interfaces
-- Installing: /home/ubuntu/ros2_ws/Robotics/ros2_ws/install/custom_msg_interfaces/share/custom_msg_interfaces/msg/DetectionResult.json
-- Installing: /home/ubuntu/ros2_ws/Robotics/ros2_ws/install/custom_msg_interfaces/share/custom_msg_interfaces/srv/ComputeIK.json
-- Installing: /home/ubuntu/ros2_ws/Robotics/ros2_ws/install/custom_msg_interfaces/share/custom_msg_interfaces/srv/ComputeDirKin.json
-- Installing: /home/ubuntu/ros2_ws/Robotics/ros2_ws/install/custom_msg_interfaces/share/custom_msg_interfaces/srv/ComputePath.json
-- Installing: /home/ubuntu/ros2_ws/Robotics/ros2_ws/install/custom_msg_interfaces/share/custom_msg_interfaces/srv/ComputeTrajectory.json
-- Installing: /home/ubuntu/ros2_ws/Robotics/ros2_ws/install/custom_msg_interfaces/share/custom_msg_interfaces/srv/MoveAB.json
-- Installing: /home/ubuntu/ros2_ws/Robotics/ros2_ws/install/custom_msg_interfaces/include/custom_msg_interfaces/custom_msg_interfaces
-- Installing: /home/ubuntu/ros2_ws/Robotics/ros2_ws/install/custom_msg_interfaces/include/custom_msg_interfaces/custom_msg_interfaces/msg
-- Installing: /home/ubuntu/ros2_ws/Robotics/ros2_ws/install/custom_msg_interfaces/include/custom_msg_interfaces/custom_msg_interfaces/msg/detection_result.h
-- Installing: /home/ubuntu/ros2_ws/Robotics/ros2_ws/install/custom_msg_interfaces/include/custom_msg_interfaces/custom_msg_interfaces/msg/rosidl_generator_c__visibility_control.h
-- Installing: /home/ubuntu/ros2_ws/Robotics/ros2_ws/install/custom_msg_interfaces/include/custom_msg_interfaces/custom_msg_interfaces/msg/detail
-- Installing: /home/ubuntu/ros2_ws/Robotics/ros2_ws/install/custom_msg_interfaces/include/custom_msg_interfaces/custom_msg_interfaces/msg/detail/detection_result__type_support.h
-- Installing: /home/ubuntu/ros2_ws/Robotics/ros2_ws/install/custom_msg_interfaces/include/custom_msg_interfaces/custom_msg_interfaces/msg/detail/detection_result__functions.c
-- Installing: /home/ubuntu/ros2_ws/Robotics/ros2_ws/install/custom_msg_interfaces/include/custom_msg_interfaces/custom_msg_interfaces/msg/detail/detection_result__description.c
-- Installing: /home/ubuntu/ros2_ws/Robotics/ros2_ws/install/custom_msg_interfaces/include/custom_msg_interfaces/custom_msg_interfaces/msg/detail/detection_result__functions.h
-- Installing: /home/ubuntu/ros2_ws/Robotics/ros2_ws/install/custom_msg_interfaces/include/custom_msg_interfaces/custom_msg_interfaces/msg/detail/detection_result__type_support.c
-- Installing: /home/ubuntu/ros2_ws/Robotics/ros2_ws/install/custom_msg_interfaces/include/custom_msg_interfaces/custom_msg_interfaces/msg/detail/detection_result__struct.h
-- Installing: /home/ubuntu/ros2_ws/Robotics/ros2_ws/install/custom_msg_interfaces/include/custom_msg_interfaces/custom_msg_interfaces/srv
-- Installing: /home/ubuntu/ros2_ws/Robotics/ros2_ws/install/custom_msg_interfaces/include/custom_msg_interfaces/custom_msg_interfaces/srv/compute_dir_kin.h
-- Installing: /home/ubuntu/ros2_ws/Robotics/ros2_ws/install/custom_msg_interfaces/include/custom_msg_interfaces/custom_msg_interfaces/srv/move_ab.h
-- Installing: /home/ubuntu/ros2_ws/Robotics/ros2_ws/install/custom_msg_interfaces/include/custom_msg_interfaces/custom_msg_interfaces/srv/detail
-- Installing: /home/ubuntu/ros2_ws/Robotics/ros2_ws/install/custom_msg_interfaces/include/custom_msg_interfaces/custom_msg_interfaces/srv/detail/compute_ik__struct.h
-- Installing: /home/ubuntu/ros2_ws/Robotics/ros2_ws/install/custom_msg_interfaces/include/custom_msg_interfaces/custom_msg_interfaces/srv/detail/compute_path__type_support.c
-- Installing: /home/ubuntu/ros2_ws/Robotics/ros2_ws/install/custom_msg_interfaces/include/custom_msg_interfaces/custom_msg_interfaces/srv/detail/compute_dir_kin__functions.c
-- Installing: /home/ubuntu/ros2_ws/Robotics/ros2_ws/install/custom_msg_interfaces/include/custom_msg_interfaces/custom_msg_interfaces/srv/detail/move_ab__functions.h
-- Installing: /home/ubuntu/ros2_ws/Robotics/ros2_ws/install/custom_msg_interfaces/include/custom_msg_interfaces/custom_msg_interfaces/srv/detail/compute_ik__description.c
-- Installing: /home/ubuntu/ros2_ws/Robotics/ros2_ws/install/custom_msg_interfaces/include/custom_msg_interfaces/custom_msg_interfaces/srv/detail/move_ab__type_support.c
-- Installing: /home/ubuntu/ros2_ws/Robotics/ros2_ws/install/custom_msg_interfaces/include/custom_msg_interfaces/custom_msg_interfaces/srv/detail/compute_path__struct.h
-- Installing: /home/ubuntu/ros2_ws/Robotics/ros2_ws/install/custom_msg_interfaces/include/custom_msg_interfaces/custom_msg_interfaces/srv/detail/compute_trajectory__type_support.c
-- Installing: /home/ubuntu/ros2_ws/Robotics/ros2_ws/install/custom_msg_interfaces/include/custom_msg_interfaces/custom_msg_interfaces/srv/detail/compute_path__type_support.h
-- Installing: /home/ubuntu/ros2_ws/Robotics/ros2_ws/install/custom_msg_interfaces/include/custom_msg_interfaces/custom_msg_interfaces/srv/detail/compute_ik__functions.h
-- Installing: /home/ubuntu/ros2_ws/Robotics/ros2_ws/install/custom_msg_interfaces/include/custom_msg_interfaces/custom_msg_interfaces/srv/detail/compute_dir_kin__description.c
-- Installing: /home/ubuntu/ros2_ws/Robotics/ros2_ws/install/custom_msg_interfaces/include/custom_msg_interfaces/custom_msg_interfaces/srv/detail/move_ab__struct.h
-- Installing: /home/ubuntu/ros2_ws/Robotics/ros2_ws/install/custom_msg_interfaces/include/custom_msg_interfaces/custom_msg_interfaces/srv/detail/compute_dir_kin__functions.h
-- Installing: /home/ubuntu/ros2_ws/Robotics/ros2_ws/install/custom_msg_interfaces/include/custom_msg_interfaces/custom_msg_interfaces/srv/detail/compute_trajectory__type_support.h
-- Installing: /home/ubuntu/ros2_ws/Robotics/ros2_ws/install/custom_msg_interfaces/include/custom_msg_interfaces/custom_msg_interfaces/srv/detail/compute_path__functions.c
-- Installing: /home/ubuntu/ros2_ws/Robotics/ros2_ws/install/custom_msg_interfaces/include/custom_msg_interfaces/custom_msg_interfaces/srv/detail/compute_ik__functions.c
-- Installing: /home/ubuntu/ros2_ws/Robotics/ros2_ws/install/custom_msg_interfaces/include/custom_msg_interfaces/custom_msg_interfaces/srv/detail/compute_ik__type_support.c
-- Installing: /home/ubuntu/ros2_ws/Robotics/ros2_ws/install/custom_msg_interfaces/include/custom_msg_interfaces/custom_msg_interfaces/srv/detail/compute_dir_kin__type_support.h
-- Installing: /home/ubuntu/ros2_ws/Robotics/ros2_ws/install/custom_msg_interfaces/include/custom_msg_interfaces/custom_msg_interfaces/srv/detail/compute_ik__type_support.h
-- Installing: /home/ubuntu/ros2_ws/Robotics/ros2_ws/install/custom_msg_interfaces/include/custom_msg_interfaces/custom_msg_interfaces/srv/detail/compute_trajectory__description.c
-- Installing: /home/ubuntu/ros2_ws/Robotics/ros2_ws/install/custom_msg_interfaces/include/custom_msg_interfaces/custom_msg_interfaces/srv/detail/compute_trajectory__functions.h
-- Installing: /home/ubuntu/ros2_ws/Robotics/ros2_ws/install/custom_msg_interfaces/include/custom_msg_interfaces/custom_msg_interfaces/srv/detail/move_ab__type_support.h
-- Installing: /home/ubuntu/ros2_ws/Robotics/ros2_ws/install/custom_msg_interfaces/include/custom_msg_interfaces/custom_msg_interfaces/srv/detail/compute_trajectory__struct.h
-- Installing: /home/ubuntu/ros2_ws/Robotics/ros2_ws/install/custom_msg_interfaces/include/custom_msg_interfaces/custom_msg_interfaces/srv/detail/compute_dir_kin__type_support.c
-- Installing: /home/ubuntu/ros2_ws/Robotics/ros2_ws/install/custom_msg_interfaces/include/custom_msg_interfaces/custom_msg_interfaces/srv/detail/move_ab__functions.c
-- Installing: /home/ubuntu/ros2_ws/Robotics/ros2_ws/install/custom_msg_interfaces/include/custom_msg_interfaces/custom_msg_interfaces/srv/detail/compute_path__functions.h
-- Installing: /home/ubuntu/ros2_ws/Robotics/ros2_ws/install/custom_msg_interfaces/include/custom_msg_interfaces/custom_msg_interfaces/srv/detail/move_ab__description.c
-- Installing: /home/ubuntu/ros2_ws/Robotics/ros2_ws/install/custom_msg_interfaces/include/custom_msg_interfaces/custom_msg_interfaces/srv/detail/compute_dir_kin__struct.h
-- Installing: /home/ubuntu/ros2_ws/Robotics/ros2_ws/install/custom_msg_interfaces/include/custom_msg_interfaces/custom_msg_interfaces/srv/detail/compute_trajectory__functions.c
-- Installing: /home/ubuntu/ros2_ws/Robotics/ros2_ws/install/custom_msg_interfaces/include/custom_msg_interfaces/custom_msg_interfaces/srv/detail/compute_path__description.c
-- Installing: /home/ubuntu/ros2_ws/Robotics/ros2_ws/install/custom_msg_interfaces/include/custom_msg_interfaces/custom_msg_interfaces/srv/compute_trajectory.h
-- Installing: /home/ubuntu/ros2_ws/Robotics/ros2_ws/install/custom_msg_interfaces/include/custom_msg_interfaces/custom_msg_interfaces/srv/compute_path.h
-- Installing: /home/ubuntu/ros2_ws/Robotics/ros2_ws/install/custom_msg_interfaces/include/custom_msg_interfaces/custom_msg_interfaces/srv/compute_ik.h
-- Installing: /home/ubuntu/ros2_ws/Robotics/ros2_ws/install/custom_msg_interfaces/share/custom_msg_interfaces/environment/library_path.sh
-- Installing: /home/ubuntu/ros2_ws/Robotics/ros2_ws/install/custom_msg_interfaces/share/custom_msg_interfaces/environment/library_path.dsv
-- Installing: /home/ubuntu/ros2_ws/Robotics/ros2_ws/install/custom_msg_interfaces/lib/libcustom_msg_interfaces__rosidl_generator_c.so
-- Set non-toolchain portion of runtime path of "/home/ubuntu/ros2_ws/Robotics/ros2_ws/install/custom_msg_interfaces/lib/libcustom_msg_interfaces__rosidl_generator_c.so" to ""
-- Up-to-date: /home/ubuntu/ros2_ws/Robotics/ros2_ws/install/custom_msg_interfaces/include/custom_msg_interfaces/custom_msg_interfaces
-- Up-to-date: /home/ubuntu/ros2_ws/Robotics/ros2_ws/install/custom_msg_interfaces/include/custom_msg_interfaces/custom_msg_interfaces/msg
-- Up-to-date: /home/ubuntu/ros2_ws/Robotics/ros2_ws/install/custom_msg_interfaces/include/custom_msg_interfaces/custom_msg_interfaces/msg/detail
-- Installing: /home/ubuntu/ros2_ws/Robotics/ros2_ws/install/custom_msg_interfaces/include/custom_msg_interfaces/custom_msg_interfaces/msg/detail/detection_result__rosidl_typesupport_fastrtps_c.h
-- Installing: /home/ubuntu/ros2_ws/Robotics/ros2_ws/install/custom_msg_interfaces/include/custom_msg_interfaces/custom_msg_interfaces/msg/rosidl_typesupport_fastrtps_c__visibility_control.h
-- Up-to-date: /home/ubuntu/ros2_ws/Robotics/ros2_ws/install/custom_msg_interfaces/include/custom_msg_interfaces/custom_msg_interfaces/srv
-- Up-to-date: /home/ubuntu/ros2_ws/Robotics/ros2_ws/install/custom_msg_interfaces/include/custom_msg_interfaces/custom_msg_interfaces/srv/detail
-- Installing: /home/ubuntu/ros2_ws/Robotics/ros2_ws/install/custom_msg_interfaces/include/custom_msg_interfaces/custom_msg_interfaces/srv/detail/compute_ik__rosidl_typesupport_fastrtps_c.h
-- Installing: /home/ubuntu/ros2_ws/Robotics/ros2_ws/install/custom_msg_interfaces/include/custom_msg_interfaces/custom_msg_interfaces/srv/detail/compute_dir_kin__rosidl_typesupport_fastrtps_c.h
-- Installing: /home/ubuntu/ros2_ws/Robotics/ros2_ws/install/custom_msg_interfaces/include/custom_msg_interfaces/custom_msg_interfaces/srv/detail/move_ab__rosidl_typesupport_fastrtps_c.h
-- Installing: /home/ubuntu/ros2_ws/Robotics/ros2_ws/install/custom_msg_interfaces/include/custom_msg_interfaces/custom_msg_interfaces/srv/detail/compute_trajectory__rosidl_typesupport_fastrtps_c.h
-- Installing: /home/ubuntu/ros2_ws/Robotics/ros2_ws/install/custom_msg_interfaces/include/custom_msg_interfaces/custom_msg_interfaces/srv/detail/compute_path__rosidl_typesupport_fastrtps_c.h
-- Installing: /home/ubuntu/ros2_ws/Robotics/ros2_ws/install/custom_msg_interfaces/lib/libcustom_msg_interfaces__rosidl_typesupport_fastrtps_c.so
-- Set non-toolchain portion of runtime path of "/home/ubuntu/ros2_ws/Robotics/ros2_ws/install/custom_msg_interfaces/lib/libcustom_msg_interfaces__rosidl_typesupport_fastrtps_c.so" to ""
-- Up-to-date: /home/ubuntu/ros2_ws/Robotics/ros2_ws/install/custom_msg_interfaces/include/custom_msg_interfaces/custom_msg_interfaces
-- Up-to-date: /home/ubuntu/ros2_ws/Robotics/ros2_ws/install/custom_msg_interfaces/include/custom_msg_interfaces/custom_msg_interfaces/msg
-- Installing: /home/ubuntu/ros2_ws/Robotics/ros2_ws/install/custom_msg_interfaces/include/custom_msg_interfaces/custom_msg_interfaces/msg/rosidl_typesupport_introspection_c__visibility_control.h
-- Up-to-date: /home/ubuntu/ros2_ws/Robotics/ros2_ws/install/custom_msg_interfaces/include/custom_msg_interfaces/custom_msg_interfaces/msg/detail
-- Installing: /home/ubuntu/ros2_ws/Robotics/ros2_ws/install/custom_msg_interfaces/include/custom_msg_interfaces/custom_msg_interfaces/msg/detail/detection_result__type_support.c
-- Installing: /home/ubuntu/ros2_ws/Robotics/ros2_ws/install/custom_msg_interfaces/include/custom_msg_interfaces/custom_msg_interfaces/msg/detail/detection_result__rosidl_typesupport_introspection_c.h
-- Up-to-date: /home/ubuntu/ros2_ws/Robotics/ros2_ws/install/custom_msg_interfaces/include/custom_msg_interfaces/custom_msg_interfaces/srv
-- Up-to-date: /home/ubuntu/ros2_ws/Robotics/ros2_ws/install/custom_msg_interfaces/include/custom_msg_interfaces/custom_msg_interfaces/srv/detail
-- Installing: /home/ubuntu/ros2_ws/Robotics/ros2_ws/install/custom_msg_interfaces/include/custom_msg_interfaces/custom_msg_interfaces/srv/detail/compute_path__type_support.c
-- Installing: /home/ubuntu/ros2_ws/Robotics/ros2_ws/install/custom_msg_interfaces/include/custom_msg_interfaces/custom_msg_interfaces/srv/detail/move_ab__rosidl_typesupport_introspection_c.h
-- Installing: /home/ubuntu/ros2_ws/Robotics/ros2_ws/install/custom_msg_interfaces/include/custom_msg_interfaces/custom_msg_interfaces/srv/detail/move_ab__type_support.c
-- Installing: /home/ubuntu/ros2_ws/Robotics/ros2_ws/install/custom_msg_interfaces/include/custom_msg_interfaces/custom_msg_interfaces/srv/detail/compute_trajectory__type_support.c
-- Installing: /home/ubuntu/ros2_ws/Robotics/ros2_ws/install/custom_msg_interfaces/include/custom_msg_interfaces/custom_msg_interfaces/srv/detail/compute_ik__type_support.c
-- Installing: /home/ubuntu/ros2_ws/Robotics/ros2_ws/install/custom_msg_interfaces/include/custom_msg_interfaces/custom_msg_interfaces/srv/detail/compute_dir_kin__rosidl_typesupport_introspection_c.h
-- Installing: /home/ubuntu/ros2_ws/Robotics/ros2_ws/install/custom_msg_interfaces/include/custom_msg_interfaces/custom_msg_interfaces/srv/detail/compute_ik__rosidl_typesupport_introspection_c.h
-- Installing: /home/ubuntu/ros2_ws/Robotics/ros2_ws/install/custom_msg_interfaces/include/custom_msg_interfaces/custom_msg_interfaces/srv/detail/compute_dir_kin__type_support.c
-- Installing: /home/ubuntu/ros2_ws/Robotics/ros2_ws/install/custom_msg_interfaces/include/custom_msg_interfaces/custom_msg_interfaces/srv/detail/compute_path__rosidl_typesupport_introspection_c.h
-- Installing: /home/ubuntu/ros2_ws/Robotics/ros2_ws/install/custom_msg_interfaces/include/custom_msg_interfaces/custom_msg_interfaces/srv/detail/compute_trajectory__rosidl_typesupport_introspection_c.h
-- Installing: /home/ubuntu/ros2_ws/Robotics/ros2_ws/install/custom_msg_interfaces/lib/libcustom_msg_interfaces__rosidl_typesupport_introspection_c.so
-- Set non-toolchain portion of runtime path of "/home/ubuntu/ros2_ws/Robotics/ros2_ws/install/custom_msg_interfaces/lib/libcustom_msg_interfaces__rosidl_typesupport_introspection_c.so" to ""
-- Installing: /home/ubuntu/ros2_ws/Robotics/ros2_ws/install/custom_msg_interfaces/lib/libcustom_msg_interfaces__rosidl_typesupport_c.so
-- Set non-toolchain portion of runtime path of "/home/ubuntu/ros2_ws/Robotics/ros2_ws/install/custom_msg_interfaces/lib/libcustom_msg_interfaces__rosidl_typesupport_c.so" to ""
-- Up-to-date: /home/ubuntu/ros2_ws/Robotics/ros2_ws/install/custom_msg_interfaces/include/custom_msg_interfaces/custom_msg_interfaces
-- Up-to-date: /home/ubuntu/ros2_ws/Robotics/ros2_ws/install/custom_msg_interfaces/include/custom_msg_interfaces/custom_msg_interfaces/msg
-- Installing: /home/ubuntu/ros2_ws/Robotics/ros2_ws/install/custom_msg_interfaces/include/custom_msg_interfaces/custom_msg_interfaces/msg/detection_result.hpp
-- Installing: /home/ubuntu/ros2_ws/Robotics/ros2_ws/install/custom_msg_interfaces/include/custom_msg_interfaces/custom_msg_interfaces/msg/rosidl_generator_cpp__visibility_control.hpp
-- Up-to-date: /home/ubuntu/ros2_ws/Robotics/ros2_ws/install/custom_msg_interfaces/include/custom_msg_interfaces/custom_msg_interfaces/msg/detail
-- Installing: /home/ubuntu/ros2_ws/Robotics/ros2_ws/install/custom_msg_interfaces/include/custom_msg_interfaces/custom_msg_interfaces/msg/detail/detection_result__builder.hpp
-- Installing: /home/ubuntu/ros2_ws/Robotics/ros2_ws/install/custom_msg_interfaces/include/custom_msg_interfaces/custom_msg_interfaces/msg/detail/detection_result__traits.hpp
-- Installing: /home/ubuntu/ros2_ws/Robotics/ros2_ws/install/custom_msg_interfaces/include/custom_msg_interfaces/custom_msg_interfaces/msg/detail/detection_result__struct.hpp
-- Installing: /home/ubuntu/ros2_ws/Robotics/ros2_ws/install/custom_msg_interfaces/include/custom_msg_interfaces/custom_msg_interfaces/msg/detail/detection_result__type_support.hpp
-- Up-to-date: /home/ubuntu/ros2_ws/Robotics/ros2_ws/install/custom_msg_interfaces/include/custom_msg_interfaces/custom_msg_interfaces/srv
-- Installing: /home/ubuntu/ros2_ws/Robotics/ros2_ws/install/custom_msg_interfaces/include/custom_msg_interfaces/custom_msg_interfaces/srv/compute_path.hpp
-- Up-to-date: /home/ubuntu/ros2_ws/Robotics/ros2_ws/install/custom_msg_interfaces/include/custom_msg_interfaces/custom_msg_interfaces/srv/detail
-- Installing: /home/ubuntu/ros2_ws/Robotics/ros2_ws/install/custom_msg_interfaces/include/custom_msg_interfaces/custom_msg_interfaces/srv/detail/compute_path__traits.hpp
-- Installing: /home/ubuntu/ros2_ws/Robotics/ros2_ws/install/custom_msg_interfaces/include/custom_msg_interfaces/custom_msg_interfaces/srv/detail/compute_dir_kin__builder.hpp
-- Installing: /home/ubuntu/ros2_ws/Robotics/ros2_ws/install/custom_msg_interfaces/include/custom_msg_interfaces/custom_msg_interfaces/srv/detail/move_ab__builder.hpp
-- Installing: /home/ubuntu/ros2_ws/Robotics/ros2_ws/install/custom_msg_interfaces/include/custom_msg_interfaces/custom_msg_interfaces/srv/detail/compute_trajectory__type_support.hpp
-- Installing: /home/ubuntu/ros2_ws/Robotics/ros2_ws/install/custom_msg_interfaces/include/custom_msg_interfaces/custom_msg_interfaces/srv/detail/compute_dir_kin__type_support.hpp
-- Installing: /home/ubuntu/ros2_ws/Robotics/ros2_ws/install/custom_msg_interfaces/include/custom_msg_interfaces/custom_msg_interfaces/srv/detail/compute_path__struct.hpp
-- Installing: /home/ubuntu/ros2_ws/Robotics/ros2_ws/install/custom_msg_interfaces/include/custom_msg_interfaces/custom_msg_interfaces/srv/detail/move_ab__traits.hpp
-- Installing: /home/ubuntu/ros2_ws/Robotics/ros2_ws/install/custom_msg_interfaces/include/custom_msg_interfaces/custom_msg_interfaces/srv/detail/compute_ik__struct.hpp
-- Installing: /home/ubuntu/ros2_ws/Robotics/ros2_ws/install/custom_msg_interfaces/include/custom_msg_interfaces/custom_msg_interfaces/srv/detail/move_ab__type_support.hpp
-- Installing: /home/ubuntu/ros2_ws/Robotics/ros2_ws/install/custom_msg_interfaces/include/custom_msg_interfaces/custom_msg_interfaces/srv/detail/compute_dir_kin__traits.hpp
-- Installing: /home/ubuntu/ros2_ws/Robotics/ros2_ws/install/custom_msg_interfaces/include/custom_msg_interfaces/custom_msg_interfaces/srv/detail/compute_dir_kin__struct.hpp
-- Installing: /home/ubuntu/ros2_ws/Robotics/ros2_ws/install/custom_msg_interfaces/include/custom_msg_interfaces/custom_msg_interfaces/srv/detail/compute_trajectory__struct.hpp
-- Installing: /home/ubuntu/ros2_ws/Robotics/ros2_ws/install/custom_msg_interfaces/include/custom_msg_interfaces/custom_msg_interfaces/srv/detail/compute_ik__builder.hpp
-- Installing: /home/ubuntu/ros2_ws/Robotics/ros2_ws/install/custom_msg_interfaces/include/custom_msg_interfaces/custom_msg_interfaces/srv/detail/move_ab__struct.hpp
-- Installing: /home/ubuntu/ros2_ws/Robotics/ros2_ws/install/custom_msg_interfaces/include/custom_msg_interfaces/custom_msg_interfaces/srv/detail/compute_path__type_support.hpp
-- Installing: /home/ubuntu/ros2_ws/Robotics/ros2_ws/install/custom_msg_interfaces/include/custom_msg_interfaces/custom_msg_interfaces/srv/detail/compute_ik__type_support.hpp
-- Installing: /home/ubuntu/ros2_ws/Robotics/ros2_ws/install/custom_msg_interfaces/include/custom_msg_interfaces/custom_msg_interfaces/srv/detail/compute_path__builder.hpp
-- Installing: /home/ubuntu/ros2_ws/Robotics/ros2_ws/install/custom_msg_interfaces/include/custom_msg_interfaces/custom_msg_interfaces/srv/detail/compute_ik__traits.hpp
-- Installing: /home/ubuntu/ros2_ws/Robotics/ros2_ws/install/custom_msg_interfaces/include/custom_msg_interfaces/custom_msg_interfaces/srv/detail/compute_trajectory__builder.hpp
-- Installing: /home/ubuntu/ros2_ws/Robotics/ros2_ws/install/custom_msg_interfaces/include/custom_msg_interfaces/custom_msg_interfaces/srv/detail/compute_trajectory__traits.hpp
-- Installing: /home/ubuntu/ros2_ws/Robotics/ros2_ws/install/custom_msg_interfaces/include/custom_msg_interfaces/custom_msg_interfaces/srv/compute_trajectory.hpp
-- Installing: /home/ubuntu/ros2_ws/Robotics/ros2_ws/install/custom_msg_interfaces/include/custom_msg_interfaces/custom_msg_interfaces/srv/move_ab.hpp
-- Installing: /home/ubuntu/ros2_ws/Robotics/ros2_ws/install/custom_msg_interfaces/include/custom_msg_interfaces/custom_msg_interfaces/srv/compute_dir_kin.hpp
-- Installing: /home/ubuntu/ros2_ws/Robotics/ros2_ws/install/custom_msg_interfaces/include/custom_msg_interfaces/custom_msg_interfaces/srv/compute_ik.hpp
-- Up-to-date: /home/ubuntu/ros2_ws/Robotics/ros2_ws/install/custom_msg_interfaces/include/custom_msg_interfaces/custom_msg_interfaces
-- Up-to-date: /home/ubuntu/ros2_ws/Robotics/ros2_ws/install/custom_msg_interfaces/include/custom_msg_interfaces/custom_msg_interfaces/msg
-- Up-to-date: /home/ubuntu/ros2_ws/Robotics/ros2_ws/install/custom_msg_interfaces/include/custom_msg_interfaces/custom_msg_interfaces/msg/detail
-- Installing: /home/ubuntu/ros2_ws/Robotics/ros2_ws/install/custom_msg_interfaces/include/custom_msg_interfaces/custom_msg_interfaces/msg/detail/detection_result__rosidl_typesupport_fastrtps_cpp.hpp
-- Installing: /home/ubuntu/ros2_ws/Robotics/ros2_ws/install/custom_msg_interfaces/include/custom_msg_interfaces/custom_msg_interfaces/msg/detail/dds_fastrtps
-- Installing: /home/ubuntu/ros2_ws/Robotics/ros2_ws/install/custom_msg_interfaces/include/custom_msg_interfaces/custom_msg_interfaces/msg/rosidl_typesupport_fastrtps_cpp__visibility_control.h
-- Up-to-date: /home/ubuntu/ros2_ws/Robotics/ros2_ws/install/custom_msg_interfaces/include/custom_msg_interfaces/custom_msg_interfaces/srv
-- Up-to-date: /home/ubuntu/ros2_ws/Robotics/ros2_ws/install/custom_msg_interfaces/include/custom_msg_interfaces/custom_msg_interfaces/srv/detail
-- Installing: /home/ubuntu/ros2_ws/Robotics/ros2_ws/install/custom_msg_interfaces/include/custom_msg_interfaces/custom_msg_interfaces/srv/detail/compute_path__rosidl_typesupport_fastrtps_cpp.hpp
-- Installing: /home/ubuntu/ros2_ws/Robotics/ros2_ws/install/custom_msg_interfaces/include/custom_msg_interfaces/custom_msg_interfaces/srv/detail/dds_fastrtps
-- Installing: /home/ubuntu/ros2_ws/Robotics/ros2_ws/install/custom_msg_interfaces/include/custom_msg_interfaces/custom_msg_interfaces/srv/detail/move_ab__rosidl_typesupport_fastrtps_cpp.hpp
-- Installing: /home/ubuntu/ros2_ws/Robotics/ros2_ws/install/custom_msg_interfaces/include/custom_msg_interfaces/custom_msg_interfaces/srv/detail/compute_trajectory__rosidl_typesupport_fastrtps_cpp.hpp
-- Installing: /home/ubuntu/ros2_ws/Robotics/ros2_ws/install/custom_msg_interfaces/include/custom_msg_interfaces/custom_msg_interfaces/srv/detail/compute_dir_kin__rosidl_typesupport_fastrtps_cpp.hpp
-- Installing: /home/ubuntu/ros2_ws/Robotics/ros2_ws/install/custom_msg_interfaces/include/custom_msg_interfaces/custom_msg_interfaces/srv/detail/compute_ik__rosidl_typesupport_fastrtps_cpp.hpp
-- Installing: /home/ubuntu/ros2_ws/Robotics/ros2_ws/install/custom_msg_interfaces/lib/libcustom_msg_interfaces__rosidl_typesupport_fastrtps_cpp.so
-- Set non-toolchain portion of runtime path of "/home/ubuntu/ros2_ws/Robotics/ros2_ws/install/custom_msg_interfaces/lib/libcustom_msg_interfaces__rosidl_typesupport_fastrtps_cpp.so" to ""
-- Up-to-date: /home/ubuntu/ros2_ws/Robotics/ros2_ws/install/custom_msg_interfaces/include/custom_msg_interfaces/custom_msg_interfaces
-- Up-to-date: /home/ubuntu/ros2_ws/Robotics/ros2_ws/install/custom_msg_interfaces/include/custom_msg_interfaces/custom_msg_interfaces/msg
-- Up-to-date: /home/ubuntu/ros2_ws/Robotics/ros2_ws/install/custom_msg_interfaces/include/custom_msg_interfaces/custom_msg_interfaces/msg/detail
-- Installing: /home/ubuntu/ros2_ws/Robotics/ros2_ws/install/custom_msg_interfaces/include/custom_msg_interfaces/custom_msg_interfaces/msg/detail/detection_result__rosidl_typesupport_introspection_cpp.hpp
-- Installing: /home/ubuntu/ros2_ws/Robotics/ros2_ws/install/custom_msg_interfaces/include/custom_msg_interfaces/custom_msg_interfaces/msg/detail/detection_result__type_support.cpp
-- Up-to-date: /home/ubuntu/ros2_ws/Robotics/ros2_ws/install/custom_msg_interfaces/include/custom_msg_interfaces/custom_msg_interfaces/srv
-- Up-to-date: /home/ubuntu/ros2_ws/Robotics/ros2_ws/install/custom_msg_interfaces/include/custom_msg_interfaces/custom_msg_interfaces/srv/detail
-- Installing: /home/ubuntu/ros2_ws/Robotics/ros2_ws/install/custom_msg_interfaces/include/custom_msg_interfaces/custom_msg_interfaces/srv/detail/compute_ik__rosidl_typesupport_introspection_cpp.hpp
-- Installing: /home/ubuntu/ros2_ws/Robotics/ros2_ws/install/custom_msg_interfaces/include/custom_msg_interfaces/custom_msg_interfaces/srv/detail/compute_trajectory__type_support.cpp
-- Installing: /home/ubuntu/ros2_ws/Robotics/ros2_ws/install/custom_msg_interfaces/include/custom_msg_interfaces/custom_msg_interfaces/srv/detail/compute_dir_kin__type_support.cpp
-- Installing: /home/ubuntu/ros2_ws/Robotics/ros2_ws/install/custom_msg_interfaces/include/custom_msg_interfaces/custom_msg_interfaces/srv/detail/compute_ik__type_support.cpp
-- Installing: /home/ubuntu/ros2_ws/Robotics/ros2_ws/install/custom_msg_interfaces/include/custom_msg_interfaces/custom_msg_interfaces/srv/detail/compute_trajectory__rosidl_typesupport_introspection_cpp.hpp
-- Installing: /home/ubuntu/ros2_ws/Robotics/ros2_ws/install/custom_msg_interfaces/include/custom_msg_interfaces/custom_msg_interfaces/srv/detail/move_ab__type_support.cpp
-- Installing: /home/ubuntu/ros2_ws/Robotics/ros2_ws/install/custom_msg_interfaces/include/custom_msg_interfaces/custom_msg_interfaces/srv/detail/compute_dir_kin__rosidl_typesupport_introspection_cpp.hpp
-- Installing: /home/ubuntu/ros2_ws/Robotics/ros2_ws/install/custom_msg_interfaces/include/custom_msg_interfaces/custom_msg_interfaces/srv/detail/compute_path__rosidl_typesupport_introspection_cpp.hpp
-- Installing: /home/ubuntu/ros2_ws/Robotics/ros2_ws/install/custom_msg_interfaces/include/custom_msg_interfaces/custom_msg_interfaces/srv/detail/move_ab__rosidl_typesupport_introspection_cpp.hpp
-- Installing: /home/ubuntu/ros2_ws/Robotics/ros2_ws/install/custom_msg_interfaces/include/custom_msg_interfaces/custom_msg_interfaces/srv/detail/compute_path__type_support.cpp
-- Installing: /home/ubuntu/ros2_ws/Robotics/ros2_ws/install/custom_msg_interfaces/lib/libcustom_msg_interfaces__rosidl_typesupport_introspection_cpp.so
-- Set non-toolchain portion of runtime path of "/home/ubuntu/ros2_ws/Robotics/ros2_ws/install/custom_msg_interfaces/lib/libcustom_msg_interfaces__rosidl_typesupport_introspection_cpp.so" to ""
-- Installing: /home/ubuntu/ros2_ws/Robotics/ros2_ws/install/custom_msg_interfaces/lib/libcustom_msg_interfaces__rosidl_typesupport_cpp.so
-- Set non-toolchain portion of runtime path of "/home/ubuntu/ros2_ws/Robotics/ros2_ws/install/custom_msg_interfaces/lib/libcustom_msg_interfaces__rosidl_typesupport_cpp.so" to ""
-- Installing: /home/ubuntu/ros2_ws/Robotics/ros2_ws/install/custom_msg_interfaces/share/custom_msg_interfaces/environment/pythonpath.sh
-- Installing: /home/ubuntu/ros2_ws/Robotics/ros2_ws/install/custom_msg_interfaces/share/custom_msg_interfaces/environment/pythonpath.dsv
-- Installing: /home/ubuntu/ros2_ws/Robotics/ros2_ws/install/custom_msg_interfaces/lib/python3.12/site-packages/custom_msg_interfaces-0.0.0-py3.12.egg-info
-- Installing: /home/ubuntu/ros2_ws/Robotics/ros2_ws/install/custom_msg_interfaces/lib/python3.12/site-packages/custom_msg_interfaces-0.0.0-py3.12.egg-info/SOURCES.txt
-- Installing: /home/ubuntu/ros2_ws/Robotics/ros2_ws/install/custom_msg_interfaces/lib/python3.12/site-packages/custom_msg_interfaces-0.0.0-py3.12.egg-info/PKG-INFO
-- Installing: /home/ubuntu/ros2_ws/Robotics/ros2_ws/install/custom_msg_interfaces/lib/python3.12/site-packages/custom_msg_interfaces-0.0.0-py3.12.egg-info/top_level.txt
-- Installing: /home/ubuntu/ros2_ws/Robotics/ros2_ws/install/custom_msg_interfaces/lib/python3.12/site-packages/custom_msg_interfaces-0.0.0-py3.12.egg-info/dependency_links.txt
-- Installing: /home/ubuntu/ros2_ws/Robotics/ros2_ws/install/custom_msg_interfaces/lib/python3.12/site-packages/custom_msg_interfaces
-- Installing: /home/ubuntu/ros2_ws/Robotics/ros2_ws/install/custom_msg_interfaces/lib/python3.12/site-packages/custom_msg_interfaces/msg
-- Installing: /home/ubuntu/ros2_ws/Robotics/ros2_ws/install/custom_msg_interfaces/lib/python3.12/site-packages/custom_msg_interfaces/msg/__init__.py
-- Installing: /home/ubuntu/ros2_ws/Robotics/ros2_ws/install/custom_msg_interfaces/lib/python3.12/site-packages/custom_msg_interfaces/msg/_detection_result.py
-- Installing: /home/ubuntu/ros2_ws/Robotics/ros2_ws/install/custom_msg_interfaces/lib/python3.12/site-packages/custom_msg_interfaces/msg/_detection_result_s.c
-- Installing: /home/ubuntu/ros2_ws/Robotics/ros2_ws/install/custom_msg_interfaces/lib/python3.12/site-packages/custom_msg_interfaces/_custom_msg_interfaces_s.ep.rosidl_typesupport_c.c
-- Installing: /home/ubuntu/ros2_ws/Robotics/ros2_ws/install/custom_msg_interfaces/lib/python3.12/site-packages/custom_msg_interfaces/__init__.py
-- Installing: /home/ubuntu/ros2_ws/Robotics/ros2_ws/install/custom_msg_interfaces/lib/python3.12/site-packages/custom_msg_interfaces/_custom_msg_interfaces_s.ep.rosidl_typesupport_fastrtps_c.c
-- Installing: /home/ubuntu/ros2_ws/Robotics/ros2_ws/install/custom_msg_interfaces/lib/python3.12/site-packages/custom_msg_interfaces/custom_msg_interfaces_s__rosidl_typesupport_c.so
-- Installing: /home/ubuntu/ros2_ws/Robotics/ros2_ws/install/custom_msg_interfaces/lib/python3.12/site-packages/custom_msg_interfaces/custom_msg_interfaces_s__rosidl_typesupport_introspection_c.so
-- Installing: /home/ubuntu/ros2_ws/Robotics/ros2_ws/install/custom_msg_interfaces/lib/python3.12/site-packages/custom_msg_interfaces/_custom_msg_interfaces_s.ep.rosidl_typesupport_introspection_c.c
-- Installing: /home/ubuntu/ros2_ws/Robotics/ros2_ws/install/custom_msg_interfaces/lib/python3.12/site-packages/custom_msg_interfaces/srv
-- Installing: /home/ubuntu/ros2_ws/Robotics/ros2_ws/install/custom_msg_interfaces/lib/python3.12/site-packages/custom_msg_interfaces/srv/_move_ab_s.c
-- Installing: /home/ubuntu/ros2_ws/Robotics/ros2_ws/install/custom_msg_interfaces/lib/python3.12/site-packages/custom_msg_interfaces/srv/_compute_trajectory.py
-- Installing: /home/ubuntu/ros2_ws/Robotics/ros2_ws/install/custom_msg_interfaces/lib/python3.12/site-packages/custom_msg_interfaces/srv/_compute_path_s.c
-- Installing: /home/ubuntu/ros2_ws/Robotics/ros2_ws/install/custom_msg_interfaces/lib/python3.12/site-packages/custom_msg_interfaces/srv/__init__.py
-- Installing: /home/ubuntu/ros2_ws/Robotics/ros2_ws/install/custom_msg_interfaces/lib/python3.12/site-packages/custom_msg_interfaces/srv/_compute_path.py
-- Installing: /home/ubuntu/ros2_ws/Robotics/ros2_ws/install/custom_msg_interfaces/lib/python3.12/site-packages/custom_msg_interfaces/srv/_compute_ik.py
-- Installing: /home/ubuntu/ros2_ws/Robotics/ros2_ws/install/custom_msg_interfaces/lib/python3.12/site-packages/custom_msg_interfaces/srv/_move_ab.py
-- Installing: /home/ubuntu/ros2_ws/Robotics/ros2_ws/install/custom_msg_interfaces/lib/python3.12/site-packages/custom_msg_interfaces/srv/_compute_trajectory_s.c
-- Installing: /home/ubuntu/ros2_ws/Robotics/ros2_ws/install/custom_msg_interfaces/lib/python3.12/site-packages/custom_msg_interfaces/srv/_compute_ik_s.c
-- Installing: /home/ubuntu/ros2_ws/Robotics/ros2_ws/install/custom_msg_interfaces/lib/python3.12/site-packages/custom_msg_interfaces/srv/_compute_dir_kin_s.c
-- Installing: /home/ubuntu/ros2_ws/Robotics/ros2_ws/install/custom_msg_interfaces/lib/python3.12/site-packages/custom_msg_interfaces/srv/_compute_dir_kin.py
-- Installing: /home/ubuntu/ros2_ws/Robotics/ros2_ws/install/custom_msg_interfaces/lib/python3.12/site-packages/custom_msg_interfaces/custom_msg_interfaces_s__rosidl_typesupport_fastrtps_c.so
Listing '/home/ubuntu/ros2_ws/Robotics/ros2_ws/install/custom_msg_interfaces/lib/python3.12/site-packages/custom_msg_interfaces'...
Compiling '/home/ubuntu/ros2_ws/Robotics/ros2_ws/install/custom_msg_interfaces/lib/python3.12/site-packages/custom_msg_interfaces/__init__.py'...
Listing '/home/ubuntu/ros2_ws/Robotics/ros2_ws/install/custom_msg_interfaces/lib/python3.12/site-packages/custom_msg_interfaces/msg'...
Compiling '/home/ubuntu/ros2_ws/Robotics/ros2_ws/install/custom_msg_interfaces/lib/python3.12/site-packages/custom_msg_interfaces/msg/__init__.py'...
Compiling '/home/ubuntu/ros2_ws/Robotics/ros2_ws/install/custom_msg_interfaces/lib/python3.12/site-packages/custom_msg_interfaces/msg/_detection_result.py'...
Listing '/home/ubuntu/ros2_ws/Robotics/ros2_ws/install/custom_msg_interfaces/lib/python3.12/site-packages/custom_msg_interfaces/srv'...
Compiling '/home/ubuntu/ros2_ws/Robotics/ros2_ws/install/custom_msg_interfaces/lib/python3.12/site-packages/custom_msg_interfaces/srv/__init__.py'...
Compiling '/home/ubuntu/ros2_ws/Robotics/ros2_ws/install/custom_msg_interfaces/lib/python3.12/site-packages/custom_msg_interfaces/srv/_compute_dir_kin.py'...
Compiling '/home/ubuntu/ros2_ws/Robotics/ros2_ws/install/custom_msg_interfaces/lib/python3.12/site-packages/custom_msg_interfaces/srv/_compute_ik.py'...
Compiling '/home/ubuntu/ros2_ws/Robotics/ros2_ws/install/custom_msg_interfaces/lib/python3.12/site-packages/custom_msg_interfaces/srv/_compute_path.py'...
Compiling '/home/ubuntu/ros2_ws/Robotics/ros2_ws/install/custom_msg_interfaces/lib/python3.12/site-packages/custom_msg_interfaces/srv/_compute_trajectory.py'...
Compiling '/home/ubuntu/ros2_ws/Robotics/ros2_ws/install/custom_msg_interfaces/lib/python3.12/site-packages/custom_msg_interfaces/srv/_move_ab.py'...
-- Installing: /home/ubuntu/ros2_ws/Robotics/ros2_ws/install/custom_msg_interfaces/lib/python3.12/site-packages/custom_msg_interfaces/custom_msg_interfaces_s__rosidl_typesupport_fastrtps_c.so
-- Set non-toolchain portion of runtime path of "/home/ubuntu/ros2_ws/Robotics/ros2_ws/install/custom_msg_interfaces/lib/python3.12/site-packages/custom_msg_interfaces/custom_msg_interfaces_s__rosidl_typesupport_fastrtps_c.so" to ""
-- Installing: /home/ubuntu/ros2_ws/Robotics/ros2_ws/install/custom_msg_interfaces/lib/python3.12/site-packages/custom_msg_interfaces/custom_msg_interfaces_s__rosidl_typesupport_introspection_c.so
-- Set non-toolchain portion of runtime path of "/home/ubuntu/ros2_ws/Robotics/ros2_ws/install/custom_msg_interfaces/lib/python3.12/site-packages/custom_msg_interfaces/custom_msg_interfaces_s__rosidl_typesupport_introspection_c.so" to ""
-- Installing: /home/ubuntu/ros2_ws/Robotics/ros2_ws/install/custom_msg_interfaces/lib/python3.12/site-packages/custom_msg_interfaces/custom_msg_interfaces_s__rosidl_typesupport_c.so
-- Set non-toolchain portion of runtime path of "/home/ubuntu/ros2_ws/Robotics/ros2_ws/install/custom_msg_interfaces/lib/python3.12/site-packages/custom_msg_interfaces/custom_msg_interfaces_s__rosidl_typesupport_c.so" to ""
-- Installing: /home/ubuntu/ros2_ws/Robotics/ros2_ws/install/custom_msg_interfaces/lib/libcustom_msg_interfaces__rosidl_generator_py.so
-- Set non-toolchain portion of runtime path of "/home/ubuntu/ros2_ws/Robotics/ros2_ws/install/custom_msg_interfaces/lib/libcustom_msg_interfaces__rosidl_generator_py.so" to ""
-- Installing: /home/ubuntu/ros2_ws/Robotics/ros2_ws/install/custom_msg_interfaces/share/custom_msg_interfaces/msg/DetectionResult.idl
-- Installing: /home/ubuntu/ros2_ws/Robotics/ros2_ws/install/custom_msg_interfaces/share/custom_msg_interfaces/srv/ComputeIK.idl
-- Installing: /home/ubuntu/ros2_ws/Robotics/ros2_ws/install/custom_msg_interfaces/share/custom_msg_interfaces/srv/ComputeDirKin.idl
-- Installing: /home/ubuntu/ros2_ws/Robotics/ros2_ws/install/custom_msg_interfaces/share/custom_msg_interfaces/srv/ComputePath.idl
-- Installing: /home/ubuntu/ros2_ws/Robotics/ros2_ws/install/custom_msg_interfaces/share/custom_msg_interfaces/srv/ComputeTrajectory.idl
-- Installing: /home/ubuntu/ros2_ws/Robotics/ros2_ws/install/custom_msg_interfaces/share/custom_msg_interfaces/srv/MoveAB.idl
-- Installing: /home/ubuntu/ros2_ws/Robotics/ros2_ws/install/custom_msg_interfaces/share/custom_msg_interfaces/msg/DetectionResult.msg
-- Installing: /home/ubuntu/ros2_ws/Robotics/ros2_ws/install/custom_msg_interfaces/share/custom_msg_interfaces/srv/ComputeIK.srv
-- Installing: /home/ubuntu/ros2_ws/Robotics/ros2_ws/install/custom_msg_interfaces/share/custom_msg_interfaces/srv/ComputeDirKin.srv
-- Installing: /home/ubuntu/ros2_ws/Robotics/ros2_ws/install/custom_msg_interfaces/share/custom_msg_interfaces/srv/ComputePath.srv
-- Installing: /home/ubuntu/ros2_ws/Robotics/ros2_ws/install/custom_msg_interfaces/share/custom_msg_interfaces/srv/ComputeTrajectory.srv
-- Installing: /home/ubuntu/ros2_ws/Robotics/ros2_ws/install/custom_msg_interfaces/share/custom_msg_interfaces/srv/MoveAB.srv
-- Installing: /home/ubuntu/ros2_ws/Robotics/ros2_ws/install/custom_msg_interfaces/share/ament_index/resource_index/package_run_dependencies/custom_msg_interfaces
-- Installing: /home/ubuntu/ros2_ws/Robotics/ros2_ws/install/custom_msg_interfaces/share/ament_index/resource_index/parent_prefix_path/custom_msg_interfaces
-- Installing: /home/ubuntu/ros2_ws/Robotics/ros2_ws/install/custom_msg_interfaces/share/custom_msg_interfaces/environment/ament_prefix_path.sh
-- Installing: /home/ubuntu/ros2_ws/Robotics/ros2_ws/install/custom_msg_interfaces/share/custom_msg_interfaces/environment/ament_prefix_path.dsv
-- Installing: /home/ubuntu/ros2_ws/Robotics/ros2_ws/install/custom_msg_interfaces/share/custom_msg_interfaces/environment/path.sh
-- Installing: /home/ubuntu/ros2_ws/Robotics/ros2_ws/install/custom_msg_interfaces/share/custom_msg_interfaces/environment/path.dsv
-- Installing: /home/ubuntu/ros2_ws/Robotics/ros2_ws/install/custom_msg_interfaces/share/custom_msg_interfaces/local_setup.bash
-- Installing: /home/ubuntu/ros2_ws/Robotics/ros2_ws/install/custom_msg_interfaces/share/custom_msg_interfaces/local_setup.sh
-- Installing: /home/ubuntu/ros2_ws/Robotics/ros2_ws/install/custom_msg_interfaces/share/custom_msg_interfaces/local_setup.zsh
-- Installing: /home/ubuntu/ros2_ws/Robotics/ros2_ws/install/custom_msg_interfaces/share/custom_msg_interfaces/local_setup.dsv
-- Installing: /home/ubuntu/ros2_ws/Robotics/ros2_ws/install/custom_msg_interfaces/share/custom_msg_interfaces/package.dsv
-- Installing: /home/ubuntu/ros2_ws/Robotics/ros2_ws/install/custom_msg_interfaces/share/ament_index/resource_index/packages/custom_msg_interfaces
-- Installing: /home/ubuntu/ros2_ws/Robotics/ros2_ws/install/custom_msg_interfaces/share/custom_msg_interfaces/cmake/export_custom_msg_interfaces__rosidl_generator_cExport.cmake
-- Installing: /home/ubuntu/ros2_ws/Robotics/ros2_ws/install/custom_msg_interfaces/share/custom_msg_interfaces/cmake/export_custom_msg_interfaces__rosidl_generator_cExport-noconfig.cmake
-- Installing: /home/ubuntu/ros2_ws/Robotics/ros2_ws/install/custom_msg_interfaces/share/custom_msg_interfaces/cmake/export_custom_msg_interfaces__rosidl_typesupport_fastrtps_cExport.cmake
-- Installing: /home/ubuntu/ros2_ws/Robotics/ros2_ws/install/custom_msg_interfaces/share/custom_msg_interfaces/cmake/export_custom_msg_interfaces__rosidl_typesupport_fastrtps_cExport-noconfig.cmake
-- Installing: /home/ubuntu/ros2_ws/Robotics/ros2_ws/install/custom_msg_interfaces/share/custom_msg_interfaces/cmake/custom_msg_interfaces__rosidl_typesupport_introspection_cExport.cmake
-- Installing: /home/ubuntu/ros2_ws/Robotics/ros2_ws/install/custom_msg_interfaces/share/custom_msg_interfaces/cmake/custom_msg_interfaces__rosidl_typesupport_introspection_cExport-noconfig.cmake
-- Installing: /home/ubuntu/ros2_ws/Robotics/ros2_ws/install/custom_msg_interfaces/share/custom_msg_interfaces/cmake/custom_msg_interfaces__rosidl_typesupport_cExport.cmake
-- Installing: /home/ubuntu/ros2_ws/Robotics/ros2_ws/install/custom_msg_interfaces/share/custom_msg_interfaces/cmake/custom_msg_interfaces__rosidl_typesupport_cExport-noconfig.cmake
-- Installing: /home/ubuntu/ros2_ws/Robotics/ros2_ws/install/custom_msg_interfaces/share/custom_msg_interfaces/cmake/export_custom_msg_interfaces__rosidl_generator_cppExport.cmake
-- Installing: /home/ubuntu/ros2_ws/Robotics/ros2_ws/install/custom_msg_interfaces/share/custom_msg_interfaces/cmake/export_custom_msg_interfaces__rosidl_typesupport_fastrtps_cppExport.cmake
-- Installing: /home/ubuntu/ros2_ws/Robotics/ros2_ws/install/custom_msg_interfaces/share/custom_msg_interfaces/cmake/export_custom_msg_interfaces__rosidl_typesupport_fastrtps_cppExport-noconfig.cmake
-- Installing: /home/ubuntu/ros2_ws/Robotics/ros2_ws/install/custom_msg_interfaces/share/custom_msg_interfaces/cmake/custom_msg_interfaces__rosidl_typesupport_introspection_cppExport.cmake
-- Installing: /home/ubuntu/ros2_ws/Robotics/ros2_ws/install/custom_msg_interfaces/share/custom_msg_interfaces/cmake/custom_msg_interfaces__rosidl_typesupport_introspection_cppExport-noconfig.cmake
-- Installing: /home/ubuntu/ros2_ws/Robotics/ros2_ws/install/custom_msg_interfaces/share/custom_msg_interfaces/cmake/custom_msg_interfaces__rosidl_typesupport_cppExport.cmake
-- Installing: /home/ubuntu/ros2_ws/Robotics/ros2_ws/install/custom_msg_interfaces/share/custom_msg_interfaces/cmake/custom_msg_interfaces__rosidl_typesupport_cppExport-noconfig.cmake
-- Installing: /home/ubuntu/ros2_ws/Robotics/ros2_ws/install/custom_msg_interfaces/share/custom_msg_interfaces/cmake/export_custom_msg_interfaces__rosidl_generator_pyExport.cmake
-- Installing: /home/ubuntu/ros2_ws/Robotics/ros2_ws/install/custom_msg_interfaces/share/custom_msg_interfaces/cmake/export_custom_msg_interfaces__rosidl_generator_pyExport-noconfig.cmake
-- Installing: /home/ubuntu/ros2_ws/Robotics/ros2_ws/install/custom_msg_interfaces/share/custom_msg_interfaces/cmake/rosidl_cmake-extras.cmake
-- Installing: /home/ubuntu/ros2_ws/Robotics/ros2_ws/install/custom_msg_interfaces/share/custom_msg_interfaces/cmake/ament_cmake_export_dependencies-extras.cmake
-- Installing: /home/ubuntu/ros2_ws/Robotics/ros2_ws/install/custom_msg_interfaces/share/custom_msg_interfaces/cmake/ament_cmake_export_include_directories-extras.cmake
-- Installing: /home/ubuntu/ros2_ws/Robotics/ros2_ws/install/custom_msg_interfaces/share/custom_msg_interfaces/cmake/ament_cmake_export_libraries-extras.cmake
-- Installing: /home/ubuntu/ros2_ws/Robotics/ros2_ws/install/custom_msg_interfaces/share/custom_msg_interfaces/cmake/ament_cmake_export_targets-extras.cmake
-- Installing: /home/ubuntu/ros2_ws/Robotics/ros2_ws/install/custom_msg_interfaces/share/custom_msg_interfaces/cmake/rosidl_cmake_export_typesupport_targets-extras.cmake
-- Installing: /home/ubuntu/ros2_ws/Robotics/ros2_ws/install/custom_msg_interfaces/share/custom_msg_interfaces/cmake/rosidl_cmake_export_typesupport_libraries-extras.cmake
-- Installing: /home/ubuntu/ros2_ws/Robotics/ros2_ws/install/custom_msg_interfaces/share/custom_msg_interfaces/cmake/custom_msg_interfacesConfig.cmake
-- Installing: /home/ubuntu/ros2_ws/Robotics/ros2_ws/install/custom_msg_interfaces/share/custom_msg_interfaces/cmake/custom_msg_interfacesConfig-version.cmake
-- Installing: /home/ubuntu/ros2_ws/Robotics/ros2_ws/install/custom_msg_interfaces/share/custom_msg_interfaces/package.xml
