[0.009s] Invoking command in '/home/ubuntu/ros2_ws/Robotics/ros2_ws/build/custom_msg_interfaces': CMAKE_PREFIX_PATH=${CMAKE_PREFIX_PATH}:/opt/ros/jazzy /usr/bin/cmake /home/ubuntu/ros2_ws/Robotics/ros2_ws/src/custom_msg_interfaces -DCMAKE_INSTALL_PREFIX=/home/ubuntu/ros2_ws/Robotics/ros2_ws/install/custom_msg_interfaces
[0.049s] -- The C compiler identification is GNU 13.2.0
[0.090s] -- The CXX compiler identification is GNU 13.2.0
[0.101s] -- Detecting C compiler ABI info
[0.159s] -- Detecting C compiler ABI info - done
[0.165s] -- Check for working C compiler: /usr/bin/cc - skipped
[0.165s] -- Detecting C compile features
[0.166s] -- Detecting C compile features - done
[0.172s] -- Detecting CXX compiler ABI info
[0.240s] -- Detecting CXX compiler ABI info - done
[0.248s] -- Check for working CXX compiler: /usr/bin/c++ - skipped
[0.249s] -- Detecting CXX compile features
[0.249s] -- Detecting CXX compile features - done
[0.253s] -- Found ament_cmake: 2.5.2 (/opt/ros/jazzy/share/ament_cmake/cmake)
[0.372s] -- Found Python3: /usr/bin/python3 (found version "3.12.3") found components: Interpreter 
[0.459s] -- Found rosidl_default_generators: 1.6.0 (/opt/ros/jazzy/share/rosidl_default_generators/cmake)
[0.467s] -- Using all available rosidl_typesupport_c: rosidl_typesupport_fastrtps_c;rosidl_typesupport_introspection_c
[0.513s] -- Using all available rosidl_typesupport_cpp: rosidl_typesupport_fastrtps_cpp;rosidl_typesupport_introspection_cpp
[0.555s] -- Found rosidl_adapter: 4.6.4 (/opt/ros/jazzy/share/rosidl_adapter/cmake)
[0.560s] -- Found geometry_msgs: 5.3.5 (/opt/ros/jazzy/share/geometry_msgs/cmake)
[0.601s] -- Found trajectory_msgs: 5.3.5 (/opt/ros/jazzy/share/trajectory_msgs/cmake)
[1.126s] -- Found ament_cmake_ros: 0.12.0 (/opt/ros/jazzy/share/ament_cmake_ros/cmake)
[1.543s] -- Using all available rosidl_typesupport_c: rosidl_typesupport_fastrtps_c;rosidl_typesupport_introspection_c
[2.093s] -- Using all available rosidl_typesupport_cpp: rosidl_typesupport_fastrtps_cpp;rosidl_typesupport_introspection_cpp
[2.097s] -- Found python_cmake_module: 0.11.1 (/opt/ros/jazzy/share/python_cmake_module/cmake)
[2.212s] -- Found PythonExtra: /usr/bin/python3  
[2.676s] -- Found Python3: /usr/bin/python3 (found version "3.12.3") found components: Interpreter Development NumPy Development.Module Development.Embed 
[2.730s] -- Configuring done (2.7s)
[2.777s] -- Generating done (0.0s)
[2.788s] -- Build files have been written to: /home/ubuntu/ros2_ws/Robotics/ros2_ws/build/custom_msg_interfaces
[2.798s] Invoked command in '/home/ubuntu/ros2_ws/Robotics/ros2_ws/build/custom_msg_interfaces' returned '0': CMAKE_PREFIX_PATH=${CMAKE_PREFIX_PATH}:/opt/ros/jazzy /usr/bin/cmake /home/ubuntu/ros2_ws/Robotics/ros2_ws/src/custom_msg_interfaces -DCMAKE_INSTALL_PREFIX=/home/ubuntu/ros2_ws/Robotics/ros2_ws/install/custom_msg_interfaces
[2.798s] Invoking command in '/home/ubuntu/ros2_ws/Robotics/ros2_ws/build/custom_msg_interfaces': CMAKE_PREFIX_PATH=${CMAKE_PREFIX_PATH}:/opt/ros/jazzy /usr/bin/cmake --build /home/ubuntu/ros2_ws/Robotics/ros2_ws/build/custom_msg_interfaces -- -j16 -l16
[2.836s] [  1%] [34m[1mGenerating type hashes for ROS interfaces[0m
[2.843s] [  1%] Built target ament_cmake_python_copy_custom_msg_interfaces
[3.046s] running egg_info
[3.046s] creating custom_msg_interfaces.egg-info
[3.061s] writing custom_msg_interfaces.egg-info/PKG-INFO
[3.062s] writing dependency_links to custom_msg_interfaces.egg-info/dependency_links.txt
[3.062s] writing top-level names to custom_msg_interfaces.egg-info/top_level.txt
[3.062s] writing manifest file 'custom_msg_interfaces.egg-info/SOURCES.txt'
[3.105s] reading manifest file 'custom_msg_interfaces.egg-info/SOURCES.txt'
[3.105s] writing manifest file 'custom_msg_interfaces.egg-info/SOURCES.txt'
[3.126s] [  1%] Built target custom_msg_interfaces__rosidl_generator_type_description
[3.130s] [  1%] Built target ament_cmake_python_build_custom_msg_interfaces_egg
[3.133s] [  2%] [34m[1mGenerating C code for ROS interfaces[0m
[3.141s] [  3%] [34m[1mGenerating C++ code for ROS interfaces[0m
[3.705s] [  3%] Built target custom_msg_interfaces__cpp
[3.820s] [  4%] [32mBuilding C object CMakeFiles/custom_msg_interfaces__rosidl_generator_c.dir/rosidl_generator_c/custom_msg_interfaces/msg/detail/detection_result__type_support.c.o[0m
[3.822s] [  7%] [32mBuilding C object CMakeFiles/custom_msg_interfaces__rosidl_generator_c.dir/rosidl_generator_c/custom_msg_interfaces/srv/detail/compute_path__functions.c.o[0m
[3.822s] [  7%] [32mBuilding C object CMakeFiles/custom_msg_interfaces__rosidl_generator_c.dir/rosidl_generator_c/custom_msg_interfaces/msg/detail/detection_result__description.c.o[0m
[3.822s] [  8%] [32mBuilding C object CMakeFiles/custom_msg_interfaces__rosidl_generator_c.dir/rosidl_generator_c/custom_msg_interfaces/srv/detail/compute_ik__functions.c.o[0m
[3.824s] [ 11%] [32mBuilding C object CMakeFiles/custom_msg_interfaces__rosidl_generator_c.dir/rosidl_generator_c/custom_msg_interfaces/srv/detail/compute_path__type_support.c.o[0m
[3.824s] [ 11%] [32mBuilding C object CMakeFiles/custom_msg_interfaces__rosidl_generator_c.dir/rosidl_generator_c/custom_msg_interfaces/srv/detail/compute_ik__type_support.c.o[0m
[3.824s] [ 11%] [32mBuilding C object CMakeFiles/custom_msg_interfaces__rosidl_generator_c.dir/rosidl_generator_c/custom_msg_interfaces/srv/detail/compute_dir_kin__type_support.c.o[0m
[3.824s] [ 13%] [32mBuilding C object CMakeFiles/custom_msg_interfaces__rosidl_generator_c.dir/rosidl_generator_c/custom_msg_interfaces/srv/detail/compute_ik__description.c.o[0m
[3.825s] [ 14%] [32mBuilding C object CMakeFiles/custom_msg_interfaces__rosidl_generator_c.dir/rosidl_generator_c/custom_msg_interfaces/srv/detail/compute_dir_kin__description.c.o[0m
[3.825s] [ 15%] [32mBuilding C object CMakeFiles/custom_msg_interfaces__rosidl_generator_c.dir/rosidl_generator_c/custom_msg_interfaces/msg/detail/detection_result__functions.c.o[0m
[3.825s] [ 16%] [32mBuilding C object CMakeFiles/custom_msg_interfaces__rosidl_generator_c.dir/rosidl_generator_c/custom_msg_interfaces/srv/detail/compute_dir_kin__functions.c.o[0m
[3.826s] [ 17%] [32mBuilding C object CMakeFiles/custom_msg_interfaces__rosidl_generator_c.dir/rosidl_generator_c/custom_msg_interfaces/srv/detail/compute_path__description.c.o[0m
[3.830s] [ 19%] [32mBuilding C object CMakeFiles/custom_msg_interfaces__rosidl_generator_c.dir/rosidl_generator_c/custom_msg_interfaces/srv/detail/compute_trajectory__description.c.o[0m
[3.840s] [ 20%] [32mBuilding C object CMakeFiles/custom_msg_interfaces__rosidl_generator_c.dir/rosidl_generator_c/custom_msg_interfaces/srv/detail/compute_trajectory__functions.c.o[0m
[3.871s] [ 21%] [32mBuilding C object CMakeFiles/custom_msg_interfaces__rosidl_generator_c.dir/rosidl_generator_c/custom_msg_interfaces/srv/detail/compute_trajectory__type_support.c.o[0m
[3.890s] [ 22%] [32mBuilding C object CMakeFiles/custom_msg_interfaces__rosidl_generator_c.dir/rosidl_generator_c/custom_msg_interfaces/srv/detail/move_ab__description.c.o[0m
[3.901s] [ 23%] [32mBuilding C object CMakeFiles/custom_msg_interfaces__rosidl_generator_c.dir/rosidl_generator_c/custom_msg_interfaces/srv/detail/move_ab__functions.c.o[0m
[3.903s] [ 25%] [32mBuilding C object CMakeFiles/custom_msg_interfaces__rosidl_generator_c.dir/rosidl_generator_c/custom_msg_interfaces/srv/detail/move_ab__type_support.c.o[0m
[4.267s] [ 26%] [32m[1mLinking C shared library libcustom_msg_interfaces__rosidl_generator_c.so[0m
[4.303s] [ 26%] Built target custom_msg_interfaces__rosidl_generator_c
[4.312s] [ 27%] [34m[1mGenerating C++ introspection for ROS interfaces[0m
[4.312s] [ 28%] [34m[1mGenerating C++ type support for eProsima Fast-RTPS[0m
[4.315s] [ 29%] [34m[1mGenerating C introspection for ROS interfaces[0m
[4.316s] [ 30%] [34m[1mGenerating C type support for eProsima Fast-RTPS[0m
[4.317s] [ 32%] [34m[1mGenerating C type support dispatch for ROS interfaces[0m
[4.317s] [ 33%] [34m[1mGenerating C++ type support dispatch for ROS interfaces[0m
[4.839s] [ 34%] [32mBuilding CXX object CMakeFiles/custom_msg_interfaces__rosidl_typesupport_cpp.dir/rosidl_typesupport_cpp/custom_msg_interfaces/msg/detection_result__type_support.cpp.o[0m
[4.840s] [ 36%] [32mBuilding CXX object CMakeFiles/custom_msg_interfaces__rosidl_typesupport_cpp.dir/rosidl_typesupport_cpp/custom_msg_interfaces/srv/compute_ik__type_support.cpp.o[0m
[4.840s] [ 36%] [32mBuilding CXX object CMakeFiles/custom_msg_interfaces__rosidl_typesupport_cpp.dir/rosidl_typesupport_cpp/custom_msg_interfaces/srv/compute_dir_kin__type_support.cpp.o[0m
[4.841s] [ 38%] [32mBuilding CXX object CMakeFiles/custom_msg_interfaces__rosidl_typesupport_cpp.dir/rosidl_typesupport_cpp/custom_msg_interfaces/srv/compute_path__type_support.cpp.o[0m
[4.842s] [ 39%] [32mBuilding CXX object CMakeFiles/custom_msg_interfaces__rosidl_typesupport_cpp.dir/rosidl_typesupport_cpp/custom_msg_interfaces/srv/compute_trajectory__type_support.cpp.o[0m
[4.843s] [ 40%] [32mBuilding CXX object CMakeFiles/custom_msg_interfaces__rosidl_typesupport_cpp.dir/rosidl_typesupport_cpp/custom_msg_interfaces/srv/move_ab__type_support.cpp.o[0m
[4.862s] [ 41%] [32mBuilding CXX object CMakeFiles/custom_msg_interfaces__rosidl_typesupport_c.dir/rosidl_typesupport_c/custom_msg_interfaces/srv/compute_ik__type_support.cpp.o[0m
[4.865s] [ 42%] [32mBuilding CXX object CMakeFiles/custom_msg_interfaces__rosidl_typesupport_c.dir/rosidl_typesupport_c/custom_msg_interfaces/srv/compute_dir_kin__type_support.cpp.o[0m
[4.870s] [ 44%] [32mBuilding CXX object CMakeFiles/custom_msg_interfaces__rosidl_typesupport_c.dir/rosidl_typesupport_c/custom_msg_interfaces/srv/compute_trajectory__type_support.cpp.o[0m
[4.871s] [ 45%] [32mBuilding CXX object CMakeFiles/custom_msg_interfaces__rosidl_typesupport_c.dir/rosidl_typesupport_c/custom_msg_interfaces/msg/detection_result__type_support.cpp.o[0m
[4.880s] [ 46%] [32mBuilding CXX object CMakeFiles/custom_msg_interfaces__rosidl_typesupport_c.dir/rosidl_typesupport_c/custom_msg_interfaces/srv/compute_path__type_support.cpp.o[0m
[4.904s] [ 47%] [32mBuilding CXX object CMakeFiles/custom_msg_interfaces__rosidl_typesupport_c.dir/rosidl_typesupport_c/custom_msg_interfaces/srv/move_ab__type_support.cpp.o[0m
[5.008s] [ 48%] [32m[1mLinking CXX shared library libcustom_msg_interfaces__rosidl_typesupport_c.so[0m
[5.042s] [ 51%] [32mBuilding CXX object CMakeFiles/custom_msg_interfaces__rosidl_typesupport_introspection_cpp.dir/rosidl_typesupport_introspection_cpp/custom_msg_interfaces/srv/detail/compute_ik__type_support.cpp.o[0m
[5.042s] [ 51%] [32mBuilding CXX object CMakeFiles/custom_msg_interfaces__rosidl_typesupport_introspection_cpp.dir/rosidl_typesupport_introspection_cpp/custom_msg_interfaces/msg/detail/detection_result__type_support.cpp.o[0m
[5.048s] [ 52%] [32mBuilding CXX object CMakeFiles/custom_msg_interfaces__rosidl_typesupport_introspection_cpp.dir/rosidl_typesupport_introspection_cpp/custom_msg_interfaces/srv/detail/move_ab__type_support.cpp.o[0m
[5.058s] [ 53%] [32mBuilding CXX object CMakeFiles/custom_msg_interfaces__rosidl_typesupport_introspection_cpp.dir/rosidl_typesupport_introspection_cpp/custom_msg_interfaces/srv/detail/compute_path__type_support.cpp.o[0m
[5.064s] [ 54%] [32mBuilding CXX object CMakeFiles/custom_msg_interfaces__rosidl_typesupport_introspection_cpp.dir/rosidl_typesupport_introspection_cpp/custom_msg_interfaces/srv/detail/compute_trajectory__type_support.cpp.o[0m
[5.066s] [ 55%] [32mBuilding CXX object CMakeFiles/custom_msg_interfaces__rosidl_typesupport_introspection_cpp.dir/rosidl_typesupport_introspection_cpp/custom_msg_interfaces/srv/detail/compute_dir_kin__type_support.cpp.o[0m
[5.132s] [ 55%] Built target custom_msg_interfaces__rosidl_typesupport_c
[5.374s] [ 57%] [32mBuilding C object CMakeFiles/custom_msg_interfaces__rosidl_typesupport_introspection_c.dir/rosidl_typesupport_introspection_c/custom_msg_interfaces/msg/detail/detection_result__type_support.c.o[0m
[5.380s] [ 58%] [32mBuilding C object CMakeFiles/custom_msg_interfaces__rosidl_typesupport_introspection_c.dir/rosidl_typesupport_introspection_c/custom_msg_interfaces/srv/detail/compute_ik__type_support.c.o[0m
[5.539s] [ 59%] [32mBuilding C object CMakeFiles/custom_msg_interfaces__rosidl_typesupport_introspection_c.dir/rosidl_typesupport_introspection_c/custom_msg_interfaces/srv/detail/compute_dir_kin__type_support.c.o[0m
[5.582s] [ 60%] [32mBuilding C object CMakeFiles/custom_msg_interfaces__rosidl_typesupport_introspection_c.dir/rosidl_typesupport_introspection_c/custom_msg_interfaces/srv/detail/compute_trajectory__type_support.c.o[0m
[5.610s] [ 61%] [32mBuilding C object CMakeFiles/custom_msg_interfaces__rosidl_typesupport_introspection_c.dir/rosidl_typesupport_introspection_c/custom_msg_interfaces/srv/detail/compute_path__type_support.c.o[0m
[5.683s] [ 63%] [32mBuilding CXX object CMakeFiles/custom_msg_interfaces__rosidl_typesupport_fastrtps_c.dir/rosidl_typesupport_fastrtps_c/custom_msg_interfaces/msg/detail/detection_result__type_support_c.cpp.o[0m
[5.695s] [ 64%] [32mBuilding CXX object CMakeFiles/custom_msg_interfaces__rosidl_typesupport_fastrtps_cpp.dir/rosidl_typesupport_fastrtps_cpp/custom_msg_interfaces/msg/detail/dds_fastrtps/detection_result__type_support.cpp.o[0m
[5.722s] [ 65%] [32mBuilding C object CMakeFiles/custom_msg_interfaces__rosidl_typesupport_introspection_c.dir/rosidl_typesupport_introspection_c/custom_msg_interfaces/srv/detail/move_ab__type_support.c.o[0m
[5.781s] [ 66%] [32mBuilding CXX object CMakeFiles/custom_msg_interfaces__rosidl_typesupport_fastrtps_cpp.dir/rosidl_typesupport_fastrtps_cpp/custom_msg_interfaces/srv/detail/dds_fastrtps/compute_ik__type_support.cpp.o[0m
[5.801s] [ 67%] [32mBuilding CXX object CMakeFiles/custom_msg_interfaces__rosidl_typesupport_fastrtps_cpp.dir/rosidl_typesupport_fastrtps_cpp/custom_msg_interfaces/srv/detail/dds_fastrtps/compute_dir_kin__type_support.cpp.o[0m
[5.818s] [ 69%] [32mBuilding CXX object CMakeFiles/custom_msg_interfaces__rosidl_typesupport_fastrtps_cpp.dir/rosidl_typesupport_fastrtps_cpp/custom_msg_interfaces/srv/detail/dds_fastrtps/compute_path__type_support.cpp.o[0m
[5.841s] [ 70%] [32mBuilding CXX object CMakeFiles/custom_msg_interfaces__rosidl_typesupport_fastrtps_c.dir/rosidl_typesupport_fastrtps_c/custom_msg_interfaces/srv/detail/compute_ik__type_support_c.cpp.o[0m
[5.849s] [ 71%] [32m[1mLinking C shared library libcustom_msg_interfaces__rosidl_typesupport_introspection_c.so[0m
[5.879s] [ 72%] [32mBuilding CXX object CMakeFiles/custom_msg_interfaces__rosidl_typesupport_fastrtps_cpp.dir/rosidl_typesupport_fastrtps_cpp/custom_msg_interfaces/srv/detail/dds_fastrtps/compute_trajectory__type_support.cpp.o[0m
[5.889s] [ 73%] [32m[1mLinking CXX shared library libcustom_msg_interfaces__rosidl_typesupport_cpp.so[0m
[5.897s] [ 75%] [32mBuilding CXX object CMakeFiles/custom_msg_interfaces__rosidl_typesupport_fastrtps_c.dir/rosidl_typesupport_fastrtps_c/custom_msg_interfaces/srv/detail/compute_dir_kin__type_support_c.cpp.o[0m
[5.925s] [ 76%] [32mBuilding CXX object CMakeFiles/custom_msg_interfaces__rosidl_typesupport_fastrtps_cpp.dir/rosidl_typesupport_fastrtps_cpp/custom_msg_interfaces/srv/detail/dds_fastrtps/move_ab__type_support.cpp.o[0m
[5.970s] [ 76%] Built target custom_msg_interfaces__rosidl_typesupport_introspection_c
[6.021s] [ 77%] [32mBuilding CXX object CMakeFiles/custom_msg_interfaces__rosidl_typesupport_fastrtps_c.dir/rosidl_typesupport_fastrtps_c/custom_msg_interfaces/srv/detail/compute_path__type_support_c.cpp.o[0m
[6.104s] [ 78%] [32mBuilding CXX object CMakeFiles/custom_msg_interfaces__rosidl_typesupport_fastrtps_c.dir/rosidl_typesupport_fastrtps_c/custom_msg_interfaces/srv/detail/compute_trajectory__type_support_c.cpp.o[0m
[6.256s] [ 78%] Built target custom_msg_interfaces__rosidl_typesupport_cpp
[6.299s] [ 79%] [32mBuilding CXX object CMakeFiles/custom_msg_interfaces__rosidl_typesupport_fastrtps_c.dir/rosidl_typesupport_fastrtps_c/custom_msg_interfaces/srv/detail/move_ab__type_support_c.cpp.o[0m
[6.788s] [ 80%] [32m[1mLinking CXX shared library libcustom_msg_interfaces__rosidl_typesupport_introspection_cpp.so[0m
[6.976s] [ 80%] Built target custom_msg_interfaces__rosidl_typesupport_introspection_cpp
[7.257s] [ 82%] [32m[1mLinking CXX shared library libcustom_msg_interfaces__rosidl_typesupport_fastrtps_c.so[0m
[7.330s] [ 82%] Built target custom_msg_interfaces__rosidl_typesupport_fastrtps_c
[7.356s] [ 83%] [32m[1mLinking CXX shared library libcustom_msg_interfaces__rosidl_typesupport_fastrtps_cpp.so[0m
[7.426s] [ 83%] Built target custom_msg_interfaces__rosidl_typesupport_fastrtps_cpp
[7.443s] [ 83%] Built target custom_msg_interfaces
[7.461s] [ 84%] [34m[1mGenerating Python code for ROS interfaces[0m
[8.420s] [ 84%] Built target custom_msg_interfaces__py
[8.438s] [ 85%] [32mBuilding C object CMakeFiles/custom_msg_interfaces__rosidl_generator_py.dir/rosidl_generator_py/custom_msg_interfaces/srv/_compute_ik_s.c.o[0m
[8.438s] [ 88%] [32mBuilding C object CMakeFiles/custom_msg_interfaces__rosidl_generator_py.dir/rosidl_generator_py/custom_msg_interfaces/srv/_compute_path_s.c.o[0m
[8.438s] [ 88%] [32mBuilding C object CMakeFiles/custom_msg_interfaces__rosidl_generator_py.dir/rosidl_generator_py/custom_msg_interfaces/srv/_compute_trajectory_s.c.o[0m
[8.440s] [ 89%] [32mBuilding C object CMakeFiles/custom_msg_interfaces__rosidl_generator_py.dir/rosidl_generator_py/custom_msg_interfaces/srv/_move_ab_s.c.o[0m
[8.440s] [ 90%] [32mBuilding C object CMakeFiles/custom_msg_interfaces__rosidl_generator_py.dir/rosidl_generator_py/custom_msg_interfaces/msg/_detection_result_s.c.o[0m
[8.441s] [ 91%] [32mBuilding C object CMakeFiles/custom_msg_interfaces__rosidl_generator_py.dir/rosidl_generator_py/custom_msg_interfaces/srv/_compute_dir_kin_s.c.o[0m
[8.673s] [ 92%] [32m[1mLinking C shared library libcustom_msg_interfaces__rosidl_generator_py.so[0m
[8.711s] [ 92%] Built target custom_msg_interfaces__rosidl_generator_py
[8.726s] [ 96%] [32mBuilding C object CMakeFiles/custom_msg_interfaces_s__rosidl_typesupport_introspection_c.dir/rosidl_generator_py/custom_msg_interfaces/_custom_msg_interfaces_s.ep.rosidl_typesupport_introspection_c.c.o[0m
[8.726s] [ 96%] [32mBuilding C object CMakeFiles/custom_msg_interfaces_s__rosidl_typesupport_fastrtps_c.dir/rosidl_generator_py/custom_msg_interfaces/_custom_msg_interfaces_s.ep.rosidl_typesupport_fastrtps_c.c.o[0m
[8.726s] [ 96%] [32mBuilding C object CMakeFiles/custom_msg_interfaces_s__rosidl_typesupport_c.dir/rosidl_generator_py/custom_msg_interfaces/_custom_msg_interfaces_s.ep.rosidl_typesupport_c.c.o[0m
[8.873s] [ 97%] [32m[1mLinking C shared module rosidl_generator_py/custom_msg_interfaces/custom_msg_interfaces_s__rosidl_typesupport_c.so[0m
[8.880s] [ 98%] [32m[1mLinking C shared module rosidl_generator_py/custom_msg_interfaces/custom_msg_interfaces_s__rosidl_typesupport_introspection_c.so[0m
[8.881s] [100%] [32m[1mLinking C shared module rosidl_generator_py/custom_msg_interfaces/custom_msg_interfaces_s__rosidl_typesupport_fastrtps_c.so[0m
[8.900s] [100%] Built target custom_msg_interfaces_s__rosidl_typesupport_c
[8.906s] [100%] Built target custom_msg_interfaces_s__rosidl_typesupport_introspection_c
[8.906s] [100%] Built target custom_msg_interfaces_s__rosidl_typesupport_fastrtps_c
[8.915s] Invoked command in '/home/ubuntu/ros2_ws/Robotics/ros2_ws/build/custom_msg_interfaces' returned '0': CMAKE_PREFIX_PATH=${CMAKE_PREFIX_PATH}:/opt/ros/jazzy /usr/bin/cmake --build /home/ubuntu/ros2_ws/Robotics/ros2_ws/build/custom_msg_interfaces -- -j16 -l16
[8.924s] Invoking command in '/home/ubuntu/ros2_ws/Robotics/ros2_ws/build/custom_msg_interfaces': CMAKE_PREFIX_PATH=${CMAKE_PREFIX_PATH}:/opt/ros/jazzy /usr/bin/cmake --install /home/ubuntu/ros2_ws/Robotics/ros2_ws/build/custom_msg_interfaces
[8.932s] -- Install configuration: ""
[8.932s] -- Installing: /home/ubuntu/ros2_ws/Robotics/ros2_ws/install/custom_msg_interfaces/share/ament_index/resource_index/rosidl_interfaces/custom_msg_interfaces
[8.933s] -- Installing: /home/ubuntu/ros2_ws/Robotics/ros2_ws/install/custom_msg_interfaces/share/custom_msg_interfaces/msg/DetectionResult.json
[8.934s] -- Installing: /home/ubuntu/ros2_ws/Robotics/ros2_ws/install/custom_msg_interfaces/share/custom_msg_interfaces/srv/ComputeIK.json
[8.934s] -- Installing: /home/ubuntu/ros2_ws/Robotics/ros2_ws/install/custom_msg_interfaces/share/custom_msg_interfaces/srv/ComputeDirKin.json
[8.934s] -- Installing: /home/ubuntu/ros2_ws/Robotics/ros2_ws/install/custom_msg_interfaces/share/custom_msg_interfaces/srv/ComputePath.json
[8.934s] -- Installing: /home/ubuntu/ros2_ws/Robotics/ros2_ws/install/custom_msg_interfaces/share/custom_msg_interfaces/srv/ComputeTrajectory.json
[8.935s] -- Installing: /home/ubuntu/ros2_ws/Robotics/ros2_ws/install/custom_msg_interfaces/share/custom_msg_interfaces/srv/MoveAB.json
[8.935s] -- Installing: /home/ubuntu/ros2_ws/Robotics/ros2_ws/install/custom_msg_interfaces/include/custom_msg_interfaces/custom_msg_interfaces
[8.935s] -- Installing: /home/ubuntu/ros2_ws/Robotics/ros2_ws/install/custom_msg_interfaces/include/custom_msg_interfaces/custom_msg_interfaces/msg
[8.935s] -- Installing: /home/ubuntu/ros2_ws/Robotics/ros2_ws/install/custom_msg_interfaces/include/custom_msg_interfaces/custom_msg_interfaces/msg/detection_result.h
[8.936s] -- Installing: /home/ubuntu/ros2_ws/Robotics/ros2_ws/install/custom_msg_interfaces/include/custom_msg_interfaces/custom_msg_interfaces/msg/rosidl_generator_c__visibility_control.h
[8.936s] -- Installing: /home/ubuntu/ros2_ws/Robotics/ros2_ws/install/custom_msg_interfaces/include/custom_msg_interfaces/custom_msg_interfaces/msg/detail
[8.936s] -- Installing: /home/ubuntu/ros2_ws/Robotics/ros2_ws/install/custom_msg_interfaces/include/custom_msg_interfaces/custom_msg_interfaces/msg/detail/detection_result__type_support.h
[8.937s] -- Installing: /home/ubuntu/ros2_ws/Robotics/ros2_ws/install/custom_msg_interfaces/include/custom_msg_interfaces/custom_msg_interfaces/msg/detail/detection_result__functions.c
[8.937s] -- Installing: /home/ubuntu/ros2_ws/Robotics/ros2_ws/install/custom_msg_interfaces/include/custom_msg_interfaces/custom_msg_interfaces/msg/detail/detection_result__description.c
[8.937s] -- Installing: /home/ubuntu/ros2_ws/Robotics/ros2_ws/install/custom_msg_interfaces/include/custom_msg_interfaces/custom_msg_interfaces/msg/detail/detection_result__functions.h
[8.937s] -- Installing: /home/ubuntu/ros2_ws/Robotics/ros2_ws/install/custom_msg_interfaces/include/custom_msg_interfaces/custom_msg_interfaces/msg/detail/detection_result__type_support.c
[8.937s] -- Installing: /home/ubuntu/ros2_ws/Robotics/ros2_ws/install/custom_msg_interfaces/include/custom_msg_interfaces/custom_msg_interfaces/msg/detail/detection_result__struct.h
[8.938s] -- Installing: /home/ubuntu/ros2_ws/Robotics/ros2_ws/install/custom_msg_interfaces/include/custom_msg_interfaces/custom_msg_interfaces/srv
[8.938s] -- Installing: /home/ubuntu/ros2_ws/Robotics/ros2_ws/install/custom_msg_interfaces/include/custom_msg_interfaces/custom_msg_interfaces/srv/compute_dir_kin.h
[8.938s] -- Installing: /home/ubuntu/ros2_ws/Robotics/ros2_ws/install/custom_msg_interfaces/include/custom_msg_interfaces/custom_msg_interfaces/srv/move_ab.h
[8.938s] -- Installing: /home/ubuntu/ros2_ws/Robotics/ros2_ws/install/custom_msg_interfaces/include/custom_msg_interfaces/custom_msg_interfaces/srv/detail
[8.938s] -- Installing: /home/ubuntu/ros2_ws/Robotics/ros2_ws/install/custom_msg_interfaces/include/custom_msg_interfaces/custom_msg_interfaces/srv/detail/compute_ik__struct.h
[8.939s] -- Installing: /home/ubuntu/ros2_ws/Robotics/ros2_ws/install/custom_msg_interfaces/include/custom_msg_interfaces/custom_msg_interfaces/srv/detail/compute_path__type_support.c
[8.939s] -- Installing: /home/ubuntu/ros2_ws/Robotics/ros2_ws/install/custom_msg_interfaces/include/custom_msg_interfaces/custom_msg_interfaces/srv/detail/compute_dir_kin__functions.c
[8.939s] -- Installing: /home/ubuntu/ros2_ws/Robotics/ros2_ws/install/custom_msg_interfaces/include/custom_msg_interfaces/custom_msg_interfaces/srv/detail/move_ab__functions.h
[8.939s] -- Installing: /home/ubuntu/ros2_ws/Robotics/ros2_ws/install/custom_msg_interfaces/include/custom_msg_interfaces/custom_msg_interfaces/srv/detail/compute_ik__description.c
[8.939s] -- Installing: /home/ubuntu/ros2_ws/Robotics/ros2_ws/install/custom_msg_interfaces/include/custom_msg_interfaces/custom_msg_interfaces/srv/detail/move_ab__type_support.c
[8.939s] -- Installing: /home/ubuntu/ros2_ws/Robotics/ros2_ws/install/custom_msg_interfaces/include/custom_msg_interfaces/custom_msg_interfaces/srv/detail/compute_path__struct.h
[8.940s] -- Installing: /home/ubuntu/ros2_ws/Robotics/ros2_ws/install/custom_msg_interfaces/include/custom_msg_interfaces/custom_msg_interfaces/srv/detail/compute_trajectory__type_support.c
[8.940s] -- Installing: /home/ubuntu/ros2_ws/Robotics/ros2_ws/install/custom_msg_interfaces/include/custom_msg_interfaces/custom_msg_interfaces/srv/detail/compute_path__type_support.h
[8.940s] -- Installing: /home/ubuntu/ros2_ws/Robotics/ros2_ws/install/custom_msg_interfaces/include/custom_msg_interfaces/custom_msg_interfaces/srv/detail/compute_ik__functions.h
[8.940s] -- Installing: /home/ubuntu/ros2_ws/Robotics/ros2_ws/install/custom_msg_interfaces/include/custom_msg_interfaces/custom_msg_interfaces/srv/detail/compute_dir_kin__description.c
[8.940s] -- Installing: /home/ubuntu/ros2_ws/Robotics/ros2_ws/install/custom_msg_interfaces/include/custom_msg_interfaces/custom_msg_interfaces/srv/detail/move_ab__struct.h
[8.940s] -- Installing: /home/ubuntu/ros2_ws/Robotics/ros2_ws/install/custom_msg_interfaces/include/custom_msg_interfaces/custom_msg_interfaces/srv/detail/compute_dir_kin__functions.h
[8.940s] -- Installing: /home/ubuntu/ros2_ws/Robotics/ros2_ws/install/custom_msg_interfaces/include/custom_msg_interfaces/custom_msg_interfaces/srv/detail/compute_trajectory__type_support.h
[8.940s] -- Installing: /home/ubuntu/ros2_ws/Robotics/ros2_ws/install/custom_msg_interfaces/include/custom_msg_interfaces/custom_msg_interfaces/srv/detail/compute_path__functions.c
[8.940s] -- Installing: /home/ubuntu/ros2_ws/Robotics/ros2_ws/install/custom_msg_interfaces/include/custom_msg_interfaces/custom_msg_interfaces/srv/detail/compute_ik__functions.c
[8.941s] -- Installing: /home/ubuntu/ros2_ws/Robotics/ros2_ws/install/custom_msg_interfaces/include/custom_msg_interfaces/custom_msg_interfaces/srv/detail/compute_ik__type_support.c
[8.941s] -- Installing: /home/ubuntu/ros2_ws/Robotics/ros2_ws/install/custom_msg_interfaces/include/custom_msg_interfaces/custom_msg_interfaces/srv/detail/compute_dir_kin__type_support.h
[8.941s] -- Installing: /home/ubuntu/ros2_ws/Robotics/ros2_ws/install/custom_msg_interfaces/include/custom_msg_interfaces/custom_msg_interfaces/srv/detail/compute_ik__type_support.h
[8.941s] -- Installing: /home/ubuntu/ros2_ws/Robotics/ros2_ws/install/custom_msg_interfaces/include/custom_msg_interfaces/custom_msg_interfaces/srv/detail/compute_trajectory__description.c
[8.941s] -- Installing: /home/ubuntu/ros2_ws/Robotics/ros2_ws/install/custom_msg_interfaces/include/custom_msg_interfaces/custom_msg_interfaces/srv/detail/compute_trajectory__functions.h
[8.942s] -- Installing: /home/ubuntu/ros2_ws/Robotics/ros2_ws/install/custom_msg_interfaces/include/custom_msg_interfaces/custom_msg_interfaces/srv/detail/move_ab__type_support.h
[8.942s] -- Installing: /home/ubuntu/ros2_ws/Robotics/ros2_ws/install/custom_msg_interfaces/include/custom_msg_interfaces/custom_msg_interfaces/srv/detail/compute_trajectory__struct.h
[8.942s] -- Installing: /home/ubuntu/ros2_ws/Robotics/ros2_ws/install/custom_msg_interfaces/include/custom_msg_interfaces/custom_msg_interfaces/srv/detail/compute_dir_kin__type_support.c
[8.942s] -- Installing: /home/ubuntu/ros2_ws/Robotics/ros2_ws/install/custom_msg_interfaces/include/custom_msg_interfaces/custom_msg_interfaces/srv/detail/move_ab__functions.c
[8.942s] -- Installing: /home/ubuntu/ros2_ws/Robotics/ros2_ws/install/custom_msg_interfaces/include/custom_msg_interfaces/custom_msg_interfaces/srv/detail/compute_path__functions.h
[8.942s] -- Installing: /home/ubuntu/ros2_ws/Robotics/ros2_ws/install/custom_msg_interfaces/include/custom_msg_interfaces/custom_msg_interfaces/srv/detail/move_ab__description.c
[8.942s] -- Installing: /home/ubuntu/ros2_ws/Robotics/ros2_ws/install/custom_msg_interfaces/include/custom_msg_interfaces/custom_msg_interfaces/srv/detail/compute_dir_kin__struct.h
[8.943s] -- Installing: /home/ubuntu/ros2_ws/Robotics/ros2_ws/install/custom_msg_interfaces/include/custom_msg_interfaces/custom_msg_interfaces/srv/detail/compute_trajectory__functions.c
[8.943s] -- Installing: /home/ubuntu/ros2_ws/Robotics/ros2_ws/install/custom_msg_interfaces/include/custom_msg_interfaces/custom_msg_interfaces/srv/detail/compute_path__description.c
[8.943s] -- Installing: /home/ubuntu/ros2_ws/Robotics/ros2_ws/install/custom_msg_interfaces/include/custom_msg_interfaces/custom_msg_interfaces/srv/compute_trajectory.h
[8.943s] -- Installing: /home/ubuntu/ros2_ws/Robotics/ros2_ws/install/custom_msg_interfaces/include/custom_msg_interfaces/custom_msg_interfaces/srv/compute_path.h
[8.943s] -- Installing: /home/ubuntu/ros2_ws/Robotics/ros2_ws/install/custom_msg_interfaces/include/custom_msg_interfaces/custom_msg_interfaces/srv/compute_ik.h
[8.944s] -- Installing: /home/ubuntu/ros2_ws/Robotics/ros2_ws/install/custom_msg_interfaces/share/custom_msg_interfaces/environment/library_path.sh
[8.944s] -- Installing: /home/ubuntu/ros2_ws/Robotics/ros2_ws/install/custom_msg_interfaces/share/custom_msg_interfaces/environment/library_path.dsv
[8.944s] -- Installing: /home/ubuntu/ros2_ws/Robotics/ros2_ws/install/custom_msg_interfaces/lib/libcustom_msg_interfaces__rosidl_generator_c.so
[8.945s] -- Set non-toolchain portion of runtime path of "/home/ubuntu/ros2_ws/Robotics/ros2_ws/install/custom_msg_interfaces/lib/libcustom_msg_interfaces__rosidl_generator_c.so" to ""
[8.945s] -- Up-to-date: /home/ubuntu/ros2_ws/Robotics/ros2_ws/install/custom_msg_interfaces/include/custom_msg_interfaces/custom_msg_interfaces
[8.945s] -- Up-to-date: /home/ubuntu/ros2_ws/Robotics/ros2_ws/install/custom_msg_interfaces/include/custom_msg_interfaces/custom_msg_interfaces/msg
[8.945s] -- Up-to-date: /home/ubuntu/ros2_ws/Robotics/ros2_ws/install/custom_msg_interfaces/include/custom_msg_interfaces/custom_msg_interfaces/msg/detail
[8.945s] -- Installing: /home/ubuntu/ros2_ws/Robotics/ros2_ws/install/custom_msg_interfaces/include/custom_msg_interfaces/custom_msg_interfaces/msg/detail/detection_result__rosidl_typesupport_fastrtps_c.h
[8.945s] -- Installing: /home/ubuntu/ros2_ws/Robotics/ros2_ws/install/custom_msg_interfaces/include/custom_msg_interfaces/custom_msg_interfaces/msg/rosidl_typesupport_fastrtps_c__visibility_control.h
[8.946s] -- Up-to-date: /home/ubuntu/ros2_ws/Robotics/ros2_ws/install/custom_msg_interfaces/include/custom_msg_interfaces/custom_msg_interfaces/srv
[8.946s] -- Up-to-date: /home/ubuntu/ros2_ws/Robotics/ros2_ws/install/custom_msg_interfaces/include/custom_msg_interfaces/custom_msg_interfaces/srv/detail
[8.946s] -- Installing: /home/ubuntu/ros2_ws/Robotics/ros2_ws/install/custom_msg_interfaces/include/custom_msg_interfaces/custom_msg_interfaces/srv/detail/compute_ik__rosidl_typesupport_fastrtps_c.h
[8.946s] -- Installing: /home/ubuntu/ros2_ws/Robotics/ros2_ws/install/custom_msg_interfaces/include/custom_msg_interfaces/custom_msg_interfaces/srv/detail/compute_dir_kin__rosidl_typesupport_fastrtps_c.h
[8.946s] -- Installing: /home/ubuntu/ros2_ws/Robotics/ros2_ws/install/custom_msg_interfaces/include/custom_msg_interfaces/custom_msg_interfaces/srv/detail/move_ab__rosidl_typesupport_fastrtps_c.h
[8.947s] -- Installing: /home/ubuntu/ros2_ws/Robotics/ros2_ws/install/custom_msg_interfaces/include/custom_msg_interfaces/custom_msg_interfaces/srv/detail/compute_trajectory__rosidl_typesupport_fastrtps_c.h
[8.947s] -- Installing: /home/ubuntu/ros2_ws/Robotics/ros2_ws/install/custom_msg_interfaces/include/custom_msg_interfaces/custom_msg_interfaces/srv/detail/compute_path__rosidl_typesupport_fastrtps_c.h
[8.947s] -- Installing: /home/ubuntu/ros2_ws/Robotics/ros2_ws/install/custom_msg_interfaces/lib/libcustom_msg_interfaces__rosidl_typesupport_fastrtps_c.so
[8.948s] -- Set non-toolchain portion of runtime path of "/home/ubuntu/ros2_ws/Robotics/ros2_ws/install/custom_msg_interfaces/lib/libcustom_msg_interfaces__rosidl_typesupport_fastrtps_c.so" to ""
[8.948s] -- Up-to-date: /home/ubuntu/ros2_ws/Robotics/ros2_ws/install/custom_msg_interfaces/include/custom_msg_interfaces/custom_msg_interfaces
[8.948s] -- Up-to-date: /home/ubuntu/ros2_ws/Robotics/ros2_ws/install/custom_msg_interfaces/include/custom_msg_interfaces/custom_msg_interfaces/msg
[8.948s] -- Installing: /home/ubuntu/ros2_ws/Robotics/ros2_ws/install/custom_msg_interfaces/include/custom_msg_interfaces/custom_msg_interfaces/msg/rosidl_typesupport_introspection_c__visibility_control.h
[8.948s] -- Up-to-date: /home/ubuntu/ros2_ws/Robotics/ros2_ws/install/custom_msg_interfaces/include/custom_msg_interfaces/custom_msg_interfaces/msg/detail
[8.948s] -- Installing: /home/ubuntu/ros2_ws/Robotics/ros2_ws/install/custom_msg_interfaces/include/custom_msg_interfaces/custom_msg_interfaces/msg/detail/detection_result__type_support.c
[8.948s] -- Installing: /home/ubuntu/ros2_ws/Robotics/ros2_ws/install/custom_msg_interfaces/include/custom_msg_interfaces/custom_msg_interfaces/msg/detail/detection_result__rosidl_typesupport_introspection_c.h
[8.949s] -- Up-to-date: /home/ubuntu/ros2_ws/Robotics/ros2_ws/install/custom_msg_interfaces/include/custom_msg_interfaces/custom_msg_interfaces/srv
[8.949s] -- Up-to-date: /home/ubuntu/ros2_ws/Robotics/ros2_ws/install/custom_msg_interfaces/include/custom_msg_interfaces/custom_msg_interfaces/srv/detail
[8.949s] -- Installing: /home/ubuntu/ros2_ws/Robotics/ros2_ws/install/custom_msg_interfaces/include/custom_msg_interfaces/custom_msg_interfaces/srv/detail/compute_path__type_support.c
[8.949s] -- Installing: /home/ubuntu/ros2_ws/Robotics/ros2_ws/install/custom_msg_interfaces/include/custom_msg_interfaces/custom_msg_interfaces/srv/detail/move_ab__rosidl_typesupport_introspection_c.h
[8.949s] -- Installing: /home/ubuntu/ros2_ws/Robotics/ros2_ws/install/custom_msg_interfaces/include/custom_msg_interfaces/custom_msg_interfaces/srv/detail/move_ab__type_support.c
[8.949s] -- Installing: /home/ubuntu/ros2_ws/Robotics/ros2_ws/install/custom_msg_interfaces/include/custom_msg_interfaces/custom_msg_interfaces/srv/detail/compute_trajectory__type_support.c
[8.949s] -- Installing: /home/ubuntu/ros2_ws/Robotics/ros2_ws/install/custom_msg_interfaces/include/custom_msg_interfaces/custom_msg_interfaces/srv/detail/compute_ik__type_support.c
[8.949s] -- Installing: /home/ubuntu/ros2_ws/Robotics/ros2_ws/install/custom_msg_interfaces/include/custom_msg_interfaces/custom_msg_interfaces/srv/detail/compute_dir_kin__rosidl_typesupport_introspection_c.h
[8.949s] -- Installing: /home/ubuntu/ros2_ws/Robotics/ros2_ws/install/custom_msg_interfaces/include/custom_msg_interfaces/custom_msg_interfaces/srv/detail/compute_ik__rosidl_typesupport_introspection_c.h
[8.950s] -- Installing: /home/ubuntu/ros2_ws/Robotics/ros2_ws/install/custom_msg_interfaces/include/custom_msg_interfaces/custom_msg_interfaces/srv/detail/compute_dir_kin__type_support.c
[8.950s] -- Installing: /home/ubuntu/ros2_ws/Robotics/ros2_ws/install/custom_msg_interfaces/include/custom_msg_interfaces/custom_msg_interfaces/srv/detail/compute_path__rosidl_typesupport_introspection_c.h
[8.951s] -- Installing: /home/ubuntu/ros2_ws/Robotics/ros2_ws/install/custom_msg_interfaces/include/custom_msg_interfaces/custom_msg_interfaces/srv/detail/compute_trajectory__rosidl_typesupport_introspection_c.h
[8.951s] -- Installing: /home/ubuntu/ros2_ws/Robotics/ros2_ws/install/custom_msg_interfaces/lib/libcustom_msg_interfaces__rosidl_typesupport_introspection_c.so
[8.951s] -- Set non-toolchain portion of runtime path of "/home/ubuntu/ros2_ws/Robotics/ros2_ws/install/custom_msg_interfaces/lib/libcustom_msg_interfaces__rosidl_typesupport_introspection_c.so" to ""
[8.951s] -- Installing: /home/ubuntu/ros2_ws/Robotics/ros2_ws/install/custom_msg_interfaces/lib/libcustom_msg_interfaces__rosidl_typesupport_c.so
[8.951s] -- Set non-toolchain portion of runtime path of "/home/ubuntu/ros2_ws/Robotics/ros2_ws/install/custom_msg_interfaces/lib/libcustom_msg_interfaces__rosidl_typesupport_c.so" to ""
[8.951s] -- Up-to-date: /home/ubuntu/ros2_ws/Robotics/ros2_ws/install/custom_msg_interfaces/include/custom_msg_interfaces/custom_msg_interfaces
[8.951s] -- Up-to-date: /home/ubuntu/ros2_ws/Robotics/ros2_ws/install/custom_msg_interfaces/include/custom_msg_interfaces/custom_msg_interfaces/msg
[8.952s] -- Installing: /home/ubuntu/ros2_ws/Robotics/ros2_ws/install/custom_msg_interfaces/include/custom_msg_interfaces/custom_msg_interfaces/msg/detection_result.hpp
[8.952s] -- Installing: /home/ubuntu/ros2_ws/Robotics/ros2_ws/install/custom_msg_interfaces/include/custom_msg_interfaces/custom_msg_interfaces/msg/rosidl_generator_cpp__visibility_control.hpp
[8.952s] -- Up-to-date: /home/ubuntu/ros2_ws/Robotics/ros2_ws/install/custom_msg_interfaces/include/custom_msg_interfaces/custom_msg_interfaces/msg/detail
[8.952s] -- Installing: /home/ubuntu/ros2_ws/Robotics/ros2_ws/install/custom_msg_interfaces/include/custom_msg_interfaces/custom_msg_interfaces/msg/detail/detection_result__builder.hpp
[8.953s] -- Installing: /home/ubuntu/ros2_ws/Robotics/ros2_ws/install/custom_msg_interfaces/include/custom_msg_interfaces/custom_msg_interfaces/msg/detail/detection_result__traits.hpp
[8.953s] -- Installing: /home/ubuntu/ros2_ws/Robotics/ros2_ws/install/custom_msg_interfaces/include/custom_msg_interfaces/custom_msg_interfaces/msg/detail/detection_result__struct.hpp
[8.953s] -- Installing: /home/ubuntu/ros2_ws/Robotics/ros2_ws/install/custom_msg_interfaces/include/custom_msg_interfaces/custom_msg_interfaces/msg/detail/detection_result__type_support.hpp
[8.953s] -- Up-to-date: /home/ubuntu/ros2_ws/Robotics/ros2_ws/install/custom_msg_interfaces/include/custom_msg_interfaces/custom_msg_interfaces/srv
[8.953s] -- Installing: /home/ubuntu/ros2_ws/Robotics/ros2_ws/install/custom_msg_interfaces/include/custom_msg_interfaces/custom_msg_interfaces/srv/compute_path.hpp
[8.953s] -- Up-to-date: /home/ubuntu/ros2_ws/Robotics/ros2_ws/install/custom_msg_interfaces/include/custom_msg_interfaces/custom_msg_interfaces/srv/detail
[8.953s] -- Installing: /home/ubuntu/ros2_ws/Robotics/ros2_ws/install/custom_msg_interfaces/include/custom_msg_interfaces/custom_msg_interfaces/srv/detail/compute_path__traits.hpp
[8.953s] -- Installing: /home/ubuntu/ros2_ws/Robotics/ros2_ws/install/custom_msg_interfaces/include/custom_msg_interfaces/custom_msg_interfaces/srv/detail/compute_dir_kin__builder.hpp
[8.953s] -- Installing: /home/ubuntu/ros2_ws/Robotics/ros2_ws/install/custom_msg_interfaces/include/custom_msg_interfaces/custom_msg_interfaces/srv/detail/move_ab__builder.hpp
[8.954s] -- Installing: /home/ubuntu/ros2_ws/Robotics/ros2_ws/install/custom_msg_interfaces/include/custom_msg_interfaces/custom_msg_interfaces/srv/detail/compute_trajectory__type_support.hpp
[8.954s] -- Installing: /home/ubuntu/ros2_ws/Robotics/ros2_ws/install/custom_msg_interfaces/include/custom_msg_interfaces/custom_msg_interfaces/srv/detail/compute_dir_kin__type_support.hpp
[8.954s] -- Installing: /home/ubuntu/ros2_ws/Robotics/ros2_ws/install/custom_msg_interfaces/include/custom_msg_interfaces/custom_msg_interfaces/srv/detail/compute_path__struct.hpp
[8.954s] -- Installing: /home/ubuntu/ros2_ws/Robotics/ros2_ws/install/custom_msg_interfaces/include/custom_msg_interfaces/custom_msg_interfaces/srv/detail/move_ab__traits.hpp
[8.954s] -- Installing: /home/ubuntu/ros2_ws/Robotics/ros2_ws/install/custom_msg_interfaces/include/custom_msg_interfaces/custom_msg_interfaces/srv/detail/compute_ik__struct.hpp
[8.954s] -- Installing: /home/ubuntu/ros2_ws/Robotics/ros2_ws/install/custom_msg_interfaces/include/custom_msg_interfaces/custom_msg_interfaces/srv/detail/move_ab__type_support.hpp
[8.954s] -- Installing: /home/ubuntu/ros2_ws/Robotics/ros2_ws/install/custom_msg_interfaces/include/custom_msg_interfaces/custom_msg_interfaces/srv/detail/compute_dir_kin__traits.hpp
[8.954s] -- Installing: /home/ubuntu/ros2_ws/Robotics/ros2_ws/install/custom_msg_interfaces/include/custom_msg_interfaces/custom_msg_interfaces/srv/detail/compute_dir_kin__struct.hpp
[8.954s] -- Installing: /home/ubuntu/ros2_ws/Robotics/ros2_ws/install/custom_msg_interfaces/include/custom_msg_interfaces/custom_msg_interfaces/srv/detail/compute_trajectory__struct.hpp
[8.955s] -- Installing: /home/ubuntu/ros2_ws/Robotics/ros2_ws/install/custom_msg_interfaces/include/custom_msg_interfaces/custom_msg_interfaces/srv/detail/compute_ik__builder.hpp
[8.955s] -- Installing: /home/ubuntu/ros2_ws/Robotics/ros2_ws/install/custom_msg_interfaces/include/custom_msg_interfaces/custom_msg_interfaces/srv/detail/move_ab__struct.hpp
[8.955s] -- Installing: /home/ubuntu/ros2_ws/Robotics/ros2_ws/install/custom_msg_interfaces/include/custom_msg_interfaces/custom_msg_interfaces/srv/detail/compute_path__type_support.hpp
[8.955s] -- Installing: /home/ubuntu/ros2_ws/Robotics/ros2_ws/install/custom_msg_interfaces/include/custom_msg_interfaces/custom_msg_interfaces/srv/detail/compute_ik__type_support.hpp
[8.955s] -- Installing: /home/ubuntu/ros2_ws/Robotics/ros2_ws/install/custom_msg_interfaces/include/custom_msg_interfaces/custom_msg_interfaces/srv/detail/compute_path__builder.hpp
[8.955s] -- Installing: /home/ubuntu/ros2_ws/Robotics/ros2_ws/install/custom_msg_interfaces/include/custom_msg_interfaces/custom_msg_interfaces/srv/detail/compute_ik__traits.hpp
[8.955s] -- Installing: /home/ubuntu/ros2_ws/Robotics/ros2_ws/install/custom_msg_interfaces/include/custom_msg_interfaces/custom_msg_interfaces/srv/detail/compute_trajectory__builder.hpp
[8.955s] -- Installing: /home/ubuntu/ros2_ws/Robotics/ros2_ws/install/custom_msg_interfaces/include/custom_msg_interfaces/custom_msg_interfaces/srv/detail/compute_trajectory__traits.hpp
[8.956s] -- Installing: /home/ubuntu/ros2_ws/Robotics/ros2_ws/install/custom_msg_interfaces/include/custom_msg_interfaces/custom_msg_interfaces/srv/compute_trajectory.hpp
[8.956s] -- Installing: /home/ubuntu/ros2_ws/Robotics/ros2_ws/install/custom_msg_interfaces/include/custom_msg_interfaces/custom_msg_interfaces/srv/move_ab.hpp
[8.956s] -- Installing: /home/ubuntu/ros2_ws/Robotics/ros2_ws/install/custom_msg_interfaces/include/custom_msg_interfaces/custom_msg_interfaces/srv/compute_dir_kin.hpp
[8.956s] -- Installing: /home/ubuntu/ros2_ws/Robotics/ros2_ws/install/custom_msg_interfaces/include/custom_msg_interfaces/custom_msg_interfaces/srv/compute_ik.hpp
[8.956s] -- Up-to-date: /home/ubuntu/ros2_ws/Robotics/ros2_ws/install/custom_msg_interfaces/include/custom_msg_interfaces/custom_msg_interfaces
[8.956s] -- Up-to-date: /home/ubuntu/ros2_ws/Robotics/ros2_ws/install/custom_msg_interfaces/include/custom_msg_interfaces/custom_msg_interfaces/msg
[8.956s] -- Up-to-date: /home/ubuntu/ros2_ws/Robotics/ros2_ws/install/custom_msg_interfaces/include/custom_msg_interfaces/custom_msg_interfaces/msg/detail
[8.956s] -- Installing: /home/ubuntu/ros2_ws/Robotics/ros2_ws/install/custom_msg_interfaces/include/custom_msg_interfaces/custom_msg_interfaces/msg/detail/detection_result__rosidl_typesupport_fastrtps_cpp.hpp
[8.957s] -- Installing: /home/ubuntu/ros2_ws/Robotics/ros2_ws/install/custom_msg_interfaces/include/custom_msg_interfaces/custom_msg_interfaces/msg/detail/dds_fastrtps
[8.957s] -- Installing: /home/ubuntu/ros2_ws/Robotics/ros2_ws/install/custom_msg_interfaces/include/custom_msg_interfaces/custom_msg_interfaces/msg/rosidl_typesupport_fastrtps_cpp__visibility_control.h
[8.957s] -- Up-to-date: /home/ubuntu/ros2_ws/Robotics/ros2_ws/install/custom_msg_interfaces/include/custom_msg_interfaces/custom_msg_interfaces/srv
[8.957s] -- Up-to-date: /home/ubuntu/ros2_ws/Robotics/ros2_ws/install/custom_msg_interfaces/include/custom_msg_interfaces/custom_msg_interfaces/srv/detail
[8.957s] -- Installing: /home/ubuntu/ros2_ws/Robotics/ros2_ws/install/custom_msg_interfaces/include/custom_msg_interfaces/custom_msg_interfaces/srv/detail/compute_path__rosidl_typesupport_fastrtps_cpp.hpp
[8.957s] -- Installing: /home/ubuntu/ros2_ws/Robotics/ros2_ws/install/custom_msg_interfaces/include/custom_msg_interfaces/custom_msg_interfaces/srv/detail/dds_fastrtps
[8.957s] -- Installing: /home/ubuntu/ros2_ws/Robotics/ros2_ws/install/custom_msg_interfaces/include/custom_msg_interfaces/custom_msg_interfaces/srv/detail/move_ab__rosidl_typesupport_fastrtps_cpp.hpp
[8.957s] -- Installing: /home/ubuntu/ros2_ws/Robotics/ros2_ws/install/custom_msg_interfaces/include/custom_msg_interfaces/custom_msg_interfaces/srv/detail/compute_trajectory__rosidl_typesupport_fastrtps_cpp.hpp
[8.957s] -- Installing: /home/ubuntu/ros2_ws/Robotics/ros2_ws/install/custom_msg_interfaces/include/custom_msg_interfaces/custom_msg_interfaces/srv/detail/compute_dir_kin__rosidl_typesupport_fastrtps_cpp.hpp
[8.958s] -- Installing: /home/ubuntu/ros2_ws/Robotics/ros2_ws/install/custom_msg_interfaces/include/custom_msg_interfaces/custom_msg_interfaces/srv/detail/compute_ik__rosidl_typesupport_fastrtps_cpp.hpp
[8.958s] -- Installing: /home/ubuntu/ros2_ws/Robotics/ros2_ws/install/custom_msg_interfaces/lib/libcustom_msg_interfaces__rosidl_typesupport_fastrtps_cpp.so
[8.958s] -- Set non-toolchain portion of runtime path of "/home/ubuntu/ros2_ws/Robotics/ros2_ws/install/custom_msg_interfaces/lib/libcustom_msg_interfaces__rosidl_typesupport_fastrtps_cpp.so" to ""
[8.958s] -- Up-to-date: /home/ubuntu/ros2_ws/Robotics/ros2_ws/install/custom_msg_interfaces/include/custom_msg_interfaces/custom_msg_interfaces
[8.958s] -- Up-to-date: /home/ubuntu/ros2_ws/Robotics/ros2_ws/install/custom_msg_interfaces/include/custom_msg_interfaces/custom_msg_interfaces/msg
[8.958s] -- Up-to-date: /home/ubuntu/ros2_ws/Robotics/ros2_ws/install/custom_msg_interfaces/include/custom_msg_interfaces/custom_msg_interfaces/msg/detail
[8.958s] -- Installing: /home/ubuntu/ros2_ws/Robotics/ros2_ws/install/custom_msg_interfaces/include/custom_msg_interfaces/custom_msg_interfaces/msg/detail/detection_result__rosidl_typesupport_introspection_cpp.hpp
[8.958s] -- Installing: /home/ubuntu/ros2_ws/Robotics/ros2_ws/install/custom_msg_interfaces/include/custom_msg_interfaces/custom_msg_interfaces/msg/detail/detection_result__type_support.cpp
[8.959s] -- Up-to-date: /home/ubuntu/ros2_ws/Robotics/ros2_ws/install/custom_msg_interfaces/include/custom_msg_interfaces/custom_msg_interfaces/srv
[8.959s] -- Up-to-date: /home/ubuntu/ros2_ws/Robotics/ros2_ws/install/custom_msg_interfaces/include/custom_msg_interfaces/custom_msg_interfaces/srv/detail
[8.959s] -- Installing: /home/ubuntu/ros2_ws/Robotics/ros2_ws/install/custom_msg_interfaces/include/custom_msg_interfaces/custom_msg_interfaces/srv/detail/compute_ik__rosidl_typesupport_introspection_cpp.hpp
[8.960s] -- Installing: /home/ubuntu/ros2_ws/Robotics/ros2_ws/install/custom_msg_interfaces/include/custom_msg_interfaces/custom_msg_interfaces/srv/detail/compute_trajectory__type_support.cpp
[8.960s] -- Installing: /home/ubuntu/ros2_ws/Robotics/ros2_ws/install/custom_msg_interfaces/include/custom_msg_interfaces/custom_msg_interfaces/srv/detail/compute_dir_kin__type_support.cpp
[8.960s] -- Installing: /home/ubuntu/ros2_ws/Robotics/ros2_ws/install/custom_msg_interfaces/include/custom_msg_interfaces/custom_msg_interfaces/srv/detail/compute_ik__type_support.cpp
[8.960s] -- Installing: /home/ubuntu/ros2_ws/Robotics/ros2_ws/install/custom_msg_interfaces/include/custom_msg_interfaces/custom_msg_interfaces/srv/detail/compute_trajectory__rosidl_typesupport_introspection_cpp.hpp
[8.960s] -- Installing: /home/ubuntu/ros2_ws/Robotics/ros2_ws/install/custom_msg_interfaces/include/custom_msg_interfaces/custom_msg_interfaces/srv/detail/move_ab__type_support.cpp
[8.960s] -- Installing: /home/ubuntu/ros2_ws/Robotics/ros2_ws/install/custom_msg_interfaces/include/custom_msg_interfaces/custom_msg_interfaces/srv/detail/compute_dir_kin__rosidl_typesupport_introspection_cpp.hpp
[8.961s] -- Installing: /home/ubuntu/ros2_ws/Robotics/ros2_ws/install/custom_msg_interfaces/include/custom_msg_interfaces/custom_msg_interfaces/srv/detail/compute_path__rosidl_typesupport_introspection_cpp.hpp
[8.961s] -- Installing: /home/ubuntu/ros2_ws/Robotics/ros2_ws/install/custom_msg_interfaces/include/custom_msg_interfaces/custom_msg_interfaces/srv/detail/move_ab__rosidl_typesupport_introspection_cpp.hpp
[8.961s] -- Installing: /home/ubuntu/ros2_ws/Robotics/ros2_ws/install/custom_msg_interfaces/include/custom_msg_interfaces/custom_msg_interfaces/srv/detail/compute_path__type_support.cpp
[8.961s] -- Installing: /home/ubuntu/ros2_ws/Robotics/ros2_ws/install/custom_msg_interfaces/lib/libcustom_msg_interfaces__rosidl_typesupport_introspection_cpp.so
[8.961s] -- Set non-toolchain portion of runtime path of "/home/ubuntu/ros2_ws/Robotics/ros2_ws/install/custom_msg_interfaces/lib/libcustom_msg_interfaces__rosidl_typesupport_introspection_cpp.so" to ""
[8.961s] -- Installing: /home/ubuntu/ros2_ws/Robotics/ros2_ws/install/custom_msg_interfaces/lib/libcustom_msg_interfaces__rosidl_typesupport_cpp.so
[8.961s] -- Set non-toolchain portion of runtime path of "/home/ubuntu/ros2_ws/Robotics/ros2_ws/install/custom_msg_interfaces/lib/libcustom_msg_interfaces__rosidl_typesupport_cpp.so" to ""
[8.961s] -- Installing: /home/ubuntu/ros2_ws/Robotics/ros2_ws/install/custom_msg_interfaces/share/custom_msg_interfaces/environment/pythonpath.sh
[8.961s] -- Installing: /home/ubuntu/ros2_ws/Robotics/ros2_ws/install/custom_msg_interfaces/share/custom_msg_interfaces/environment/pythonpath.dsv
[8.962s] -- Installing: /home/ubuntu/ros2_ws/Robotics/ros2_ws/install/custom_msg_interfaces/lib/python3.12/site-packages/custom_msg_interfaces-0.0.0-py3.12.egg-info
[8.962s] -- Installing: /home/ubuntu/ros2_ws/Robotics/ros2_ws/install/custom_msg_interfaces/lib/python3.12/site-packages/custom_msg_interfaces-0.0.0-py3.12.egg-info/SOURCES.txt
[8.962s] -- Installing: /home/ubuntu/ros2_ws/Robotics/ros2_ws/install/custom_msg_interfaces/lib/python3.12/site-packages/custom_msg_interfaces-0.0.0-py3.12.egg-info/PKG-INFO
[8.962s] -- Installing: /home/ubuntu/ros2_ws/Robotics/ros2_ws/install/custom_msg_interfaces/lib/python3.12/site-packages/custom_msg_interfaces-0.0.0-py3.12.egg-info/top_level.txt
[8.962s] -- Installing: /home/ubuntu/ros2_ws/Robotics/ros2_ws/install/custom_msg_interfaces/lib/python3.12/site-packages/custom_msg_interfaces-0.0.0-py3.12.egg-info/dependency_links.txt
[8.962s] -- Installing: /home/ubuntu/ros2_ws/Robotics/ros2_ws/install/custom_msg_interfaces/lib/python3.12/site-packages/custom_msg_interfaces
[8.962s] -- Installing: /home/ubuntu/ros2_ws/Robotics/ros2_ws/install/custom_msg_interfaces/lib/python3.12/site-packages/custom_msg_interfaces/msg
[8.962s] -- Installing: /home/ubuntu/ros2_ws/Robotics/ros2_ws/install/custom_msg_interfaces/lib/python3.12/site-packages/custom_msg_interfaces/msg/__init__.py
[8.962s] -- Installing: /home/ubuntu/ros2_ws/Robotics/ros2_ws/install/custom_msg_interfaces/lib/python3.12/site-packages/custom_msg_interfaces/msg/_detection_result.py
[8.962s] -- Installing: /home/ubuntu/ros2_ws/Robotics/ros2_ws/install/custom_msg_interfaces/lib/python3.12/site-packages/custom_msg_interfaces/msg/_detection_result_s.c
[8.962s] -- Installing: /home/ubuntu/ros2_ws/Robotics/ros2_ws/install/custom_msg_interfaces/lib/python3.12/site-packages/custom_msg_interfaces/_custom_msg_interfaces_s.ep.rosidl_typesupport_c.c
[8.962s] -- Installing: /home/ubuntu/ros2_ws/Robotics/ros2_ws/install/custom_msg_interfaces/lib/python3.12/site-packages/custom_msg_interfaces/__init__.py
[8.962s] -- Installing: /home/ubuntu/ros2_ws/Robotics/ros2_ws/install/custom_msg_interfaces/lib/python3.12/site-packages/custom_msg_interfaces/_custom_msg_interfaces_s.ep.rosidl_typesupport_fastrtps_c.c
[8.962s] -- Installing: /home/ubuntu/ros2_ws/Robotics/ros2_ws/install/custom_msg_interfaces/lib/python3.12/site-packages/custom_msg_interfaces/custom_msg_interfaces_s__rosidl_typesupport_c.so
[8.962s] -- Installing: /home/ubuntu/ros2_ws/Robotics/ros2_ws/install/custom_msg_interfaces/lib/python3.12/site-packages/custom_msg_interfaces/custom_msg_interfaces_s__rosidl_typesupport_introspection_c.so
[8.962s] -- Installing: /home/ubuntu/ros2_ws/Robotics/ros2_ws/install/custom_msg_interfaces/lib/python3.12/site-packages/custom_msg_interfaces/_custom_msg_interfaces_s.ep.rosidl_typesupport_introspection_c.c
[8.962s] -- Installing: /home/ubuntu/ros2_ws/Robotics/ros2_ws/install/custom_msg_interfaces/lib/python3.12/site-packages/custom_msg_interfaces/srv
[8.962s] -- Installing: /home/ubuntu/ros2_ws/Robotics/ros2_ws/install/custom_msg_interfaces/lib/python3.12/site-packages/custom_msg_interfaces/srv/_move_ab_s.c
[8.962s] -- Installing: /home/ubuntu/ros2_ws/Robotics/ros2_ws/install/custom_msg_interfaces/lib/python3.12/site-packages/custom_msg_interfaces/srv/_compute_trajectory.py
[8.962s] -- Installing: /home/ubuntu/ros2_ws/Robotics/ros2_ws/install/custom_msg_interfaces/lib/python3.12/site-packages/custom_msg_interfaces/srv/_compute_path_s.c
[8.963s] -- Installing: /home/ubuntu/ros2_ws/Robotics/ros2_ws/install/custom_msg_interfaces/lib/python3.12/site-packages/custom_msg_interfaces/srv/__init__.py
[8.963s] -- Installing: /home/ubuntu/ros2_ws/Robotics/ros2_ws/install/custom_msg_interfaces/lib/python3.12/site-packages/custom_msg_interfaces/srv/_compute_path.py
[8.963s] -- Installing: /home/ubuntu/ros2_ws/Robotics/ros2_ws/install/custom_msg_interfaces/lib/python3.12/site-packages/custom_msg_interfaces/srv/_compute_ik.py
[8.963s] -- Installing: /home/ubuntu/ros2_ws/Robotics/ros2_ws/install/custom_msg_interfaces/lib/python3.12/site-packages/custom_msg_interfaces/srv/_move_ab.py
[8.963s] -- Installing: /home/ubuntu/ros2_ws/Robotics/ros2_ws/install/custom_msg_interfaces/lib/python3.12/site-packages/custom_msg_interfaces/srv/_compute_trajectory_s.c
[8.963s] -- Installing: /home/ubuntu/ros2_ws/Robotics/ros2_ws/install/custom_msg_interfaces/lib/python3.12/site-packages/custom_msg_interfaces/srv/_compute_ik_s.c
[8.963s] -- Installing: /home/ubuntu/ros2_ws/Robotics/ros2_ws/install/custom_msg_interfaces/lib/python3.12/site-packages/custom_msg_interfaces/srv/_compute_dir_kin_s.c
[8.963s] -- Installing: /home/ubuntu/ros2_ws/Robotics/ros2_ws/install/custom_msg_interfaces/lib/python3.12/site-packages/custom_msg_interfaces/srv/_compute_dir_kin.py
[8.963s] -- Installing: /home/ubuntu/ros2_ws/Robotics/ros2_ws/install/custom_msg_interfaces/lib/python3.12/site-packages/custom_msg_interfaces/custom_msg_interfaces_s__rosidl_typesupport_fastrtps_c.so
[9.014s] Listing '/home/ubuntu/ros2_ws/Robotics/ros2_ws/install/custom_msg_interfaces/lib/python3.12/site-packages/custom_msg_interfaces'...
[9.014s] Compiling '/home/ubuntu/ros2_ws/Robotics/ros2_ws/install/custom_msg_interfaces/lib/python3.12/site-packages/custom_msg_interfaces/__init__.py'...
[9.014s] Listing '/home/ubuntu/ros2_ws/Robotics/ros2_ws/install/custom_msg_interfaces/lib/python3.12/site-packages/custom_msg_interfaces/msg'...
[9.014s] Compiling '/home/ubuntu/ros2_ws/Robotics/ros2_ws/install/custom_msg_interfaces/lib/python3.12/site-packages/custom_msg_interfaces/msg/__init__.py'...
[9.014s] Compiling '/home/ubuntu/ros2_ws/Robotics/ros2_ws/install/custom_msg_interfaces/lib/python3.12/site-packages/custom_msg_interfaces/msg/_detection_result.py'...
[9.014s] Listing '/home/ubuntu/ros2_ws/Robotics/ros2_ws/install/custom_msg_interfaces/lib/python3.12/site-packages/custom_msg_interfaces/srv'...
[9.014s] Compiling '/home/ubuntu/ros2_ws/Robotics/ros2_ws/install/custom_msg_interfaces/lib/python3.12/site-packages/custom_msg_interfaces/srv/__init__.py'...
[9.014s] Compiling '/home/ubuntu/ros2_ws/Robotics/ros2_ws/install/custom_msg_interfaces/lib/python3.12/site-packages/custom_msg_interfaces/srv/_compute_dir_kin.py'...
[9.014s] Compiling '/home/ubuntu/ros2_ws/Robotics/ros2_ws/install/custom_msg_interfaces/lib/python3.12/site-packages/custom_msg_interfaces/srv/_compute_ik.py'...
[9.015s] Compiling '/home/ubuntu/ros2_ws/Robotics/ros2_ws/install/custom_msg_interfaces/lib/python3.12/site-packages/custom_msg_interfaces/srv/_compute_path.py'...
[9.015s] Compiling '/home/ubuntu/ros2_ws/Robotics/ros2_ws/install/custom_msg_interfaces/lib/python3.12/site-packages/custom_msg_interfaces/srv/_compute_trajectory.py'...
[9.015s] Compiling '/home/ubuntu/ros2_ws/Robotics/ros2_ws/install/custom_msg_interfaces/lib/python3.12/site-packages/custom_msg_interfaces/srv/_move_ab.py'...
[9.020s] -- Installing: /home/ubuntu/ros2_ws/Robotics/ros2_ws/install/custom_msg_interfaces/lib/python3.12/site-packages/custom_msg_interfaces/custom_msg_interfaces_s__rosidl_typesupport_fastrtps_c.so
[9.021s] -- Set non-toolchain portion of runtime path of "/home/ubuntu/ros2_ws/Robotics/ros2_ws/install/custom_msg_interfaces/lib/python3.12/site-packages/custom_msg_interfaces/custom_msg_interfaces_s__rosidl_typesupport_fastrtps_c.so" to ""
[9.021s] -- Installing: /home/ubuntu/ros2_ws/Robotics/ros2_ws/install/custom_msg_interfaces/lib/python3.12/site-packages/custom_msg_interfaces/custom_msg_interfaces_s__rosidl_typesupport_introspection_c.so
[9.022s] -- Set non-toolchain portion of runtime path of "/home/ubuntu/ros2_ws/Robotics/ros2_ws/install/custom_msg_interfaces/lib/python3.12/site-packages/custom_msg_interfaces/custom_msg_interfaces_s__rosidl_typesupport_introspection_c.so" to ""
[9.022s] -- Installing: /home/ubuntu/ros2_ws/Robotics/ros2_ws/install/custom_msg_interfaces/lib/python3.12/site-packages/custom_msg_interfaces/custom_msg_interfaces_s__rosidl_typesupport_c.so
[9.022s] -- Set non-toolchain portion of runtime path of "/home/ubuntu/ros2_ws/Robotics/ros2_ws/install/custom_msg_interfaces/lib/python3.12/site-packages/custom_msg_interfaces/custom_msg_interfaces_s__rosidl_typesupport_c.so" to ""
[9.022s] -- Installing: /home/ubuntu/ros2_ws/Robotics/ros2_ws/install/custom_msg_interfaces/lib/libcustom_msg_interfaces__rosidl_generator_py.so
[9.023s] -- Set non-toolchain portion of runtime path of "/home/ubuntu/ros2_ws/Robotics/ros2_ws/install/custom_msg_interfaces/lib/libcustom_msg_interfaces__rosidl_generator_py.so" to ""
[9.023s] -- Installing: /home/ubuntu/ros2_ws/Robotics/ros2_ws/install/custom_msg_interfaces/share/custom_msg_interfaces/msg/DetectionResult.idl
[9.023s] -- Installing: /home/ubuntu/ros2_ws/Robotics/ros2_ws/install/custom_msg_interfaces/share/custom_msg_interfaces/srv/ComputeIK.idl
[9.024s] -- Installing: /home/ubuntu/ros2_ws/Robotics/ros2_ws/install/custom_msg_interfaces/share/custom_msg_interfaces/srv/ComputeDirKin.idl
[9.024s] -- Installing: /home/ubuntu/ros2_ws/Robotics/ros2_ws/install/custom_msg_interfaces/share/custom_msg_interfaces/srv/ComputePath.idl
[9.024s] -- Installing: /home/ubuntu/ros2_ws/Robotics/ros2_ws/install/custom_msg_interfaces/share/custom_msg_interfaces/srv/ComputeTrajectory.idl
[9.024s] -- Installing: /home/ubuntu/ros2_ws/Robotics/ros2_ws/install/custom_msg_interfaces/share/custom_msg_interfaces/srv/MoveAB.idl
[9.025s] -- Installing: /home/ubuntu/ros2_ws/Robotics/ros2_ws/install/custom_msg_interfaces/share/custom_msg_interfaces/msg/DetectionResult.msg
[9.025s] -- Installing: /home/ubuntu/ros2_ws/Robotics/ros2_ws/install/custom_msg_interfaces/share/custom_msg_interfaces/srv/ComputeIK.srv
[9.025s] -- Installing: /home/ubuntu/ros2_ws/Robotics/ros2_ws/install/custom_msg_interfaces/share/custom_msg_interfaces/srv/ComputeDirKin.srv
[9.025s] -- Installing: /home/ubuntu/ros2_ws/Robotics/ros2_ws/install/custom_msg_interfaces/share/custom_msg_interfaces/srv/ComputePath.srv
[9.026s] -- Installing: /home/ubuntu/ros2_ws/Robotics/ros2_ws/install/custom_msg_interfaces/share/custom_msg_interfaces/srv/ComputeTrajectory.srv
[9.026s] -- Installing: /home/ubuntu/ros2_ws/Robotics/ros2_ws/install/custom_msg_interfaces/share/custom_msg_interfaces/srv/MoveAB.srv
[9.026s] -- Installing: /home/ubuntu/ros2_ws/Robotics/ros2_ws/install/custom_msg_interfaces/share/ament_index/resource_index/package_run_dependencies/custom_msg_interfaces
[9.027s] -- Installing: /home/ubuntu/ros2_ws/Robotics/ros2_ws/install/custom_msg_interfaces/share/ament_index/resource_index/parent_prefix_path/custom_msg_interfaces
[9.027s] -- Installing: /home/ubuntu/ros2_ws/Robotics/ros2_ws/install/custom_msg_interfaces/share/custom_msg_interfaces/environment/ament_prefix_path.sh
[9.028s] -- Installing: /home/ubuntu/ros2_ws/Robotics/ros2_ws/install/custom_msg_interfaces/share/custom_msg_interfaces/environment/ament_prefix_path.dsv
[9.028s] -- Installing: /home/ubuntu/ros2_ws/Robotics/ros2_ws/install/custom_msg_interfaces/share/custom_msg_interfaces/environment/path.sh
[9.028s] -- Installing: /home/ubuntu/ros2_ws/Robotics/ros2_ws/install/custom_msg_interfaces/share/custom_msg_interfaces/environment/path.dsv
[9.028s] -- Installing: /home/ubuntu/ros2_ws/Robotics/ros2_ws/install/custom_msg_interfaces/share/custom_msg_interfaces/local_setup.bash
[9.028s] -- Installing: /home/ubuntu/ros2_ws/Robotics/ros2_ws/install/custom_msg_interfaces/share/custom_msg_interfaces/local_setup.sh
[9.029s] -- Installing: /home/ubuntu/ros2_ws/Robotics/ros2_ws/install/custom_msg_interfaces/share/custom_msg_interfaces/local_setup.zsh
[9.029s] -- Installing: /home/ubuntu/ros2_ws/Robotics/ros2_ws/install/custom_msg_interfaces/share/custom_msg_interfaces/local_setup.dsv
[9.029s] -- Installing: /home/ubuntu/ros2_ws/Robotics/ros2_ws/install/custom_msg_interfaces/share/custom_msg_interfaces/package.dsv
[9.030s] -- Installing: /home/ubuntu/ros2_ws/Robotics/ros2_ws/install/custom_msg_interfaces/share/ament_index/resource_index/packages/custom_msg_interfaces
[9.030s] -- Installing: /home/ubuntu/ros2_ws/Robotics/ros2_ws/install/custom_msg_interfaces/share/custom_msg_interfaces/cmake/export_custom_msg_interfaces__rosidl_generator_cExport.cmake
[9.031s] -- Installing: /home/ubuntu/ros2_ws/Robotics/ros2_ws/install/custom_msg_interfaces/share/custom_msg_interfaces/cmake/export_custom_msg_interfaces__rosidl_generator_cExport-noconfig.cmake
[9.031s] -- Installing: /home/ubuntu/ros2_ws/Robotics/ros2_ws/install/custom_msg_interfaces/share/custom_msg_interfaces/cmake/export_custom_msg_interfaces__rosidl_typesupport_fastrtps_cExport.cmake
[9.031s] -- Installing: /home/ubuntu/ros2_ws/Robotics/ros2_ws/install/custom_msg_interfaces/share/custom_msg_interfaces/cmake/export_custom_msg_interfaces__rosidl_typesupport_fastrtps_cExport-noconfig.cmake
[9.032s] -- Installing: /home/ubuntu/ros2_ws/Robotics/ros2_ws/install/custom_msg_interfaces/share/custom_msg_interfaces/cmake/custom_msg_interfaces__rosidl_typesupport_introspection_cExport.cmake
[9.032s] -- Installing: /home/ubuntu/ros2_ws/Robotics/ros2_ws/install/custom_msg_interfaces/share/custom_msg_interfaces/cmake/custom_msg_interfaces__rosidl_typesupport_introspection_cExport-noconfig.cmake
[9.032s] -- Installing: /home/ubuntu/ros2_ws/Robotics/ros2_ws/install/custom_msg_interfaces/share/custom_msg_interfaces/cmake/custom_msg_interfaces__rosidl_typesupport_cExport.cmake
[9.032s] -- Installing: /home/ubuntu/ros2_ws/Robotics/ros2_ws/install/custom_msg_interfaces/share/custom_msg_interfaces/cmake/custom_msg_interfaces__rosidl_typesupport_cExport-noconfig.cmake
[9.032s] -- Installing: /home/ubuntu/ros2_ws/Robotics/ros2_ws/install/custom_msg_interfaces/share/custom_msg_interfaces/cmake/export_custom_msg_interfaces__rosidl_generator_cppExport.cmake
[9.033s] -- Installing: /home/ubuntu/ros2_ws/Robotics/ros2_ws/install/custom_msg_interfaces/share/custom_msg_interfaces/cmake/export_custom_msg_interfaces__rosidl_typesupport_fastrtps_cppExport.cmake
[9.033s] -- Installing: /home/ubuntu/ros2_ws/Robotics/ros2_ws/install/custom_msg_interfaces/share/custom_msg_interfaces/cmake/export_custom_msg_interfaces__rosidl_typesupport_fastrtps_cppExport-noconfig.cmake
[9.033s] -- Installing: /home/ubuntu/ros2_ws/Robotics/ros2_ws/install/custom_msg_interfaces/share/custom_msg_interfaces/cmake/custom_msg_interfaces__rosidl_typesupport_introspection_cppExport.cmake
[9.033s] -- Installing: /home/ubuntu/ros2_ws/Robotics/ros2_ws/install/custom_msg_interfaces/share/custom_msg_interfaces/cmake/custom_msg_interfaces__rosidl_typesupport_introspection_cppExport-noconfig.cmake
[9.034s] -- Installing: /home/ubuntu/ros2_ws/Robotics/ros2_ws/install/custom_msg_interfaces/share/custom_msg_interfaces/cmake/custom_msg_interfaces__rosidl_typesupport_cppExport.cmake
[9.034s] -- Installing: /home/ubuntu/ros2_ws/Robotics/ros2_ws/install/custom_msg_interfaces/share/custom_msg_interfaces/cmake/custom_msg_interfaces__rosidl_typesupport_cppExport-noconfig.cmake
[9.034s] -- Installing: /home/ubuntu/ros2_ws/Robotics/ros2_ws/install/custom_msg_interfaces/share/custom_msg_interfaces/cmake/export_custom_msg_interfaces__rosidl_generator_pyExport.cmake
[9.034s] -- Installing: /home/ubuntu/ros2_ws/Robotics/ros2_ws/install/custom_msg_interfaces/share/custom_msg_interfaces/cmake/export_custom_msg_interfaces__rosidl_generator_pyExport-noconfig.cmake
[9.034s] -- Installing: /home/ubuntu/ros2_ws/Robotics/ros2_ws/install/custom_msg_interfaces/share/custom_msg_interfaces/cmake/rosidl_cmake-extras.cmake
[9.035s] -- Installing: /home/ubuntu/ros2_ws/Robotics/ros2_ws/install/custom_msg_interfaces/share/custom_msg_interfaces/cmake/ament_cmake_export_dependencies-extras.cmake
[9.035s] -- Installing: /home/ubuntu/ros2_ws/Robotics/ros2_ws/install/custom_msg_interfaces/share/custom_msg_interfaces/cmake/ament_cmake_export_include_directories-extras.cmake
[9.035s] -- Installing: /home/ubuntu/ros2_ws/Robotics/ros2_ws/install/custom_msg_interfaces/share/custom_msg_interfaces/cmake/ament_cmake_export_libraries-extras.cmake
[9.036s] -- Installing: /home/ubuntu/ros2_ws/Robotics/ros2_ws/install/custom_msg_interfaces/share/custom_msg_interfaces/cmake/ament_cmake_export_targets-extras.cmake
[9.036s] -- Installing: /home/ubuntu/ros2_ws/Robotics/ros2_ws/install/custom_msg_interfaces/share/custom_msg_interfaces/cmake/rosidl_cmake_export_typesupport_targets-extras.cmake
[9.036s] -- Installing: /home/ubuntu/ros2_ws/Robotics/ros2_ws/install/custom_msg_interfaces/share/custom_msg_interfaces/cmake/rosidl_cmake_export_typesupport_libraries-extras.cmake
[9.036s] -- Installing: /home/ubuntu/ros2_ws/Robotics/ros2_ws/install/custom_msg_interfaces/share/custom_msg_interfaces/cmake/custom_msg_interfacesConfig.cmake
[9.036s] -- Installing: /home/ubuntu/ros2_ws/Robotics/ros2_ws/install/custom_msg_interfaces/share/custom_msg_interfaces/cmake/custom_msg_interfacesConfig-version.cmake
[9.036s] -- Installing: /home/ubuntu/ros2_ws/Robotics/ros2_ws/install/custom_msg_interfaces/share/custom_msg_interfaces/package.xml
[9.038s] Invoked command in '/home/ubuntu/ros2_ws/Robotics/ros2_ws/build/custom_msg_interfaces' returned '0': CMAKE_PREFIX_PATH=${CMAKE_PREFIX_PATH}:/opt/ros/jazzy /usr/bin/cmake --install /home/ubuntu/ros2_ws/Robotics/ros2_ws/build/custom_msg_interfaces
