[0.023s] Invoking command in '/home/ubuntu/ros2_ws/ros2_ws/build/motion_pkg': AMENT_PREFIX_PATH=/home/ubuntu/ros2_ws/ros2_ws/install/custom_msg_interfaces:${AMENT_PREFIX_PATH} CMAKE_PREFIX_PATH=/home/ubuntu/ros2_ws/ros2_ws/install/custom_msg_interfaces:/opt/ros/jazzy/opt/gz_sim_vendor:/opt/ros/jazzy/opt/gz_sensors_vendor:/opt/ros/jazzy/opt/gz_physics_vendor:/opt/ros/jazzy/opt/sdformat_vendor:/opt/ros/jazzy/opt/gz_gui_vendor:/opt/ros/jazzy/opt/gz_transport_vendor:/opt/ros/jazzy/opt/gz_rendering_vendor:/opt/ros/jazzy/opt/gz_plugin_vendor:/opt/ros/jazzy/opt/gz_fuel_tools_vendor:/opt/ros/jazzy/opt/gz_msgs_vendor:/opt/ros/jazzy/opt/gz_common_vendor:/opt/ros/jazzy/opt/gz_math_vendor:/opt/ros/jazzy/opt/gz_utils_vendor:/opt/ros/jazzy/opt/gz_tools_vendor:/opt/ros/jazzy/opt/gz_ogre_next_vendor:/opt/ros/jazzy/opt/gz_dartsim_vendor:/opt/ros/jazzy/opt/gz_cmake_vendor:/opt/ros/jazzy LD_LIBRARY_PATH=/home/ubuntu/ros2_ws/ros2_ws/install/custom_msg_interfaces/lib:${LD_LIBRARY_PATH} PYTHONPATH=/home/ubuntu/ros2_ws/ros2_ws/install/custom_msg_interfaces/lib/python3.12/site-packages:${PYTHONPATH} /usr/bin/cmake --build /home/ubuntu/ros2_ws/ros2_ws/build/motion_pkg -- -j16 -l16
[0.255s] [ 50%] Built target inverse_kin_server_node
[0.255s] [ 50%] Built target direct_kin_server
[0.256s] [ 87%] Built target compute_path_service
[0.256s] [100%] Built target compute_trajectory_service
[0.511s] Invoked command in '/home/ubuntu/ros2_ws/ros2_ws/build/motion_pkg' returned '0': AMENT_PREFIX_PATH=/home/ubuntu/ros2_ws/ros2_ws/install/custom_msg_interfaces:${AMENT_PREFIX_PATH} CMAKE_PREFIX_PATH=/home/ubuntu/ros2_ws/ros2_ws/install/custom_msg_interfaces:/opt/ros/jazzy/opt/gz_sim_vendor:/opt/ros/jazzy/opt/gz_sensors_vendor:/opt/ros/jazzy/opt/gz_physics_vendor:/opt/ros/jazzy/opt/sdformat_vendor:/opt/ros/jazzy/opt/gz_gui_vendor:/opt/ros/jazzy/opt/gz_transport_vendor:/opt/ros/jazzy/opt/gz_rendering_vendor:/opt/ros/jazzy/opt/gz_plugin_vendor:/opt/ros/jazzy/opt/gz_fuel_tools_vendor:/opt/ros/jazzy/opt/gz_msgs_vendor:/opt/ros/jazzy/opt/gz_common_vendor:/opt/ros/jazzy/opt/gz_math_vendor:/opt/ros/jazzy/opt/gz_utils_vendor:/opt/ros/jazzy/opt/gz_tools_vendor:/opt/ros/jazzy/opt/gz_ogre_next_vendor:/opt/ros/jazzy/opt/gz_dartsim_vendor:/opt/ros/jazzy/opt/gz_cmake_vendor:/opt/ros/jazzy LD_LIBRARY_PATH=/home/ubuntu/ros2_ws/ros2_ws/install/custom_msg_interfaces/lib:${LD_LIBRARY_PATH} PYTHONPATH=/home/ubuntu/ros2_ws/ros2_ws/install/custom_msg_interfaces/lib/python3.12/site-packages:${PYTHONPATH} /usr/bin/cmake --build /home/ubuntu/ros2_ws/ros2_ws/build/motion_pkg -- -j16 -l16
[0.512s] Invoking command in '/home/ubuntu/ros2_ws/ros2_ws/build/motion_pkg': AMENT_PREFIX_PATH=/home/ubuntu/ros2_ws/ros2_ws/install/custom_msg_interfaces:${AMENT_PREFIX_PATH} CMAKE_PREFIX_PATH=/home/ubuntu/ros2_ws/ros2_ws/install/custom_msg_interfaces:/opt/ros/jazzy/opt/gz_sim_vendor:/opt/ros/jazzy/opt/gz_sensors_vendor:/opt/ros/jazzy/opt/gz_physics_vendor:/opt/ros/jazzy/opt/sdformat_vendor:/opt/ros/jazzy/opt/gz_gui_vendor:/opt/ros/jazzy/opt/gz_transport_vendor:/opt/ros/jazzy/opt/gz_rendering_vendor:/opt/ros/jazzy/opt/gz_plugin_vendor:/opt/ros/jazzy/opt/gz_fuel_tools_vendor:/opt/ros/jazzy/opt/gz_msgs_vendor:/opt/ros/jazzy/opt/gz_common_vendor:/opt/ros/jazzy/opt/gz_math_vendor:/opt/ros/jazzy/opt/gz_utils_vendor:/opt/ros/jazzy/opt/gz_tools_vendor:/opt/ros/jazzy/opt/gz_ogre_next_vendor:/opt/ros/jazzy/opt/gz_dartsim_vendor:/opt/ros/jazzy/opt/gz_cmake_vendor:/opt/ros/jazzy LD_LIBRARY_PATH=/home/ubuntu/ros2_ws/ros2_ws/install/custom_msg_interfaces/lib:${LD_LIBRARY_PATH} PYTHONPATH=/home/ubuntu/ros2_ws/ros2_ws/install/custom_msg_interfaces/lib/python3.12/site-packages:${PYTHONPATH} /usr/bin/cmake --install /home/ubuntu/ros2_ws/ros2_ws/build/motion_pkg
[0.520s] -- Install configuration: ""
[0.520s] -- Up-to-date: /home/ubuntu/ros2_ws/ros2_ws/install/motion_pkg/share/motion_pkg/launch
[0.520s] -- Up-to-date: /home/ubuntu/ros2_ws/ros2_ws/install/motion_pkg/share/motion_pkg/launch/motion_launch.py
[0.521s] -- Up-to-date: /home/ubuntu/ros2_ws/ros2_ws/install/motion_pkg/lib/motion_pkg/inverse_kin_server_node
[0.521s] -- Up-to-date: /home/ubuntu/ros2_ws/ros2_ws/install/motion_pkg/lib/motion_pkg/direct_kin_server
[0.521s] -- Up-to-date: /home/ubuntu/ros2_ws/ros2_ws/install/motion_pkg/lib/motion_pkg/compute_trajectory_service
[0.522s] -- Up-to-date: /home/ubuntu/ros2_ws/ros2_ws/install/motion_pkg/lib/motion_pkg/compute_path_service
[0.522s] -- Up-to-date: /home/ubuntu/ros2_ws/ros2_ws/install/motion_pkg/share/ament_index/resource_index/package_run_dependencies/motion_pkg
[0.522s] -- Up-to-date: /home/ubuntu/ros2_ws/ros2_ws/install/motion_pkg/share/ament_index/resource_index/parent_prefix_path/motion_pkg
[0.522s] -- Up-to-date: /home/ubuntu/ros2_ws/ros2_ws/install/motion_pkg/share/motion_pkg/environment/ament_prefix_path.sh
[0.522s] -- Up-to-date: /home/ubuntu/ros2_ws/ros2_ws/install/motion_pkg/share/motion_pkg/environment/ament_prefix_path.dsv
[0.522s] -- Up-to-date: /home/ubuntu/ros2_ws/ros2_ws/install/motion_pkg/share/motion_pkg/environment/path.sh
[0.522s] -- Up-to-date: /home/ubuntu/ros2_ws/ros2_ws/install/motion_pkg/share/motion_pkg/environment/path.dsv
[0.523s] -- Up-to-date: /home/ubuntu/ros2_ws/ros2_ws/install/motion_pkg/share/motion_pkg/local_setup.bash
[0.523s] -- Up-to-date: /home/ubuntu/ros2_ws/ros2_ws/install/motion_pkg/share/motion_pkg/local_setup.sh
[0.523s] -- Up-to-date: /home/ubuntu/ros2_ws/ros2_ws/install/motion_pkg/share/motion_pkg/local_setup.zsh
[0.524s] -- Up-to-date: /home/ubuntu/ros2_ws/ros2_ws/install/motion_pkg/share/motion_pkg/local_setup.dsv
[0.524s] -- Installing: /home/ubuntu/ros2_ws/ros2_ws/install/motion_pkg/share/motion_pkg/package.dsv
[0.524s] -- Up-to-date: /home/ubuntu/ros2_ws/ros2_ws/install/motion_pkg/share/ament_index/resource_index/packages/motion_pkg
[0.524s] -- Up-to-date: /home/ubuntu/ros2_ws/ros2_ws/install/motion_pkg/share/motion_pkg/cmake/motion_pkgConfig.cmake
[0.524s] -- Up-to-date: /home/ubuntu/ros2_ws/ros2_ws/install/motion_pkg/share/motion_pkg/cmake/motion_pkgConfig-version.cmake
[0.524s] -- Up-to-date: /home/ubuntu/ros2_ws/ros2_ws/install/motion_pkg/share/motion_pkg/package.xml
[0.539s] Invoked command in '/home/ubuntu/ros2_ws/ros2_ws/build/motion_pkg' returned '0': AMENT_PREFIX_PATH=/home/ubuntu/ros2_ws/ros2_ws/install/custom_msg_interfaces:${AMENT_PREFIX_PATH} CMAKE_PREFIX_PATH=/home/ubuntu/ros2_ws/ros2_ws/install/custom_msg_interfaces:/opt/ros/jazzy/opt/gz_sim_vendor:/opt/ros/jazzy/opt/gz_sensors_vendor:/opt/ros/jazzy/opt/gz_physics_vendor:/opt/ros/jazzy/opt/sdformat_vendor:/opt/ros/jazzy/opt/gz_gui_vendor:/opt/ros/jazzy/opt/gz_transport_vendor:/opt/ros/jazzy/opt/gz_rendering_vendor:/opt/ros/jazzy/opt/gz_plugin_vendor:/opt/ros/jazzy/opt/gz_fuel_tools_vendor:/opt/ros/jazzy/opt/gz_msgs_vendor:/opt/ros/jazzy/opt/gz_common_vendor:/opt/ros/jazzy/opt/gz_math_vendor:/opt/ros/jazzy/opt/gz_utils_vendor:/opt/ros/jazzy/opt/gz_tools_vendor:/opt/ros/jazzy/opt/gz_ogre_next_vendor:/opt/ros/jazzy/opt/gz_dartsim_vendor:/opt/ros/jazzy/opt/gz_cmake_vendor:/opt/ros/jazzy LD_LIBRARY_PATH=/home/ubuntu/ros2_ws/ros2_ws/install/custom_msg_interfaces/lib:${LD_LIBRARY_PATH} PYTHONPATH=/home/ubuntu/ros2_ws/ros2_ws/install/custom_msg_interfaces/lib/python3.12/site-packages:${PYTHONPATH} /usr/bin/cmake --install /home/ubuntu/ros2_ws/ros2_ws/build/motion_pkg
